New log file opened at Wed Jan 11 14:07:32 EST 2017 by 62829@ges-113.local
Sending msg to client play-fork-run-9339dfac-4b33-4d9b-ab01-78a2e28a861f: DetachedLogEvent(LogMessage(debug,sbt server socket logs are in: /Users/ryanmccormack/play-silhouette-postgres-async-seed/.sbtserver/connections/master.log))
Sending msg to client play-fork-run-9339dfac-4b33-4d9b-ab01-78a2e28a861f: DetachedLogEvent(LogMessage(debug,sbt client logs are in: /Users/ryanmccormack/play-silhouette-postgres-async-seed/.sbtserver/connections/play-fork-run-9339dfac-4b33-4d9b-ab01-78a2e28a861f.log))
Sending msg to client play-fork-run-9339dfac-4b33-4d9b-ab01-78a2e28a861f: DetachedLogEvent(LogMessage(debug,sbt general server logs are in: /Users/ryanmccormack/play-silhouette-postgres-async-seed/.sbtserver/master.log))
Reading next message from client.
Got request: DaemonRequest(true)
Reading next message from client.
Sending msg to client play-fork-run-9339dfac-4b33-4d9b-ab01-78a2e28a861f: (3,ReceivedResponse())
Got request: ListenToEvents()
Reading next message from client.
Sending msg to client play-fork-run-9339dfac-4b33-4d9b-ab01-78a2e28a861f: BackgroundJobStarted(27,BackgroundJobInfo(5,backgroundRun,AttributeKey[sbt.BackgroundJobHandle]("backgroundRun") in Scope(Build: file:/Users/ryanmccormack/play-silhouette-postgres-async-seed/, , Project: ProjectReference(file:/Users/ryanmccormack/play-silhouette-postgres-async-seed/,root), Config: compile)))
Sending msg to client play-fork-run-9339dfac-4b33-4d9b-ab01-78a2e28a861f: (4,ReceivedResponse())
Got request: KeyLookupRequest(root/playForkConfig)
Reading next message from client.
Sending msg to client play-fork-run-9339dfac-4b33-4d9b-ab01-78a2e28a861f: (5,KeyLookupResponse(root/playForkConfig,Vector(AttributeKey[play.forkrun.protocol.ForkConfig]("playForkConfig") in Scope(Build: file:/Users/ryanmccormack/play-silhouette-postgres-async-seed/, , Project: ProjectReference(file:/Users/ryanmccormack/play-silhouette-postgres-async-seed/,root)))))
Got request: ListenToValue(AttributeKey[play.forkrun.protocol.ForkConfig]("playForkConfig") in Scope(Build: file:/Users/ryanmccormack/play-silhouette-postgres-async-seed/, , Project: ProjectReference(file:/Users/ryanmccormack/play-silhouette-postgres-async-seed/,root)))
Reading next message from client.
Got request: KeyExecutionRequest(AttributeKey[play.forkrun.protocol.ForkConfig]("playForkConfig") in Scope(Build: file:/Users/ryanmccormack/play-silhouette-postgres-async-seed/, , Project: ProjectReference(file:/Users/ryanmccormack/play-silhouette-postgres-async-seed/,root)))
Reading next message from client.
Sending msg to client play-fork-run-9339dfac-4b33-4d9b-ab01-78a2e28a861f: (6,ReceivedResponse())
Sending msg to client play-fork-run-9339dfac-4b33-4d9b-ab01-78a2e28a861f: (7,ExecutionRequestReceived(28))
Sending msg to client play-fork-run-9339dfac-4b33-4d9b-ab01-78a2e28a861f: ExecutionWaiting(28,{file:/Users/ryanmccormack/play-silhouette-postgres-async-seed/}root/*:playForkConfig,ClientInfo(9339dfac-4b33-4d9b-ab01-78a2e28a861f,play-fork-run,Play Fork Run,1,Vector()))
Sending msg to client play-fork-run-9339dfac-4b33-4d9b-ab01-78a2e28a861f: ExecutionStarting(28)
Sending msg to client play-fork-run-9339dfac-4b33-4d9b-ab01-78a2e28a861f: DetachedLogEvent(LogMessage(debug,> {file:/Users/ryanmccormack/play-silhouette-postgres-async-seed/}root/*:playForkConfig))
Sending msg to client play-fork-run-9339dfac-4b33-4d9b-ab01-78a2e28a861f: DetachedLogEvent(LogMessage(debug,Evaluating tasks: *:playForkConfig))
Sending msg to client play-fork-run-9339dfac-4b33-4d9b-ab01-78a2e28a861f: DetachedLogEvent(LogMessage(debug,Running task... Cancel: sbt.server.ServerTaskCancellation@7273c52e, check cycles: false))
Sending msg to client play-fork-run-9339dfac-4b33-4d9b-ab01-78a2e28a861f: DetachedLogEvent(LogMessage(debug,cancel strategy start enabled=true lastCommand=Some(LastCommand(CommandExecutionWork(ExecutionId(28),{file:/Users/ryanmccormack/play-silhouette-postgres-async-seed/}root/*:playForkConfig,Set(LiveClient(play-fork-run 9339dfac-4b33-4d9b-ab01-78a2e28a861f)),sbt.server.WorkCancellationStatus$$anon$1@3d4194d3)))))
Sending msg to client play-fork-run-9339dfac-4b33-4d9b-ab01-78a2e28a861f: TaskStarted(28,1790,Some(AttributeKey[scala.Option[java.lang.String]]("mainClass") in Scope(Build: file:/Users/ryanmccormack/play-silhouette-postgres-async-seed/, , Project: ProjectReference(file:/Users/ryanmccormack/play-silhouette-postgres-async-seed/,root), Config: compile, Task: AttributeKey[void]("run"))))
Sending msg to client play-fork-run-9339dfac-4b33-4d9b-ab01-78a2e28a861f: TaskStarted(28,1792,Some(AttributeKey[scala.Tuple2[java.lang.String,java.io.File]]("playPrefixAndAssets") in Scope(Build: file:/Users/ryanmccormack/play-silhouette-postgres-async-seed/, , Project: ProjectReference(file:/Users/ryanmccormack/play-silhouette-postgres-async-seed/,root))))
Sending msg to client play-fork-run-9339dfac-4b33-4d9b-ab01-78a2e28a861f: TaskStarted(28,1793,Some(AttributeKey[scala.collection.Seq[java.lang.String]]("javaOptions") in Scope(Global)))
Sending msg to client play-fork-run-9339dfac-4b33-4d9b-ab01-78a2e28a861f: TaskStarted(28,1795,None)
Sending msg to client play-fork-run-9339dfac-4b33-4d9b-ab01-78a2e28a861f: TaskStarted(28,1798,None)
Sending msg to client play-fork-run-9339dfac-4b33-4d9b-ab01-78a2e28a861f: TaskStarted(28,1804,None)
Sending msg to client play-fork-run-9339dfac-4b33-4d9b-ab01-78a2e28a861f: TaskStarted(28,1805,None)
Sending msg to client play-fork-run-9339dfac-4b33-4d9b-ab01-78a2e28a861f: TaskStarted(28,1806,Some(AttributeKey[java.lang.String]("updateCacheName") in Scope(Build: file:/Users/ryanmccormack/play-silhouette-postgres-async-seed/, , Project: ProjectReference(file:/Users/ryanmccormack/play-silhouette-postgres-async-seed/,root))))
Sending msg to client play-fork-run-9339dfac-4b33-4d9b-ab01-78a2e28a861f: TaskStarted(28,1814,None)
Sending msg to client play-fork-run-9339dfac-4b33-4d9b-ab01-78a2e28a861f: TaskStarted(28,1815,Some(AttributeKey[scala.Option[scala.collection.Seq[sbt.Resolver]]]("bootResolvers") in Scope(Build: file:/Users/ryanmccormack/play-silhouette-postgres-async-seed/, , Project: ProjectReference(file:/Users/ryanmccormack/play-silhouette-postgres-async-seed/,root))))
Sending msg to client play-fork-run-9339dfac-4b33-4d9b-ab01-78a2e28a861f: TaskStarted(28,1816,Some(AttributeKey[scala.collection.Seq[sbt.Resolver]]("externalResolvers") in Scope(Build: file:/Users/ryanmccormack/play-silhouette-postgres-async-seed/, , Project: ProjectReference(file:/Users/ryanmccormack/play-silhouette-postgres-async-seed/,root))))
Sending msg to client play-fork-run-9339dfac-4b33-4d9b-ab01-78a2e28a861f: TaskStarted(28,1818,Some(AttributeKey[scala.collection.Seq[sbt.Credentials]]("credentials") in Scope(Global)))
Sending msg to client play-fork-run-9339dfac-4b33-4d9b-ab01-78a2e28a861f: TaskStarted(28,1828,None)
Sending msg to client play-fork-run-9339dfac-4b33-4d9b-ab01-78a2e28a861f: TaskStarted(28,1829,Some(AttributeKey[boolean]("skip") in Scope(Global)))
Sending msg to client play-fork-run-9339dfac-4b33-4d9b-ab01-78a2e28a861f: TaskStarted(28,1831,None)
Sending msg to client play-fork-run-9339dfac-4b33-4d9b-ab01-78a2e28a861f: TaskStarted(28,1839,None)
Sending msg to client play-fork-run-9339dfac-4b33-4d9b-ab01-78a2e28a861f: TaskFinished(28,1792,Some(AttributeKey[scala.Tuple2[java.lang.String,java.io.File]]("playPrefixAndAssets") in Scope(Build: file:/Users/ryanmccormack/play-silhouette-postgres-async-seed/, , Project: ProjectReference(file:/Users/ryanmccormack/play-silhouette-postgres-async-seed/,root))),true,None)
Sending msg to client play-fork-run-9339dfac-4b33-4d9b-ab01-78a2e28a861f: TaskStarted(28,1791,Some(AttributeKey[scala.collection.Seq[scala.Tuple2[java.lang.String,java.io.File]]]("playAllAssets") in Scope(Build: file:/Users/ryanmccormack/play-silhouette-postgres-async-seed/, , Project: ProjectReference(file:/Users/ryanmccormack/play-silhouette-postgres-async-seed/,root))))
Sending msg to client play-fork-run-9339dfac-4b33-4d9b-ab01-78a2e28a861f: TaskFinished(28,1790,Some(AttributeKey[scala.Option[java.lang.String]]("mainClass") in Scope(Build: file:/Users/ryanmccormack/play-silhouette-postgres-async-seed/, , Project: ProjectReference(file:/Users/ryanmccormack/play-silhouette-postgres-async-seed/,root), Config: compile, Task: AttributeKey[void]("run"))),true,None)
Sending msg to client play-fork-run-9339dfac-4b33-4d9b-ab01-78a2e28a861f: TaskFinished(28,1793,Some(AttributeKey[scala.collection.Seq[java.lang.String]]("javaOptions") in Scope(Global)),true,None)
Sending msg to client play-fork-run-9339dfac-4b33-4d9b-ab01-78a2e28a861f: TaskFinished(28,1798,None,true,None)
Sending msg to client play-fork-run-9339dfac-4b33-4d9b-ab01-78a2e28a861f: TaskStarted(28,1797,Some(AttributeKey[sbt.BuildStructure]("buildStructure") in Scope(Global)))
Sending msg to client play-fork-run-9339dfac-4b33-4d9b-ab01-78a2e28a861f: TaskStarted(28,1823,Some(AttributeKey[java.io.File]("dependencyCacheDirectory") in Scope(Build: file:/Users/ryanmccormack/play-silhouette-postgres-async-seed/, , Project: ProjectReference(file:/Users/ryanmccormack/play-silhouette-postgres-async-seed/,root))))
Sending msg to client play-fork-run-9339dfac-4b33-4d9b-ab01-78a2e28a861f: TaskFinished(28,1795,None,true,None)
Sending msg to client play-fork-run-9339dfac-4b33-4d9b-ab01-78a2e28a861f: TaskFinished(28,1804,None,true,None)
Sending msg to client play-fork-run-9339dfac-4b33-4d9b-ab01-78a2e28a861f: TaskFinished(28,1805,None,true,None)
Sending msg to client play-fork-run-9339dfac-4b33-4d9b-ab01-78a2e28a861f: TaskStarted(28,1803,Some(AttributeKey[scala.collection.Seq[sbt.UpdateReport]]("transitiveUpdate") in Scope(Build: file:/Users/ryanmccormack/play-silhouette-postgres-async-seed/, , Project: ProjectReference(file:/Users/ryanmccormack/play-silhouette-postgres-async-seed/,root))))
Sending msg to client play-fork-run-9339dfac-4b33-4d9b-ab01-78a2e28a861f: TaskFinished(28,1806,Some(AttributeKey[java.lang.String]("updateCacheName") in Scope(Build: file:/Users/ryanmccormack/play-silhouette-postgres-async-seed/, , Project: ProjectReference(file:/Users/ryanmccormack/play-silhouette-postgres-async-seed/,root))),true,None)
Sending msg to client play-fork-run-9339dfac-4b33-4d9b-ab01-78a2e28a861f: TaskFinished(28,1814,None,true,None)
Sending msg to client play-fork-run-9339dfac-4b33-4d9b-ab01-78a2e28a861f: TaskStarted(28,1813,None)
Sending msg to client play-fork-run-9339dfac-4b33-4d9b-ab01-78a2e28a861f: TaskStarted(28,1817,None)
Sending msg to client play-fork-run-9339dfac-4b33-4d9b-ab01-78a2e28a861f: TaskStarted(28,1819,None)
Sending msg to client play-fork-run-9339dfac-4b33-4d9b-ab01-78a2e28a861f: TaskStarted(28,1826,None)
Sending msg to client play-fork-run-9339dfac-4b33-4d9b-ab01-78a2e28a861f: TaskStarted(28,1827,None)
Sending msg to client play-fork-run-9339dfac-4b33-4d9b-ab01-78a2e28a861f: TaskStarted(28,1840,None)
Sending msg to client play-fork-run-9339dfac-4b33-4d9b-ab01-78a2e28a861f: TaskStarted(28,1843,None)
Sending msg to client play-fork-run-9339dfac-4b33-4d9b-ab01-78a2e28a861f: TaskStarted(28,1844,None)
Sending msg to client play-fork-run-9339dfac-4b33-4d9b-ab01-78a2e28a861f: TaskFinished(28,1816,Some(AttributeKey[scala.collection.Seq[sbt.Resolver]]("externalResolvers") in Scope(Build: file:/Users/ryanmccormack/play-silhouette-postgres-async-seed/, , Project: ProjectReference(file:/Users/ryanmccormack/play-silhouette-postgres-async-seed/,root))),true,None)
Sending msg to client play-fork-run-9339dfac-4b33-4d9b-ab01-78a2e28a861f: TaskFinished(28,1818,Some(AttributeKey[scala.collection.Seq[sbt.Credentials]]("credentials") in Scope(Global)),true,None)
Sending msg to client play-fork-run-9339dfac-4b33-4d9b-ab01-78a2e28a861f: TaskFinished(28,1815,Some(AttributeKey[scala.Option[scala.collection.Seq[sbt.Resolver]]]("bootResolvers") in Scope(Build: file:/Users/ryanmccormack/play-silhouette-postgres-async-seed/, , Project: ProjectReference(file:/Users/ryanmccormack/play-silhouette-postgres-async-seed/,root))),true,None)
Sending msg to client play-fork-run-9339dfac-4b33-4d9b-ab01-78a2e28a861f: TaskFinished(28,1829,Some(AttributeKey[boolean]("skip") in Scope(Global)),true,None)
Sending msg to client play-fork-run-9339dfac-4b33-4d9b-ab01-78a2e28a861f: TaskFinished(28,1828,None,true,None)
Sending msg to client play-fork-run-9339dfac-4b33-4d9b-ab01-78a2e28a861f: TaskFinished(28,1831,None,true,None)
Sending msg to client play-fork-run-9339dfac-4b33-4d9b-ab01-78a2e28a861f: TaskFinished(28,1839,None,true,None)
Sending msg to client play-fork-run-9339dfac-4b33-4d9b-ab01-78a2e28a861f: TaskFinished(28,1791,Some(AttributeKey[scala.collection.Seq[scala.Tuple2[java.lang.String,java.io.File]]]("playAllAssets") in Scope(Build: file:/Users/ryanmccormack/play-silhouette-postgres-async-seed/, , Project: ProjectReference(file:/Users/ryanmccormack/play-silhouette-postgres-async-seed/,root))),true,None)
Sending msg to client play-fork-run-9339dfac-4b33-4d9b-ab01-78a2e28a861f: TaskFinished(28,1797,Some(AttributeKey[sbt.BuildStructure]("buildStructure") in Scope(Global)),true,None)
Sending msg to client play-fork-run-9339dfac-4b33-4d9b-ab01-78a2e28a861f: TaskStarted(28,1796,Some(AttributeKey[sbt.Settings[sbt.Scope]]("settingsData") in Scope(Global)))
Sending msg to client play-fork-run-9339dfac-4b33-4d9b-ab01-78a2e28a861f: TaskFinished(28,1803,Some(AttributeKey[scala.collection.Seq[sbt.UpdateReport]]("transitiveUpdate") in Scope(Build: file:/Users/ryanmccormack/play-silhouette-postgres-async-seed/, , Project: ProjectReference(file:/Users/ryanmccormack/play-silhouette-postgres-async-seed/,root))),true,None)
Sending msg to client play-fork-run-9339dfac-4b33-4d9b-ab01-78a2e28a861f: TaskFinished(28,1823,Some(AttributeKey[java.io.File]("dependencyCacheDirectory") in Scope(Build: file:/Users/ryanmccormack/play-silhouette-postgres-async-seed/, , Project: ProjectReference(file:/Users/ryanmccormack/play-silhouette-postgres-async-seed/,root))),true,None)
Sending msg to client play-fork-run-9339dfac-4b33-4d9b-ab01-78a2e28a861f: TaskFinished(28,1813,None,true,None)
Sending msg to client play-fork-run-9339dfac-4b33-4d9b-ab01-78a2e28a861f: TaskFinished(28,1817,None,true,None)
Sending msg to client play-fork-run-9339dfac-4b33-4d9b-ab01-78a2e28a861f: TaskFinished(28,1819,None,true,None)
Sending msg to client play-fork-run-9339dfac-4b33-4d9b-ab01-78a2e28a861f: TaskFinished(28,1826,None,true,None)
Sending msg to client play-fork-run-9339dfac-4b33-4d9b-ab01-78a2e28a861f: TaskStarted(28,1825,Some(AttributeKey[scala.collection.immutable.Map[sbt.ModuleID,sbt.SourcePosition]]("dependencyPositions") in Scope(Build: file:/Users/ryanmccormack/play-silhouette-postgres-async-seed/, , Project: ProjectReference(file:/Users/ryanmccormack/play-silhouette-postgres-async-seed/,root))))
Sending msg to client play-fork-run-9339dfac-4b33-4d9b-ab01-78a2e28a861f: TaskFinished(28,1827,None,true,None)
Sending msg to client play-fork-run-9339dfac-4b33-4d9b-ab01-78a2e28a861f: TaskFinished(28,1840,None,true,None)
Sending msg to client play-fork-run-9339dfac-4b33-4d9b-ab01-78a2e28a861f: TaskFinished(28,1843,None,true,None)
Sending msg to client play-fork-run-9339dfac-4b33-4d9b-ab01-78a2e28a861f: TaskFinished(28,1844,None,true,None)
Sending msg to client play-fork-run-9339dfac-4b33-4d9b-ab01-78a2e28a861f: TaskFinished(28,1796,Some(AttributeKey[sbt.Settings[sbt.Scope]]("settingsData") in Scope(Global)),true,None)
Sending msg to client play-fork-run-9339dfac-4b33-4d9b-ab01-78a2e28a861f: TaskStarted(28,1794,Some(AttributeKey[scala.collection.Seq[java.io.File]]("playMonitoredFiles") in Scope(Build: file:/Users/ryanmccormack/play-silhouette-postgres-async-seed/, , Project: ProjectReference(file:/Users/ryanmccormack/play-silhouette-postgres-async-seed/,root))))
Sending msg to client play-fork-run-9339dfac-4b33-4d9b-ab01-78a2e28a861f: TaskStarted(28,1812,Some(AttributeKey[scala.collection.immutable.Map[org.apache.ivy.core.module.id.ModuleRevisionId,org.apache.ivy.core.module.descriptor.ModuleDescriptor]]("projectDescriptors") in Scope(Build: file:/Users/ryanmccormack/play-silhouette-postgres-async-seed/, , Project: ProjectReference(file:/Users/ryanmccormack/play-silhouette-postgres-async-seed/,root))))
Sending msg to client play-fork-run-9339dfac-4b33-4d9b-ab01-78a2e28a861f: TaskStarted(28,1822,Some(AttributeKey[scala.collection.Seq[sbt.ModuleID]]("projectDependencies") in Scope(Build: file:/Users/ryanmccormack/play-silhouette-postgres-async-seed/, , Project: ProjectReference(file:/Users/ryanmccormack/play-silhouette-postgres-async-seed/,root))))
Sending msg to client play-fork-run-9339dfac-4b33-4d9b-ab01-78a2e28a861f: TaskStarted(28,1830,None)
Sending msg to client play-fork-run-9339dfac-4b33-4d9b-ab01-78a2e28a861f: TaskStarted(28,1842,None)
Sending msg to client play-fork-run-9339dfac-4b33-4d9b-ab01-78a2e28a861f: TaskFinished(28,1825,Some(AttributeKey[scala.collection.immutable.Map[sbt.ModuleID,sbt.SourcePosition]]("dependencyPositions") in Scope(Build: file:/Users/ryanmccormack/play-silhouette-postgres-async-seed/, , Project: ProjectReference(file:/Users/ryanmccormack/play-silhouette-postgres-async-seed/,root))),true,None)
Sending msg to client play-fork-run-9339dfac-4b33-4d9b-ab01-78a2e28a861f: TaskStarted(28,1824,Some(AttributeKey[sbt.UnresolvedWarningConfiguration]("unresolvedWarningConfiguration") in Scope(Build: file:/Users/ryanmccormack/play-silhouette-postgres-async-seed/, , Project: ProjectReference(file:/Users/ryanmccormack/play-silhouette-postgres-async-seed/,root), Task: AttributeKey[sbt.UpdateReport]("update"))))
Sending msg to client play-fork-run-9339dfac-4b33-4d9b-ab01-78a2e28a861f: TaskStarted(28,1846,None)
Sending msg to client play-fork-run-9339dfac-4b33-4d9b-ab01-78a2e28a861f: TaskFinished(28,1822,Some(AttributeKey[scala.collection.Seq[sbt.ModuleID]]("projectDependencies") in Scope(Build: file:/Users/ryanmccormack/play-silhouette-postgres-async-seed/, , Project: ProjectReference(file:/Users/ryanmccormack/play-silhouette-postgres-async-seed/,root))),true,None)
Sending msg to client play-fork-run-9339dfac-4b33-4d9b-ab01-78a2e28a861f: TaskStarted(28,1821,Some(AttributeKey[scala.collection.Seq[sbt.ModuleID]]("allDependencies") in Scope(Build: file:/Users/ryanmccormack/play-silhouette-postgres-async-seed/, , Project: ProjectReference(file:/Users/ryanmccormack/play-silhouette-postgres-async-seed/,root))))
Sending msg to client play-fork-run-9339dfac-4b33-4d9b-ab01-78a2e28a861f: TaskStarted(28,1847,None)
Sending msg to client play-fork-run-9339dfac-4b33-4d9b-ab01-78a2e28a861f: TaskStarted(28,1848,None)
Sending msg to client play-fork-run-9339dfac-4b33-4d9b-ab01-78a2e28a861f: TaskStarted(28,1853,None)
Sending msg to client play-fork-run-9339dfac-4b33-4d9b-ab01-78a2e28a861f: TaskStarted(28,1855,None)
Sending msg to client play-fork-run-9339dfac-4b33-4d9b-ab01-78a2e28a861f: TaskStarted(28,1856,None)
Sending msg to client play-fork-run-9339dfac-4b33-4d9b-ab01-78a2e28a861f: TaskStarted(28,1858,None)
Sending msg to client play-fork-run-9339dfac-4b33-4d9b-ab01-78a2e28a861f: TaskStarted(28,1859,None)
Sending msg to client play-fork-run-9339dfac-4b33-4d9b-ab01-78a2e28a861f: TaskFinished(28,1824,Some(AttributeKey[sbt.UnresolvedWarningConfiguration]("unresolvedWarningConfiguration") in Scope(Build: file:/Users/ryanmccormack/play-silhouette-postgres-async-seed/, , Project: ProjectReference(file:/Users/ryanmccormack/play-silhouette-postgres-async-seed/,root), Task: AttributeKey[sbt.UpdateReport]("update"))),true,None)
Sending msg to client play-fork-run-9339dfac-4b33-4d9b-ab01-78a2e28a861f: TaskFinished(28,1846,None,true,None)
Sending msg to client play-fork-run-9339dfac-4b33-4d9b-ab01-78a2e28a861f: TaskStarted(28,1845,None)
Sending msg to client play-fork-run-9339dfac-4b33-4d9b-ab01-78a2e28a861f: TaskFinished(28,1821,Some(AttributeKey[scala.collection.Seq[sbt.ModuleID]]("allDependencies") in Scope(Build: file:/Users/ryanmccormack/play-silhouette-postgres-async-seed/, , Project: ProjectReference(file:/Users/ryanmccormack/play-silhouette-postgres-async-seed/,root))),true,None)
Sending msg to client play-fork-run-9339dfac-4b33-4d9b-ab01-78a2e28a861f: TaskStarted(28,1820,Some(AttributeKey[sbt.ModuleSettings]("moduleSettings") in Scope(Build: file:/Users/ryanmccormack/play-silhouette-postgres-async-seed/, , Project: ProjectReference(file:/Users/ryanmccormack/play-silhouette-postgres-async-seed/,root))))
Sending msg to client play-fork-run-9339dfac-4b33-4d9b-ab01-78a2e28a861f: TaskFinished(28,1848,None,true,None)
Sending msg to client play-fork-run-9339dfac-4b33-4d9b-ab01-78a2e28a861f: TaskFinished(28,1830,None,true,None)
Sending msg to client play-fork-run-9339dfac-4b33-4d9b-ab01-78a2e28a861f: TaskFinished(28,1847,None,true,None)
Sending msg to client play-fork-run-9339dfac-4b33-4d9b-ab01-78a2e28a861f: TaskFinished(28,1794,Some(AttributeKey[scala.collection.Seq[java.io.File]]("playMonitoredFiles") in Scope(Build: file:/Users/ryanmccormack/play-silhouette-postgres-async-seed/, , Project: ProjectReference(file:/Users/ryanmccormack/play-silhouette-postgres-async-seed/,root))),true,None)
Sending msg to client play-fork-run-9339dfac-4b33-4d9b-ab01-78a2e28a861f: TaskFinished(28,1853,None,true,None)
Sending msg to client play-fork-run-9339dfac-4b33-4d9b-ab01-78a2e28a861f: TaskStarted(28,1852,None)
Sending msg to client play-fork-run-9339dfac-4b33-4d9b-ab01-78a2e28a861f: TaskFinished(28,1855,None,true,None)
Sending msg to client play-fork-run-9339dfac-4b33-4d9b-ab01-78a2e28a861f: TaskFinished(28,1856,None,true,None)
Sending msg to client play-fork-run-9339dfac-4b33-4d9b-ab01-78a2e28a861f: TaskStarted(28,1854,Some(AttributeKey[scala.collection.Seq[sbt.Attributed[java.io.File]]]("unmanagedJars") in Scope(Build: file:/Users/ryanmccormack/play-silhouette-postgres-async-seed/, , Project: ProjectReference(file:/Users/ryanmccormack/play-silhouette-postgres-async-seed/,root), Config: compile)))
Sending msg to client play-fork-run-9339dfac-4b33-4d9b-ab01-78a2e28a861f: TaskFinished(28,1858,None,true,None)
Sending msg to client play-fork-run-9339dfac-4b33-4d9b-ab01-78a2e28a861f: TaskFinished(28,1859,None,true,None)
Sending msg to client play-fork-run-9339dfac-4b33-4d9b-ab01-78a2e28a861f: TaskStarted(28,1857,Some(AttributeKey[scala.collection.Seq[sbt.Attributed[java.io.File]]]("unmanagedJars") in Scope(Build: file:/Users/ryanmccormack/play-silhouette-postgres-async-seed/, , Project: ProjectReference(file:/Users/ryanmccormack/play-silhouette-postgres-async-seed/,root), Config: runtime)))
Sending msg to client play-fork-run-9339dfac-4b33-4d9b-ab01-78a2e28a861f: TaskFinished(28,1845,None,true,None)
Sending msg to client play-fork-run-9339dfac-4b33-4d9b-ab01-78a2e28a861f: TaskFinished(28,1812,Some(AttributeKey[scala.collection.immutable.Map[org.apache.ivy.core.module.id.ModuleRevisionId,org.apache.ivy.core.module.descriptor.ModuleDescriptor]]("projectDescriptors") in Scope(Build: file:/Users/ryanmccormack/play-silhouette-postgres-async-seed/, , Project: ProjectReference(file:/Users/ryanmccormack/play-silhouette-postgres-async-seed/,root))),true,None)
Sending msg to client play-fork-run-9339dfac-4b33-4d9b-ab01-78a2e28a861f: TaskStarted(28,1811,Some(AttributeKey[sbt.Resolver]("projectResolver") in Scope(Build: file:/Users/ryanmccormack/play-silhouette-postgres-async-seed/, , Project: ProjectReference(file:/Users/ryanmccormack/play-silhouette-postgres-async-seed/,root))))
Sending msg to client play-fork-run-9339dfac-4b33-4d9b-ab01-78a2e28a861f: TaskFinished(28,1820,Some(AttributeKey[sbt.ModuleSettings]("moduleSettings") in Scope(Build: file:/Users/ryanmccormack/play-silhouette-postgres-async-seed/, , Project: ProjectReference(file:/Users/ryanmccormack/play-silhouette-postgres-async-seed/,root))),true,None)
Sending msg to client play-fork-run-9339dfac-4b33-4d9b-ab01-78a2e28a861f: TaskStarted(28,1860,None)
Sending msg to client play-fork-run-9339dfac-4b33-4d9b-ab01-78a2e28a861f: TaskFinished(28,1854,Some(AttributeKey[scala.collection.Seq[sbt.Attributed[java.io.File]]]("unmanagedJars") in Scope(Build: file:/Users/ryanmccormack/play-silhouette-postgres-async-seed/, , Project: ProjectReference(file:/Users/ryanmccormack/play-silhouette-postgres-async-seed/,root), Config: compile)),true,None)
Sending msg to client play-fork-run-9339dfac-4b33-4d9b-ab01-78a2e28a861f: TaskFinished(28,1857,Some(AttributeKey[scala.collection.Seq[sbt.Attributed[java.io.File]]]("unmanagedJars") in Scope(Build: file:/Users/ryanmccormack/play-silhouette-postgres-async-seed/, , Project: ProjectReference(file:/Users/ryanmccormack/play-silhouette-postgres-async-seed/,root), Config: runtime)),true,None)
Sending msg to client play-fork-run-9339dfac-4b33-4d9b-ab01-78a2e28a861f: TaskFinished(28,1811,Some(AttributeKey[sbt.Resolver]("projectResolver") in Scope(Build: file:/Users/ryanmccormack/play-silhouette-postgres-async-seed/, , Project: ProjectReference(file:/Users/ryanmccormack/play-silhouette-postgres-async-seed/,root))),true,None)
Sending msg to client play-fork-run-9339dfac-4b33-4d9b-ab01-78a2e28a861f: TaskStarted(28,1810,Some(AttributeKey[scala.collection.Seq[sbt.Resolver]]("fullResolvers") in Scope(Build: file:/Users/ryanmccormack/play-silhouette-postgres-async-seed/, , Project: ProjectReference(file:/Users/ryanmccormack/play-silhouette-postgres-async-seed/,root))))
Sending msg to client play-fork-run-9339dfac-4b33-4d9b-ab01-78a2e28a861f: TaskFinished(28,1860,None,true,None)
Sending msg to client play-fork-run-9339dfac-4b33-4d9b-ab01-78a2e28a861f: TaskFinished(28,1852,None,true,None)
Sending msg to client play-fork-run-9339dfac-4b33-4d9b-ab01-78a2e28a861f: TaskStarted(28,1851,Some(AttributeKey[scala.collection.Seq[sbt.Attributed[java.io.File]]]("unmanagedJars") in Scope(Build: file:/Users/ryanmccormack/play-silhouette-postgres-async-seed/, , Project: ProjectReference(file:/Users/ryanmccormack/play-silhouette-postgres-async-seed/,root), Config: compile)))
Sending msg to client play-fork-run-9339dfac-4b33-4d9b-ab01-78a2e28a861f: TaskFinished(28,1810,Some(AttributeKey[scala.collection.Seq[sbt.Resolver]]("fullResolvers") in Scope(Build: file:/Users/ryanmccormack/play-silhouette-postgres-async-seed/, , Project: ProjectReference(file:/Users/ryanmccormack/play-silhouette-postgres-async-seed/,root))),true,None)
Sending msg to client play-fork-run-9339dfac-4b33-4d9b-ab01-78a2e28a861f: TaskStarted(28,1809,Some(AttributeKey[sbt.IvyConfiguration]("ivyConfiguration") in Scope(Build: file:/Users/ryanmccormack/play-silhouette-postgres-async-seed/, , Project: ProjectReference(file:/Users/ryanmccormack/play-silhouette-postgres-async-seed/,root))))
Sending msg to client play-fork-run-9339dfac-4b33-4d9b-ab01-78a2e28a861f: TaskFinished(28,1851,Some(AttributeKey[scala.collection.Seq[sbt.Attributed[java.io.File]]]("unmanagedJars") in Scope(Build: file:/Users/ryanmccormack/play-silhouette-postgres-async-seed/, , Project: ProjectReference(file:/Users/ryanmccormack/play-silhouette-postgres-async-seed/,root), Config: compile)),true,None)
Sending msg to client play-fork-run-9339dfac-4b33-4d9b-ab01-78a2e28a861f: TaskStarted(28,1850,None)
Sending msg to client play-fork-run-9339dfac-4b33-4d9b-ab01-78a2e28a861f: TaskFinished(28,1809,Some(AttributeKey[sbt.IvyConfiguration]("ivyConfiguration") in Scope(Build: file:/Users/ryanmccormack/play-silhouette-postgres-async-seed/, , Project: ProjectReference(file:/Users/ryanmccormack/play-silhouette-postgres-async-seed/,root))),true,None)
Sending msg to client play-fork-run-9339dfac-4b33-4d9b-ab01-78a2e28a861f: TaskStarted(28,1808,Some(AttributeKey[sbt.IvySbt]("ivySbt") in Scope(Build: file:/Users/ryanmccormack/play-silhouette-postgres-async-seed/, , Project: ProjectReference(file:/Users/ryanmccormack/play-silhouette-postgres-async-seed/,root))))
Sending msg to client play-fork-run-9339dfac-4b33-4d9b-ab01-78a2e28a861f: TaskFinished(28,1850,None,true,None)
Sending msg to client play-fork-run-9339dfac-4b33-4d9b-ab01-78a2e28a861f: TaskStarted(28,1849,None)
Sending msg to client play-fork-run-9339dfac-4b33-4d9b-ab01-78a2e28a861f: TaskFinished(28,1808,Some(AttributeKey[sbt.IvySbt]("ivySbt") in Scope(Build: file:/Users/ryanmccormack/play-silhouette-postgres-async-seed/, , Project: ProjectReference(file:/Users/ryanmccormack/play-silhouette-postgres-async-seed/,root))),true,None)
Sending msg to client play-fork-run-9339dfac-4b33-4d9b-ab01-78a2e28a861f: TaskStarted(28,1807,Some(AttributeKey[sbt.IvySbt$Module]("ivyModule") in Scope(Build: file:/Users/ryanmccormack/play-silhouette-postgres-async-seed/, , Project: ProjectReference(file:/Users/ryanmccormack/play-silhouette-postgres-async-seed/,root))))
Sending msg to client play-fork-run-9339dfac-4b33-4d9b-ab01-78a2e28a861f: TaskFinished(28,1849,None,true,None)
Sending msg to client play-fork-run-9339dfac-4b33-4d9b-ab01-78a2e28a861f: TaskFinished(28,1842,None,true,None)
Sending msg to client play-fork-run-9339dfac-4b33-4d9b-ab01-78a2e28a861f: TaskStarted(28,1841,Some(AttributeKey[scala.collection.Seq[sbt.Attributed[java.io.File]]]("unmanagedClasspath") in Scope(Build: file:/Users/ryanmccormack/play-silhouette-postgres-async-seed/, , Project: ProjectReference(file:/Users/ryanmccormack/play-silhouette-postgres-async-seed/,root), Config: runtime)))
Sending msg to client play-fork-run-9339dfac-4b33-4d9b-ab01-78a2e28a861f: TaskFinished(28,1807,Some(AttributeKey[sbt.IvySbt$Module]("ivyModule") in Scope(Build: file:/Users/ryanmccormack/play-silhouette-postgres-async-seed/, , Project: ProjectReference(file:/Users/ryanmccormack/play-silhouette-postgres-async-seed/,root))),true,None)
Sending msg to client play-fork-run-9339dfac-4b33-4d9b-ab01-78a2e28a861f: TaskStarted(28,1802,Some(AttributeKey[sbt.UpdateReport]("update") in Scope(Build: file:/Users/ryanmccormack/play-silhouette-postgres-async-seed/, , Project: ProjectReference(file:/Users/ryanmccormack/play-silhouette-postgres-async-seed/,root))))
Sending msg to client play-fork-run-9339dfac-4b33-4d9b-ab01-78a2e28a861f: TaskFinished(28,1841,Some(AttributeKey[scala.collection.Seq[sbt.Attributed[java.io.File]]]("unmanagedClasspath") in Scope(Build: file:/Users/ryanmccormack/play-silhouette-postgres-async-seed/, , Project: ProjectReference(file:/Users/ryanmccormack/play-silhouette-postgres-async-seed/,root), Config: runtime)),true,None)
Sending msg to client play-fork-run-9339dfac-4b33-4d9b-ab01-78a2e28a861f: TaskFinished(28,1802,Some(AttributeKey[sbt.UpdateReport]("update") in Scope(Build: file:/Users/ryanmccormack/play-silhouette-postgres-async-seed/, , Project: ProjectReference(file:/Users/ryanmccormack/play-silhouette-postgres-async-seed/,root))),true,None)
Sending msg to client play-fork-run-9339dfac-4b33-4d9b-ab01-78a2e28a861f: TaskStarted(28,1801,Some(AttributeKey[sbt.UpdateReport]("update") in Scope(Build: file:/Users/ryanmccormack/play-silhouette-postgres-async-seed/, , Project: ProjectReference(file:/Users/ryanmccormack/play-silhouette-postgres-async-seed/,root))))
Sending msg to client play-fork-run-9339dfac-4b33-4d9b-ab01-78a2e28a861f: TaskFinished(28,1801,Some(AttributeKey[sbt.UpdateReport]("update") in Scope(Build: file:/Users/ryanmccormack/play-silhouette-postgres-async-seed/, , Project: ProjectReference(file:/Users/ryanmccormack/play-silhouette-postgres-async-seed/,root))),true,None)
Sending msg to client play-fork-run-9339dfac-4b33-4d9b-ab01-78a2e28a861f: TaskStarted(28,1800,Some(AttributeKey[scala.collection.Seq[sbt.Attributed[java.io.File]]]("managedClasspath") in Scope(Build: file:/Users/ryanmccormack/play-silhouette-postgres-async-seed/, , Project: ProjectReference(file:/Users/ryanmccormack/play-silhouette-postgres-async-seed/,root), Config: docs)))
Sending msg to client play-fork-run-9339dfac-4b33-4d9b-ab01-78a2e28a861f: TaskStarted(28,1838,Some(AttributeKey[sbt.Configuration]("classpathConfiguration") in Scope(Build: file:/Users/ryanmccormack/play-silhouette-postgres-async-seed/, , Project: ProjectReference(file:/Users/ryanmccormack/play-silhouette-postgres-async-seed/,root), Config: compile)))
Sending msg to client play-fork-run-9339dfac-4b33-4d9b-ab01-78a2e28a861f: TaskFinished(28,1838,Some(AttributeKey[sbt.Configuration]("classpathConfiguration") in Scope(Build: file:/Users/ryanmccormack/play-silhouette-postgres-async-seed/, , Project: ProjectReference(file:/Users/ryanmccormack/play-silhouette-postgres-async-seed/,root), Config: compile)),true,None)
Sending msg to client play-fork-run-9339dfac-4b33-4d9b-ab01-78a2e28a861f: TaskStarted(28,1837,None)
Sending msg to client play-fork-run-9339dfac-4b33-4d9b-ab01-78a2e28a861f: TaskFinished(28,1800,Some(AttributeKey[scala.collection.Seq[sbt.Attributed[java.io.File]]]("managedClasspath") in Scope(Build: file:/Users/ryanmccormack/play-silhouette-postgres-async-seed/, , Project: ProjectReference(file:/Users/ryanmccormack/play-silhouette-postgres-async-seed/,root), Config: docs)),true,None)
Sending msg to client play-fork-run-9339dfac-4b33-4d9b-ab01-78a2e28a861f: TaskStarted(28,1799,Some(AttributeKey[scala.Option[java.io.File]]("playDocsJar") in Scope(Build: file:/Users/ryanmccormack/play-silhouette-postgres-async-seed/, , Project: ProjectReference(file:/Users/ryanmccormack/play-silhouette-postgres-async-seed/,root))))
Sending msg to client play-fork-run-9339dfac-4b33-4d9b-ab01-78a2e28a861f: TaskFinished(28,1837,None,true,None)
Sending msg to client play-fork-run-9339dfac-4b33-4d9b-ab01-78a2e28a861f: TaskStarted(28,1836,Some(AttributeKey[sbt.Configuration]("classpathConfiguration") in Scope(Build: file:/Users/ryanmccormack/play-silhouette-postgres-async-seed/, , Project: ProjectReference(file:/Users/ryanmccormack/play-silhouette-postgres-async-seed/,root), Config: runtime)))
Sending msg to client play-fork-run-9339dfac-4b33-4d9b-ab01-78a2e28a861f: TaskFinished(28,1799,Some(AttributeKey[scala.Option[java.io.File]]("playDocsJar") in Scope(Build: file:/Users/ryanmccormack/play-silhouette-postgres-async-seed/, , Project: ProjectReference(file:/Users/ryanmccormack/play-silhouette-postgres-async-seed/,root))),true,None)
Sending msg to client play-fork-run-9339dfac-4b33-4d9b-ab01-78a2e28a861f: TaskFinished(28,1836,Some(AttributeKey[sbt.Configuration]("classpathConfiguration") in Scope(Build: file:/Users/ryanmccormack/play-silhouette-postgres-async-seed/, , Project: ProjectReference(file:/Users/ryanmccormack/play-silhouette-postgres-async-seed/,root), Config: runtime)),true,None)
Sending msg to client play-fork-run-9339dfac-4b33-4d9b-ab01-78a2e28a861f: TaskStarted(28,1835,None)
Sending msg to client play-fork-run-9339dfac-4b33-4d9b-ab01-78a2e28a861f: TaskFinished(28,1835,None,true,None)
Sending msg to client play-fork-run-9339dfac-4b33-4d9b-ab01-78a2e28a861f: TaskStarted(28,1834,Some(AttributeKey[scala.collection.Seq[sbt.Attributed[java.io.File]]]("managedClasspath") in Scope(Build: file:/Users/ryanmccormack/play-silhouette-postgres-async-seed/, , Project: ProjectReference(file:/Users/ryanmccormack/play-silhouette-postgres-async-seed/,root), Config: runtime)))
Sending msg to client play-fork-run-9339dfac-4b33-4d9b-ab01-78a2e28a861f: TaskFinished(28,1834,Some(AttributeKey[scala.collection.Seq[sbt.Attributed[java.io.File]]]("managedClasspath") in Scope(Build: file:/Users/ryanmccormack/play-silhouette-postgres-async-seed/, , Project: ProjectReference(file:/Users/ryanmccormack/play-silhouette-postgres-async-seed/,root), Config: runtime)),true,None)
Sending msg to client play-fork-run-9339dfac-4b33-4d9b-ab01-78a2e28a861f: TaskStarted(28,1833,None)
Sending msg to client play-fork-run-9339dfac-4b33-4d9b-ab01-78a2e28a861f: TaskFinished(28,1833,None,true,None)
Sending msg to client play-fork-run-9339dfac-4b33-4d9b-ab01-78a2e28a861f: TaskStarted(28,1832,Some(AttributeKey[scala.collection.Seq[sbt.Attributed[java.io.File]]]("playDependencyClasspath") in Scope(Build: file:/Users/ryanmccormack/play-silhouette-postgres-async-seed/, , Project: ProjectReference(file:/Users/ryanmccormack/play-silhouette-postgres-async-seed/,root))))
Sending msg to client play-fork-run-9339dfac-4b33-4d9b-ab01-78a2e28a861f: TaskFinished(28,1832,Some(AttributeKey[scala.collection.Seq[sbt.Attributed[java.io.File]]]("playDependencyClasspath") in Scope(Build: file:/Users/ryanmccormack/play-silhouette-postgres-async-seed/, , Project: ProjectReference(file:/Users/ryanmccormack/play-silhouette-postgres-async-seed/,root))),true,None)
Sending msg to client play-fork-run-9339dfac-4b33-4d9b-ab01-78a2e28a861f: TaskStarted(28,1789,Some(AttributeKey[play.forkrun.protocol.ForkConfig]("playForkConfig") in Scope(Build: file:/Users/ryanmccormack/play-silhouette-postgres-async-seed/, , Project: ProjectReference(file:/Users/ryanmccormack/play-silhouette-postgres-async-seed/,root))))
Sending msg to client play-fork-run-9339dfac-4b33-4d9b-ab01-78a2e28a861f: TaskFinished(28,1789,Some(AttributeKey[play.forkrun.protocol.ForkConfig]("playForkConfig") in Scope(Build: file:/Users/ryanmccormack/play-silhouette-postgres-async-seed/, , Project: ProjectReference(file:/Users/ryanmccormack/play-silhouette-postgres-async-seed/,root))),true,None)
Sending msg to client play-fork-run-9339dfac-4b33-4d9b-ab01-78a2e28a861f: ValueChanged(AttributeKey[play.forkrun.protocol.ForkConfig]("playForkConfig") in Scope(Build: file:/Users/ryanmccormack/play-silhouette-postgres-async-seed/, , Project: ProjectReference(file:/Users/ryanmccormack/play-silhouette-postgres-async-seed/,root)),TaskSuccess(BuildValue(LazyValue(ForkConfig(/Users/ryanmccormack/play-silhouette-postgres-async-seed,List(),List(/Users/ryanmccormack/.ivy2/cache/org.scala-lang/scala-library/jars/scala-library-2.11.7.jar, /Users/ryanmccormack/.ivy2/cache/com.typesafe.play/twirl-api_2.11/jars/twirl-api_2.11-1.1.1.jar, /Users/ryanmccormack/.ivy2/cache/org.apache.commons/commons-lang3/jars/commons-lang3-3.4.jar, /Users/ryanmccormack/.ivy2/cache/org.scala-lang.modules/scala-xml_2.11/bundles/scala-xml_2.11-1.0.1.jar, /Users/ryanmccormack/.ivy2/cache/com.typesafe.play/play-server_2.11/jars/play-server_2.11-2.4.2.jar, /Users/ryanmccormack/.ivy2/cache/com.typesafe.play/play_2.11/jars/play_2.11-2.4.2.jar, /Users/ryanmccormack/.ivy2/cache/com.typesafe.play/build-link/jars/build-link-2.4.2.jar, /Users/ryanmccormack/.ivy2/cache/com.typesafe.play/play-exceptions/jars/play-exceptions-2.4.2.jar, /Users/ryanmccormack/.ivy2/cache/org.javassist/javassist/bundles/javassist-3.19.0-GA.jar, /Users/ryanmccormack/.ivy2/cache/com.typesafe.play/play-iteratees_2.11/jars/play-iteratees_2.11-2.4.2.jar, /Users/ryanmccormack/.ivy2/cache/org.scala-stm/scala-stm_2.11/jars/scala-stm_2.11-0.7.jar, /Users/ryanmccormack/.ivy2/cache/com.typesafe/config/bundles/config-1.3.0.jar, /Users/ryanmccormack/.ivy2/cache/com.typesafe.play/play-json_2.11/jars/play-json_2.11-2.4.2.jar, /Users/ryanmccormack/.ivy2/cache/com.typesafe.play/play-functional_2.11/jars/play-functional_2.11-2.4.2.jar, /Users/ryanmccormack/.ivy2/cache/com.typesafe.play/play-datacommons_2.11/jars/play-datacommons_2.11-2.4.2.jar, /Users/ryanmccormack/.ivy2/cache/joda-time/joda-time/jars/joda-time-2.8.1.jar, /Users/ryanmccormack/.ivy2/cache/org.joda/joda-convert/jars/joda-convert-1.7.jar, /Users/ryanmccormack/.ivy2/cache/org.scala-lang/scala-reflect/jars/scala-reflect-2.11.6.jar, /Users/ryanmccormack/.ivy2/cache/com.fasterxml.jackson.core/jackson-core/bundles/jackson-core-2.5.4.jar, /Users/ryanmccormack/.ivy2/cache/com.fasterxml.jackson.core/jackson-annotations/bundles/jackson-annotations-2.5.4.jar, /Users/ryanmccormack/.ivy2/cache/com.fasterxml.jackson.core/jackson-databind/bundles/jackson-databind-2.5.4.jar, /Users/ryanmccormack/.ivy2/cache/com.fasterxml.jackson.datatype/jackson-datatype-jdk8/bundles/jackson-datatype-jdk8-2.5.4.jar, /Users/ryanmccormack/.ivy2/cache/com.fasterxml.jackson.datatype/jackson-datatype-jsr310/bundles/jackson-datatype-jsr310-2.5.4.jar, /Users/ryanmccormack/.ivy2/cache/com.typesafe.play/play-netty-utils/jars/play-netty-utils-2.4.2.jar, /Users/ryanmccormack/.ivy2/cache/org.slf4j/slf4j-api/jars/slf4j-api-1.7.12.jar, /Users/ryanmccormack/.ivy2/cache/org.slf4j/jul-to-slf4j/jars/jul-to-slf4j-1.7.12.jar, /Users/ryanmccormack/.ivy2/cache/org.slf4j/jcl-over-slf4j/jars/jcl-over-slf4j-1.7.12.jar, /Users/ryanmccormack/.ivy2/cache/org.scala-lang.modules/scala-parser-combinators_2.11/bundles/scala-parser-combinators_2.11-1.0.1.jar, /Users/ryanmccormack/.ivy2/cache/ch.qos.logback/logback-core/jars/logback-core-1.1.3.jar, /Users/ryanmccormack/.ivy2/cache/ch.qos.logback/logback-classic/jars/logback-classic-1.1.3.jar, /Users/ryanmccormack/.ivy2/cache/com.typesafe.akka/akka-actor_2.11/jars/akka-actor_2.11-2.3.11.jar, /Users/ryanmccormack/.ivy2/cache/com.typesafe.akka/akka-slf4j_2.11/jars/akka-slf4j_2.11-2.3.11.jar, /Users/ryanmccormack/.ivy2/cache/commons-codec/commons-codec/jars/commons-codec-1.10.jar, /Users/ryanmccormack/.ivy2/cache/xerces/xercesImpl/jars/xercesImpl-2.11.0.jar, /Users/ryanmccormack/.ivy2/cache/xml-apis/xml-apis/jars/xml-apis-1.4.01.jar, /Users/ryanmccormack/.ivy2/cache/javax.transaction/jta/jars/jta-1.1.jar, /Users/ryanmccormack/.ivy2/cache/com.google.inject/guice/jars/guice-4.0.jar, /Users/ryanmccormack/.ivy2/cache/javax.inject/javax.inject/jars/javax.inject-1.jar, /Users/ryanmccormack/.ivy2/cache/aopalliance/aopalliance/jars/aopalliance-1.0.jar, /Users/ryanmccormack/.ivy2/cache/com.google.inject.extensions/guice-assistedinject/jars/guice-assistedinject-4.0.jar, /Users/ryanmccormack/.ivy2/cache/com.typesafe.play/play-netty-server_2.11/jars/play-netty-server_2.11-2.4.2.jar, /Users/ryanmccormack/.ivy2/cache/io.netty/netty/bundles/netty-3.10.3.Final.jar, /Users/ryanmccormack/.ivy2/cache/com.typesafe.netty/netty-http-pipelining/jars/netty-http-pipelining-1.1.4.jar, /Users/ryanmccormack/.ivy2/cache/com.typesafe.play/play-cache_2.11/jars/play-cache_2.11-2.4.2.jar, /Users/ryanmccormack/.ivy2/cache/net.sf.ehcache/ehcache-core/jars/ehcache-core-2.6.11.jar, /Users/ryanmccormack/.ivy2/cache/com.mohiva/play-silhouette_2.11/jars/play-silhouette_2.11-3.0.0-RC2.jar, /Users/ryanmccormack/.ivy2/cache/com.typesafe.play/play-ws_2.11/jars/play-ws_2.11-2.4.1.jar, /Users/ryanmccormack/.ivy2/cache/com.google.guava/guava/bundles/guava-18.0.jar, /Users/ryanmccormack/.ivy2/cache/com.ning/async-http-client/jars/async-http-client-1.9.21.jar, /Users/ryanmccormack/.ivy2/cache/oauth.signpost/signpost-core/jars/signpost-core-1.2.1.2.jar, /Users/ryanmccormack/.ivy2/cache/oauth.signpost/signpost-commonshttp4/jars/signpost-commonshttp4-1.2.1.2.jar, /Users/ryanmccormack/.ivy2/cache/org.apache.httpcomponents/httpcore/jars/httpcore-4.0.1.jar, /Users/ryanmccormack/.ivy2/cache/org.apache.httpcomponents/httpclient/jars/httpclient-4.0.1.jar, /Users/ryanmccormack/.ivy2/cache/commons-logging/commons-logging/jars/commons-logging-1.1.1.jar, /Users/ryanmccormack/.ivy2/cache/org.mindrot/jbcrypt/jars/jbcrypt-0.3m.jar, /Users/ryanmccormack/.ivy2/cache/com.atlassian.jwt/jwt-core/jars/jwt-core-1.2.4.jar, /Users/ryanmccormack/.ivy2/cache/com.nimbusds/nimbus-jose-jwt/jars/nimbus-jose-jwt-2.16.jar, /Users/ryanmccormack/.ivy2/cache/net.jcip/jcip-annotations/jars/jcip-annotations-1.0.jar, /Users/ryanmccormack/.ivy2/cache/net.minidev/json-smart/jars/json-smart-1.1.1.jar, /Users/ryanmccormack/.ivy2/cache/javax.mail/mail/jars/mail-1.4.7.jar, /Users/ryanmccormack/.ivy2/cache/javax.activation/activation/jars/activation-1.1.jar, /Users/ryanmccormack/.ivy2/cache/org.bouncycastle/bcprov-jdk15on/jars/bcprov-jdk15on-1.51.jar, /Users/ryanmccormack/.ivy2/cache/com.atlassian.jwt/jwt-api/jars/jwt-api-1.2.4.jar, /Users/ryanmccormack/.ivy2/cache/com.google.code.findbugs/jsr305/jars/jsr305-2.0.1.jar, /Users/ryanmccormack/.ivy2/cache/com.kyleu/jdub-async_2.11/jars/jdub-async_2.11-1.0.jar, /Users/ryanmccormack/.ivy2/cache/com.github.mauricio/postgresql-async_2.11/jars/postgresql-async_2.11-0.2.16.jar, /Users/ryanmccormack/.ivy2/cache/com.github.mauricio/db-async-common_2.11/jars/db-async-common_2.11-0.2.16.jar, /Users/ryanmccormack/.ivy2/cache/io.netty/netty-all/jars/netty-all-4.0.25.Final.jar, /Users/ryanmccormack/.ivy2/cache/org.webjars/bootstrap/jars/bootstrap-3.3.5.jar, /Users/ryanmccormack/.ivy2/cache/org.webjars/jquery/jars/jquery-1.11.1.jar),List((public/,/Users/ryanmccormack/play-silhouette-postgres-async-seed/target/web/public/main)),List(/Users/ryanmccormack/.ivy2/cache/com.typesafe.play/play-omnidoc_2.11/jars/play-omnidoc_2.11-2.4.2.jar, /Users/ryanmccormack/.ivy2/cache/org.scala-lang/scala-library/jars/scala-library-2.11.6.jar, /Users/ryanmccormack/.ivy2/cache/com.typesafe.play/play-docs_2.11/jars/play-docs_2.11-2.4.2.jar, /Users/ryanmccormack/.ivy2/cache/com.typesafe.play/play-netty-server_2.11/jars/play-netty-server_2.11-2.4.2.jar, /Users/ryanmccormack/.ivy2/cache/com.typesafe.play/play-server_2.11/jars/play-server_2.11-2.4.2.jar, /Users/ryanmccormack/.ivy2/cache/com.typesafe.play/play_2.11/jars/play_2.11-2.4.2.jar, /Users/ryanmccormack/.ivy2/cache/com.typesafe.play/build-link/jars/build-link-2.4.2.jar, /Users/ryanmccormack/.ivy2/cache/com.typesafe.play/play-exceptions/jars/play-exceptions-2.4.2.jar, /Users/ryanmccormack/.ivy2/cache/org.javassist/javassist/bundles/javassist-3.19.0-GA.jar, /Users/ryanmccormack/.ivy2/cache/com.typesafe.play/play-iteratees_2.11/jars/play-iteratees_2.11-2.4.2.jar, /Users/ryanmccormack/.ivy2/cache/org.scala-stm/scala-stm_2.11/jars/scala-stm_2.11-0.7.jar, /Users/ryanmccormack/.ivy2/cache/com.typesafe/config/bundles/config-1.3.0.jar, /Users/ryanmccormack/.ivy2/cache/com.typesafe.play/play-json_2.11/jars/play-json_2.11-2.4.2.jar, /Users/ryanmccormack/.ivy2/cache/com.typesafe.play/play-functional_2.11/jars/play-functional_2.11-2.4.2.jar, /Users/ryanmccormack/.ivy2/cache/com.typesafe.play/play-datacommons_2.11/jars/play-datacommons_2.11-2.4.2.jar, /Users/ryanmccormack/.ivy2/cache/joda-time/joda-time/jars/joda-time-2.8.1.jar, /Users/ryanmccormack/.ivy2/cache/org.joda/joda-convert/jars/joda-convert-1.7.jar, /Users/ryanmccormack/.ivy2/cache/org.scala-lang/scala-reflect/jars/scala-reflect-2.11.6.jar, /Users/ryanmccormack/.ivy2/cache/com.fasterxml.jackson.core/jackson-core/bundles/jackson-core-2.5.4.jar, /Users/ryanmccormack/.ivy2/cache/com.fasterxml.jackson.core/jackson-annotations/bundles/jackson-annotations-2.5.4.jar, /Users/ryanmccormack/.ivy2/cache/com.fasterxml.jackson.core/jackson-databind/bundles/jackson-databind-2.5.4.jar, /Users/ryanmccormack/.ivy2/cache/com.fasterxml.jackson.datatype/jackson-datatype-jdk8/bundles/jackson-datatype-jdk8-2.5.4.jar, /Users/ryanmccormack/.ivy2/cache/com.fasterxml.jackson.datatype/jackson-datatype-jsr310/bundles/jackson-datatype-jsr310-2.5.4.jar, /Users/ryanmccormack/.ivy2/cache/com.typesafe.play/play-netty-utils/jars/play-netty-utils-2.4.2.jar, /Users/ryanmccormack/.ivy2/cache/org.slf4j/slf4j-api/jars/slf4j-api-1.7.12.jar, /Users/ryanmccormack/.ivy2/cache/org.slf4j/jul-to-slf4j/jars/jul-to-slf4j-1.7.12.jar, /Users/ryanmccormack/.ivy2/cache/org.slf4j/jcl-over-slf4j/jars/jcl-over-slf4j-1.7.12.jar, /Users/ryanmccormack/.ivy2/cache/com.typesafe.play/twirl-api_2.11/jars/twirl-api_2.11-1.1.1.jar, /Users/ryanmccormack/.ivy2/cache/org.apache.commons/commons-lang3/jars/commons-lang3-3.4.jar, /Users/ryanmccormack/.ivy2/cache/org.scala-lang.modules/scala-xml_2.11/bundles/scala-xml_2.11-1.0.1.jar, /Users/ryanmccormack/.ivy2/cache/org.scala-lang.modules/scala-parser-combinators_2.11/bundles/scala-parser-combinators_2.11-1.0.1.jar, /Users/ryanmccormack/.ivy2/cache/ch.qos.logback/logback-core/jars/logback-core-1.1.3.jar, /Users/ryanmccormack/.ivy2/cache/ch.qos.logback/logback-classic/jars/logback-classic-1.1.3.jar, /Users/ryanmccormack/.ivy2/cache/com.typesafe.akka/akka-actor_2.11/jars/akka-actor_2.11-2.3.11.jar, /Users/ryanmccormack/.ivy2/cache/com.typesafe.akka/akka-slf4j_2.11/jars/akka-slf4j_2.11-2.3.11.jar, /Users/ryanmccormack/.ivy2/cache/commons-codec/commons-codec/jars/commons-codec-1.10.jar, /Users/ryanmccormack/.ivy2/cache/xerces/xercesImpl/jars/xercesImpl-2.11.0.jar, /Users/ryanmccormack/.ivy2/cache/xml-apis/xml-apis/jars/xml-apis-1.4.01.jar, /Users/ryanmccormack/.ivy2/cache/javax.transaction/jta/jars/jta-1.1.jar, /Users/ryanmccormack/.ivy2/cache/com.google.inject/guice/jars/guice-4.0.jar, /Users/ryanmccormack/.ivy2/cache/javax.inject/javax.inject/jars/javax.inject-1.jar, /Users/ryanmccormack/.ivy2/cache/aopalliance/aopalliance/jars/aopalliance-1.0.jar, /Users/ryanmccormack/.ivy2/cache/com.google.guava/guava/bundles/guava-16.0.1.jar, /Users/ryanmccormack/.ivy2/cache/com.google.inject.extensions/guice-assistedinject/jars/guice-assistedinject-4.0.jar, /Users/ryanmccormack/.ivy2/cache/io.netty/netty/bundles/netty-3.10.3.Final.jar, /Users/ryanmccormack/.ivy2/cache/com.typesafe.netty/netty-http-pipelining/jars/netty-http-pipelining-1.1.4.jar, /Users/ryanmccormack/.ivy2/cache/com.typesafe.play/play-doc_2.11/jars/play-doc_2.11-1.2.2.jar, /Users/ryanmccormack/.ivy2/cache/org.pegdown/pegdown/jars/pegdown-1.4.0.jar, /Users/ryanmccormack/.ivy2/cache/org.parboiled/parboiled-java/bundles/parboiled-java-1.1.5.jar, /Users/ryanmccormack/.ivy2/cache/org.parboiled/parboiled-core/bundles/parboiled-core-1.1.5.jar, /Users/ryanmccormack/.ivy2/cache/org.ow2.asm/asm/jars/asm-4.1.jar, /Users/ryanmccormack/.ivy2/cache/org.ow2.asm/asm-tree/jars/asm-tree-4.1.jar, /Users/ryanmccormack/.ivy2/cache/org.ow2.asm/asm-analysis/jars/asm-analysis-4.1.jar, /Users/ryanmccormack/.ivy2/cache/org.ow2.asm/asm-util/jars/asm-util-4.1.jar, /Users/ryanmccormack/.ivy2/cache/commons-io/commons-io/jars/commons-io-2.4.jar),Some(/Users/ryanmccormack/.ivy2/cache/com.typesafe.play/play-omnidoc_2.11/jars/play-omnidoc_2.11-2.4.2.jar),List(),9000,0.0.0.0,DefaultWatchService,List(/Users/ryanmccormack/play-silhouette-postgres-async-seed/public, /Users/ryanmccormack/play-silhouette-postgres-async-seed/conf, /Users/ryanmccormack/play-silhouette-postgres-async-seed/app),/Users/ryanmccormack/play-silhouette-postgres-async-seed/target,500,root/playForkNotifyStart,root/playForkReload,300000,play.core.server.DevServerStart),scala.pickling.PicklerUnpickler$DelegatingPicklerUnpickler@4fa92170),ForkConfig(/Users/ryanmccormack/play-silhouette-postgres-async-seed,List(),List(/Users/ryanmccormack/.ivy2/cache/org.scala-lang/scala-library/jars/scala-library-2.11.7.jar, /Users/ryanmccormack/.ivy2/cache/com.typesafe.play/twirl-api_2.11/jars/twirl-api_2.11-1.1.1.jar, /Users/ryanmccormack/.ivy2/cache/org.apache.commons/commons-lang3/jars/commons-lang3-3.4.jar, /Users/ryanmccormack/.ivy2/cache/org.scala-lang.modules/scala-xml_2.11/bundles/scala-xml_2.11-1.0.1.jar, /Users/ryanmccormack/.ivy2/cache/com.typesafe.play/play-server_2.11/jars/play-server_2.11-2.4.2.jar, /Users/ryanmccormack/.ivy2/cache/com.typesafe.play/play_2.11/jars/play_2.11-2.4.2.jar, /Users/ryanmccormack/.ivy2/cache/com.typesafe.play/build-link/jars/build-link-2.4.2.jar, /Users/ryanmccormack/.ivy2/cache/com.typesafe.play/play-exceptions/jars/play-exceptions-2.4.2.jar, /Users/ryanmccormack/.ivy2/cache/org.javassist/javassist/bundles/javassist-3.19.0-GA.jar, /Users/ryanmccormack/.ivy2/cache/com.typesafe.play/play-iteratees_2.11/jars/play-iteratees_2.11-2.4.2.jar, /Users/ryanmccormack/.ivy2/cache/org.scala-stm/scala-stm_2.11/jars/scala-stm_2.11-0.7.jar, /Users/ryanmccormack/.ivy2/cache/com.typesafe/config/bundles/config-1.3.0.jar, /Users/ryanmccormack/.ivy2/cache/com.typesafe.play/play-json_2.11/jars/play-json_2.11-2.4.2.jar, /Users/ryanmccormack/.ivy2/cache/com.typesafe.play/play-functional_2.11/jars/play-functional_2.11-2.4.2.jar, /Users/ryanmccormack/.ivy2/cache/com.typesafe.play/play-datacommons_2.11/jars/play-datacommons_2.11-2.4.2.jar, /Users/ryanmccormack/.ivy2/cache/joda-time/joda-time/jars/joda-time-2.8.1.jar, /Users/ryanmccormack/.ivy2/cache/org.joda/joda-convert/jars/joda-convert-1.7.jar, /Users/ryanmccormack/.ivy2/cache/org.scala-lang/scala-reflect/jars/scala-reflect-2.11.6.jar, /Users/ryanmccormack/.ivy2/cache/com.fasterxml.jackson.core/jackson-core/bundles/jackson-core-2.5.4.jar, /Users/ryanmccormack/.ivy2/cache/com.fasterxml.jackson.core/jackson-annotations/bundles/jackson-annotations-2.5.4.jar, /Users/ryanmccormack/.ivy2/cache/com.fasterxml.jackson.core/jackson-databind/bundles/jackson-databind-2.5.4.jar, /Users/ryanmccormack/.ivy2/cache/com.fasterxml.jackson.datatype/jackson-datatype-jdk8/bundles/jackson-datatype-jdk8-2.5.4.jar, /Users/ryanmccormack/.ivy2/cache/com.fasterxml.jackson.datatype/jackson-datatype-jsr310/bundles/jackson-datatype-jsr310-2.5.4.jar, /Users/ryanmccormack/.ivy2/cache/com.typesafe.play/play-netty-utils/jars/play-netty-utils-2.4.2.jar, /Users/ryanmccormack/.ivy2/cache/org.slf4j/slf4j-api/jars/slf4j-api-1.7.12.jar, /Users/ryanmccormack/.ivy2/cache/org.slf4j/jul-to-slf4j/jars/jul-to-slf4j-1.7.12.jar, /Users/ryanmccormack/.ivy2/cache/org.slf4j/jcl-over-slf4j/jars/jcl-over-slf4j-1.7.12.jar, /Users/ryanmccormack/.ivy2/cache/org.scala-lang.modules/scala-parser-combinators_2.11/bundles/scala-parser-combinators_2.11-1.0.1.jar, /Users/ryanmccormack/.ivy2/cache/ch.qos.logback/logback-core/jars/logback-core-1.1.3.jar, /Users/ryanmccormack/.ivy2/cache/ch.qos.logback/logback-classic/jars/logback-classic-1.1.3.jar, /Users/ryanmccormack/.ivy2/cache/com.typesafe.akka/akka-actor_2.11/jars/akka-actor_2.11-2.3.11.jar, /Users/ryanmccormack/.ivy2/cache/com.typesafe.akka/akka-slf4j_2.11/jars/akka-slf4j_2.11-2.3.11.jar, /Users/ryanmccormack/.ivy2/cache/commons-codec/commons-codec/jars/commons-codec-1.10.jar, /Users/ryanmccormack/.ivy2/cache/xerces/xercesImpl/jars/xercesImpl-2.11.0.jar, /Users/ryanmccormack/.ivy2/cache/xml-apis/xml-apis/jars/xml-apis-1.4.01.jar, /Users/ryanmccormack/.ivy2/cache/javax.transaction/jta/jars/jta-1.1.jar, /Users/ryanmccormack/.ivy2/cache/com.google.inject/guice/jars/guice-4.0.jar, /Users/ryanmccormack/.ivy2/cache/javax.inject/javax.inject/jars/javax.inject-1.jar, /Users/ryanmccormack/.ivy2/cache/aopalliance/aopalliance/jars/aopalliance-1.0.jar, /Users/ryanmccormack/.ivy2/cache/com.google.inject.extensions/guice-assistedinject/jars/guice-assistedinject-4.0.jar, /Users/ryanmccormack/.ivy2/cache/com.typesafe.play/play-netty-server_2.11/jars/play-netty-server_2.11-2.4.2.jar, /Users/ryanmccormack/.ivy2/cache/io.netty/netty/bundles/netty-3.10.3.Final.jar, /Users/ryanmccormack/.ivy2/cache/com.typesafe.netty/netty-http-pipelining/jars/netty-http-pipelining-1.1.4.jar, /Users/ryanmccormack/.ivy2/cache/com.typesafe.play/play-cache_2.11/jars/play-cache_2.11-2.4.2.jar, /Users/ryanmccormack/.ivy2/cache/net.sf.ehcache/ehcache-core/jars/ehcache-core-2.6.11.jar, /Users/ryanmccormack/.ivy2/cache/com.mohiva/play-silhouette_2.11/jars/play-silhouette_2.11-3.0.0-RC2.jar, /Users/ryanmccormack/.ivy2/cache/com.typesafe.play/play-ws_2.11/jars/play-ws_2.11-2.4.1.jar, /Users/ryanmccormack/.ivy2/cache/com.google.guava/guava/bundles/guava-18.0.jar, /Users/ryanmccormack/.ivy2/cache/com.ning/async-http-client/jars/async-http-client-1.9.21.jar, /Users/ryanmccormack/.ivy2/cache/oauth.signpost/signpost-core/jars/signpost-core-1.2.1.2.jar, /Users/ryanmccormack/.ivy2/cache/oauth.signpost/signpost-commonshttp4/jars/signpost-commonshttp4-1.2.1.2.jar, /Users/ryanmccormack/.ivy2/cache/org.apache.httpcomponents/httpcore/jars/httpcore-4.0.1.jar, /Users/ryanmccormack/.ivy2/cache/org.apache.httpcomponents/httpclient/jars/httpclient-4.0.1.jar, /Users/ryanmccormack/.ivy2/cache/commons-logging/commons-logging/jars/commons-logging-1.1.1.jar, /Users/ryanmccormack/.ivy2/cache/org.mindrot/jbcrypt/jars/jbcrypt-0.3m.jar, /Users/ryanmccormack/.ivy2/cache/com.atlassian.jwt/jwt-core/jars/jwt-core-1.2.4.jar, /Users/ryanmccormack/.ivy2/cache/com.nimbusds/nimbus-jose-jwt/jars/nimbus-jose-jwt-2.16.jar, /Users/ryanmccormack/.ivy2/cache/net.jcip/jcip-annotations/jars/jcip-annotations-1.0.jar, /Users/ryanmccormack/.ivy2/cache/net.minidev/json-smart/jars/json-smart-1.1.1.jar, /Users/ryanmccormack/.ivy2/cache/javax.mail/mail/jars/mail-1.4.7.jar, /Users/ryanmccormack/.ivy2/cache/javax.activation/activation/jars/activation-1.1.jar, /Users/ryanmccormack/.ivy2/cache/org.bouncycastle/bcprov-jdk15on/jars/bcprov-jdk15on-1.51.jar, /Users/ryanmccormack/.ivy2/cache/com.atlassian.jwt/jwt-api/jars/jwt-api-1.2.4.jar, /Users/ryanmccormack/.ivy2/cache/com.google.code.findbugs/jsr305/jars/jsr305-2.0.1.jar, /Users/ryanmccormack/.ivy2/cache/com.kyleu/jdub-async_2.11/jars/jdub-async_2.11-1.0.jar, /Users/ryanmccormack/.ivy2/cache/com.github.mauricio/postgresql-async_2.11/jars/postgresql-async_2.11-0.2.16.jar, /Users/ryanmccormack/.ivy2/cache/com.github.mauricio/db-async-common_2.11/jars/db-async-common_2.11-0.2.16.jar, /Users/ryanmccormack/.ivy2/cache/io.netty/netty-all/jars/netty-all-4.0.25.Final.jar, /Users/ryanmccormack/.ivy2/cache/org.webjars/bootstrap/jars/bootstrap-3.3.5.jar, /Users/ryanmccormack/.ivy2/cache/org.webjars/jquery/jars/jquery-1.11.1.jar),List((public/,/Users/ryanmccormack/play-silhouette-postgres-async-seed/target/web/public/main)),List(/Users/ryanmccormack/.ivy2/cache/com.typesafe.play/play-omnidoc_2.11/jars/play-omnidoc_2.11-2.4.2.jar, /Users/ryanmccormack/.ivy2/cache/org.scala-lang/scala-library/jars/scala-library-2.11.6.jar, /Users/ryanmccormack/.ivy2/cache/com.typesafe.play/play-docs_2.11/jars/play-docs_2.11-2.4.2.jar, /Users/ryanmccormack/.ivy2/cache/com.typesafe.play/play-netty-server_2.11/jars/play-netty-server_2.11-2.4.2.jar, /Users/ryanmccormack/.ivy2/cache/com.typesafe.play/play-server_2.11/jars/play-server_2.11-2.4.2.jar, /Users/ryanmccormack/.ivy2/cache/com.typesafe.play/play_2.11/jars/play_2.11-2.4.2.jar, /Users/ryanmccormack/.ivy2/cache/com.typesafe.play/build-link/jars/build-link-2.4.2.jar, /Users/ryanmccormack/.ivy2/cache/com.typesafe.play/play-exceptions/jars/play-exceptions-2.4.2.jar, /Users/ryanmccormack/.ivy2/cache/org.javassist/javassist/bundles/javassist-3.19.0-GA.jar, /Users/ryanmccormack/.ivy2/cache/com.typesafe.play/play-iteratees_2.11/jars/play-iteratees_2.11-2.4.2.jar, /Users/ryanmccormack/.ivy2/cache/org.scala-stm/scala-stm_2.11/jars/scala-stm_2.11-0.7.jar, /Users/ryanmccormack/.ivy2/cache/com.typesafe/config/bundles/config-1.3.0.jar, /Users/ryanmccormack/.ivy2/cache/com.typesafe.play/play-json_2.11/jars/play-json_2.11-2.4.2.jar, /Users/ryanmccormack/.ivy2/cache/com.typesafe.play/play-functional_2.11/jars/play-functional_2.11-2.4.2.jar, /Users/ryanmccormack/.ivy2/cache/com.typesafe.play/play-datacommons_2.11/jars/play-datacommons_2.11-2.4.2.jar, /Users/ryanmccormack/.ivy2/cache/joda-time/joda-time/jars/joda-time-2.8.1.jar, /Users/ryanmccormack/.ivy2/cache/org.joda/joda-convert/jars/joda-convert-1.7.jar, /Users/ryanmccormack/.ivy2/cache/org.scala-lang/scala-reflect/jars/scala-reflect-2.11.6.jar, /Users/ryanmccormack/.ivy2/cache/com.fasterxml.jackson.core/jackson-core/bundles/jackson-core-2.5.4.jar, /Users/ryanmccormack/.ivy2/cache/com.fasterxml.jackson.core/jackson-annotations/bundles/jackson-annotations-2.5.4.jar, /Users/ryanmccormack/.ivy2/cache/com.fasterxml.jackson.core/jackson-databind/bundles/jackson-databind-2.5.4.jar, /Users/ryanmccormack/.ivy2/cache/com.fasterxml.jackson.datatype/jackson-datatype-jdk8/bundles/jackson-datatype-jdk8-2.5.4.jar, /Users/ryanmccormack/.ivy2/cache/com.fasterxml.jackson.datatype/jackson-datatype-jsr310/bundles/jackson-datatype-jsr310-2.5.4.jar, /Users/ryanmccormack/.ivy2/cache/com.typesafe.play/play-netty-utils/jars/play-netty-utils-2.4.2.jar, /Users/ryanmccormack/.ivy2/cache/org.slf4j/slf4j-api/jars/slf4j-api-1.7.12.jar, /Users/ryanmccormack/.ivy2/cache/org.slf4j/jul-to-slf4j/jars/jul-to-slf4j-1.7.12.jar, /Users/ryanmccormack/.ivy2/cache/org.slf4j/jcl-over-slf4j/jars/jcl-over-slf4j-1.7.12.jar, /Users/ryanmccormack/.ivy2/cache/com.typesafe.play/twirl-api_2.11/jars/twirl-api_2.11-1.1.1.jar, /Users/ryanmccormack/.ivy2/cache/org.apache.commons/commons-lang3/jars/commons-lang3-3.4.jar, /Users/ryanmccormack/.ivy2/cache/org.scala-lang.modules/scala-xml_2.11/bundles/scala-xml_2.11-1.0.1.jar, /Users/ryanmccormack/.ivy2/cache/org.scala-lang.modules/scala-parser-combinators_2.11/bundles/scala-parser-combinators_2.11-1.0.1.jar, /Users/ryanmccormack/.ivy2/cache/ch.qos.logback/logback-core/jars/logback-core-1.1.3.jar, /Users/ryanmccormack/.ivy2/cache/ch.qos.logback/logback-classic/jars/logback-classic-1.1.3.jar, /Users/ryanmccormack/.ivy2/cache/com.typesafe.akka/akka-actor_2.11/jars/akka-actor_2.11-2.3.11.jar, /Users/ryanmccormack/.ivy2/cache/com.typesafe.akka/akka-slf4j_2.11/jars/akka-slf4j_2.11-2.3.11.jar, /Users/ryanmccormack/.ivy2/cache/commons-codec/commons-codec/jars/commons-codec-1.10.jar, /Users/ryanmccormack/.ivy2/cache/xerces/xercesImpl/jars/xercesImpl-2.11.0.jar, /Users/ryanmccormack/.ivy2/cache/xml-apis/xml-apis/jars/xml-apis-1.4.01.jar, /Users/ryanmccormack/.ivy2/cache/javax.transaction/jta/jars/jta-1.1.jar, /Users/ryanmccormack/.ivy2/cache/com.google.inject/guice/jars/guice-4.0.jar, /Users/ryanmccormack/.ivy2/cache/javax.inject/javax.inject/jars/javax.inject-1.jar, /Users/ryanmccormack/.ivy2/cache/aopalliance/aopalliance/jars/aopalliance-1.0.jar, /Users/ryanmccormack/.ivy2/cache/com.google.guava/guava/bundles/guava-16.0.1.jar, /Users/ryanmccormack/.ivy2/cache/com.google.inject.extensions/guice-assistedinject/jars/guice-assistedinject-4.0.jar, /Users/ryanmccormack/.ivy2/cache/io.netty/netty/bundles/netty-3.10.3.Final.jar, /Users/ryanmccormack/.ivy2/cache/com.typesafe.netty/netty-http-pipelining/jars/netty-http-pipelining-1.1.4.jar, /Users/ryanmccormack/.ivy2/cache/com.typesafe.play/play-doc_2.11/jars/play-doc_2.11-1.2.2.jar, /Users/ryanmccormack/.ivy2/cache/org.pegdown/pegdown/jars/pegdown-1.4.0.jar, /Users/ryanmccormack/.ivy2/cache/org.parboiled/parboiled-java/bundles/parboiled-java-1.1.5.jar, /Users/ryanmccormack/.ivy2/cache/org.parboiled/parboiled-core/bundles/parboiled-core-1.1.5.jar, /Users/ryanmccormack/.ivy2/cache/org.ow2.asm/asm/jars/asm-4.1.jar, /Users/ryanmccormack/.ivy2/cache/org.ow2.asm/asm-tree/jars/asm-tree-4.1.jar, /Users/ryanmccormack/.ivy2/cache/org.ow2.asm/asm-analysis/jars/asm-analysis-4.1.jar, /Users/ryanmccormack/.ivy2/cache/org.ow2.asm/asm-util/jars/asm-util-4.1.jar, /Users/ryanmccormack/.ivy2/cache/commons-io/commons-io/jars/commons-io-2.4.jar),Some(/Users/ryanmccormack/.ivy2/cache/com.typesafe.play/play-omnidoc_2.11/jars/play-omnidoc_2.11-2.4.2.jar),List(),9000,0.0.0.0,DefaultWatchService,List(/Users/ryanmccormack/play-silhouette-postgres-async-seed/public, /Users/ryanmccormack/play-silhouette-postgres-async-seed/conf, /Users/ryanmccormack/play-silhouette-postgres-async-seed/app),/Users/ryanmccormack/play-silhouette-postgres-async-seed/target,500,root/playForkNotifyStart,root/playForkReload,300000,play.core.server.DevServerStart))))
Sending msg to client play-fork-run-9339dfac-4b33-4d9b-ab01-78a2e28a861f: TaskStarted(28,1788,None)
Sending msg to client play-fork-run-9339dfac-4b33-4d9b-ab01-78a2e28a861f: TaskFinished(28,1788,None,true,None)
Sending msg to client play-fork-run-9339dfac-4b33-4d9b-ab01-78a2e28a861f: TaskStarted(28,1787,None)
Sending msg to client play-fork-run-9339dfac-4b33-4d9b-ab01-78a2e28a861f: TaskFinished(28,1787,None,true,None)
Sending msg to client play-fork-run-9339dfac-4b33-4d9b-ab01-78a2e28a861f: DetachedLogEvent(LogMessage(debug,cancel strategy finish enabled=false lastCommand=Some(LastCommand(CommandExecutionWork(ExecutionId(28),{file:/Users/ryanmccormack/play-silhouette-postgres-async-seed/}root/*:playForkConfig,Set(LiveClient(play-fork-run 9339dfac-4b33-4d9b-ab01-78a2e28a861f)),sbt.server.WorkCancellationStatus$$anon$1@3d4194d3)))))
Sending msg to client play-fork-run-9339dfac-4b33-4d9b-ab01-78a2e28a861f: DetachedLogEvent(LogSuccess(Total time: 1 s, completed 11-Jan-2017 2:07:33 PM))
Sending msg to client play-fork-run-9339dfac-4b33-4d9b-ab01-78a2e28a861f: DetachedLogEvent(LogMessage(debug,> server-post-command-cleanup))
Sending msg to client play-fork-run-9339dfac-4b33-4d9b-ab01-78a2e28a861f: ExecutionSuccess(28)
Sending msg to client play-fork-run-9339dfac-4b33-4d9b-ab01-78a2e28a861f: DetachedLogEvent(LogMessage(debug,> server-handle-next-server-request))
Sending msg to client play-fork-run-9339dfac-4b33-4d9b-ab01-78a2e28a861f: BackgroundJobLogEvent(5,LogMessage(info,))
Sending msg to client play-fork-run-9339dfac-4b33-4d9b-ab01-78a2e28a861f: BackgroundJobLogEvent(5,LogMessage(info,[35m--- (Running the application, auto-reloading is enabled) ---[0m))
Sending msg to client play-fork-run-9339dfac-4b33-4d9b-ab01-78a2e28a861f: BackgroundJobLogEvent(5,LogMessage(info,))
Sending msg to client play-fork-run-9339dfac-4b33-4d9b-ab01-78a2e28a861f: BackgroundJobLogEvent(5,LogMessage(info,p.a.l.c.ActorSystemProvider - Starting application default Akka system: application))
Sending msg to client play-fork-run-9339dfac-4b33-4d9b-ab01-78a2e28a861f: BackgroundJobLogEvent(5,LogMessage(info,p.c.s.NettyServer - Listening for HTTP on /0:0:0:0:0:0:0:0:9000))
Sending msg to client play-fork-run-9339dfac-4b33-4d9b-ab01-78a2e28a861f: BackgroundJobLogEvent(5,LogMessage(info,))
Sending msg to client play-fork-run-9339dfac-4b33-4d9b-ab01-78a2e28a861f: BackgroundJobLogEvent(5,LogMessage(info,[32m(Server started, use Ctrl+D to stop and go back to the console...)[0m))
Sending msg to client play-fork-run-9339dfac-4b33-4d9b-ab01-78a2e28a861f: BackgroundJobLogEvent(5,LogMessage(info,))
Got request: ExecutionRequest(root/playForkNotifyStart http://localhost:9000)
Reading next message from client.
Sending msg to client play-fork-run-9339dfac-4b33-4d9b-ab01-78a2e28a861f: (8,ExecutionRequestReceived(29))
Sending msg to client play-fork-run-9339dfac-4b33-4d9b-ab01-78a2e28a861f: ExecutionWaiting(29,root/playForkNotifyStart http://localhost:9000,ClientInfo(9339dfac-4b33-4d9b-ab01-78a2e28a861f,play-fork-run,Play Fork Run,1,Vector()))
Sending msg to client play-fork-run-9339dfac-4b33-4d9b-ab01-78a2e28a861f: ExecutionStarting(29)
Sending msg to client play-fork-run-9339dfac-4b33-4d9b-ab01-78a2e28a861f: DetachedLogEvent(LogMessage(debug,> root/playForkNotifyStart http://localhost:9000))
Sending msg to client play-fork-run-9339dfac-4b33-4d9b-ab01-78a2e28a861f: DetachedLogEvent(LogMessage(debug,Evaluating tasks: *:playForkNotifyStart))
Sending msg to client play-fork-run-9339dfac-4b33-4d9b-ab01-78a2e28a861f: DetachedLogEvent(LogMessage(debug,Running task... Cancel: sbt.server.ServerTaskCancellation@412f2417, check cycles: false))
Sending msg to client play-fork-run-9339dfac-4b33-4d9b-ab01-78a2e28a861f: DetachedLogEvent(LogMessage(debug,cancel strategy start enabled=true lastCommand=Some(LastCommand(CommandExecutionWork(ExecutionId(29),root/playForkNotifyStart http://localhost:9000,Set(LiveClient(play-fork-run 9339dfac-4b33-4d9b-ab01-78a2e28a861f)),sbt.server.WorkCancellationStatus$$anon$1@570653ce)))))
Sending msg to client play-fork-run-9339dfac-4b33-4d9b-ab01-78a2e28a861f: TaskStarted(29,1865,Some(AttributeKey[sbt.SendEventService]("sendEventService") in Scope(Global)))
Sending msg to client play-fork-run-9339dfac-4b33-4d9b-ab01-78a2e28a861f: TaskFinished(29,1865,Some(AttributeKey[sbt.SendEventService]("sendEventService") in Scope(Global)),true,None)
Sending msg to client play-fork-run-9339dfac-4b33-4d9b-ab01-78a2e28a861f: TaskStarted(29,1864,Some(AttributeKey[scala.Function1[java.lang.String,void]]("playForkStarted") in Scope(Build: file:/Users/ryanmccormack/play-silhouette-postgres-async-seed/, , Project: ProjectReference(file:/Users/ryanmccormack/play-silhouette-postgres-async-seed/,root))))
Sending msg to client play-fork-run-9339dfac-4b33-4d9b-ab01-78a2e28a861f: TaskFinished(29,1864,Some(AttributeKey[scala.Function1[java.lang.String,void]]("playForkStarted") in Scope(Build: file:/Users/ryanmccormack/play-silhouette-postgres-async-seed/, , Project: ProjectReference(file:/Users/ryanmccormack/play-silhouette-postgres-async-seed/,root))),true,None)
Sending msg to client play-fork-run-9339dfac-4b33-4d9b-ab01-78a2e28a861f: TaskStarted(29,1863,Some(AttributeKey[void]("playForkNotifyStart") in Scope(Build: file:/Users/ryanmccormack/play-silhouette-postgres-async-seed/, , Project: ProjectReference(file:/Users/ryanmccormack/play-silhouette-postgres-async-seed/,root))))
Sending msg to client play-fork-run-9339dfac-4b33-4d9b-ab01-78a2e28a861f: TaskEvent(1863,LazyValue(PlayServerStarted(http://localhost:9000),play.forkrun.protocol.Serializers$PlayForkrunProtocolPlayServerStartedPickler1$2$@3ac5085e))
Sending msg to client play-fork-run-9339dfac-4b33-4d9b-ab01-78a2e28a861f: TaskFinished(29,1863,Some(AttributeKey[void]("playForkNotifyStart") in Scope(Build: file:/Users/ryanmccormack/play-silhouette-postgres-async-seed/, , Project: ProjectReference(file:/Users/ryanmccormack/play-silhouette-postgres-async-seed/,root))),true,None)
Sending msg to client play-fork-run-9339dfac-4b33-4d9b-ab01-78a2e28a861f: TaskStarted(29,1862,None)
Sending msg to client play-fork-run-9339dfac-4b33-4d9b-ab01-78a2e28a861f: TaskFinished(29,1862,None,true,None)
Sending msg to client play-fork-run-9339dfac-4b33-4d9b-ab01-78a2e28a861f: TaskStarted(29,1861,None)
Sending msg to client play-fork-run-9339dfac-4b33-4d9b-ab01-78a2e28a861f: TaskFinished(29,1861,None,true,None)
Sending msg to client play-fork-run-9339dfac-4b33-4d9b-ab01-78a2e28a861f: DetachedLogEvent(LogMessage(debug,cancel strategy finish enabled=false lastCommand=Some(LastCommand(CommandExecutionWork(ExecutionId(29),root/playForkNotifyStart http://localhost:9000,Set(LiveClient(play-fork-run 9339dfac-4b33-4d9b-ab01-78a2e28a861f)),sbt.server.WorkCancellationStatus$$anon$1@570653ce)))))
Sending msg to client play-fork-run-9339dfac-4b33-4d9b-ab01-78a2e28a861f: DetachedLogEvent(LogSuccess(Total time: 0 s, completed 11-Jan-2017 2:07:35 PM))
Sending msg to client play-fork-run-9339dfac-4b33-4d9b-ab01-78a2e28a861f: DetachedLogEvent(LogMessage(debug,> server-post-command-cleanup))
Sending msg to client play-fork-run-9339dfac-4b33-4d9b-ab01-78a2e28a861f: ExecutionSuccess(29)
Sending msg to client play-fork-run-9339dfac-4b33-4d9b-ab01-78a2e28a861f: DetachedLogEvent(LogMessage(debug,> server-handle-next-server-request))
Sending msg to client play-fork-run-9339dfac-4b33-4d9b-ab01-78a2e28a861f: ExecutionWaiting(30,jobStop 5,ClientInfo(75250476-d607-4ace-94fa-b1f4b59f6f62,activator,Activator,3,Vector()))
Sending msg to client play-fork-run-9339dfac-4b33-4d9b-ab01-78a2e28a861f: ExecutionStarting(30)
Sending msg to client play-fork-run-9339dfac-4b33-4d9b-ab01-78a2e28a861f: DetachedLogEvent(LogMessage(debug,> jobStop 5))
Sending msg to client play-fork-run-9339dfac-4b33-4d9b-ab01-78a2e28a861f: DetachedLogEvent(LogMessage(debug,Evaluating tasks: *:jobStop))
Sending msg to client play-fork-run-9339dfac-4b33-4d9b-ab01-78a2e28a861f: DetachedLogEvent(LogMessage(debug,Running task... Cancel: sbt.server.ServerTaskCancellation@385f9dd7, check cycles: false))
Sending msg to client play-fork-run-9339dfac-4b33-4d9b-ab01-78a2e28a861f: DetachedLogEvent(LogMessage(debug,cancel strategy start enabled=true lastCommand=Some(LastCommand(CommandExecutionWork(ExecutionId(30),jobStop 5,Set(LiveClient(activator 75250476-d607-4ace-94fa-b1f4b59f6f62)),sbt.server.WorkCancellationStatus$$anon$1@4c958baf)))))
Sending msg to client play-fork-run-9339dfac-4b33-4d9b-ab01-78a2e28a861f: TaskStarted(30,1868,Some(AttributeKey[void]("jobStop") in Scope(Global)))
Sending msg to client play-fork-run-9339dfac-4b33-4d9b-ab01-78a2e28a861f: TaskFinished(30,1868,Some(AttributeKey[void]("jobStop") in Scope(Global)),true,None)
Sending msg to client play-fork-run-9339dfac-4b33-4d9b-ab01-78a2e28a861f: TaskStarted(30,1867,None)
Sending msg to client play-fork-run-9339dfac-4b33-4d9b-ab01-78a2e28a861f: TaskFinished(30,1867,None,true,None)
Sending msg to client play-fork-run-9339dfac-4b33-4d9b-ab01-78a2e28a861f: TaskStarted(30,1866,None)
Sending msg to client play-fork-run-9339dfac-4b33-4d9b-ab01-78a2e28a861f: TaskFinished(30,1866,None,true,None)
Sending msg to client play-fork-run-9339dfac-4b33-4d9b-ab01-78a2e28a861f: DetachedLogEvent(LogMessage(debug,cancel strategy finish enabled=false lastCommand=Some(LastCommand(CommandExecutionWork(ExecutionId(30),jobStop 5,Set(LiveClient(activator 75250476-d607-4ace-94fa-b1f4b59f6f62)),sbt.server.WorkCancellationStatus$$anon$1@4c958baf)))))
Sending msg to client play-fork-run-9339dfac-4b33-4d9b-ab01-78a2e28a861f: DetachedLogEvent(LogSuccess(Total time: 0 s, completed 11-Jan-2017 2:08:00 PM))
Sending msg to client play-fork-run-9339dfac-4b33-4d9b-ab01-78a2e28a861f: DetachedLogEvent(LogMessage(debug,> server-post-command-cleanup))
Sending msg to client play-fork-run-9339dfac-4b33-4d9b-ab01-78a2e28a861f: BackgroundJobLogEvent(5,LogMessage(info,Stopping Play fork run ...))
Sending msg to client play-fork-run-9339dfac-4b33-4d9b-ab01-78a2e28a861f: ExecutionSuccess(30)
Sending msg to client play-fork-run-9339dfac-4b33-4d9b-ab01-78a2e28a861f: DetachedLogEvent(LogMessage(debug,> server-handle-next-server-request))
Got request: UnlistenToEvents()
Reading next message from client.
Sending msg to client play-fork-run-9339dfac-4b33-4d9b-ab01-78a2e28a861f: (9,ReceivedResponse())
Got request: UnlistenToValue(AttributeKey[play.forkrun.protocol.ForkConfig]("playForkConfig") in Scope(Build: file:/Users/ryanmccormack/play-silhouette-postgres-async-seed/, , Project: ProjectReference(file:/Users/ryanmccormack/play-silhouette-postgres-async-seed/,root)))
Reading next message from client.
Client play-fork-run-9339dfac-4b33-4d9b-ab01-78a2e28a861f EOF, shutting down.
Stopping client.
Client play-fork-run-9339dfac-4b33-4d9b-ab01-78a2e28a861f thread exiting.
Dropping message (10,ReceivedResponse()) to dead client play-fork-run-9339dfac-4b33-4d9b-ab01-78a2e28a861f
Dropping message (0,ReceivedResponse()) to dead client play-fork-run-9339dfac-4b33-4d9b-ab01-78a2e28a861f
