New log file opened at Wed Jan 11 14:05:14 EST 2017 by 62829@ges-113.local
Sending msg to client play-fork-run-64426093-1846-4637-b897-3b56be3c8234: DetachedLogEvent(LogMessage(debug,sbt server socket logs are in: /Users/ryanmccormack/play-silhouette-postgres-async-seed/.sbtserver/connections/master.log))
Sending msg to client play-fork-run-64426093-1846-4637-b897-3b56be3c8234: DetachedLogEvent(LogMessage(debug,sbt client logs are in: /Users/ryanmccormack/play-silhouette-postgres-async-seed/.sbtserver/connections/play-fork-run-64426093-1846-4637-b897-3b56be3c8234.log))
Sending msg to client play-fork-run-64426093-1846-4637-b897-3b56be3c8234: DetachedLogEvent(LogMessage(debug,sbt general server logs are in: /Users/ryanmccormack/play-silhouette-postgres-async-seed/.sbtserver/master.log))
Reading next message from client.
Got request: DaemonRequest(true)
Reading next message from client.
Sending msg to client play-fork-run-64426093-1846-4637-b897-3b56be3c8234: (3,ReceivedResponse())
Got request: ListenToEvents()
Reading next message from client.
Sending msg to client play-fork-run-64426093-1846-4637-b897-3b56be3c8234: BackgroundJobStarted(17,BackgroundJobInfo(3,backgroundRun,AttributeKey[sbt.BackgroundJobHandle]("backgroundRun") in Scope(Build: file:/Users/ryanmccormack/play-silhouette-postgres-async-seed/, , Project: ProjectReference(file:/Users/ryanmccormack/play-silhouette-postgres-async-seed/,root), Config: compile)))
Sending msg to client play-fork-run-64426093-1846-4637-b897-3b56be3c8234: (4,ReceivedResponse())
Got request: KeyLookupRequest(root/playForkConfig)
Reading next message from client.
Sending msg to client play-fork-run-64426093-1846-4637-b897-3b56be3c8234: (5,KeyLookupResponse(root/playForkConfig,Vector(AttributeKey[play.forkrun.protocol.ForkConfig]("playForkConfig") in Scope(Build: file:/Users/ryanmccormack/play-silhouette-postgres-async-seed/, , Project: ProjectReference(file:/Users/ryanmccormack/play-silhouette-postgres-async-seed/,root)))))
Got request: ListenToValue(AttributeKey[play.forkrun.protocol.ForkConfig]("playForkConfig") in Scope(Build: file:/Users/ryanmccormack/play-silhouette-postgres-async-seed/, , Project: ProjectReference(file:/Users/ryanmccormack/play-silhouette-postgres-async-seed/,root)))
Reading next message from client.
Got request: KeyExecutionRequest(AttributeKey[play.forkrun.protocol.ForkConfig]("playForkConfig") in Scope(Build: file:/Users/ryanmccormack/play-silhouette-postgres-async-seed/, , Project: ProjectReference(file:/Users/ryanmccormack/play-silhouette-postgres-async-seed/,root)))
Reading next message from client.
Sending msg to client play-fork-run-64426093-1846-4637-b897-3b56be3c8234: (6,ReceivedResponse())
Sending msg to client play-fork-run-64426093-1846-4637-b897-3b56be3c8234: (7,ExecutionRequestReceived(18))
Sending msg to client play-fork-run-64426093-1846-4637-b897-3b56be3c8234: ExecutionWaiting(18,{file:/Users/ryanmccormack/play-silhouette-postgres-async-seed/}root/*:playForkConfig,ClientInfo(64426093-1846-4637-b897-3b56be3c8234,play-fork-run,Play Fork Run,1,Vector()))
Sending msg to client play-fork-run-64426093-1846-4637-b897-3b56be3c8234: ExecutionStarting(18)
Sending msg to client play-fork-run-64426093-1846-4637-b897-3b56be3c8234: DetachedLogEvent(LogMessage(debug,> {file:/Users/ryanmccormack/play-silhouette-postgres-async-seed/}root/*:playForkConfig))
Sending msg to client play-fork-run-64426093-1846-4637-b897-3b56be3c8234: DetachedLogEvent(LogMessage(debug,Evaluating tasks: *:playForkConfig))
Sending msg to client play-fork-run-64426093-1846-4637-b897-3b56be3c8234: DetachedLogEvent(LogMessage(debug,Running task... Cancel: sbt.server.ServerTaskCancellation@6f69577e, check cycles: false))
Sending msg to client play-fork-run-64426093-1846-4637-b897-3b56be3c8234: DetachedLogEvent(LogMessage(debug,cancel strategy start enabled=true lastCommand=Some(LastCommand(CommandExecutionWork(ExecutionId(18),{file:/Users/ryanmccormack/play-silhouette-postgres-async-seed/}root/*:playForkConfig,Set(LiveClient(play-fork-run 64426093-1846-4637-b897-3b56be3c8234)),sbt.server.WorkCancellationStatus$$anon$1@6da87172)))))
Sending msg to client play-fork-run-64426093-1846-4637-b897-3b56be3c8234: TaskStarted(18,1211,Some(AttributeKey[scala.Option[java.lang.String]]("mainClass") in Scope(Build: file:/Users/ryanmccormack/play-silhouette-postgres-async-seed/, , Project: ProjectReference(file:/Users/ryanmccormack/play-silhouette-postgres-async-seed/,root), Config: compile, Task: AttributeKey[void]("run"))))
Sending msg to client play-fork-run-64426093-1846-4637-b897-3b56be3c8234: TaskStarted(18,1213,Some(AttributeKey[scala.Tuple2[java.lang.String,java.io.File]]("playPrefixAndAssets") in Scope(Build: file:/Users/ryanmccormack/play-silhouette-postgres-async-seed/, , Project: ProjectReference(file:/Users/ryanmccormack/play-silhouette-postgres-async-seed/,root))))
Sending msg to client play-fork-run-64426093-1846-4637-b897-3b56be3c8234: TaskStarted(18,1214,Some(AttributeKey[scala.collection.Seq[java.lang.String]]("javaOptions") in Scope(Global)))
Sending msg to client play-fork-run-64426093-1846-4637-b897-3b56be3c8234: TaskStarted(18,1216,None)
Sending msg to client play-fork-run-64426093-1846-4637-b897-3b56be3c8234: TaskStarted(18,1219,None)
Sending msg to client play-fork-run-64426093-1846-4637-b897-3b56be3c8234: TaskStarted(18,1225,None)
Sending msg to client play-fork-run-64426093-1846-4637-b897-3b56be3c8234: TaskStarted(18,1226,None)
Sending msg to client play-fork-run-64426093-1846-4637-b897-3b56be3c8234: TaskStarted(18,1227,Some(AttributeKey[java.lang.String]("updateCacheName") in Scope(Build: file:/Users/ryanmccormack/play-silhouette-postgres-async-seed/, , Project: ProjectReference(file:/Users/ryanmccormack/play-silhouette-postgres-async-seed/,root))))
Sending msg to client play-fork-run-64426093-1846-4637-b897-3b56be3c8234: TaskStarted(18,1235,None)
Sending msg to client play-fork-run-64426093-1846-4637-b897-3b56be3c8234: TaskStarted(18,1236,Some(AttributeKey[scala.Option[scala.collection.Seq[sbt.Resolver]]]("bootResolvers") in Scope(Build: file:/Users/ryanmccormack/play-silhouette-postgres-async-seed/, , Project: ProjectReference(file:/Users/ryanmccormack/play-silhouette-postgres-async-seed/,root))))
Sending msg to client play-fork-run-64426093-1846-4637-b897-3b56be3c8234: TaskStarted(18,1237,Some(AttributeKey[scala.collection.Seq[sbt.Resolver]]("externalResolvers") in Scope(Build: file:/Users/ryanmccormack/play-silhouette-postgres-async-seed/, , Project: ProjectReference(file:/Users/ryanmccormack/play-silhouette-postgres-async-seed/,root))))
Sending msg to client play-fork-run-64426093-1846-4637-b897-3b56be3c8234: TaskStarted(18,1239,Some(AttributeKey[scala.collection.Seq[sbt.Credentials]]("credentials") in Scope(Global)))
Sending msg to client play-fork-run-64426093-1846-4637-b897-3b56be3c8234: TaskStarted(18,1249,None)
Sending msg to client play-fork-run-64426093-1846-4637-b897-3b56be3c8234: TaskStarted(18,1250,Some(AttributeKey[boolean]("skip") in Scope(Global)))
Sending msg to client play-fork-run-64426093-1846-4637-b897-3b56be3c8234: TaskStarted(18,1252,None)
Sending msg to client play-fork-run-64426093-1846-4637-b897-3b56be3c8234: TaskStarted(18,1260,None)
Sending msg to client play-fork-run-64426093-1846-4637-b897-3b56be3c8234: TaskFinished(18,1211,Some(AttributeKey[scala.Option[java.lang.String]]("mainClass") in Scope(Build: file:/Users/ryanmccormack/play-silhouette-postgres-async-seed/, , Project: ProjectReference(file:/Users/ryanmccormack/play-silhouette-postgres-async-seed/,root), Config: compile, Task: AttributeKey[void]("run"))),true,None)
Sending msg to client play-fork-run-64426093-1846-4637-b897-3b56be3c8234: TaskFinished(18,1213,Some(AttributeKey[scala.Tuple2[java.lang.String,java.io.File]]("playPrefixAndAssets") in Scope(Build: file:/Users/ryanmccormack/play-silhouette-postgres-async-seed/, , Project: ProjectReference(file:/Users/ryanmccormack/play-silhouette-postgres-async-seed/,root))),true,None)
Sending msg to client play-fork-run-64426093-1846-4637-b897-3b56be3c8234: TaskStarted(18,1212,Some(AttributeKey[scala.collection.Seq[scala.Tuple2[java.lang.String,java.io.File]]]("playAllAssets") in Scope(Build: file:/Users/ryanmccormack/play-silhouette-postgres-async-seed/, , Project: ProjectReference(file:/Users/ryanmccormack/play-silhouette-postgres-async-seed/,root))))
Sending msg to client play-fork-run-64426093-1846-4637-b897-3b56be3c8234: TaskFinished(18,1214,Some(AttributeKey[scala.collection.Seq[java.lang.String]]("javaOptions") in Scope(Global)),true,None)
Sending msg to client play-fork-run-64426093-1846-4637-b897-3b56be3c8234: TaskFinished(18,1225,None,true,None)
Sending msg to client play-fork-run-64426093-1846-4637-b897-3b56be3c8234: TaskFinished(18,1226,None,true,None)
Sending msg to client play-fork-run-64426093-1846-4637-b897-3b56be3c8234: TaskStarted(18,1224,Some(AttributeKey[scala.collection.Seq[sbt.UpdateReport]]("transitiveUpdate") in Scope(Build: file:/Users/ryanmccormack/play-silhouette-postgres-async-seed/, , Project: ProjectReference(file:/Users/ryanmccormack/play-silhouette-postgres-async-seed/,root))))
Sending msg to client play-fork-run-64426093-1846-4637-b897-3b56be3c8234: TaskFinished(18,1219,None,true,None)
Sending msg to client play-fork-run-64426093-1846-4637-b897-3b56be3c8234: TaskStarted(18,1218,Some(AttributeKey[sbt.BuildStructure]("buildStructure") in Scope(Global)))
Sending msg to client play-fork-run-64426093-1846-4637-b897-3b56be3c8234: TaskStarted(18,1244,Some(AttributeKey[java.io.File]("dependencyCacheDirectory") in Scope(Build: file:/Users/ryanmccormack/play-silhouette-postgres-async-seed/, , Project: ProjectReference(file:/Users/ryanmccormack/play-silhouette-postgres-async-seed/,root))))
Sending msg to client play-fork-run-64426093-1846-4637-b897-3b56be3c8234: TaskFinished(18,1216,None,true,None)
Sending msg to client play-fork-run-64426093-1846-4637-b897-3b56be3c8234: TaskFinished(18,1235,None,true,None)
Sending msg to client play-fork-run-64426093-1846-4637-b897-3b56be3c8234: TaskStarted(18,1234,None)
Sending msg to client play-fork-run-64426093-1846-4637-b897-3b56be3c8234: TaskStarted(18,1238,None)
Sending msg to client play-fork-run-64426093-1846-4637-b897-3b56be3c8234: TaskStarted(18,1240,None)
Sending msg to client play-fork-run-64426093-1846-4637-b897-3b56be3c8234: TaskStarted(18,1247,None)
Sending msg to client play-fork-run-64426093-1846-4637-b897-3b56be3c8234: TaskStarted(18,1248,None)
Sending msg to client play-fork-run-64426093-1846-4637-b897-3b56be3c8234: TaskStarted(18,1261,None)
Sending msg to client play-fork-run-64426093-1846-4637-b897-3b56be3c8234: TaskStarted(18,1264,None)
Sending msg to client play-fork-run-64426093-1846-4637-b897-3b56be3c8234: TaskStarted(18,1265,None)
Sending msg to client play-fork-run-64426093-1846-4637-b897-3b56be3c8234: TaskFinished(18,1236,Some(AttributeKey[scala.Option[scala.collection.Seq[sbt.Resolver]]]("bootResolvers") in Scope(Build: file:/Users/ryanmccormack/play-silhouette-postgres-async-seed/, , Project: ProjectReference(file:/Users/ryanmccormack/play-silhouette-postgres-async-seed/,root))),true,None)
Sending msg to client play-fork-run-64426093-1846-4637-b897-3b56be3c8234: TaskFinished(18,1237,Some(AttributeKey[scala.collection.Seq[sbt.Resolver]]("externalResolvers") in Scope(Build: file:/Users/ryanmccormack/play-silhouette-postgres-async-seed/, , Project: ProjectReference(file:/Users/ryanmccormack/play-silhouette-postgres-async-seed/,root))),true,None)
Sending msg to client play-fork-run-64426093-1846-4637-b897-3b56be3c8234: TaskFinished(18,1227,Some(AttributeKey[java.lang.String]("updateCacheName") in Scope(Build: file:/Users/ryanmccormack/play-silhouette-postgres-async-seed/, , Project: ProjectReference(file:/Users/ryanmccormack/play-silhouette-postgres-async-seed/,root))),true,None)
Sending msg to client play-fork-run-64426093-1846-4637-b897-3b56be3c8234: TaskFinished(18,1239,Some(AttributeKey[scala.collection.Seq[sbt.Credentials]]("credentials") in Scope(Global)),true,None)
Sending msg to client play-fork-run-64426093-1846-4637-b897-3b56be3c8234: TaskFinished(18,1249,None,true,None)
Sending msg to client play-fork-run-64426093-1846-4637-b897-3b56be3c8234: TaskFinished(18,1250,Some(AttributeKey[boolean]("skip") in Scope(Global)),true,None)
Sending msg to client play-fork-run-64426093-1846-4637-b897-3b56be3c8234: TaskFinished(18,1252,None,true,None)
Sending msg to client play-fork-run-64426093-1846-4637-b897-3b56be3c8234: TaskFinished(18,1260,None,true,None)
Sending msg to client play-fork-run-64426093-1846-4637-b897-3b56be3c8234: TaskFinished(18,1212,Some(AttributeKey[scala.collection.Seq[scala.Tuple2[java.lang.String,java.io.File]]]("playAllAssets") in Scope(Build: file:/Users/ryanmccormack/play-silhouette-postgres-async-seed/, , Project: ProjectReference(file:/Users/ryanmccormack/play-silhouette-postgres-async-seed/,root))),true,None)
Sending msg to client play-fork-run-64426093-1846-4637-b897-3b56be3c8234: TaskFinished(18,1224,Some(AttributeKey[scala.collection.Seq[sbt.UpdateReport]]("transitiveUpdate") in Scope(Build: file:/Users/ryanmccormack/play-silhouette-postgres-async-seed/, , Project: ProjectReference(file:/Users/ryanmccormack/play-silhouette-postgres-async-seed/,root))),true,None)
Sending msg to client play-fork-run-64426093-1846-4637-b897-3b56be3c8234: TaskFinished(18,1218,Some(AttributeKey[sbt.BuildStructure]("buildStructure") in Scope(Global)),true,None)
Sending msg to client play-fork-run-64426093-1846-4637-b897-3b56be3c8234: TaskStarted(18,1217,Some(AttributeKey[sbt.Settings[sbt.Scope]]("settingsData") in Scope(Global)))
Sending msg to client play-fork-run-64426093-1846-4637-b897-3b56be3c8234: TaskFinished(18,1234,None,true,None)
Sending msg to client play-fork-run-64426093-1846-4637-b897-3b56be3c8234: TaskFinished(18,1244,Some(AttributeKey[java.io.File]("dependencyCacheDirectory") in Scope(Build: file:/Users/ryanmccormack/play-silhouette-postgres-async-seed/, , Project: ProjectReference(file:/Users/ryanmccormack/play-silhouette-postgres-async-seed/,root))),true,None)
Sending msg to client play-fork-run-64426093-1846-4637-b897-3b56be3c8234: TaskFinished(18,1238,None,true,None)
Sending msg to client play-fork-run-64426093-1846-4637-b897-3b56be3c8234: TaskFinished(18,1240,None,true,None)
Sending msg to client play-fork-run-64426093-1846-4637-b897-3b56be3c8234: TaskFinished(18,1247,None,true,None)
Sending msg to client play-fork-run-64426093-1846-4637-b897-3b56be3c8234: TaskStarted(18,1246,Some(AttributeKey[scala.collection.immutable.Map[sbt.ModuleID,sbt.SourcePosition]]("dependencyPositions") in Scope(Build: file:/Users/ryanmccormack/play-silhouette-postgres-async-seed/, , Project: ProjectReference(file:/Users/ryanmccormack/play-silhouette-postgres-async-seed/,root))))
Sending msg to client play-fork-run-64426093-1846-4637-b897-3b56be3c8234: TaskFinished(18,1248,None,true,None)
Sending msg to client play-fork-run-64426093-1846-4637-b897-3b56be3c8234: TaskFinished(18,1261,None,true,None)
Sending msg to client play-fork-run-64426093-1846-4637-b897-3b56be3c8234: TaskFinished(18,1264,None,true,None)
Sending msg to client play-fork-run-64426093-1846-4637-b897-3b56be3c8234: TaskFinished(18,1265,None,true,None)
Sending msg to client play-fork-run-64426093-1846-4637-b897-3b56be3c8234: TaskFinished(18,1217,Some(AttributeKey[sbt.Settings[sbt.Scope]]("settingsData") in Scope(Global)),true,None)
Sending msg to client play-fork-run-64426093-1846-4637-b897-3b56be3c8234: TaskStarted(18,1215,Some(AttributeKey[scala.collection.Seq[java.io.File]]("playMonitoredFiles") in Scope(Build: file:/Users/ryanmccormack/play-silhouette-postgres-async-seed/, , Project: ProjectReference(file:/Users/ryanmccormack/play-silhouette-postgres-async-seed/,root))))
Sending msg to client play-fork-run-64426093-1846-4637-b897-3b56be3c8234: TaskStarted(18,1233,Some(AttributeKey[scala.collection.immutable.Map[org.apache.ivy.core.module.id.ModuleRevisionId,org.apache.ivy.core.module.descriptor.ModuleDescriptor]]("projectDescriptors") in Scope(Build: file:/Users/ryanmccormack/play-silhouette-postgres-async-seed/, , Project: ProjectReference(file:/Users/ryanmccormack/play-silhouette-postgres-async-seed/,root))))
Sending msg to client play-fork-run-64426093-1846-4637-b897-3b56be3c8234: TaskStarted(18,1243,Some(AttributeKey[scala.collection.Seq[sbt.ModuleID]]("projectDependencies") in Scope(Build: file:/Users/ryanmccormack/play-silhouette-postgres-async-seed/, , Project: ProjectReference(file:/Users/ryanmccormack/play-silhouette-postgres-async-seed/,root))))
Sending msg to client play-fork-run-64426093-1846-4637-b897-3b56be3c8234: TaskStarted(18,1251,None)
Sending msg to client play-fork-run-64426093-1846-4637-b897-3b56be3c8234: TaskStarted(18,1263,None)
Sending msg to client play-fork-run-64426093-1846-4637-b897-3b56be3c8234: TaskFinished(18,1246,Some(AttributeKey[scala.collection.immutable.Map[sbt.ModuleID,sbt.SourcePosition]]("dependencyPositions") in Scope(Build: file:/Users/ryanmccormack/play-silhouette-postgres-async-seed/, , Project: ProjectReference(file:/Users/ryanmccormack/play-silhouette-postgres-async-seed/,root))),true,None)
Sending msg to client play-fork-run-64426093-1846-4637-b897-3b56be3c8234: TaskStarted(18,1245,Some(AttributeKey[sbt.UnresolvedWarningConfiguration]("unresolvedWarningConfiguration") in Scope(Build: file:/Users/ryanmccormack/play-silhouette-postgres-async-seed/, , Project: ProjectReference(file:/Users/ryanmccormack/play-silhouette-postgres-async-seed/,root), Task: AttributeKey[sbt.UpdateReport]("update"))))
Sending msg to client play-fork-run-64426093-1846-4637-b897-3b56be3c8234: TaskStarted(18,1267,None)
Sending msg to client play-fork-run-64426093-1846-4637-b897-3b56be3c8234: TaskStarted(18,1268,None)
Sending msg to client play-fork-run-64426093-1846-4637-b897-3b56be3c8234: TaskFinished(18,1243,Some(AttributeKey[scala.collection.Seq[sbt.ModuleID]]("projectDependencies") in Scope(Build: file:/Users/ryanmccormack/play-silhouette-postgres-async-seed/, , Project: ProjectReference(file:/Users/ryanmccormack/play-silhouette-postgres-async-seed/,root))),true,None)
Sending msg to client play-fork-run-64426093-1846-4637-b897-3b56be3c8234: TaskStarted(18,1242,Some(AttributeKey[scala.collection.Seq[sbt.ModuleID]]("allDependencies") in Scope(Build: file:/Users/ryanmccormack/play-silhouette-postgres-async-seed/, , Project: ProjectReference(file:/Users/ryanmccormack/play-silhouette-postgres-async-seed/,root))))
Sending msg to client play-fork-run-64426093-1846-4637-b897-3b56be3c8234: TaskStarted(18,1269,None)
Sending msg to client play-fork-run-64426093-1846-4637-b897-3b56be3c8234: TaskStarted(18,1274,None)
Sending msg to client play-fork-run-64426093-1846-4637-b897-3b56be3c8234: TaskStarted(18,1276,None)
Sending msg to client play-fork-run-64426093-1846-4637-b897-3b56be3c8234: TaskStarted(18,1277,None)
Sending msg to client play-fork-run-64426093-1846-4637-b897-3b56be3c8234: TaskStarted(18,1279,None)
Sending msg to client play-fork-run-64426093-1846-4637-b897-3b56be3c8234: TaskStarted(18,1280,None)
Sending msg to client play-fork-run-64426093-1846-4637-b897-3b56be3c8234: TaskFinished(18,1245,Some(AttributeKey[sbt.UnresolvedWarningConfiguration]("unresolvedWarningConfiguration") in Scope(Build: file:/Users/ryanmccormack/play-silhouette-postgres-async-seed/, , Project: ProjectReference(file:/Users/ryanmccormack/play-silhouette-postgres-async-seed/,root), Task: AttributeKey[sbt.UpdateReport]("update"))),true,None)
Sending msg to client play-fork-run-64426093-1846-4637-b897-3b56be3c8234: TaskFinished(18,1267,None,true,None)
Sending msg to client play-fork-run-64426093-1846-4637-b897-3b56be3c8234: TaskStarted(18,1266,None)
Sending msg to client play-fork-run-64426093-1846-4637-b897-3b56be3c8234: TaskFinished(18,1268,None,true,None)
Sending msg to client play-fork-run-64426093-1846-4637-b897-3b56be3c8234: TaskFinished(18,1215,Some(AttributeKey[scala.collection.Seq[java.io.File]]("playMonitoredFiles") in Scope(Build: file:/Users/ryanmccormack/play-silhouette-postgres-async-seed/, , Project: ProjectReference(file:/Users/ryanmccormack/play-silhouette-postgres-async-seed/,root))),true,None)
Sending msg to client play-fork-run-64426093-1846-4637-b897-3b56be3c8234: TaskFinished(18,1242,Some(AttributeKey[scala.collection.Seq[sbt.ModuleID]]("allDependencies") in Scope(Build: file:/Users/ryanmccormack/play-silhouette-postgres-async-seed/, , Project: ProjectReference(file:/Users/ryanmccormack/play-silhouette-postgres-async-seed/,root))),true,None)
Sending msg to client play-fork-run-64426093-1846-4637-b897-3b56be3c8234: TaskStarted(18,1241,Some(AttributeKey[sbt.ModuleSettings]("moduleSettings") in Scope(Build: file:/Users/ryanmccormack/play-silhouette-postgres-async-seed/, , Project: ProjectReference(file:/Users/ryanmccormack/play-silhouette-postgres-async-seed/,root))))
Sending msg to client play-fork-run-64426093-1846-4637-b897-3b56be3c8234: TaskFinished(18,1269,None,true,None)
Sending msg to client play-fork-run-64426093-1846-4637-b897-3b56be3c8234: TaskFinished(18,1251,None,true,None)
Sending msg to client play-fork-run-64426093-1846-4637-b897-3b56be3c8234: TaskFinished(18,1274,None,true,None)
Sending msg to client play-fork-run-64426093-1846-4637-b897-3b56be3c8234: TaskStarted(18,1273,None)
Sending msg to client play-fork-run-64426093-1846-4637-b897-3b56be3c8234: TaskFinished(18,1276,None,true,None)
Sending msg to client play-fork-run-64426093-1846-4637-b897-3b56be3c8234: TaskFinished(18,1277,None,true,None)
Sending msg to client play-fork-run-64426093-1846-4637-b897-3b56be3c8234: TaskStarted(18,1275,Some(AttributeKey[scala.collection.Seq[sbt.Attributed[java.io.File]]]("unmanagedJars") in Scope(Build: file:/Users/ryanmccormack/play-silhouette-postgres-async-seed/, , Project: ProjectReference(file:/Users/ryanmccormack/play-silhouette-postgres-async-seed/,root), Config: compile)))
Sending msg to client play-fork-run-64426093-1846-4637-b897-3b56be3c8234: TaskFinished(18,1279,None,true,None)
Sending msg to client play-fork-run-64426093-1846-4637-b897-3b56be3c8234: TaskFinished(18,1280,None,true,None)
Sending msg to client play-fork-run-64426093-1846-4637-b897-3b56be3c8234: TaskStarted(18,1278,Some(AttributeKey[scala.collection.Seq[sbt.Attributed[java.io.File]]]("unmanagedJars") in Scope(Build: file:/Users/ryanmccormack/play-silhouette-postgres-async-seed/, , Project: ProjectReference(file:/Users/ryanmccormack/play-silhouette-postgres-async-seed/,root), Config: runtime)))
Sending msg to client play-fork-run-64426093-1846-4637-b897-3b56be3c8234: TaskFinished(18,1266,None,true,None)
Sending msg to client play-fork-run-64426093-1846-4637-b897-3b56be3c8234: TaskFinished(18,1233,Some(AttributeKey[scala.collection.immutable.Map[org.apache.ivy.core.module.id.ModuleRevisionId,org.apache.ivy.core.module.descriptor.ModuleDescriptor]]("projectDescriptors") in Scope(Build: file:/Users/ryanmccormack/play-silhouette-postgres-async-seed/, , Project: ProjectReference(file:/Users/ryanmccormack/play-silhouette-postgres-async-seed/,root))),true,None)
Sending msg to client play-fork-run-64426093-1846-4637-b897-3b56be3c8234: TaskStarted(18,1232,Some(AttributeKey[sbt.Resolver]("projectResolver") in Scope(Build: file:/Users/ryanmccormack/play-silhouette-postgres-async-seed/, , Project: ProjectReference(file:/Users/ryanmccormack/play-silhouette-postgres-async-seed/,root))))
Sending msg to client play-fork-run-64426093-1846-4637-b897-3b56be3c8234: TaskFinished(18,1241,Some(AttributeKey[sbt.ModuleSettings]("moduleSettings") in Scope(Build: file:/Users/ryanmccormack/play-silhouette-postgres-async-seed/, , Project: ProjectReference(file:/Users/ryanmccormack/play-silhouette-postgres-async-seed/,root))),true,None)
Sending msg to client play-fork-run-64426093-1846-4637-b897-3b56be3c8234: TaskStarted(18,1281,None)
Sending msg to client play-fork-run-64426093-1846-4637-b897-3b56be3c8234: TaskFinished(18,1275,Some(AttributeKey[scala.collection.Seq[sbt.Attributed[java.io.File]]]("unmanagedJars") in Scope(Build: file:/Users/ryanmccormack/play-silhouette-postgres-async-seed/, , Project: ProjectReference(file:/Users/ryanmccormack/play-silhouette-postgres-async-seed/,root), Config: compile)),true,None)
Sending msg to client play-fork-run-64426093-1846-4637-b897-3b56be3c8234: TaskFinished(18,1278,Some(AttributeKey[scala.collection.Seq[sbt.Attributed[java.io.File]]]("unmanagedJars") in Scope(Build: file:/Users/ryanmccormack/play-silhouette-postgres-async-seed/, , Project: ProjectReference(file:/Users/ryanmccormack/play-silhouette-postgres-async-seed/,root), Config: runtime)),true,None)
Sending msg to client play-fork-run-64426093-1846-4637-b897-3b56be3c8234: TaskFinished(18,1232,Some(AttributeKey[sbt.Resolver]("projectResolver") in Scope(Build: file:/Users/ryanmccormack/play-silhouette-postgres-async-seed/, , Project: ProjectReference(file:/Users/ryanmccormack/play-silhouette-postgres-async-seed/,root))),true,None)
Sending msg to client play-fork-run-64426093-1846-4637-b897-3b56be3c8234: TaskStarted(18,1231,Some(AttributeKey[scala.collection.Seq[sbt.Resolver]]("fullResolvers") in Scope(Build: file:/Users/ryanmccormack/play-silhouette-postgres-async-seed/, , Project: ProjectReference(file:/Users/ryanmccormack/play-silhouette-postgres-async-seed/,root))))
Sending msg to client play-fork-run-64426093-1846-4637-b897-3b56be3c8234: TaskFinished(18,1281,None,true,None)
Sending msg to client play-fork-run-64426093-1846-4637-b897-3b56be3c8234: TaskFinished(18,1273,None,true,None)
Sending msg to client play-fork-run-64426093-1846-4637-b897-3b56be3c8234: TaskStarted(18,1272,Some(AttributeKey[scala.collection.Seq[sbt.Attributed[java.io.File]]]("unmanagedJars") in Scope(Build: file:/Users/ryanmccormack/play-silhouette-postgres-async-seed/, , Project: ProjectReference(file:/Users/ryanmccormack/play-silhouette-postgres-async-seed/,root), Config: compile)))
Sending msg to client play-fork-run-64426093-1846-4637-b897-3b56be3c8234: TaskFinished(18,1231,Some(AttributeKey[scala.collection.Seq[sbt.Resolver]]("fullResolvers") in Scope(Build: file:/Users/ryanmccormack/play-silhouette-postgres-async-seed/, , Project: ProjectReference(file:/Users/ryanmccormack/play-silhouette-postgres-async-seed/,root))),true,None)
Sending msg to client play-fork-run-64426093-1846-4637-b897-3b56be3c8234: TaskStarted(18,1230,Some(AttributeKey[sbt.IvyConfiguration]("ivyConfiguration") in Scope(Build: file:/Users/ryanmccormack/play-silhouette-postgres-async-seed/, , Project: ProjectReference(file:/Users/ryanmccormack/play-silhouette-postgres-async-seed/,root))))
Sending msg to client play-fork-run-64426093-1846-4637-b897-3b56be3c8234: TaskFinished(18,1272,Some(AttributeKey[scala.collection.Seq[sbt.Attributed[java.io.File]]]("unmanagedJars") in Scope(Build: file:/Users/ryanmccormack/play-silhouette-postgres-async-seed/, , Project: ProjectReference(file:/Users/ryanmccormack/play-silhouette-postgres-async-seed/,root), Config: compile)),true,None)
Sending msg to client play-fork-run-64426093-1846-4637-b897-3b56be3c8234: TaskStarted(18,1271,None)
Sending msg to client play-fork-run-64426093-1846-4637-b897-3b56be3c8234: TaskFinished(18,1230,Some(AttributeKey[sbt.IvyConfiguration]("ivyConfiguration") in Scope(Build: file:/Users/ryanmccormack/play-silhouette-postgres-async-seed/, , Project: ProjectReference(file:/Users/ryanmccormack/play-silhouette-postgres-async-seed/,root))),true,None)
Sending msg to client play-fork-run-64426093-1846-4637-b897-3b56be3c8234: TaskStarted(18,1229,Some(AttributeKey[sbt.IvySbt]("ivySbt") in Scope(Build: file:/Users/ryanmccormack/play-silhouette-postgres-async-seed/, , Project: ProjectReference(file:/Users/ryanmccormack/play-silhouette-postgres-async-seed/,root))))
Sending msg to client play-fork-run-64426093-1846-4637-b897-3b56be3c8234: TaskFinished(18,1271,None,true,None)
Sending msg to client play-fork-run-64426093-1846-4637-b897-3b56be3c8234: TaskStarted(18,1270,None)
Sending msg to client play-fork-run-64426093-1846-4637-b897-3b56be3c8234: TaskFinished(18,1229,Some(AttributeKey[sbt.IvySbt]("ivySbt") in Scope(Build: file:/Users/ryanmccormack/play-silhouette-postgres-async-seed/, , Project: ProjectReference(file:/Users/ryanmccormack/play-silhouette-postgres-async-seed/,root))),true,None)
Sending msg to client play-fork-run-64426093-1846-4637-b897-3b56be3c8234: TaskStarted(18,1228,Some(AttributeKey[sbt.IvySbt$Module]("ivyModule") in Scope(Build: file:/Users/ryanmccormack/play-silhouette-postgres-async-seed/, , Project: ProjectReference(file:/Users/ryanmccormack/play-silhouette-postgres-async-seed/,root))))
Sending msg to client play-fork-run-64426093-1846-4637-b897-3b56be3c8234: TaskFinished(18,1270,None,true,None)
Sending msg to client play-fork-run-64426093-1846-4637-b897-3b56be3c8234: TaskFinished(18,1263,None,true,None)
Sending msg to client play-fork-run-64426093-1846-4637-b897-3b56be3c8234: TaskStarted(18,1262,Some(AttributeKey[scala.collection.Seq[sbt.Attributed[java.io.File]]]("unmanagedClasspath") in Scope(Build: file:/Users/ryanmccormack/play-silhouette-postgres-async-seed/, , Project: ProjectReference(file:/Users/ryanmccormack/play-silhouette-postgres-async-seed/,root), Config: runtime)))
Sending msg to client play-fork-run-64426093-1846-4637-b897-3b56be3c8234: TaskFinished(18,1228,Some(AttributeKey[sbt.IvySbt$Module]("ivyModule") in Scope(Build: file:/Users/ryanmccormack/play-silhouette-postgres-async-seed/, , Project: ProjectReference(file:/Users/ryanmccormack/play-silhouette-postgres-async-seed/,root))),true,None)
Sending msg to client play-fork-run-64426093-1846-4637-b897-3b56be3c8234: TaskStarted(18,1223,Some(AttributeKey[sbt.UpdateReport]("update") in Scope(Build: file:/Users/ryanmccormack/play-silhouette-postgres-async-seed/, , Project: ProjectReference(file:/Users/ryanmccormack/play-silhouette-postgres-async-seed/,root))))
Sending msg to client play-fork-run-64426093-1846-4637-b897-3b56be3c8234: TaskFinished(18,1262,Some(AttributeKey[scala.collection.Seq[sbt.Attributed[java.io.File]]]("unmanagedClasspath") in Scope(Build: file:/Users/ryanmccormack/play-silhouette-postgres-async-seed/, , Project: ProjectReference(file:/Users/ryanmccormack/play-silhouette-postgres-async-seed/,root), Config: runtime)),true,None)
Sending msg to client play-fork-run-64426093-1846-4637-b897-3b56be3c8234: TaskFinished(18,1223,Some(AttributeKey[sbt.UpdateReport]("update") in Scope(Build: file:/Users/ryanmccormack/play-silhouette-postgres-async-seed/, , Project: ProjectReference(file:/Users/ryanmccormack/play-silhouette-postgres-async-seed/,root))),true,None)
Sending msg to client play-fork-run-64426093-1846-4637-b897-3b56be3c8234: TaskStarted(18,1222,Some(AttributeKey[sbt.UpdateReport]("update") in Scope(Build: file:/Users/ryanmccormack/play-silhouette-postgres-async-seed/, , Project: ProjectReference(file:/Users/ryanmccormack/play-silhouette-postgres-async-seed/,root))))
Sending msg to client play-fork-run-64426093-1846-4637-b897-3b56be3c8234: TaskFinished(18,1222,Some(AttributeKey[sbt.UpdateReport]("update") in Scope(Build: file:/Users/ryanmccormack/play-silhouette-postgres-async-seed/, , Project: ProjectReference(file:/Users/ryanmccormack/play-silhouette-postgres-async-seed/,root))),true,None)
Sending msg to client play-fork-run-64426093-1846-4637-b897-3b56be3c8234: TaskStarted(18,1221,Some(AttributeKey[scala.collection.Seq[sbt.Attributed[java.io.File]]]("managedClasspath") in Scope(Build: file:/Users/ryanmccormack/play-silhouette-postgres-async-seed/, , Project: ProjectReference(file:/Users/ryanmccormack/play-silhouette-postgres-async-seed/,root), Config: docs)))
Sending msg to client play-fork-run-64426093-1846-4637-b897-3b56be3c8234: TaskStarted(18,1259,Some(AttributeKey[sbt.Configuration]("classpathConfiguration") in Scope(Build: file:/Users/ryanmccormack/play-silhouette-postgres-async-seed/, , Project: ProjectReference(file:/Users/ryanmccormack/play-silhouette-postgres-async-seed/,root), Config: compile)))
Sending msg to client play-fork-run-64426093-1846-4637-b897-3b56be3c8234: TaskFinished(18,1259,Some(AttributeKey[sbt.Configuration]("classpathConfiguration") in Scope(Build: file:/Users/ryanmccormack/play-silhouette-postgres-async-seed/, , Project: ProjectReference(file:/Users/ryanmccormack/play-silhouette-postgres-async-seed/,root), Config: compile)),true,None)
Sending msg to client play-fork-run-64426093-1846-4637-b897-3b56be3c8234: TaskStarted(18,1258,None)
Sending msg to client play-fork-run-64426093-1846-4637-b897-3b56be3c8234: TaskFinished(18,1258,None,true,None)
Sending msg to client play-fork-run-64426093-1846-4637-b897-3b56be3c8234: TaskStarted(18,1257,Some(AttributeKey[sbt.Configuration]("classpathConfiguration") in Scope(Build: file:/Users/ryanmccormack/play-silhouette-postgres-async-seed/, , Project: ProjectReference(file:/Users/ryanmccormack/play-silhouette-postgres-async-seed/,root), Config: runtime)))
Sending msg to client play-fork-run-64426093-1846-4637-b897-3b56be3c8234: TaskFinished(18,1257,Some(AttributeKey[sbt.Configuration]("classpathConfiguration") in Scope(Build: file:/Users/ryanmccormack/play-silhouette-postgres-async-seed/, , Project: ProjectReference(file:/Users/ryanmccormack/play-silhouette-postgres-async-seed/,root), Config: runtime)),true,None)
Sending msg to client play-fork-run-64426093-1846-4637-b897-3b56be3c8234: TaskStarted(18,1256,None)
Sending msg to client play-fork-run-64426093-1846-4637-b897-3b56be3c8234: TaskFinished(18,1256,None,true,None)
Sending msg to client play-fork-run-64426093-1846-4637-b897-3b56be3c8234: TaskStarted(18,1255,Some(AttributeKey[scala.collection.Seq[sbt.Attributed[java.io.File]]]("managedClasspath") in Scope(Build: file:/Users/ryanmccormack/play-silhouette-postgres-async-seed/, , Project: ProjectReference(file:/Users/ryanmccormack/play-silhouette-postgres-async-seed/,root), Config: runtime)))
Sending msg to client play-fork-run-64426093-1846-4637-b897-3b56be3c8234: TaskFinished(18,1221,Some(AttributeKey[scala.collection.Seq[sbt.Attributed[java.io.File]]]("managedClasspath") in Scope(Build: file:/Users/ryanmccormack/play-silhouette-postgres-async-seed/, , Project: ProjectReference(file:/Users/ryanmccormack/play-silhouette-postgres-async-seed/,root), Config: docs)),true,None)
Sending msg to client play-fork-run-64426093-1846-4637-b897-3b56be3c8234: TaskStarted(18,1220,Some(AttributeKey[scala.Option[java.io.File]]("playDocsJar") in Scope(Build: file:/Users/ryanmccormack/play-silhouette-postgres-async-seed/, , Project: ProjectReference(file:/Users/ryanmccormack/play-silhouette-postgres-async-seed/,root))))
Sending msg to client play-fork-run-64426093-1846-4637-b897-3b56be3c8234: TaskFinished(18,1220,Some(AttributeKey[scala.Option[java.io.File]]("playDocsJar") in Scope(Build: file:/Users/ryanmccormack/play-silhouette-postgres-async-seed/, , Project: ProjectReference(file:/Users/ryanmccormack/play-silhouette-postgres-async-seed/,root))),true,None)
Sending msg to client play-fork-run-64426093-1846-4637-b897-3b56be3c8234: TaskFinished(18,1255,Some(AttributeKey[scala.collection.Seq[sbt.Attributed[java.io.File]]]("managedClasspath") in Scope(Build: file:/Users/ryanmccormack/play-silhouette-postgres-async-seed/, , Project: ProjectReference(file:/Users/ryanmccormack/play-silhouette-postgres-async-seed/,root), Config: runtime)),true,None)
Sending msg to client play-fork-run-64426093-1846-4637-b897-3b56be3c8234: TaskStarted(18,1254,None)
Sending msg to client play-fork-run-64426093-1846-4637-b897-3b56be3c8234: TaskFinished(18,1254,None,true,None)
Sending msg to client play-fork-run-64426093-1846-4637-b897-3b56be3c8234: TaskStarted(18,1253,Some(AttributeKey[scala.collection.Seq[sbt.Attributed[java.io.File]]]("playDependencyClasspath") in Scope(Build: file:/Users/ryanmccormack/play-silhouette-postgres-async-seed/, , Project: ProjectReference(file:/Users/ryanmccormack/play-silhouette-postgres-async-seed/,root))))
Sending msg to client play-fork-run-64426093-1846-4637-b897-3b56be3c8234: TaskFinished(18,1253,Some(AttributeKey[scala.collection.Seq[sbt.Attributed[java.io.File]]]("playDependencyClasspath") in Scope(Build: file:/Users/ryanmccormack/play-silhouette-postgres-async-seed/, , Project: ProjectReference(file:/Users/ryanmccormack/play-silhouette-postgres-async-seed/,root))),true,None)
Sending msg to client play-fork-run-64426093-1846-4637-b897-3b56be3c8234: TaskStarted(18,1210,Some(AttributeKey[play.forkrun.protocol.ForkConfig]("playForkConfig") in Scope(Build: file:/Users/ryanmccormack/play-silhouette-postgres-async-seed/, , Project: ProjectReference(file:/Users/ryanmccormack/play-silhouette-postgres-async-seed/,root))))
Sending msg to client play-fork-run-64426093-1846-4637-b897-3b56be3c8234: TaskFinished(18,1210,Some(AttributeKey[play.forkrun.protocol.ForkConfig]("playForkConfig") in Scope(Build: file:/Users/ryanmccormack/play-silhouette-postgres-async-seed/, , Project: ProjectReference(file:/Users/ryanmccormack/play-silhouette-postgres-async-seed/,root))),true,None)
Sending msg to client play-fork-run-64426093-1846-4637-b897-3b56be3c8234: ValueChanged(AttributeKey[play.forkrun.protocol.ForkConfig]("playForkConfig") in Scope(Build: file:/Users/ryanmccormack/play-silhouette-postgres-async-seed/, , Project: ProjectReference(file:/Users/ryanmccormack/play-silhouette-postgres-async-seed/,root)),TaskSuccess(BuildValue(LazyValue(ForkConfig(/Users/ryanmccormack/play-silhouette-postgres-async-seed,List(),List(/Users/ryanmccormack/.ivy2/cache/org.scala-lang/scala-library/jars/scala-library-2.11.7.jar, /Users/ryanmccormack/.ivy2/cache/com.typesafe.play/twirl-api_2.11/jars/twirl-api_2.11-1.1.1.jar, /Users/ryanmccormack/.ivy2/cache/org.apache.commons/commons-lang3/jars/commons-lang3-3.4.jar, /Users/ryanmccormack/.ivy2/cache/org.scala-lang.modules/scala-xml_2.11/bundles/scala-xml_2.11-1.0.1.jar, /Users/ryanmccormack/.ivy2/cache/com.typesafe.play/play-server_2.11/jars/play-server_2.11-2.4.2.jar, /Users/ryanmccormack/.ivy2/cache/com.typesafe.play/play_2.11/jars/play_2.11-2.4.2.jar, /Users/ryanmccormack/.ivy2/cache/com.typesafe.play/build-link/jars/build-link-2.4.2.jar, /Users/ryanmccormack/.ivy2/cache/com.typesafe.play/play-exceptions/jars/play-exceptions-2.4.2.jar, /Users/ryanmccormack/.ivy2/cache/org.javassist/javassist/bundles/javassist-3.19.0-GA.jar, /Users/ryanmccormack/.ivy2/cache/com.typesafe.play/play-iteratees_2.11/jars/play-iteratees_2.11-2.4.2.jar, /Users/ryanmccormack/.ivy2/cache/org.scala-stm/scala-stm_2.11/jars/scala-stm_2.11-0.7.jar, /Users/ryanmccormack/.ivy2/cache/com.typesafe/config/bundles/config-1.3.0.jar, /Users/ryanmccormack/.ivy2/cache/com.typesafe.play/play-json_2.11/jars/play-json_2.11-2.4.2.jar, /Users/ryanmccormack/.ivy2/cache/com.typesafe.play/play-functional_2.11/jars/play-functional_2.11-2.4.2.jar, /Users/ryanmccormack/.ivy2/cache/com.typesafe.play/play-datacommons_2.11/jars/play-datacommons_2.11-2.4.2.jar, /Users/ryanmccormack/.ivy2/cache/joda-time/joda-time/jars/joda-time-2.8.1.jar, /Users/ryanmccormack/.ivy2/cache/org.joda/joda-convert/jars/joda-convert-1.7.jar, /Users/ryanmccormack/.ivy2/cache/org.scala-lang/scala-reflect/jars/scala-reflect-2.11.6.jar, /Users/ryanmccormack/.ivy2/cache/com.fasterxml.jackson.core/jackson-core/bundles/jackson-core-2.5.4.jar, /Users/ryanmccormack/.ivy2/cache/com.fasterxml.jackson.core/jackson-annotations/bundles/jackson-annotations-2.5.4.jar, /Users/ryanmccormack/.ivy2/cache/com.fasterxml.jackson.core/jackson-databind/bundles/jackson-databind-2.5.4.jar, /Users/ryanmccormack/.ivy2/cache/com.fasterxml.jackson.datatype/jackson-datatype-jdk8/bundles/jackson-datatype-jdk8-2.5.4.jar, /Users/ryanmccormack/.ivy2/cache/com.fasterxml.jackson.datatype/jackson-datatype-jsr310/bundles/jackson-datatype-jsr310-2.5.4.jar, /Users/ryanmccormack/.ivy2/cache/com.typesafe.play/play-netty-utils/jars/play-netty-utils-2.4.2.jar, /Users/ryanmccormack/.ivy2/cache/org.slf4j/slf4j-api/jars/slf4j-api-1.7.12.jar, /Users/ryanmccormack/.ivy2/cache/org.slf4j/jul-to-slf4j/jars/jul-to-slf4j-1.7.12.jar, /Users/ryanmccormack/.ivy2/cache/org.slf4j/jcl-over-slf4j/jars/jcl-over-slf4j-1.7.12.jar, /Users/ryanmccormack/.ivy2/cache/org.scala-lang.modules/scala-parser-combinators_2.11/bundles/scala-parser-combinators_2.11-1.0.1.jar, /Users/ryanmccormack/.ivy2/cache/ch.qos.logback/logback-core/jars/logback-core-1.1.3.jar, /Users/ryanmccormack/.ivy2/cache/ch.qos.logback/logback-classic/jars/logback-classic-1.1.3.jar, /Users/ryanmccormack/.ivy2/cache/com.typesafe.akka/akka-actor_2.11/jars/akka-actor_2.11-2.3.11.jar, /Users/ryanmccormack/.ivy2/cache/com.typesafe.akka/akka-slf4j_2.11/jars/akka-slf4j_2.11-2.3.11.jar, /Users/ryanmccormack/.ivy2/cache/commons-codec/commons-codec/jars/commons-codec-1.10.jar, /Users/ryanmccormack/.ivy2/cache/xerces/xercesImpl/jars/xercesImpl-2.11.0.jar, /Users/ryanmccormack/.ivy2/cache/xml-apis/xml-apis/jars/xml-apis-1.4.01.jar, /Users/ryanmccormack/.ivy2/cache/javax.transaction/jta/jars/jta-1.1.jar, /Users/ryanmccormack/.ivy2/cache/com.google.inject/guice/jars/guice-4.0.jar, /Users/ryanmccormack/.ivy2/cache/javax.inject/javax.inject/jars/javax.inject-1.jar, /Users/ryanmccormack/.ivy2/cache/aopalliance/aopalliance/jars/aopalliance-1.0.jar, /Users/ryanmccormack/.ivy2/cache/com.google.inject.extensions/guice-assistedinject/jars/guice-assistedinject-4.0.jar, /Users/ryanmccormack/.ivy2/cache/com.typesafe.play/play-netty-server_2.11/jars/play-netty-server_2.11-2.4.2.jar, /Users/ryanmccormack/.ivy2/cache/io.netty/netty/bundles/netty-3.10.3.Final.jar, /Users/ryanmccormack/.ivy2/cache/com.typesafe.netty/netty-http-pipelining/jars/netty-http-pipelining-1.1.4.jar, /Users/ryanmccormack/.ivy2/cache/com.typesafe.play/play-cache_2.11/jars/play-cache_2.11-2.4.2.jar, /Users/ryanmccormack/.ivy2/cache/net.sf.ehcache/ehcache-core/jars/ehcache-core-2.6.11.jar, /Users/ryanmccormack/.ivy2/cache/com.mohiva/play-silhouette_2.11/jars/play-silhouette_2.11-3.0.0-RC2.jar, /Users/ryanmccormack/.ivy2/cache/com.typesafe.play/play-ws_2.11/jars/play-ws_2.11-2.4.1.jar, /Users/ryanmccormack/.ivy2/cache/com.google.guava/guava/bundles/guava-18.0.jar, /Users/ryanmccormack/.ivy2/cache/com.ning/async-http-client/jars/async-http-client-1.9.21.jar, /Users/ryanmccormack/.ivy2/cache/oauth.signpost/signpost-core/jars/signpost-core-1.2.1.2.jar, /Users/ryanmccormack/.ivy2/cache/oauth.signpost/signpost-commonshttp4/jars/signpost-commonshttp4-1.2.1.2.jar, /Users/ryanmccormack/.ivy2/cache/org.apache.httpcomponents/httpcore/jars/httpcore-4.0.1.jar, /Users/ryanmccormack/.ivy2/cache/org.apache.httpcomponents/httpclient/jars/httpclient-4.0.1.jar, /Users/ryanmccormack/.ivy2/cache/commons-logging/commons-logging/jars/commons-logging-1.1.1.jar, /Users/ryanmccormack/.ivy2/cache/org.mindrot/jbcrypt/jars/jbcrypt-0.3m.jar, /Users/ryanmccormack/.ivy2/cache/com.atlassian.jwt/jwt-core/jars/jwt-core-1.2.4.jar, /Users/ryanmccormack/.ivy2/cache/com.nimbusds/nimbus-jose-jwt/jars/nimbus-jose-jwt-2.16.jar, /Users/ryanmccormack/.ivy2/cache/net.jcip/jcip-annotations/jars/jcip-annotations-1.0.jar, /Users/ryanmccormack/.ivy2/cache/net.minidev/json-smart/jars/json-smart-1.1.1.jar, /Users/ryanmccormack/.ivy2/cache/javax.mail/mail/jars/mail-1.4.7.jar, /Users/ryanmccormack/.ivy2/cache/javax.activation/activation/jars/activation-1.1.jar, /Users/ryanmccormack/.ivy2/cache/org.bouncycastle/bcprov-jdk15on/jars/bcprov-jdk15on-1.51.jar, /Users/ryanmccormack/.ivy2/cache/com.atlassian.jwt/jwt-api/jars/jwt-api-1.2.4.jar, /Users/ryanmccormack/.ivy2/cache/com.google.code.findbugs/jsr305/jars/jsr305-2.0.1.jar, /Users/ryanmccormack/.ivy2/cache/com.kyleu/jdub-async_2.11/jars/jdub-async_2.11-1.0.jar, /Users/ryanmccormack/.ivy2/cache/com.github.mauricio/postgresql-async_2.11/jars/postgresql-async_2.11-0.2.16.jar, /Users/ryanmccormack/.ivy2/cache/com.github.mauricio/db-async-common_2.11/jars/db-async-common_2.11-0.2.16.jar, /Users/ryanmccormack/.ivy2/cache/io.netty/netty-all/jars/netty-all-4.0.25.Final.jar, /Users/ryanmccormack/.ivy2/cache/org.webjars/bootstrap/jars/bootstrap-3.3.5.jar, /Users/ryanmccormack/.ivy2/cache/org.webjars/jquery/jars/jquery-1.11.1.jar),List((public/,/Users/ryanmccormack/play-silhouette-postgres-async-seed/target/web/public/main)),List(/Users/ryanmccormack/.ivy2/cache/com.typesafe.play/play-omnidoc_2.11/jars/play-omnidoc_2.11-2.4.2.jar, /Users/ryanmccormack/.ivy2/cache/org.scala-lang/scala-library/jars/scala-library-2.11.6.jar, /Users/ryanmccormack/.ivy2/cache/com.typesafe.play/play-docs_2.11/jars/play-docs_2.11-2.4.2.jar, /Users/ryanmccormack/.ivy2/cache/com.typesafe.play/play-netty-server_2.11/jars/play-netty-server_2.11-2.4.2.jar, /Users/ryanmccormack/.ivy2/cache/com.typesafe.play/play-server_2.11/jars/play-server_2.11-2.4.2.jar, /Users/ryanmccormack/.ivy2/cache/com.typesafe.play/play_2.11/jars/play_2.11-2.4.2.jar, /Users/ryanmccormack/.ivy2/cache/com.typesafe.play/build-link/jars/build-link-2.4.2.jar, /Users/ryanmccormack/.ivy2/cache/com.typesafe.play/play-exceptions/jars/play-exceptions-2.4.2.jar, /Users/ryanmccormack/.ivy2/cache/org.javassist/javassist/bundles/javassist-3.19.0-GA.jar, /Users/ryanmccormack/.ivy2/cache/com.typesafe.play/play-iteratees_2.11/jars/play-iteratees_2.11-2.4.2.jar, /Users/ryanmccormack/.ivy2/cache/org.scala-stm/scala-stm_2.11/jars/scala-stm_2.11-0.7.jar, /Users/ryanmccormack/.ivy2/cache/com.typesafe/config/bundles/config-1.3.0.jar, /Users/ryanmccormack/.ivy2/cache/com.typesafe.play/play-json_2.11/jars/play-json_2.11-2.4.2.jar, /Users/ryanmccormack/.ivy2/cache/com.typesafe.play/play-functional_2.11/jars/play-functional_2.11-2.4.2.jar, /Users/ryanmccormack/.ivy2/cache/com.typesafe.play/play-datacommons_2.11/jars/play-datacommons_2.11-2.4.2.jar, /Users/ryanmccormack/.ivy2/cache/joda-time/joda-time/jars/joda-time-2.8.1.jar, /Users/ryanmccormack/.ivy2/cache/org.joda/joda-convert/jars/joda-convert-1.7.jar, /Users/ryanmccormack/.ivy2/cache/org.scala-lang/scala-reflect/jars/scala-reflect-2.11.6.jar, /Users/ryanmccormack/.ivy2/cache/com.fasterxml.jackson.core/jackson-core/bundles/jackson-core-2.5.4.jar, /Users/ryanmccormack/.ivy2/cache/com.fasterxml.jackson.core/jackson-annotations/bundles/jackson-annotations-2.5.4.jar, /Users/ryanmccormack/.ivy2/cache/com.fasterxml.jackson.core/jackson-databind/bundles/jackson-databind-2.5.4.jar, /Users/ryanmccormack/.ivy2/cache/com.fasterxml.jackson.datatype/jackson-datatype-jdk8/bundles/jackson-datatype-jdk8-2.5.4.jar, /Users/ryanmccormack/.ivy2/cache/com.fasterxml.jackson.datatype/jackson-datatype-jsr310/bundles/jackson-datatype-jsr310-2.5.4.jar, /Users/ryanmccormack/.ivy2/cache/com.typesafe.play/play-netty-utils/jars/play-netty-utils-2.4.2.jar, /Users/ryanmccormack/.ivy2/cache/org.slf4j/slf4j-api/jars/slf4j-api-1.7.12.jar, /Users/ryanmccormack/.ivy2/cache/org.slf4j/jul-to-slf4j/jars/jul-to-slf4j-1.7.12.jar, /Users/ryanmccormack/.ivy2/cache/org.slf4j/jcl-over-slf4j/jars/jcl-over-slf4j-1.7.12.jar, /Users/ryanmccormack/.ivy2/cache/com.typesafe.play/twirl-api_2.11/jars/twirl-api_2.11-1.1.1.jar, /Users/ryanmccormack/.ivy2/cache/org.apache.commons/commons-lang3/jars/commons-lang3-3.4.jar, /Users/ryanmccormack/.ivy2/cache/org.scala-lang.modules/scala-xml_2.11/bundles/scala-xml_2.11-1.0.1.jar, /Users/ryanmccormack/.ivy2/cache/org.scala-lang.modules/scala-parser-combinators_2.11/bundles/scala-parser-combinators_2.11-1.0.1.jar, /Users/ryanmccormack/.ivy2/cache/ch.qos.logback/logback-core/jars/logback-core-1.1.3.jar, /Users/ryanmccormack/.ivy2/cache/ch.qos.logback/logback-classic/jars/logback-classic-1.1.3.jar, /Users/ryanmccormack/.ivy2/cache/com.typesafe.akka/akka-actor_2.11/jars/akka-actor_2.11-2.3.11.jar, /Users/ryanmccormack/.ivy2/cache/com.typesafe.akka/akka-slf4j_2.11/jars/akka-slf4j_2.11-2.3.11.jar, /Users/ryanmccormack/.ivy2/cache/commons-codec/commons-codec/jars/commons-codec-1.10.jar, /Users/ryanmccormack/.ivy2/cache/xerces/xercesImpl/jars/xercesImpl-2.11.0.jar, /Users/ryanmccormack/.ivy2/cache/xml-apis/xml-apis/jars/xml-apis-1.4.01.jar, /Users/ryanmccormack/.ivy2/cache/javax.transaction/jta/jars/jta-1.1.jar, /Users/ryanmccormack/.ivy2/cache/com.google.inject/guice/jars/guice-4.0.jar, /Users/ryanmccormack/.ivy2/cache/javax.inject/javax.inject/jars/javax.inject-1.jar, /Users/ryanmccormack/.ivy2/cache/aopalliance/aopalliance/jars/aopalliance-1.0.jar, /Users/ryanmccormack/.ivy2/cache/com.google.guava/guava/bundles/guava-16.0.1.jar, /Users/ryanmccormack/.ivy2/cache/com.google.inject.extensions/guice-assistedinject/jars/guice-assistedinject-4.0.jar, /Users/ryanmccormack/.ivy2/cache/io.netty/netty/bundles/netty-3.10.3.Final.jar, /Users/ryanmccormack/.ivy2/cache/com.typesafe.netty/netty-http-pipelining/jars/netty-http-pipelining-1.1.4.jar, /Users/ryanmccormack/.ivy2/cache/com.typesafe.play/play-doc_2.11/jars/play-doc_2.11-1.2.2.jar, /Users/ryanmccormack/.ivy2/cache/org.pegdown/pegdown/jars/pegdown-1.4.0.jar, /Users/ryanmccormack/.ivy2/cache/org.parboiled/parboiled-java/bundles/parboiled-java-1.1.5.jar, /Users/ryanmccormack/.ivy2/cache/org.parboiled/parboiled-core/bundles/parboiled-core-1.1.5.jar, /Users/ryanmccormack/.ivy2/cache/org.ow2.asm/asm/jars/asm-4.1.jar, /Users/ryanmccormack/.ivy2/cache/org.ow2.asm/asm-tree/jars/asm-tree-4.1.jar, /Users/ryanmccormack/.ivy2/cache/org.ow2.asm/asm-analysis/jars/asm-analysis-4.1.jar, /Users/ryanmccormack/.ivy2/cache/org.ow2.asm/asm-util/jars/asm-util-4.1.jar, /Users/ryanmccormack/.ivy2/cache/commons-io/commons-io/jars/commons-io-2.4.jar),Some(/Users/ryanmccormack/.ivy2/cache/com.typesafe.play/play-omnidoc_2.11/jars/play-omnidoc_2.11-2.4.2.jar),List(),9000,0.0.0.0,DefaultWatchService,List(/Users/ryanmccormack/play-silhouette-postgres-async-seed/public, /Users/ryanmccormack/play-silhouette-postgres-async-seed/conf, /Users/ryanmccormack/play-silhouette-postgres-async-seed/app),/Users/ryanmccormack/play-silhouette-postgres-async-seed/target,500,root/playForkNotifyStart,root/playForkReload,300000,play.core.server.DevServerStart),scala.pickling.PicklerUnpickler$DelegatingPicklerUnpickler@4fa92170),ForkConfig(/Users/ryanmccormack/play-silhouette-postgres-async-seed,List(),List(/Users/ryanmccormack/.ivy2/cache/org.scala-lang/scala-library/jars/scala-library-2.11.7.jar, /Users/ryanmccormack/.ivy2/cache/com.typesafe.play/twirl-api_2.11/jars/twirl-api_2.11-1.1.1.jar, /Users/ryanmccormack/.ivy2/cache/org.apache.commons/commons-lang3/jars/commons-lang3-3.4.jar, /Users/ryanmccormack/.ivy2/cache/org.scala-lang.modules/scala-xml_2.11/bundles/scala-xml_2.11-1.0.1.jar, /Users/ryanmccormack/.ivy2/cache/com.typesafe.play/play-server_2.11/jars/play-server_2.11-2.4.2.jar, /Users/ryanmccormack/.ivy2/cache/com.typesafe.play/play_2.11/jars/play_2.11-2.4.2.jar, /Users/ryanmccormack/.ivy2/cache/com.typesafe.play/build-link/jars/build-link-2.4.2.jar, /Users/ryanmccormack/.ivy2/cache/com.typesafe.play/play-exceptions/jars/play-exceptions-2.4.2.jar, /Users/ryanmccormack/.ivy2/cache/org.javassist/javassist/bundles/javassist-3.19.0-GA.jar, /Users/ryanmccormack/.ivy2/cache/com.typesafe.play/play-iteratees_2.11/jars/play-iteratees_2.11-2.4.2.jar, /Users/ryanmccormack/.ivy2/cache/org.scala-stm/scala-stm_2.11/jars/scala-stm_2.11-0.7.jar, /Users/ryanmccormack/.ivy2/cache/com.typesafe/config/bundles/config-1.3.0.jar, /Users/ryanmccormack/.ivy2/cache/com.typesafe.play/play-json_2.11/jars/play-json_2.11-2.4.2.jar, /Users/ryanmccormack/.ivy2/cache/com.typesafe.play/play-functional_2.11/jars/play-functional_2.11-2.4.2.jar, /Users/ryanmccormack/.ivy2/cache/com.typesafe.play/play-datacommons_2.11/jars/play-datacommons_2.11-2.4.2.jar, /Users/ryanmccormack/.ivy2/cache/joda-time/joda-time/jars/joda-time-2.8.1.jar, /Users/ryanmccormack/.ivy2/cache/org.joda/joda-convert/jars/joda-convert-1.7.jar, /Users/ryanmccormack/.ivy2/cache/org.scala-lang/scala-reflect/jars/scala-reflect-2.11.6.jar, /Users/ryanmccormack/.ivy2/cache/com.fasterxml.jackson.core/jackson-core/bundles/jackson-core-2.5.4.jar, /Users/ryanmccormack/.ivy2/cache/com.fasterxml.jackson.core/jackson-annotations/bundles/jackson-annotations-2.5.4.jar, /Users/ryanmccormack/.ivy2/cache/com.fasterxml.jackson.core/jackson-databind/bundles/jackson-databind-2.5.4.jar, /Users/ryanmccormack/.ivy2/cache/com.fasterxml.jackson.datatype/jackson-datatype-jdk8/bundles/jackson-datatype-jdk8-2.5.4.jar, /Users/ryanmccormack/.ivy2/cache/com.fasterxml.jackson.datatype/jackson-datatype-jsr310/bundles/jackson-datatype-jsr310-2.5.4.jar, /Users/ryanmccormack/.ivy2/cache/com.typesafe.play/play-netty-utils/jars/play-netty-utils-2.4.2.jar, /Users/ryanmccormack/.ivy2/cache/org.slf4j/slf4j-api/jars/slf4j-api-1.7.12.jar, /Users/ryanmccormack/.ivy2/cache/org.slf4j/jul-to-slf4j/jars/jul-to-slf4j-1.7.12.jar, /Users/ryanmccormack/.ivy2/cache/org.slf4j/jcl-over-slf4j/jars/jcl-over-slf4j-1.7.12.jar, /Users/ryanmccormack/.ivy2/cache/org.scala-lang.modules/scala-parser-combinators_2.11/bundles/scala-parser-combinators_2.11-1.0.1.jar, /Users/ryanmccormack/.ivy2/cache/ch.qos.logback/logback-core/jars/logback-core-1.1.3.jar, /Users/ryanmccormack/.ivy2/cache/ch.qos.logback/logback-classic/jars/logback-classic-1.1.3.jar, /Users/ryanmccormack/.ivy2/cache/com.typesafe.akka/akka-actor_2.11/jars/akka-actor_2.11-2.3.11.jar, /Users/ryanmccormack/.ivy2/cache/com.typesafe.akka/akka-slf4j_2.11/jars/akka-slf4j_2.11-2.3.11.jar, /Users/ryanmccormack/.ivy2/cache/commons-codec/commons-codec/jars/commons-codec-1.10.jar, /Users/ryanmccormack/.ivy2/cache/xerces/xercesImpl/jars/xercesImpl-2.11.0.jar, /Users/ryanmccormack/.ivy2/cache/xml-apis/xml-apis/jars/xml-apis-1.4.01.jar, /Users/ryanmccormack/.ivy2/cache/javax.transaction/jta/jars/jta-1.1.jar, /Users/ryanmccormack/.ivy2/cache/com.google.inject/guice/jars/guice-4.0.jar, /Users/ryanmccormack/.ivy2/cache/javax.inject/javax.inject/jars/javax.inject-1.jar, /Users/ryanmccormack/.ivy2/cache/aopalliance/aopalliance/jars/aopalliance-1.0.jar, /Users/ryanmccormack/.ivy2/cache/com.google.inject.extensions/guice-assistedinject/jars/guice-assistedinject-4.0.jar, /Users/ryanmccormack/.ivy2/cache/com.typesafe.play/play-netty-server_2.11/jars/play-netty-server_2.11-2.4.2.jar, /Users/ryanmccormack/.ivy2/cache/io.netty/netty/bundles/netty-3.10.3.Final.jar, /Users/ryanmccormack/.ivy2/cache/com.typesafe.netty/netty-http-pipelining/jars/netty-http-pipelining-1.1.4.jar, /Users/ryanmccormack/.ivy2/cache/com.typesafe.play/play-cache_2.11/jars/play-cache_2.11-2.4.2.jar, /Users/ryanmccormack/.ivy2/cache/net.sf.ehcache/ehcache-core/jars/ehcache-core-2.6.11.jar, /Users/ryanmccormack/.ivy2/cache/com.mohiva/play-silhouette_2.11/jars/play-silhouette_2.11-3.0.0-RC2.jar, /Users/ryanmccormack/.ivy2/cache/com.typesafe.play/play-ws_2.11/jars/play-ws_2.11-2.4.1.jar, /Users/ryanmccormack/.ivy2/cache/com.google.guava/guava/bundles/guava-18.0.jar, /Users/ryanmccormack/.ivy2/cache/com.ning/async-http-client/jars/async-http-client-1.9.21.jar, /Users/ryanmccormack/.ivy2/cache/oauth.signpost/signpost-core/jars/signpost-core-1.2.1.2.jar, /Users/ryanmccormack/.ivy2/cache/oauth.signpost/signpost-commonshttp4/jars/signpost-commonshttp4-1.2.1.2.jar, /Users/ryanmccormack/.ivy2/cache/org.apache.httpcomponents/httpcore/jars/httpcore-4.0.1.jar, /Users/ryanmccormack/.ivy2/cache/org.apache.httpcomponents/httpclient/jars/httpclient-4.0.1.jar, /Users/ryanmccormack/.ivy2/cache/commons-logging/commons-logging/jars/commons-logging-1.1.1.jar, /Users/ryanmccormack/.ivy2/cache/org.mindrot/jbcrypt/jars/jbcrypt-0.3m.jar, /Users/ryanmccormack/.ivy2/cache/com.atlassian.jwt/jwt-core/jars/jwt-core-1.2.4.jar, /Users/ryanmccormack/.ivy2/cache/com.nimbusds/nimbus-jose-jwt/jars/nimbus-jose-jwt-2.16.jar, /Users/ryanmccormack/.ivy2/cache/net.jcip/jcip-annotations/jars/jcip-annotations-1.0.jar, /Users/ryanmccormack/.ivy2/cache/net.minidev/json-smart/jars/json-smart-1.1.1.jar, /Users/ryanmccormack/.ivy2/cache/javax.mail/mail/jars/mail-1.4.7.jar, /Users/ryanmccormack/.ivy2/cache/javax.activation/activation/jars/activation-1.1.jar, /Users/ryanmccormack/.ivy2/cache/org.bouncycastle/bcprov-jdk15on/jars/bcprov-jdk15on-1.51.jar, /Users/ryanmccormack/.ivy2/cache/com.atlassian.jwt/jwt-api/jars/jwt-api-1.2.4.jar, /Users/ryanmccormack/.ivy2/cache/com.google.code.findbugs/jsr305/jars/jsr305-2.0.1.jar, /Users/ryanmccormack/.ivy2/cache/com.kyleu/jdub-async_2.11/jars/jdub-async_2.11-1.0.jar, /Users/ryanmccormack/.ivy2/cache/com.github.mauricio/postgresql-async_2.11/jars/postgresql-async_2.11-0.2.16.jar, /Users/ryanmccormack/.ivy2/cache/com.github.mauricio/db-async-common_2.11/jars/db-async-common_2.11-0.2.16.jar, /Users/ryanmccormack/.ivy2/cache/io.netty/netty-all/jars/netty-all-4.0.25.Final.jar, /Users/ryanmccormack/.ivy2/cache/org.webjars/bootstrap/jars/bootstrap-3.3.5.jar, /Users/ryanmccormack/.ivy2/cache/org.webjars/jquery/jars/jquery-1.11.1.jar),List((public/,/Users/ryanmccormack/play-silhouette-postgres-async-seed/target/web/public/main)),List(/Users/ryanmccormack/.ivy2/cache/com.typesafe.play/play-omnidoc_2.11/jars/play-omnidoc_2.11-2.4.2.jar, /Users/ryanmccormack/.ivy2/cache/org.scala-lang/scala-library/jars/scala-library-2.11.6.jar, /Users/ryanmccormack/.ivy2/cache/com.typesafe.play/play-docs_2.11/jars/play-docs_2.11-2.4.2.jar, /Users/ryanmccormack/.ivy2/cache/com.typesafe.play/play-netty-server_2.11/jars/play-netty-server_2.11-2.4.2.jar, /Users/ryanmccormack/.ivy2/cache/com.typesafe.play/play-server_2.11/jars/play-server_2.11-2.4.2.jar, /Users/ryanmccormack/.ivy2/cache/com.typesafe.play/play_2.11/jars/play_2.11-2.4.2.jar, /Users/ryanmccormack/.ivy2/cache/com.typesafe.play/build-link/jars/build-link-2.4.2.jar, /Users/ryanmccormack/.ivy2/cache/com.typesafe.play/play-exceptions/jars/play-exceptions-2.4.2.jar, /Users/ryanmccormack/.ivy2/cache/org.javassist/javassist/bundles/javassist-3.19.0-GA.jar, /Users/ryanmccormack/.ivy2/cache/com.typesafe.play/play-iteratees_2.11/jars/play-iteratees_2.11-2.4.2.jar, /Users/ryanmccormack/.ivy2/cache/org.scala-stm/scala-stm_2.11/jars/scala-stm_2.11-0.7.jar, /Users/ryanmccormack/.ivy2/cache/com.typesafe/config/bundles/config-1.3.0.jar, /Users/ryanmccormack/.ivy2/cache/com.typesafe.play/play-json_2.11/jars/play-json_2.11-2.4.2.jar, /Users/ryanmccormack/.ivy2/cache/com.typesafe.play/play-functional_2.11/jars/play-functional_2.11-2.4.2.jar, /Users/ryanmccormack/.ivy2/cache/com.typesafe.play/play-datacommons_2.11/jars/play-datacommons_2.11-2.4.2.jar, /Users/ryanmccormack/.ivy2/cache/joda-time/joda-time/jars/joda-time-2.8.1.jar, /Users/ryanmccormack/.ivy2/cache/org.joda/joda-convert/jars/joda-convert-1.7.jar, /Users/ryanmccormack/.ivy2/cache/org.scala-lang/scala-reflect/jars/scala-reflect-2.11.6.jar, /Users/ryanmccormack/.ivy2/cache/com.fasterxml.jackson.core/jackson-core/bundles/jackson-core-2.5.4.jar, /Users/ryanmccormack/.ivy2/cache/com.fasterxml.jackson.core/jackson-annotations/bundles/jackson-annotations-2.5.4.jar, /Users/ryanmccormack/.ivy2/cache/com.fasterxml.jackson.core/jackson-databind/bundles/jackson-databind-2.5.4.jar, /Users/ryanmccormack/.ivy2/cache/com.fasterxml.jackson.datatype/jackson-datatype-jdk8/bundles/jackson-datatype-jdk8-2.5.4.jar, /Users/ryanmccormack/.ivy2/cache/com.fasterxml.jackson.datatype/jackson-datatype-jsr310/bundles/jackson-datatype-jsr310-2.5.4.jar, /Users/ryanmccormack/.ivy2/cache/com.typesafe.play/play-netty-utils/jars/play-netty-utils-2.4.2.jar, /Users/ryanmccormack/.ivy2/cache/org.slf4j/slf4j-api/jars/slf4j-api-1.7.12.jar, /Users/ryanmccormack/.ivy2/cache/org.slf4j/jul-to-slf4j/jars/jul-to-slf4j-1.7.12.jar, /Users/ryanmccormack/.ivy2/cache/org.slf4j/jcl-over-slf4j/jars/jcl-over-slf4j-1.7.12.jar, /Users/ryanmccormack/.ivy2/cache/com.typesafe.play/twirl-api_2.11/jars/twirl-api_2.11-1.1.1.jar, /Users/ryanmccormack/.ivy2/cache/org.apache.commons/commons-lang3/jars/commons-lang3-3.4.jar, /Users/ryanmccormack/.ivy2/cache/org.scala-lang.modules/scala-xml_2.11/bundles/scala-xml_2.11-1.0.1.jar, /Users/ryanmccormack/.ivy2/cache/org.scala-lang.modules/scala-parser-combinators_2.11/bundles/scala-parser-combinators_2.11-1.0.1.jar, /Users/ryanmccormack/.ivy2/cache/ch.qos.logback/logback-core/jars/logback-core-1.1.3.jar, /Users/ryanmccormack/.ivy2/cache/ch.qos.logback/logback-classic/jars/logback-classic-1.1.3.jar, /Users/ryanmccormack/.ivy2/cache/com.typesafe.akka/akka-actor_2.11/jars/akka-actor_2.11-2.3.11.jar, /Users/ryanmccormack/.ivy2/cache/com.typesafe.akka/akka-slf4j_2.11/jars/akka-slf4j_2.11-2.3.11.jar, /Users/ryanmccormack/.ivy2/cache/commons-codec/commons-codec/jars/commons-codec-1.10.jar, /Users/ryanmccormack/.ivy2/cache/xerces/xercesImpl/jars/xercesImpl-2.11.0.jar, /Users/ryanmccormack/.ivy2/cache/xml-apis/xml-apis/jars/xml-apis-1.4.01.jar, /Users/ryanmccormack/.ivy2/cache/javax.transaction/jta/jars/jta-1.1.jar, /Users/ryanmccormack/.ivy2/cache/com.google.inject/guice/jars/guice-4.0.jar, /Users/ryanmccormack/.ivy2/cache/javax.inject/javax.inject/jars/javax.inject-1.jar, /Users/ryanmccormack/.ivy2/cache/aopalliance/aopalliance/jars/aopalliance-1.0.jar, /Users/ryanmccormack/.ivy2/cache/com.google.guava/guava/bundles/guava-16.0.1.jar, /Users/ryanmccormack/.ivy2/cache/com.google.inject.extensions/guice-assistedinject/jars/guice-assistedinject-4.0.jar, /Users/ryanmccormack/.ivy2/cache/io.netty/netty/bundles/netty-3.10.3.Final.jar, /Users/ryanmccormack/.ivy2/cache/com.typesafe.netty/netty-http-pipelining/jars/netty-http-pipelining-1.1.4.jar, /Users/ryanmccormack/.ivy2/cache/com.typesafe.play/play-doc_2.11/jars/play-doc_2.11-1.2.2.jar, /Users/ryanmccormack/.ivy2/cache/org.pegdown/pegdown/jars/pegdown-1.4.0.jar, /Users/ryanmccormack/.ivy2/cache/org.parboiled/parboiled-java/bundles/parboiled-java-1.1.5.jar, /Users/ryanmccormack/.ivy2/cache/org.parboiled/parboiled-core/bundles/parboiled-core-1.1.5.jar, /Users/ryanmccormack/.ivy2/cache/org.ow2.asm/asm/jars/asm-4.1.jar, /Users/ryanmccormack/.ivy2/cache/org.ow2.asm/asm-tree/jars/asm-tree-4.1.jar, /Users/ryanmccormack/.ivy2/cache/org.ow2.asm/asm-analysis/jars/asm-analysis-4.1.jar, /Users/ryanmccormack/.ivy2/cache/org.ow2.asm/asm-util/jars/asm-util-4.1.jar, /Users/ryanmccormack/.ivy2/cache/commons-io/commons-io/jars/commons-io-2.4.jar),Some(/Users/ryanmccormack/.ivy2/cache/com.typesafe.play/play-omnidoc_2.11/jars/play-omnidoc_2.11-2.4.2.jar),List(),9000,0.0.0.0,DefaultWatchService,List(/Users/ryanmccormack/play-silhouette-postgres-async-seed/public, /Users/ryanmccormack/play-silhouette-postgres-async-seed/conf, /Users/ryanmccormack/play-silhouette-postgres-async-seed/app),/Users/ryanmccormack/play-silhouette-postgres-async-seed/target,500,root/playForkNotifyStart,root/playForkReload,300000,play.core.server.DevServerStart))))
Sending msg to client play-fork-run-64426093-1846-4637-b897-3b56be3c8234: TaskStarted(18,1209,None)
Sending msg to client play-fork-run-64426093-1846-4637-b897-3b56be3c8234: TaskFinished(18,1209,None,true,None)
Sending msg to client play-fork-run-64426093-1846-4637-b897-3b56be3c8234: TaskStarted(18,1208,None)
Sending msg to client play-fork-run-64426093-1846-4637-b897-3b56be3c8234: TaskFinished(18,1208,None,true,None)
Sending msg to client play-fork-run-64426093-1846-4637-b897-3b56be3c8234: DetachedLogEvent(LogMessage(debug,cancel strategy finish enabled=false lastCommand=Some(LastCommand(CommandExecutionWork(ExecutionId(18),{file:/Users/ryanmccormack/play-silhouette-postgres-async-seed/}root/*:playForkConfig,Set(LiveClient(play-fork-run 64426093-1846-4637-b897-3b56be3c8234)),sbt.server.WorkCancellationStatus$$anon$1@6da87172)))))
Sending msg to client play-fork-run-64426093-1846-4637-b897-3b56be3c8234: DetachedLogEvent(LogSuccess(Total time: 1 s, completed 11-Jan-2017 2:05:15 PM))
Sending msg to client play-fork-run-64426093-1846-4637-b897-3b56be3c8234: DetachedLogEvent(LogMessage(debug,> server-post-command-cleanup))
Sending msg to client play-fork-run-64426093-1846-4637-b897-3b56be3c8234: ExecutionSuccess(18)
Sending msg to client play-fork-run-64426093-1846-4637-b897-3b56be3c8234: DetachedLogEvent(LogMessage(debug,> server-handle-next-server-request))
Sending msg to client play-fork-run-64426093-1846-4637-b897-3b56be3c8234: BackgroundJobLogEvent(3,LogMessage(info,))
Sending msg to client play-fork-run-64426093-1846-4637-b897-3b56be3c8234: BackgroundJobLogEvent(3,LogMessage(info,[35m--- (Running the application, auto-reloading is enabled) ---[0m))
Sending msg to client play-fork-run-64426093-1846-4637-b897-3b56be3c8234: BackgroundJobLogEvent(3,LogMessage(info,))
Sending msg to client play-fork-run-64426093-1846-4637-b897-3b56be3c8234: BackgroundJobLogEvent(3,LogMessage(info,p.a.l.c.ActorSystemProvider - Starting application default Akka system: application))
Sending msg to client play-fork-run-64426093-1846-4637-b897-3b56be3c8234: BackgroundJobLogEvent(3,LogMessage(info,p.c.s.NettyServer - Listening for HTTP on /0:0:0:0:0:0:0:0:9000))
Sending msg to client play-fork-run-64426093-1846-4637-b897-3b56be3c8234: BackgroundJobLogEvent(3,LogMessage(info,))
Sending msg to client play-fork-run-64426093-1846-4637-b897-3b56be3c8234: BackgroundJobLogEvent(3,LogMessage(info,[32m(Server started, use Ctrl+D to stop and go back to the console...)[0m))
Sending msg to client play-fork-run-64426093-1846-4637-b897-3b56be3c8234: BackgroundJobLogEvent(3,LogMessage(info,))
Got request: ExecutionRequest(root/playForkNotifyStart http://localhost:9000)
Reading next message from client.
Sending msg to client play-fork-run-64426093-1846-4637-b897-3b56be3c8234: (8,ExecutionRequestReceived(19))
Sending msg to client play-fork-run-64426093-1846-4637-b897-3b56be3c8234: ExecutionWaiting(19,root/playForkNotifyStart http://localhost:9000,ClientInfo(64426093-1846-4637-b897-3b56be3c8234,play-fork-run,Play Fork Run,1,Vector()))
Sending msg to client play-fork-run-64426093-1846-4637-b897-3b56be3c8234: ExecutionStarting(19)
Sending msg to client play-fork-run-64426093-1846-4637-b897-3b56be3c8234: DetachedLogEvent(LogMessage(debug,> root/playForkNotifyStart http://localhost:9000))
Sending msg to client play-fork-run-64426093-1846-4637-b897-3b56be3c8234: DetachedLogEvent(LogMessage(debug,Evaluating tasks: *:playForkNotifyStart))
Sending msg to client play-fork-run-64426093-1846-4637-b897-3b56be3c8234: DetachedLogEvent(LogMessage(debug,Running task... Cancel: sbt.server.ServerTaskCancellation@786d9b56, check cycles: false))
Sending msg to client play-fork-run-64426093-1846-4637-b897-3b56be3c8234: DetachedLogEvent(LogMessage(debug,cancel strategy start enabled=true lastCommand=Some(LastCommand(CommandExecutionWork(ExecutionId(19),root/playForkNotifyStart http://localhost:9000,Set(LiveClient(play-fork-run 64426093-1846-4637-b897-3b56be3c8234)),sbt.server.WorkCancellationStatus$$anon$1@174c14d5)))))
Sending msg to client play-fork-run-64426093-1846-4637-b897-3b56be3c8234: TaskStarted(19,1286,Some(AttributeKey[sbt.SendEventService]("sendEventService") in Scope(Global)))
Sending msg to client play-fork-run-64426093-1846-4637-b897-3b56be3c8234: TaskFinished(19,1286,Some(AttributeKey[sbt.SendEventService]("sendEventService") in Scope(Global)),true,None)
Sending msg to client play-fork-run-64426093-1846-4637-b897-3b56be3c8234: TaskStarted(19,1285,Some(AttributeKey[scala.Function1[java.lang.String,void]]("playForkStarted") in Scope(Build: file:/Users/ryanmccormack/play-silhouette-postgres-async-seed/, , Project: ProjectReference(file:/Users/ryanmccormack/play-silhouette-postgres-async-seed/,root))))
Sending msg to client play-fork-run-64426093-1846-4637-b897-3b56be3c8234: TaskFinished(19,1285,Some(AttributeKey[scala.Function1[java.lang.String,void]]("playForkStarted") in Scope(Build: file:/Users/ryanmccormack/play-silhouette-postgres-async-seed/, , Project: ProjectReference(file:/Users/ryanmccormack/play-silhouette-postgres-async-seed/,root))),true,None)
Sending msg to client play-fork-run-64426093-1846-4637-b897-3b56be3c8234: TaskStarted(19,1284,Some(AttributeKey[void]("playForkNotifyStart") in Scope(Build: file:/Users/ryanmccormack/play-silhouette-postgres-async-seed/, , Project: ProjectReference(file:/Users/ryanmccormack/play-silhouette-postgres-async-seed/,root))))
Sending msg to client play-fork-run-64426093-1846-4637-b897-3b56be3c8234: TaskEvent(1284,LazyValue(PlayServerStarted(http://localhost:9000),play.forkrun.protocol.Serializers$PlayForkrunProtocolPlayServerStartedPickler1$2$@3ac5085e))
Sending msg to client play-fork-run-64426093-1846-4637-b897-3b56be3c8234: TaskFinished(19,1284,Some(AttributeKey[void]("playForkNotifyStart") in Scope(Build: file:/Users/ryanmccormack/play-silhouette-postgres-async-seed/, , Project: ProjectReference(file:/Users/ryanmccormack/play-silhouette-postgres-async-seed/,root))),true,None)
Sending msg to client play-fork-run-64426093-1846-4637-b897-3b56be3c8234: TaskStarted(19,1283,None)
Sending msg to client play-fork-run-64426093-1846-4637-b897-3b56be3c8234: TaskFinished(19,1283,None,true,None)
Sending msg to client play-fork-run-64426093-1846-4637-b897-3b56be3c8234: TaskStarted(19,1282,None)
Sending msg to client play-fork-run-64426093-1846-4637-b897-3b56be3c8234: TaskFinished(19,1282,None,true,None)
Sending msg to client play-fork-run-64426093-1846-4637-b897-3b56be3c8234: DetachedLogEvent(LogMessage(debug,cancel strategy finish enabled=false lastCommand=Some(LastCommand(CommandExecutionWork(ExecutionId(19),root/playForkNotifyStart http://localhost:9000,Set(LiveClient(play-fork-run 64426093-1846-4637-b897-3b56be3c8234)),sbt.server.WorkCancellationStatus$$anon$1@174c14d5)))))
Sending msg to client play-fork-run-64426093-1846-4637-b897-3b56be3c8234: DetachedLogEvent(LogSuccess(Total time: 0 s, completed 11-Jan-2017 2:05:17 PM))
Sending msg to client play-fork-run-64426093-1846-4637-b897-3b56be3c8234: DetachedLogEvent(LogMessage(debug,> server-post-command-cleanup))
Sending msg to client play-fork-run-64426093-1846-4637-b897-3b56be3c8234: ExecutionSuccess(19)
Sending msg to client play-fork-run-64426093-1846-4637-b897-3b56be3c8234: DetachedLogEvent(LogMessage(debug,> server-handle-next-server-request))
Sending msg to client play-fork-run-64426093-1846-4637-b897-3b56be3c8234: ExecutionWaiting(20,jobStop 3,ClientInfo(75250476-d607-4ace-94fa-b1f4b59f6f62,activator,Activator,3,Vector()))
Sending msg to client play-fork-run-64426093-1846-4637-b897-3b56be3c8234: ExecutionStarting(20)
Sending msg to client play-fork-run-64426093-1846-4637-b897-3b56be3c8234: DetachedLogEvent(LogMessage(debug,> jobStop 3))
Sending msg to client play-fork-run-64426093-1846-4637-b897-3b56be3c8234: DetachedLogEvent(LogMessage(debug,Evaluating tasks: *:jobStop))
Sending msg to client play-fork-run-64426093-1846-4637-b897-3b56be3c8234: DetachedLogEvent(LogMessage(debug,Running task... Cancel: sbt.server.ServerTaskCancellation@6210a7af, check cycles: false))
Sending msg to client play-fork-run-64426093-1846-4637-b897-3b56be3c8234: DetachedLogEvent(LogMessage(debug,cancel strategy start enabled=true lastCommand=Some(LastCommand(CommandExecutionWork(ExecutionId(20),jobStop 3,Set(LiveClient(activator 75250476-d607-4ace-94fa-b1f4b59f6f62)),sbt.server.WorkCancellationStatus$$anon$1@5f36015e)))))
Sending msg to client play-fork-run-64426093-1846-4637-b897-3b56be3c8234: TaskStarted(20,1289,Some(AttributeKey[void]("jobStop") in Scope(Global)))
Sending msg to client play-fork-run-64426093-1846-4637-b897-3b56be3c8234: TaskFinished(20,1289,Some(AttributeKey[void]("jobStop") in Scope(Global)),true,None)
Sending msg to client play-fork-run-64426093-1846-4637-b897-3b56be3c8234: TaskStarted(20,1288,None)
Sending msg to client play-fork-run-64426093-1846-4637-b897-3b56be3c8234: TaskFinished(20,1288,None,true,None)
Sending msg to client play-fork-run-64426093-1846-4637-b897-3b56be3c8234: TaskStarted(20,1287,None)
Sending msg to client play-fork-run-64426093-1846-4637-b897-3b56be3c8234: TaskFinished(20,1287,None,true,None)
Sending msg to client play-fork-run-64426093-1846-4637-b897-3b56be3c8234: BackgroundJobLogEvent(3,LogMessage(info,Stopping Play fork run ...))
Sending msg to client play-fork-run-64426093-1846-4637-b897-3b56be3c8234: DetachedLogEvent(LogMessage(debug,cancel strategy finish enabled=false lastCommand=Some(LastCommand(CommandExecutionWork(ExecutionId(20),jobStop 3,Set(LiveClient(activator 75250476-d607-4ace-94fa-b1f4b59f6f62)),sbt.server.WorkCancellationStatus$$anon$1@5f36015e)))))
Sending msg to client play-fork-run-64426093-1846-4637-b897-3b56be3c8234: DetachedLogEvent(LogSuccess(Total time: 0 s, completed 11-Jan-2017 2:05:24 PM))
Sending msg to client play-fork-run-64426093-1846-4637-b897-3b56be3c8234: DetachedLogEvent(LogMessage(debug,> server-post-command-cleanup))
Sending msg to client play-fork-run-64426093-1846-4637-b897-3b56be3c8234: ExecutionSuccess(20)
Sending msg to client play-fork-run-64426093-1846-4637-b897-3b56be3c8234: DetachedLogEvent(LogMessage(debug,> server-handle-next-server-request))
Got request: UnlistenToEvents()
Reading next message from client.
Sending msg to client play-fork-run-64426093-1846-4637-b897-3b56be3c8234: (9,ReceivedResponse())
Got request: UnlistenToValue(AttributeKey[play.forkrun.protocol.ForkConfig]("playForkConfig") in Scope(Build: file:/Users/ryanmccormack/play-silhouette-postgres-async-seed/, , Project: ProjectReference(file:/Users/ryanmccormack/play-silhouette-postgres-async-seed/,root)))
Reading next message from client.
Client play-fork-run-64426093-1846-4637-b897-3b56be3c8234 EOF, shutting down.
Stopping client.
Client play-fork-run-64426093-1846-4637-b897-3b56be3c8234 thread exiting.
Dropping message (10,ReceivedResponse()) to dead client play-fork-run-64426093-1846-4637-b897-3b56be3c8234
Dropping message (0,ReceivedResponse()) to dead client play-fork-run-64426093-1846-4637-b897-3b56be3c8234
