New log file opened at Wed Jan 11 20:47:59 EST 2017 by 18233@Ryans-MBP
Sending msg to client play-fork-run-26b745b7-2b1b-48ff-ac98-3196474d0742: DetachedLogEvent(LogMessage(debug,sbt server socket logs are in: /Users/ryanmccormack/Documents/thunderdome/thunderdome-play/.sbtserver/connections/master.log))
Sending msg to client play-fork-run-26b745b7-2b1b-48ff-ac98-3196474d0742: DetachedLogEvent(LogMessage(debug,sbt client logs are in: /Users/ryanmccormack/Documents/thunderdome/thunderdome-play/.sbtserver/connections/play-fork-run-26b745b7-2b1b-48ff-ac98-3196474d0742.log))
Sending msg to client play-fork-run-26b745b7-2b1b-48ff-ac98-3196474d0742: DetachedLogEvent(LogMessage(debug,sbt general server logs are in: /Users/ryanmccormack/Documents/thunderdome/thunderdome-play/.sbtserver/master.log))
Reading next message from client.
Got request: DaemonRequest(true)
Reading next message from client.
Sending msg to client play-fork-run-26b745b7-2b1b-48ff-ac98-3196474d0742: (3,ReceivedResponse())
Got request: ListenToEvents()
Reading next message from client.
Sending msg to client play-fork-run-26b745b7-2b1b-48ff-ac98-3196474d0742: BackgroundJobStarted(11,BackgroundJobInfo(2,backgroundRun,AttributeKey[sbt.BackgroundJobHandle]("backgroundRun") in Scope(Build: file:/Users/ryanmccormack/Documents/thunderdome/thunderdome-play/, , Project: ProjectReference(file:/Users/ryanmccormack/Documents/thunderdome/thunderdome-play/,root), Config: compile)))
Sending msg to client play-fork-run-26b745b7-2b1b-48ff-ac98-3196474d0742: BackgroundJobStarted(5,BackgroundJobInfo(1,backgroundRun,AttributeKey[sbt.BackgroundJobHandle]("backgroundRun") in Scope(Build: file:/Users/ryanmccormack/Documents/thunderdome/thunderdome-play/, , Project: ProjectReference(file:/Users/ryanmccormack/Documents/thunderdome/thunderdome-play/,root), Config: compile)))
Sending msg to client play-fork-run-26b745b7-2b1b-48ff-ac98-3196474d0742: (4,ReceivedResponse())
Got request: KeyLookupRequest(root/playForkConfig)
Reading next message from client.
Sending msg to client play-fork-run-26b745b7-2b1b-48ff-ac98-3196474d0742: (5,KeyLookupResponse(root/playForkConfig,Vector(AttributeKey[play.forkrun.protocol.ForkConfig]("playForkConfig") in Scope(Build: file:/Users/ryanmccormack/Documents/thunderdome/thunderdome-play/, , Project: ProjectReference(file:/Users/ryanmccormack/Documents/thunderdome/thunderdome-play/,root)))))
Got request: ListenToValue(AttributeKey[play.forkrun.protocol.ForkConfig]("playForkConfig") in Scope(Build: file:/Users/ryanmccormack/Documents/thunderdome/thunderdome-play/, , Project: ProjectReference(file:/Users/ryanmccormack/Documents/thunderdome/thunderdome-play/,root)))
Reading next message from client.
Sending msg to client play-fork-run-26b745b7-2b1b-48ff-ac98-3196474d0742: (6,ReceivedResponse())
Got request: KeyExecutionRequest(AttributeKey[play.forkrun.protocol.ForkConfig]("playForkConfig") in Scope(Build: file:/Users/ryanmccormack/Documents/thunderdome/thunderdome-play/, , Project: ProjectReference(file:/Users/ryanmccormack/Documents/thunderdome/thunderdome-play/,root)))
Reading next message from client.
Sending msg to client play-fork-run-26b745b7-2b1b-48ff-ac98-3196474d0742: (7,ExecutionRequestReceived(12))
Sending msg to client play-fork-run-26b745b7-2b1b-48ff-ac98-3196474d0742: ExecutionWaiting(12,{file:/Users/ryanmccormack/Documents/thunderdome/thunderdome-play/}root/*:playForkConfig,ClientInfo(26b745b7-2b1b-48ff-ac98-3196474d0742,play-fork-run,Play Fork Run,1,Vector()))
Sending msg to client play-fork-run-26b745b7-2b1b-48ff-ac98-3196474d0742: ExecutionStarting(12)
Sending msg to client play-fork-run-26b745b7-2b1b-48ff-ac98-3196474d0742: DetachedLogEvent(LogMessage(debug,> {file:/Users/ryanmccormack/Documents/thunderdome/thunderdome-play/}root/*:playForkConfig))
Sending msg to client play-fork-run-26b745b7-2b1b-48ff-ac98-3196474d0742: DetachedLogEvent(LogMessage(debug,Evaluating tasks: *:playForkConfig))
Sending msg to client play-fork-run-26b745b7-2b1b-48ff-ac98-3196474d0742: DetachedLogEvent(LogMessage(debug,Running task... Cancel: sbt.server.ServerTaskCancellation@206a4341, check cycles: false))
Sending msg to client play-fork-run-26b745b7-2b1b-48ff-ac98-3196474d0742: DetachedLogEvent(LogMessage(debug,cancel strategy start enabled=true lastCommand=Some(LastCommand(CommandExecutionWork(ExecutionId(12),{file:/Users/ryanmccormack/Documents/thunderdome/thunderdome-play/}root/*:playForkConfig,Set(LiveClient(play-fork-run 26b745b7-2b1b-48ff-ac98-3196474d0742)),sbt.server.WorkCancellationStatus$$anon$1@764976e8)))))
Sending msg to client play-fork-run-26b745b7-2b1b-48ff-ac98-3196474d0742: TaskStarted(12,962,None)
Sending msg to client play-fork-run-26b745b7-2b1b-48ff-ac98-3196474d0742: TaskStarted(12,967,None)
Sending msg to client play-fork-run-26b745b7-2b1b-48ff-ac98-3196474d0742: TaskStarted(12,968,None)
Sending msg to client play-fork-run-26b745b7-2b1b-48ff-ac98-3196474d0742: TaskStarted(12,972,Some(AttributeKey[scala.collection.Seq[sbt.Credentials]]("credentials") in Scope(Global)))
Sending msg to client play-fork-run-26b745b7-2b1b-48ff-ac98-3196474d0742: TaskStarted(12,979,Some(AttributeKey[scala.collection.Seq[sbt.Resolver]]("externalResolvers") in Scope(Build: file:/Users/ryanmccormack/Documents/thunderdome/thunderdome-play/, , Project: ProjectReference(file:/Users/ryanmccormack/Documents/thunderdome/thunderdome-play/,root))))
Sending msg to client play-fork-run-26b745b7-2b1b-48ff-ac98-3196474d0742: TaskStarted(12,980,Some(AttributeKey[scala.Option[scala.collection.Seq[sbt.Resolver]]]("bootResolvers") in Scope(Build: file:/Users/ryanmccormack/Documents/thunderdome/thunderdome-play/, , Project: ProjectReference(file:/Users/ryanmccormack/Documents/thunderdome/thunderdome-play/,root))))
Sending msg to client play-fork-run-26b745b7-2b1b-48ff-ac98-3196474d0742: TaskStarted(12,986,Some(AttributeKey[java.lang.String]("updateCacheName") in Scope(Build: file:/Users/ryanmccormack/Documents/thunderdome/thunderdome-play/, , Project: ProjectReference(file:/Users/ryanmccormack/Documents/thunderdome/thunderdome-play/,root))))
Sending msg to client play-fork-run-26b745b7-2b1b-48ff-ac98-3196474d0742: TaskStarted(12,989,None)
Sending msg to client play-fork-run-26b745b7-2b1b-48ff-ac98-3196474d0742: TaskStarted(12,990,None)
Sending msg to client play-fork-run-26b745b7-2b1b-48ff-ac98-3196474d0742: TaskStarted(12,992,Some(AttributeKey[boolean]("skip") in Scope(Global)))
Sending msg to client play-fork-run-26b745b7-2b1b-48ff-ac98-3196474d0742: TaskStarted(12,993,None)
Sending msg to client play-fork-run-26b745b7-2b1b-48ff-ac98-3196474d0742: TaskStarted(12,994,Some(AttributeKey[scala.Option[java.lang.String]]("mainClass") in Scope(Build: file:/Users/ryanmccormack/Documents/thunderdome/thunderdome-play/, , Project: ProjectReference(file:/Users/ryanmccormack/Documents/thunderdome/thunderdome-play/,root), Config: compile, Task: AttributeKey[void]("run"))))
Sending msg to client play-fork-run-26b745b7-2b1b-48ff-ac98-3196474d0742: TaskStarted(12,996,Some(AttributeKey[scala.Tuple2[java.lang.String,java.io.File]]("playPrefixAndAssets") in Scope(Build: file:/Users/ryanmccormack/Documents/thunderdome/thunderdome-play/, , Project: ProjectReference(file:/Users/ryanmccormack/Documents/thunderdome/thunderdome-play/,root))))
Sending msg to client play-fork-run-26b745b7-2b1b-48ff-ac98-3196474d0742: TaskStarted(12,1004,None)
Sending msg to client play-fork-run-26b745b7-2b1b-48ff-ac98-3196474d0742: TaskStarted(12,1010,Some(AttributeKey[scala.collection.Seq[java.lang.String]]("javaOptions") in Scope(Global)))
Sending msg to client play-fork-run-26b745b7-2b1b-48ff-ac98-3196474d0742: TaskStarted(12,1012,None)
Sending msg to client play-fork-run-26b745b7-2b1b-48ff-ac98-3196474d0742: TaskFinished(12,962,None,true,None)
Sending msg to client play-fork-run-26b745b7-2b1b-48ff-ac98-3196474d0742: TaskStarted(12,961,None)
Sending msg to client play-fork-run-26b745b7-2b1b-48ff-ac98-3196474d0742: TaskStarted(12,971,None)
Sending msg to client play-fork-run-26b745b7-2b1b-48ff-ac98-3196474d0742: TaskStarted(12,974,None)
Sending msg to client play-fork-run-26b745b7-2b1b-48ff-ac98-3196474d0742: TaskStarted(12,978,None)
Sending msg to client play-fork-run-26b745b7-2b1b-48ff-ac98-3196474d0742: TaskStarted(12,987,None)
Sending msg to client play-fork-run-26b745b7-2b1b-48ff-ac98-3196474d0742: TaskStarted(12,1005,None)
Sending msg to client play-fork-run-26b745b7-2b1b-48ff-ac98-3196474d0742: TaskStarted(12,1008,None)
Sending msg to client play-fork-run-26b745b7-2b1b-48ff-ac98-3196474d0742: TaskStarted(12,1009,None)
Sending msg to client play-fork-run-26b745b7-2b1b-48ff-ac98-3196474d0742: TaskFinished(12,967,None,true,None)
Sending msg to client play-fork-run-26b745b7-2b1b-48ff-ac98-3196474d0742: TaskStarted(12,966,Some(AttributeKey[sbt.BuildStructure]("buildStructure") in Scope(Global)))
Sending msg to client play-fork-run-26b745b7-2b1b-48ff-ac98-3196474d0742: TaskStarted(12,991,Some(AttributeKey[java.io.File]("dependencyCacheDirectory") in Scope(Build: file:/Users/ryanmccormack/Documents/thunderdome/thunderdome-play/, , Project: ProjectReference(file:/Users/ryanmccormack/Documents/thunderdome/thunderdome-play/,root))))
Sending msg to client play-fork-run-26b745b7-2b1b-48ff-ac98-3196474d0742: TaskFinished(12,968,None,true,None)
Sending msg to client play-fork-run-26b745b7-2b1b-48ff-ac98-3196474d0742: TaskFinished(12,986,Some(AttributeKey[java.lang.String]("updateCacheName") in Scope(Build: file:/Users/ryanmccormack/Documents/thunderdome/thunderdome-play/, , Project: ProjectReference(file:/Users/ryanmccormack/Documents/thunderdome/thunderdome-play/,root))),true,None)
Sending msg to client play-fork-run-26b745b7-2b1b-48ff-ac98-3196474d0742: TaskFinished(12,972,Some(AttributeKey[scala.collection.Seq[sbt.Credentials]]("credentials") in Scope(Global)),true,None)
Sending msg to client play-fork-run-26b745b7-2b1b-48ff-ac98-3196474d0742: TaskFinished(12,980,Some(AttributeKey[scala.Option[scala.collection.Seq[sbt.Resolver]]]("bootResolvers") in Scope(Build: file:/Users/ryanmccormack/Documents/thunderdome/thunderdome-play/, , Project: ProjectReference(file:/Users/ryanmccormack/Documents/thunderdome/thunderdome-play/,root))),true,None)
Sending msg to client play-fork-run-26b745b7-2b1b-48ff-ac98-3196474d0742: TaskFinished(12,979,Some(AttributeKey[scala.collection.Seq[sbt.Resolver]]("externalResolvers") in Scope(Build: file:/Users/ryanmccormack/Documents/thunderdome/thunderdome-play/, , Project: ProjectReference(file:/Users/ryanmccormack/Documents/thunderdome/thunderdome-play/,root))),true,None)
Sending msg to client play-fork-run-26b745b7-2b1b-48ff-ac98-3196474d0742: TaskFinished(12,989,None,true,None)
Sending msg to client play-fork-run-26b745b7-2b1b-48ff-ac98-3196474d0742: TaskFinished(12,990,None,true,None)
Sending msg to client play-fork-run-26b745b7-2b1b-48ff-ac98-3196474d0742: TaskStarted(12,988,Some(AttributeKey[scala.collection.Seq[sbt.UpdateReport]]("transitiveUpdate") in Scope(Build: file:/Users/ryanmccormack/Documents/thunderdome/thunderdome-play/, , Project: ProjectReference(file:/Users/ryanmccormack/Documents/thunderdome/thunderdome-play/,root))))
Sending msg to client play-fork-run-26b745b7-2b1b-48ff-ac98-3196474d0742: TaskFinished(12,992,Some(AttributeKey[boolean]("skip") in Scope(Global)),true,None)
Sending msg to client play-fork-run-26b745b7-2b1b-48ff-ac98-3196474d0742: TaskFinished(12,993,None,true,None)
Sending msg to client play-fork-run-26b745b7-2b1b-48ff-ac98-3196474d0742: TaskFinished(12,994,Some(AttributeKey[scala.Option[java.lang.String]]("mainClass") in Scope(Build: file:/Users/ryanmccormack/Documents/thunderdome/thunderdome-play/, , Project: ProjectReference(file:/Users/ryanmccormack/Documents/thunderdome/thunderdome-play/,root), Config: compile, Task: AttributeKey[void]("run"))),true,None)
Sending msg to client play-fork-run-26b745b7-2b1b-48ff-ac98-3196474d0742: TaskFinished(12,996,Some(AttributeKey[scala.Tuple2[java.lang.String,java.io.File]]("playPrefixAndAssets") in Scope(Build: file:/Users/ryanmccormack/Documents/thunderdome/thunderdome-play/, , Project: ProjectReference(file:/Users/ryanmccormack/Documents/thunderdome/thunderdome-play/,root))),true,None)
Sending msg to client play-fork-run-26b745b7-2b1b-48ff-ac98-3196474d0742: TaskStarted(12,995,Some(AttributeKey[scala.collection.Seq[scala.Tuple2[java.lang.String,java.io.File]]]("playAllAssets") in Scope(Build: file:/Users/ryanmccormack/Documents/thunderdome/thunderdome-play/, , Project: ProjectReference(file:/Users/ryanmccormack/Documents/thunderdome/thunderdome-play/,root))))
Sending msg to client play-fork-run-26b745b7-2b1b-48ff-ac98-3196474d0742: TaskFinished(12,1004,None,true,None)
Sending msg to client play-fork-run-26b745b7-2b1b-48ff-ac98-3196474d0742: TaskFinished(12,1010,Some(AttributeKey[scala.collection.Seq[java.lang.String]]("javaOptions") in Scope(Global)),true,None)
Sending msg to client play-fork-run-26b745b7-2b1b-48ff-ac98-3196474d0742: TaskFinished(12,1012,None,true,None)
Sending msg to client play-fork-run-26b745b7-2b1b-48ff-ac98-3196474d0742: TaskFinished(12,961,None,true,None)
Sending msg to client play-fork-run-26b745b7-2b1b-48ff-ac98-3196474d0742: TaskFinished(12,974,None,true,None)
Sending msg to client play-fork-run-26b745b7-2b1b-48ff-ac98-3196474d0742: TaskFinished(12,987,None,true,None)
Sending msg to client play-fork-run-26b745b7-2b1b-48ff-ac98-3196474d0742: TaskStarted(12,985,Some(AttributeKey[scala.collection.immutable.Map[sbt.ModuleID,sbt.SourcePosition]]("dependencyPositions") in Scope(Build: file:/Users/ryanmccormack/Documents/thunderdome/thunderdome-play/, , Project: ProjectReference(file:/Users/ryanmccormack/Documents/thunderdome/thunderdome-play/,root))))
Sending msg to client play-fork-run-26b745b7-2b1b-48ff-ac98-3196474d0742: TaskFinished(12,971,None,true,None)
Sending msg to client play-fork-run-26b745b7-2b1b-48ff-ac98-3196474d0742: TaskFinished(12,978,None,true,None)
Sending msg to client play-fork-run-26b745b7-2b1b-48ff-ac98-3196474d0742: TaskFinished(12,1008,None,true,None)
Sending msg to client play-fork-run-26b745b7-2b1b-48ff-ac98-3196474d0742: TaskFinished(12,1009,None,true,None)
Sending msg to client play-fork-run-26b745b7-2b1b-48ff-ac98-3196474d0742: TaskFinished(12,966,Some(AttributeKey[sbt.BuildStructure]("buildStructure") in Scope(Global)),true,None)
Sending msg to client play-fork-run-26b745b7-2b1b-48ff-ac98-3196474d0742: TaskStarted(12,965,Some(AttributeKey[sbt.Settings[sbt.Scope]]("settingsData") in Scope(Global)))
Sending msg to client play-fork-run-26b745b7-2b1b-48ff-ac98-3196474d0742: TaskFinished(12,1005,None,true,None)
Sending msg to client play-fork-run-26b745b7-2b1b-48ff-ac98-3196474d0742: TaskFinished(12,991,Some(AttributeKey[java.io.File]("dependencyCacheDirectory") in Scope(Build: file:/Users/ryanmccormack/Documents/thunderdome/thunderdome-play/, , Project: ProjectReference(file:/Users/ryanmccormack/Documents/thunderdome/thunderdome-play/,root))),true,None)
Sending msg to client play-fork-run-26b745b7-2b1b-48ff-ac98-3196474d0742: TaskFinished(12,988,Some(AttributeKey[scala.collection.Seq[sbt.UpdateReport]]("transitiveUpdate") in Scope(Build: file:/Users/ryanmccormack/Documents/thunderdome/thunderdome-play/, , Project: ProjectReference(file:/Users/ryanmccormack/Documents/thunderdome/thunderdome-play/,root))),true,None)
Sending msg to client play-fork-run-26b745b7-2b1b-48ff-ac98-3196474d0742: TaskFinished(12,995,Some(AttributeKey[scala.collection.Seq[scala.Tuple2[java.lang.String,java.io.File]]]("playAllAssets") in Scope(Build: file:/Users/ryanmccormack/Documents/thunderdome/thunderdome-play/, , Project: ProjectReference(file:/Users/ryanmccormack/Documents/thunderdome/thunderdome-play/,root))),true,None)
Sending msg to client play-fork-run-26b745b7-2b1b-48ff-ac98-3196474d0742: TaskFinished(12,985,Some(AttributeKey[scala.collection.immutable.Map[sbt.ModuleID,sbt.SourcePosition]]("dependencyPositions") in Scope(Build: file:/Users/ryanmccormack/Documents/thunderdome/thunderdome-play/, , Project: ProjectReference(file:/Users/ryanmccormack/Documents/thunderdome/thunderdome-play/,root))),true,None)
Sending msg to client play-fork-run-26b745b7-2b1b-48ff-ac98-3196474d0742: TaskStarted(12,984,Some(AttributeKey[sbt.UnresolvedWarningConfiguration]("unresolvedWarningConfiguration") in Scope(Build: file:/Users/ryanmccormack/Documents/thunderdome/thunderdome-play/, , Project: ProjectReference(file:/Users/ryanmccormack/Documents/thunderdome/thunderdome-play/,root), Task: AttributeKey[sbt.UpdateReport]("update"))))
Sending msg to client play-fork-run-26b745b7-2b1b-48ff-ac98-3196474d0742: TaskFinished(12,965,Some(AttributeKey[sbt.Settings[sbt.Scope]]("settingsData") in Scope(Global)),true,None)
Sending msg to client play-fork-run-26b745b7-2b1b-48ff-ac98-3196474d0742: TaskStarted(12,964,None)
Sending msg to client play-fork-run-26b745b7-2b1b-48ff-ac98-3196474d0742: TaskStarted(12,977,Some(AttributeKey[scala.collection.immutable.Map[org.apache.ivy.core.module.id.ModuleRevisionId,org.apache.ivy.core.module.descriptor.ModuleDescriptor]]("projectDescriptors") in Scope(Build: file:/Users/ryanmccormack/Documents/thunderdome/thunderdome-play/, , Project: ProjectReference(file:/Users/ryanmccormack/Documents/thunderdome/thunderdome-play/,root))))
Sending msg to client play-fork-run-26b745b7-2b1b-48ff-ac98-3196474d0742: TaskStarted(12,983,Some(AttributeKey[scala.collection.Seq[sbt.ModuleID]]("projectDependencies") in Scope(Build: file:/Users/ryanmccormack/Documents/thunderdome/thunderdome-play/, , Project: ProjectReference(file:/Users/ryanmccormack/Documents/thunderdome/thunderdome-play/,root))))
Sending msg to client play-fork-run-26b745b7-2b1b-48ff-ac98-3196474d0742: TaskStarted(12,1007,None)
Sending msg to client play-fork-run-26b745b7-2b1b-48ff-ac98-3196474d0742: TaskStarted(12,1011,Some(AttributeKey[scala.collection.Seq[java.io.File]]("playMonitoredFiles") in Scope(Build: file:/Users/ryanmccormack/Documents/thunderdome/thunderdome-play/, , Project: ProjectReference(file:/Users/ryanmccormack/Documents/thunderdome/thunderdome-play/,root))))
Sending msg to client play-fork-run-26b745b7-2b1b-48ff-ac98-3196474d0742: TaskFinished(12,984,Some(AttributeKey[sbt.UnresolvedWarningConfiguration]("unresolvedWarningConfiguration") in Scope(Build: file:/Users/ryanmccormack/Documents/thunderdome/thunderdome-play/, , Project: ProjectReference(file:/Users/ryanmccormack/Documents/thunderdome/thunderdome-play/,root), Task: AttributeKey[sbt.UpdateReport]("update"))),true,None)
Sending msg to client play-fork-run-26b745b7-2b1b-48ff-ac98-3196474d0742: TaskStarted(12,1013,None)
Sending msg to client play-fork-run-26b745b7-2b1b-48ff-ac98-3196474d0742: TaskStarted(12,1015,None)
Sending msg to client play-fork-run-26b745b7-2b1b-48ff-ac98-3196474d0742: TaskFinished(12,983,Some(AttributeKey[scala.collection.Seq[sbt.ModuleID]]("projectDependencies") in Scope(Build: file:/Users/ryanmccormack/Documents/thunderdome/thunderdome-play/, , Project: ProjectReference(file:/Users/ryanmccormack/Documents/thunderdome/thunderdome-play/,root))),true,None)
Sending msg to client play-fork-run-26b745b7-2b1b-48ff-ac98-3196474d0742: TaskStarted(12,982,Some(AttributeKey[scala.collection.Seq[sbt.ModuleID]]("allDependencies") in Scope(Build: file:/Users/ryanmccormack/Documents/thunderdome/thunderdome-play/, , Project: ProjectReference(file:/Users/ryanmccormack/Documents/thunderdome/thunderdome-play/,root))))
Sending msg to client play-fork-run-26b745b7-2b1b-48ff-ac98-3196474d0742: TaskStarted(12,1019,None)
Sending msg to client play-fork-run-26b745b7-2b1b-48ff-ac98-3196474d0742: TaskStarted(12,1020,None)
Sending msg to client play-fork-run-26b745b7-2b1b-48ff-ac98-3196474d0742: TaskStarted(12,1023,None)
Sending msg to client play-fork-run-26b745b7-2b1b-48ff-ac98-3196474d0742: TaskStarted(12,1024,None)
Sending msg to client play-fork-run-26b745b7-2b1b-48ff-ac98-3196474d0742: TaskStarted(12,1026,None)
Sending msg to client play-fork-run-26b745b7-2b1b-48ff-ac98-3196474d0742: TaskStarted(12,1027,None)
Sending msg to client play-fork-run-26b745b7-2b1b-48ff-ac98-3196474d0742: TaskFinished(12,1013,None,true,None)
Sending msg to client play-fork-run-26b745b7-2b1b-48ff-ac98-3196474d0742: TaskFinished(12,964,None,true,None)
Sending msg to client play-fork-run-26b745b7-2b1b-48ff-ac98-3196474d0742: TaskFinished(12,1015,None,true,None)
Sending msg to client play-fork-run-26b745b7-2b1b-48ff-ac98-3196474d0742: TaskStarted(12,1014,None)
Sending msg to client play-fork-run-26b745b7-2b1b-48ff-ac98-3196474d0742: TaskFinished(12,982,Some(AttributeKey[scala.collection.Seq[sbt.ModuleID]]("allDependencies") in Scope(Build: file:/Users/ryanmccormack/Documents/thunderdome/thunderdome-play/, , Project: ProjectReference(file:/Users/ryanmccormack/Documents/thunderdome/thunderdome-play/,root))),true,None)
Sending msg to client play-fork-run-26b745b7-2b1b-48ff-ac98-3196474d0742: TaskStarted(12,981,Some(AttributeKey[sbt.ModuleSettings]("moduleSettings") in Scope(Build: file:/Users/ryanmccormack/Documents/thunderdome/thunderdome-play/, , Project: ProjectReference(file:/Users/ryanmccormack/Documents/thunderdome/thunderdome-play/,root))))
Sending msg to client play-fork-run-26b745b7-2b1b-48ff-ac98-3196474d0742: TaskFinished(12,1019,None,true,None)
Sending msg to client play-fork-run-26b745b7-2b1b-48ff-ac98-3196474d0742: TaskFinished(12,1020,None,true,None)
Sending msg to client play-fork-run-26b745b7-2b1b-48ff-ac98-3196474d0742: TaskStarted(12,1018,Some(AttributeKey[scala.collection.Seq[sbt.Attributed[java.io.File]]]("unmanagedJars") in Scope(Build: file:/Users/ryanmccormack/Documents/thunderdome/thunderdome-play/, , Project: ProjectReference(file:/Users/ryanmccormack/Documents/thunderdome/thunderdome-play/,root), Config: runtime)))
Sending msg to client play-fork-run-26b745b7-2b1b-48ff-ac98-3196474d0742: TaskFinished(12,1023,None,true,None)
Sending msg to client play-fork-run-26b745b7-2b1b-48ff-ac98-3196474d0742: TaskFinished(12,1024,None,true,None)
Sending msg to client play-fork-run-26b745b7-2b1b-48ff-ac98-3196474d0742: TaskStarted(12,1022,Some(AttributeKey[scala.collection.Seq[sbt.Attributed[java.io.File]]]("unmanagedJars") in Scope(Build: file:/Users/ryanmccormack/Documents/thunderdome/thunderdome-play/, , Project: ProjectReference(file:/Users/ryanmccormack/Documents/thunderdome/thunderdome-play/,root), Config: compile)))
Sending msg to client play-fork-run-26b745b7-2b1b-48ff-ac98-3196474d0742: TaskFinished(12,1026,None,true,None)
Sending msg to client play-fork-run-26b745b7-2b1b-48ff-ac98-3196474d0742: TaskStarted(12,1025,None)
Sending msg to client play-fork-run-26b745b7-2b1b-48ff-ac98-3196474d0742: TaskFinished(12,1027,None,true,None)
Sending msg to client play-fork-run-26b745b7-2b1b-48ff-ac98-3196474d0742: TaskFinished(12,1011,Some(AttributeKey[scala.collection.Seq[java.io.File]]("playMonitoredFiles") in Scope(Build: file:/Users/ryanmccormack/Documents/thunderdome/thunderdome-play/, , Project: ProjectReference(file:/Users/ryanmccormack/Documents/thunderdome/thunderdome-play/,root))),true,None)
Sending msg to client play-fork-run-26b745b7-2b1b-48ff-ac98-3196474d0742: TaskFinished(12,1014,None,true,None)
Sending msg to client play-fork-run-26b745b7-2b1b-48ff-ac98-3196474d0742: TaskFinished(12,977,Some(AttributeKey[scala.collection.immutable.Map[org.apache.ivy.core.module.id.ModuleRevisionId,org.apache.ivy.core.module.descriptor.ModuleDescriptor]]("projectDescriptors") in Scope(Build: file:/Users/ryanmccormack/Documents/thunderdome/thunderdome-play/, , Project: ProjectReference(file:/Users/ryanmccormack/Documents/thunderdome/thunderdome-play/,root))),true,None)
Sending msg to client play-fork-run-26b745b7-2b1b-48ff-ac98-3196474d0742: TaskStarted(12,976,Some(AttributeKey[sbt.Resolver]("projectResolver") in Scope(Build: file:/Users/ryanmccormack/Documents/thunderdome/thunderdome-play/, , Project: ProjectReference(file:/Users/ryanmccormack/Documents/thunderdome/thunderdome-play/,root))))
Sending msg to client play-fork-run-26b745b7-2b1b-48ff-ac98-3196474d0742: TaskFinished(12,981,Some(AttributeKey[sbt.ModuleSettings]("moduleSettings") in Scope(Build: file:/Users/ryanmccormack/Documents/thunderdome/thunderdome-play/, , Project: ProjectReference(file:/Users/ryanmccormack/Documents/thunderdome/thunderdome-play/,root))),true,None)
Sending msg to client play-fork-run-26b745b7-2b1b-48ff-ac98-3196474d0742: TaskFinished(12,1018,Some(AttributeKey[scala.collection.Seq[sbt.Attributed[java.io.File]]]("unmanagedJars") in Scope(Build: file:/Users/ryanmccormack/Documents/thunderdome/thunderdome-play/, , Project: ProjectReference(file:/Users/ryanmccormack/Documents/thunderdome/thunderdome-play/,root), Config: runtime)),true,None)
Sending msg to client play-fork-run-26b745b7-2b1b-48ff-ac98-3196474d0742: TaskFinished(12,1022,Some(AttributeKey[scala.collection.Seq[sbt.Attributed[java.io.File]]]("unmanagedJars") in Scope(Build: file:/Users/ryanmccormack/Documents/thunderdome/thunderdome-play/, , Project: ProjectReference(file:/Users/ryanmccormack/Documents/thunderdome/thunderdome-play/,root), Config: compile)),true,None)
Sending msg to client play-fork-run-26b745b7-2b1b-48ff-ac98-3196474d0742: TaskStarted(12,1028,None)
Sending msg to client play-fork-run-26b745b7-2b1b-48ff-ac98-3196474d0742: TaskFinished(12,976,Some(AttributeKey[sbt.Resolver]("projectResolver") in Scope(Build: file:/Users/ryanmccormack/Documents/thunderdome/thunderdome-play/, , Project: ProjectReference(file:/Users/ryanmccormack/Documents/thunderdome/thunderdome-play/,root))),true,None)
Sending msg to client play-fork-run-26b745b7-2b1b-48ff-ac98-3196474d0742: TaskStarted(12,975,Some(AttributeKey[scala.collection.Seq[sbt.Resolver]]("fullResolvers") in Scope(Build: file:/Users/ryanmccormack/Documents/thunderdome/thunderdome-play/, , Project: ProjectReference(file:/Users/ryanmccormack/Documents/thunderdome/thunderdome-play/,root))))
Sending msg to client play-fork-run-26b745b7-2b1b-48ff-ac98-3196474d0742: TaskFinished(12,1028,None,true,None)
Sending msg to client play-fork-run-26b745b7-2b1b-48ff-ac98-3196474d0742: TaskFinished(12,1025,None,true,None)
Sending msg to client play-fork-run-26b745b7-2b1b-48ff-ac98-3196474d0742: TaskStarted(12,1021,Some(AttributeKey[scala.collection.Seq[sbt.Attributed[java.io.File]]]("unmanagedJars") in Scope(Build: file:/Users/ryanmccormack/Documents/thunderdome/thunderdome-play/, , Project: ProjectReference(file:/Users/ryanmccormack/Documents/thunderdome/thunderdome-play/,root), Config: compile)))
Sending msg to client play-fork-run-26b745b7-2b1b-48ff-ac98-3196474d0742: TaskFinished(12,975,Some(AttributeKey[scala.collection.Seq[sbt.Resolver]]("fullResolvers") in Scope(Build: file:/Users/ryanmccormack/Documents/thunderdome/thunderdome-play/, , Project: ProjectReference(file:/Users/ryanmccormack/Documents/thunderdome/thunderdome-play/,root))),true,None)
Sending msg to client play-fork-run-26b745b7-2b1b-48ff-ac98-3196474d0742: TaskStarted(12,973,Some(AttributeKey[sbt.IvyConfiguration]("ivyConfiguration") in Scope(Build: file:/Users/ryanmccormack/Documents/thunderdome/thunderdome-play/, , Project: ProjectReference(file:/Users/ryanmccormack/Documents/thunderdome/thunderdome-play/,root))))
Sending msg to client play-fork-run-26b745b7-2b1b-48ff-ac98-3196474d0742: BackgroundJobLogEvent(1,LogMessage(error,- application - ))
Sending msg to client play-fork-run-26b745b7-2b1b-48ff-ac98-3196474d0742: BackgroundJobLogEvent(1,LogMessage(info,))
Sending msg to client play-fork-run-26b745b7-2b1b-48ff-ac98-3196474d0742: BackgroundJobLogEvent(1,LogMessage(info,! @72kcpchhf - Internal server error, for (GET) [/] ->))
Sending msg to client play-fork-run-26b745b7-2b1b-48ff-ac98-3196474d0742: BackgroundJobLogEvent(1,LogMessage(info, ))
Sending msg to client play-fork-run-26b745b7-2b1b-48ff-ac98-3196474d0742: BackgroundJobLogEvent(1,LogMessage(info,play.api.UnexpectedException: Unexpected exception[GenericDatabaseException: ErrorMessage(fields=Map(Line -> 841, File -> postinit.c, SQLSTATE -> 3D000, Routine -> InitPostgres, V -> FATAL, Message -> database "thunderdome" does not exist, Severity -> FATAL))]))
Sending msg to client play-fork-run-26b745b7-2b1b-48ff-ac98-3196474d0742: BackgroundJobLogEvent(1,LogMessage(info,	at play.core.server.DevServerStart$$anonfun$mainDev$1$$anon$1$$anonfun$get$1$$anonfun$apply$1$$anonfun$1.apply(DevServerStart.scala:165) ~[play-server_2.11-2.4.2.jar:2.4.2]))
Sending msg to client play-fork-run-26b745b7-2b1b-48ff-ac98-3196474d0742: BackgroundJobLogEvent(1,LogMessage(info,	at play.core.server.DevServerStart$$anonfun$mainDev$1$$anon$1$$anonfun$get$1$$anonfun$apply$1$$anonfun$1.apply(DevServerStart.scala:121) ~[play-server_2.11-2.4.2.jar:2.4.2]))
Sending msg to client play-fork-run-26b745b7-2b1b-48ff-ac98-3196474d0742: BackgroundJobLogEvent(1,LogMessage(info,	at scala.Option.map(Option.scala:146) ~[scala-library-2.11.7.jar:na]))
Sending msg to client play-fork-run-26b745b7-2b1b-48ff-ac98-3196474d0742: BackgroundJobLogEvent(1,LogMessage(info,	at play.core.server.DevServerStart$$anonfun$mainDev$1$$anon$1$$anonfun$get$1$$anonfun$apply$1.apply(DevServerStart.scala:121) ~[play-server_2.11-2.4.2.jar:2.4.2]))
Sending msg to client play-fork-run-26b745b7-2b1b-48ff-ac98-3196474d0742: BackgroundJobLogEvent(1,LogMessage(info,	at play.core.server.DevServerStart$$anonfun$mainDev$1$$anon$1$$anonfun$get$1$$anonfun$apply$1.apply(DevServerStart.scala:119) ~[play-server_2.11-2.4.2.jar:2.4.2]))
Sending msg to client play-fork-run-26b745b7-2b1b-48ff-ac98-3196474d0742: BackgroundJobLogEvent(1,LogMessage(info,	at scala.util.Success.flatMap(Try.scala:231) ~[scala-library-2.11.7.jar:na]))
Sending msg to client play-fork-run-26b745b7-2b1b-48ff-ac98-3196474d0742: BackgroundJobLogEvent(1,LogMessage(info,	at play.core.server.DevServerStart$$anonfun$mainDev$1$$anon$1$$anonfun$get$1.apply(DevServerStart.scala:119) ~[play-server_2.11-2.4.2.jar:2.4.2]))
Sending msg to client play-fork-run-26b745b7-2b1b-48ff-ac98-3196474d0742: BackgroundJobLogEvent(1,LogMessage(info,	at play.core.server.DevServerStart$$anonfun$mainDev$1$$anon$1$$anonfun$get$1.apply(DevServerStart.scala:111) ~[play-server_2.11-2.4.2.jar:2.4.2]))
Sending msg to client play-fork-run-26b745b7-2b1b-48ff-ac98-3196474d0742: BackgroundJobLogEvent(1,LogMessage(info,	at scala.concurrent.impl.Future$PromiseCompletingRunnable.liftedTree1$1(Future.scala:24) ~[scala-library-2.11.7.jar:na]))
Sending msg to client play-fork-run-26b745b7-2b1b-48ff-ac98-3196474d0742: BackgroundJobLogEvent(1,LogMessage(info,	at scala.concurrent.impl.Future$PromiseCompletingRunnable.run(Future.scala:24) ~[scala-library-2.11.7.jar:na]))
Sending msg to client play-fork-run-26b745b7-2b1b-48ff-ac98-3196474d0742: BackgroundJobLogEvent(1,LogMessage(info,	at akka.dispatch.TaskInvocation.run(AbstractDispatcher.scala:40) ~[akka-actor_2.11.jar:na]))
Sending msg to client play-fork-run-26b745b7-2b1b-48ff-ac98-3196474d0742: BackgroundJobLogEvent(1,LogMessage(info,	at akka.dispatch.ForkJoinExecutorConfigurator$AkkaForkJoinTask.exec(AbstractDispatcher.scala:397) ~[akka-actor_2.11.jar:na]))
Sending msg to client play-fork-run-26b745b7-2b1b-48ff-ac98-3196474d0742: BackgroundJobLogEvent(1,LogMessage(info,	at scala.concurrent.forkjoin.ForkJoinTask.doExec(ForkJoinTask.java:260) ~[scala-library-2.11.7.jar:na]))
Sending msg to client play-fork-run-26b745b7-2b1b-48ff-ac98-3196474d0742: BackgroundJobLogEvent(1,LogMessage(info,	at scala.concurrent.forkjoin.ForkJoinPool$WorkQueue.runTask(ForkJoinPool.java:1339) ~[scala-library-2.11.7.jar:na]))
Sending msg to client play-fork-run-26b745b7-2b1b-48ff-ac98-3196474d0742: BackgroundJobLogEvent(1,LogMessage(info,	at scala.concurrent.forkjoin.ForkJoinPool.runWorker(ForkJoinPool.java:1979) ~[scala-library-2.11.7.jar:na]))
Sending msg to client play-fork-run-26b745b7-2b1b-48ff-ac98-3196474d0742: BackgroundJobLogEvent(1,LogMessage(info,	at scala.concurrent.forkjoin.ForkJoinWorkerThread.run(ForkJoinWorkerThread.java:107) ~[scala-library-2.11.7.jar:na]))
Sending msg to client play-fork-run-26b745b7-2b1b-48ff-ac98-3196474d0742: BackgroundJobLogEvent(1,LogMessage(info,Caused by: com.github.mauricio.async.db.postgresql.exceptions.GenericDatabaseException: ErrorMessage(fields=Map(Line -> 841, File -> postinit.c, SQLSTATE -> 3D000, Routine -> InitPostgres, V -> FATAL, Message -> database "thunderdome" does not exist, Severity -> FATAL))))
Sending msg to client play-fork-run-26b745b7-2b1b-48ff-ac98-3196474d0742: BackgroundJobLogEvent(1,LogMessage(info,	at com.github.mauricio.async.db.postgresql.PostgreSQLConnection.onError(PostgreSQLConnection.scala:169) ~[postgresql-async_2.11-0.2.16.jar:0.2.16]))
Sending msg to client play-fork-run-26b745b7-2b1b-48ff-ac98-3196474d0742: BackgroundJobLogEvent(1,LogMessage(info,	at com.github.mauricio.async.db.postgresql.codec.PostgreSQLConnectionHandler.channelRead0(PostgreSQLConnectionHandler.scala:151) ~[postgresql-async_2.11-0.2.16.jar:0.2.16]))
Sending msg to client play-fork-run-26b745b7-2b1b-48ff-ac98-3196474d0742: BackgroundJobLogEvent(1,LogMessage(info,	at io.netty.channel.SimpleChannelInboundHandler.channelRead(SimpleChannelInboundHandler.java:105) ~[netty-all-4.0.25.Final.jar:4.0.25.Final]))
Sending msg to client play-fork-run-26b745b7-2b1b-48ff-ac98-3196474d0742: BackgroundJobLogEvent(1,LogMessage(info,	at io.netty.channel.AbstractChannelHandlerContext.invokeChannelRead(AbstractChannelHandlerContext.java:308) ~[netty-all-4.0.25.Final.jar:4.0.25.Final]))
Sending msg to client play-fork-run-26b745b7-2b1b-48ff-ac98-3196474d0742: BackgroundJobLogEvent(1,LogMessage(info,	at io.netty.channel.AbstractChannelHandlerContext.fireChannelRead(AbstractChannelHandlerContext.java:294) ~[netty-all-4.0.25.Final.jar:4.0.25.Final]))
Sending msg to client play-fork-run-26b745b7-2b1b-48ff-ac98-3196474d0742: BackgroundJobLogEvent(1,LogMessage(info,	at io.netty.handler.codec.ByteToMessageDecoder.channelRead(ByteToMessageDecoder.java:182) ~[netty-all-4.0.25.Final.jar:4.0.25.Final]))
Sending msg to client play-fork-run-26b745b7-2b1b-48ff-ac98-3196474d0742: BackgroundJobLogEvent(1,LogMessage(info,	at io.netty.channel.AbstractChannelHandlerContext.invokeChannelRead(AbstractChannelHandlerContext.java:308) ~[netty-all-4.0.25.Final.jar:4.0.25.Final]))
Sending msg to client play-fork-run-26b745b7-2b1b-48ff-ac98-3196474d0742: BackgroundJobLogEvent(1,LogMessage(info,	at io.netty.channel.AbstractChannelHandlerContext.fireChannelRead(AbstractChannelHandlerContext.java:294) ~[netty-all-4.0.25.Final.jar:4.0.25.Final]))
Sending msg to client play-fork-run-26b745b7-2b1b-48ff-ac98-3196474d0742: BackgroundJobLogEvent(1,LogMessage(info,	at io.netty.channel.DefaultChannelPipeline.fireChannelRead(DefaultChannelPipeline.java:846) ~[netty-all-4.0.25.Final.jar:4.0.25.Final]))
Sending msg to client play-fork-run-26b745b7-2b1b-48ff-ac98-3196474d0742: BackgroundJobLogEvent(1,LogMessage(info,	at io.netty.channel.nio.AbstractNioByteChannel$NioByteUnsafe.read(AbstractNioByteChannel.java:130) ~[netty-all-4.0.25.Final.jar:4.0.25.Final]))
Sending msg to client play-fork-run-26b745b7-2b1b-48ff-ac98-3196474d0742: BackgroundJobLogEvent(1,LogMessage(info,	at io.netty.channel.nio.NioEventLoop.processSelectedKey(NioEventLoop.java:511) ~[netty-all-4.0.25.Final.jar:4.0.25.Final]))
Sending msg to client play-fork-run-26b745b7-2b1b-48ff-ac98-3196474d0742: BackgroundJobLogEvent(1,LogMessage(info,	at io.netty.channel.nio.NioEventLoop.processSelectedKeysOptimized(NioEventLoop.java:468) ~[netty-all-4.0.25.Final.jar:4.0.25.Final]))
Sending msg to client play-fork-run-26b745b7-2b1b-48ff-ac98-3196474d0742: BackgroundJobLogEvent(1,LogMessage(info,	at io.netty.channel.nio.NioEventLoop.processSelectedKeys(NioEventLoop.java:382) ~[netty-all-4.0.25.Final.jar:4.0.25.Final]))
Sending msg to client play-fork-run-26b745b7-2b1b-48ff-ac98-3196474d0742: BackgroundJobLogEvent(1,LogMessage(info,	at io.netty.channel.nio.NioEventLoop.run(NioEventLoop.java:354) ~[netty-all-4.0.25.Final.jar:4.0.25.Final]))
Sending msg to client play-fork-run-26b745b7-2b1b-48ff-ac98-3196474d0742: BackgroundJobLogEvent(1,LogMessage(info,	at io.netty.util.concurrent.SingleThreadEventExecutor$2.run(SingleThreadEventExecutor.java:116) ~[netty-all-4.0.25.Final.jar:4.0.25.Final]))
Sending msg to client play-fork-run-26b745b7-2b1b-48ff-ac98-3196474d0742: BackgroundJobLogEvent(1,LogMessage(info,	at java.lang.Thread.run(Thread.java:745) [na:1.8.0_60]))
Sending msg to client play-fork-run-26b745b7-2b1b-48ff-ac98-3196474d0742: TaskFinished(12,1021,Some(AttributeKey[scala.collection.Seq[sbt.Attributed[java.io.File]]]("unmanagedJars") in Scope(Build: file:/Users/ryanmccormack/Documents/thunderdome/thunderdome-play/, , Project: ProjectReference(file:/Users/ryanmccormack/Documents/thunderdome/thunderdome-play/,root), Config: compile)),true,None)
Sending msg to client play-fork-run-26b745b7-2b1b-48ff-ac98-3196474d0742: TaskStarted(12,1017,None)
Sending msg to client play-fork-run-26b745b7-2b1b-48ff-ac98-3196474d0742: TaskFinished(12,973,Some(AttributeKey[sbt.IvyConfiguration]("ivyConfiguration") in Scope(Build: file:/Users/ryanmccormack/Documents/thunderdome/thunderdome-play/, , Project: ProjectReference(file:/Users/ryanmccormack/Documents/thunderdome/thunderdome-play/,root))),true,None)
Sending msg to client play-fork-run-26b745b7-2b1b-48ff-ac98-3196474d0742: TaskStarted(12,970,Some(AttributeKey[sbt.IvySbt]("ivySbt") in Scope(Build: file:/Users/ryanmccormack/Documents/thunderdome/thunderdome-play/, , Project: ProjectReference(file:/Users/ryanmccormack/Documents/thunderdome/thunderdome-play/,root))))
Sending msg to client play-fork-run-26b745b7-2b1b-48ff-ac98-3196474d0742: TaskFinished(12,1017,None,true,None)
Sending msg to client play-fork-run-26b745b7-2b1b-48ff-ac98-3196474d0742: TaskStarted(12,1016,None)
Sending msg to client play-fork-run-26b745b7-2b1b-48ff-ac98-3196474d0742: TaskFinished(12,970,Some(AttributeKey[sbt.IvySbt]("ivySbt") in Scope(Build: file:/Users/ryanmccormack/Documents/thunderdome/thunderdome-play/, , Project: ProjectReference(file:/Users/ryanmccormack/Documents/thunderdome/thunderdome-play/,root))),true,None)
Sending msg to client play-fork-run-26b745b7-2b1b-48ff-ac98-3196474d0742: TaskStarted(12,969,Some(AttributeKey[sbt.IvySbt$Module]("ivyModule") in Scope(Build: file:/Users/ryanmccormack/Documents/thunderdome/thunderdome-play/, , Project: ProjectReference(file:/Users/ryanmccormack/Documents/thunderdome/thunderdome-play/,root))))
Sending msg to client play-fork-run-26b745b7-2b1b-48ff-ac98-3196474d0742: TaskFinished(12,1016,None,true,None)
Sending msg to client play-fork-run-26b745b7-2b1b-48ff-ac98-3196474d0742: TaskFinished(12,1007,None,true,None)
Sending msg to client play-fork-run-26b745b7-2b1b-48ff-ac98-3196474d0742: TaskStarted(12,1006,Some(AttributeKey[scala.collection.Seq[sbt.Attributed[java.io.File]]]("unmanagedClasspath") in Scope(Build: file:/Users/ryanmccormack/Documents/thunderdome/thunderdome-play/, , Project: ProjectReference(file:/Users/ryanmccormack/Documents/thunderdome/thunderdome-play/,root), Config: runtime)))
Sending msg to client play-fork-run-26b745b7-2b1b-48ff-ac98-3196474d0742: TaskFinished(12,969,Some(AttributeKey[sbt.IvySbt$Module]("ivyModule") in Scope(Build: file:/Users/ryanmccormack/Documents/thunderdome/thunderdome-play/, , Project: ProjectReference(file:/Users/ryanmccormack/Documents/thunderdome/thunderdome-play/,root))),true,None)
Sending msg to client play-fork-run-26b745b7-2b1b-48ff-ac98-3196474d0742: TaskStarted(12,963,Some(AttributeKey[sbt.UpdateReport]("update") in Scope(Build: file:/Users/ryanmccormack/Documents/thunderdome/thunderdome-play/, , Project: ProjectReference(file:/Users/ryanmccormack/Documents/thunderdome/thunderdome-play/,root))))
Sending msg to client play-fork-run-26b745b7-2b1b-48ff-ac98-3196474d0742: TaskFinished(12,1006,Some(AttributeKey[scala.collection.Seq[sbt.Attributed[java.io.File]]]("unmanagedClasspath") in Scope(Build: file:/Users/ryanmccormack/Documents/thunderdome/thunderdome-play/, , Project: ProjectReference(file:/Users/ryanmccormack/Documents/thunderdome/thunderdome-play/,root), Config: runtime)),true,None)
Sending msg to client play-fork-run-26b745b7-2b1b-48ff-ac98-3196474d0742: TaskFinished(12,963,Some(AttributeKey[sbt.UpdateReport]("update") in Scope(Build: file:/Users/ryanmccormack/Documents/thunderdome/thunderdome-play/, , Project: ProjectReference(file:/Users/ryanmccormack/Documents/thunderdome/thunderdome-play/,root))),true,None)
Sending msg to client play-fork-run-26b745b7-2b1b-48ff-ac98-3196474d0742: TaskStarted(12,960,Some(AttributeKey[sbt.UpdateReport]("update") in Scope(Build: file:/Users/ryanmccormack/Documents/thunderdome/thunderdome-play/, , Project: ProjectReference(file:/Users/ryanmccormack/Documents/thunderdome/thunderdome-play/,root))))
Sending msg to client play-fork-run-26b745b7-2b1b-48ff-ac98-3196474d0742: TaskFinished(12,960,Some(AttributeKey[sbt.UpdateReport]("update") in Scope(Build: file:/Users/ryanmccormack/Documents/thunderdome/thunderdome-play/, , Project: ProjectReference(file:/Users/ryanmccormack/Documents/thunderdome/thunderdome-play/,root))),true,None)
Sending msg to client play-fork-run-26b745b7-2b1b-48ff-ac98-3196474d0742: TaskStarted(12,959,Some(AttributeKey[scala.collection.Seq[sbt.Attributed[java.io.File]]]("managedClasspath") in Scope(Build: file:/Users/ryanmccormack/Documents/thunderdome/thunderdome-play/, , Project: ProjectReference(file:/Users/ryanmccormack/Documents/thunderdome/thunderdome-play/,root), Config: docs)))
Sending msg to client play-fork-run-26b745b7-2b1b-48ff-ac98-3196474d0742: TaskStarted(12,1003,Some(AttributeKey[sbt.Configuration]("classpathConfiguration") in Scope(Build: file:/Users/ryanmccormack/Documents/thunderdome/thunderdome-play/, , Project: ProjectReference(file:/Users/ryanmccormack/Documents/thunderdome/thunderdome-play/,root), Config: compile)))
Sending msg to client play-fork-run-26b745b7-2b1b-48ff-ac98-3196474d0742: TaskFinished(12,1003,Some(AttributeKey[sbt.Configuration]("classpathConfiguration") in Scope(Build: file:/Users/ryanmccormack/Documents/thunderdome/thunderdome-play/, , Project: ProjectReference(file:/Users/ryanmccormack/Documents/thunderdome/thunderdome-play/,root), Config: compile)),true,None)
Sending msg to client play-fork-run-26b745b7-2b1b-48ff-ac98-3196474d0742: TaskStarted(12,1002,None)
Sending msg to client play-fork-run-26b745b7-2b1b-48ff-ac98-3196474d0742: TaskFinished(12,1002,None,true,None)
Sending msg to client play-fork-run-26b745b7-2b1b-48ff-ac98-3196474d0742: TaskStarted(12,1001,Some(AttributeKey[sbt.Configuration]("classpathConfiguration") in Scope(Build: file:/Users/ryanmccormack/Documents/thunderdome/thunderdome-play/, , Project: ProjectReference(file:/Users/ryanmccormack/Documents/thunderdome/thunderdome-play/,root), Config: runtime)))
Sending msg to client play-fork-run-26b745b7-2b1b-48ff-ac98-3196474d0742: TaskFinished(12,1001,Some(AttributeKey[sbt.Configuration]("classpathConfiguration") in Scope(Build: file:/Users/ryanmccormack/Documents/thunderdome/thunderdome-play/, , Project: ProjectReference(file:/Users/ryanmccormack/Documents/thunderdome/thunderdome-play/,root), Config: runtime)),true,None)
Sending msg to client play-fork-run-26b745b7-2b1b-48ff-ac98-3196474d0742: TaskStarted(12,1000,None)
Sending msg to client play-fork-run-26b745b7-2b1b-48ff-ac98-3196474d0742: TaskFinished(12,1000,None,true,None)
Sending msg to client play-fork-run-26b745b7-2b1b-48ff-ac98-3196474d0742: TaskStarted(12,999,Some(AttributeKey[scala.collection.Seq[sbt.Attributed[java.io.File]]]("managedClasspath") in Scope(Build: file:/Users/ryanmccormack/Documents/thunderdome/thunderdome-play/, , Project: ProjectReference(file:/Users/ryanmccormack/Documents/thunderdome/thunderdome-play/,root), Config: runtime)))
Sending msg to client play-fork-run-26b745b7-2b1b-48ff-ac98-3196474d0742: TaskFinished(12,959,Some(AttributeKey[scala.collection.Seq[sbt.Attributed[java.io.File]]]("managedClasspath") in Scope(Build: file:/Users/ryanmccormack/Documents/thunderdome/thunderdome-play/, , Project: ProjectReference(file:/Users/ryanmccormack/Documents/thunderdome/thunderdome-play/,root), Config: docs)),true,None)
Sending msg to client play-fork-run-26b745b7-2b1b-48ff-ac98-3196474d0742: TaskStarted(12,958,Some(AttributeKey[scala.Option[java.io.File]]("playDocsJar") in Scope(Build: file:/Users/ryanmccormack/Documents/thunderdome/thunderdome-play/, , Project: ProjectReference(file:/Users/ryanmccormack/Documents/thunderdome/thunderdome-play/,root))))
Sending msg to client play-fork-run-26b745b7-2b1b-48ff-ac98-3196474d0742: TaskFinished(12,999,Some(AttributeKey[scala.collection.Seq[sbt.Attributed[java.io.File]]]("managedClasspath") in Scope(Build: file:/Users/ryanmccormack/Documents/thunderdome/thunderdome-play/, , Project: ProjectReference(file:/Users/ryanmccormack/Documents/thunderdome/thunderdome-play/,root), Config: runtime)),true,None)
Sending msg to client play-fork-run-26b745b7-2b1b-48ff-ac98-3196474d0742: TaskStarted(12,998,None)
Sending msg to client play-fork-run-26b745b7-2b1b-48ff-ac98-3196474d0742: TaskFinished(12,958,Some(AttributeKey[scala.Option[java.io.File]]("playDocsJar") in Scope(Build: file:/Users/ryanmccormack/Documents/thunderdome/thunderdome-play/, , Project: ProjectReference(file:/Users/ryanmccormack/Documents/thunderdome/thunderdome-play/,root))),true,None)
Sending msg to client play-fork-run-26b745b7-2b1b-48ff-ac98-3196474d0742: TaskFinished(12,998,None,true,None)
Sending msg to client play-fork-run-26b745b7-2b1b-48ff-ac98-3196474d0742: TaskStarted(12,997,Some(AttributeKey[scala.collection.Seq[sbt.Attributed[java.io.File]]]("playDependencyClasspath") in Scope(Build: file:/Users/ryanmccormack/Documents/thunderdome/thunderdome-play/, , Project: ProjectReference(file:/Users/ryanmccormack/Documents/thunderdome/thunderdome-play/,root))))
Sending msg to client play-fork-run-26b745b7-2b1b-48ff-ac98-3196474d0742: TaskFinished(12,997,Some(AttributeKey[scala.collection.Seq[sbt.Attributed[java.io.File]]]("playDependencyClasspath") in Scope(Build: file:/Users/ryanmccormack/Documents/thunderdome/thunderdome-play/, , Project: ProjectReference(file:/Users/ryanmccormack/Documents/thunderdome/thunderdome-play/,root))),true,None)
Sending msg to client play-fork-run-26b745b7-2b1b-48ff-ac98-3196474d0742: TaskStarted(12,957,Some(AttributeKey[play.forkrun.protocol.ForkConfig]("playForkConfig") in Scope(Build: file:/Users/ryanmccormack/Documents/thunderdome/thunderdome-play/, , Project: ProjectReference(file:/Users/ryanmccormack/Documents/thunderdome/thunderdome-play/,root))))
Sending msg to client play-fork-run-26b745b7-2b1b-48ff-ac98-3196474d0742: TaskFinished(12,957,Some(AttributeKey[play.forkrun.protocol.ForkConfig]("playForkConfig") in Scope(Build: file:/Users/ryanmccormack/Documents/thunderdome/thunderdome-play/, , Project: ProjectReference(file:/Users/ryanmccormack/Documents/thunderdome/thunderdome-play/,root))),true,None)
Sending msg to client play-fork-run-26b745b7-2b1b-48ff-ac98-3196474d0742: ValueChanged(AttributeKey[play.forkrun.protocol.ForkConfig]("playForkConfig") in Scope(Build: file:/Users/ryanmccormack/Documents/thunderdome/thunderdome-play/, , Project: ProjectReference(file:/Users/ryanmccormack/Documents/thunderdome/thunderdome-play/,root)),TaskSuccess(BuildValue(LazyValue(ForkConfig(/Users/ryanmccormack/Documents/thunderdome/thunderdome-play,List(),List(/Users/ryanmccormack/.ivy2/cache/org.scala-lang/scala-library/jars/scala-library-2.11.7.jar, /Users/ryanmccormack/Downloads/activator-dist-1.3.11/repository/com.typesafe.play/twirl-api_2.11/1.1.1/jars/twirl-api_2.11.jar, /Users/ryanmccormack/.ivy2/cache/org.apache.commons/commons-lang3/jars/commons-lang3-3.4.jar, /Users/ryanmccormack/.ivy2/cache/org.scala-lang.modules/scala-xml_2.11/bundles/scala-xml_2.11-1.0.1.jar, /Users/ryanmccormack/.ivy2/cache/com.typesafe.play/play-server_2.11/jars/play-server_2.11-2.4.2.jar, /Users/ryanmccormack/.ivy2/cache/com.typesafe.play/play_2.11/jars/play_2.11-2.4.2.jar, /Users/ryanmccormack/Downloads/activator-dist-1.3.11/repository/com.typesafe.play/build-link/2.4.2/jars/build-link.jar, /Users/ryanmccormack/Downloads/activator-dist-1.3.11/repository/com.typesafe.play/play-exceptions/2.4.2/jars/play-exceptions.jar, /Users/ryanmccormack/Downloads/activator-dist-1.3.11/repository/org.javassist/javassist/3.19.0-GA/bundles/javassist.jar, /Users/ryanmccormack/.ivy2/cache/com.typesafe.play/play-iteratees_2.11/jars/play-iteratees_2.11-2.4.2.jar, /Users/ryanmccormack/Downloads/activator-dist-1.3.11/repository/org.scala-stm/scala-stm_2.11/0.7/jars/scala-stm_2.11.jar, /Users/ryanmccormack/Downloads/activator-dist-1.3.11/repository/com.typesafe/config/1.3.0/bundles/config.jar, /Users/ryanmccormack/.ivy2/cache/com.typesafe.play/play-json_2.11/jars/play-json_2.11-2.4.2.jar, /Users/ryanmccormack/.ivy2/cache/com.typesafe.play/play-functional_2.11/jars/play-functional_2.11-2.4.2.jar, /Users/ryanmccormack/.ivy2/cache/com.typesafe.play/play-datacommons_2.11/jars/play-datacommons_2.11-2.4.2.jar, /Users/ryanmccormack/Downloads/activator-dist-1.3.11/repository/joda-time/joda-time/2.8.1/jars/joda-time.jar, /Users/ryanmccormack/Downloads/activator-dist-1.3.11/repository/org.joda/joda-convert/1.7/jars/joda-convert.jar, /Users/ryanmccormack/.ivy2/cache/org.scala-lang/scala-reflect/jars/scala-reflect-2.11.6.jar, /Users/ryanmccormack/Downloads/activator-dist-1.3.11/repository/com.fasterxml.jackson.core/jackson-core/2.5.4/bundles/jackson-core.jar, /Users/ryanmccormack/Downloads/activator-dist-1.3.11/repository/com.fasterxml.jackson.core/jackson-annotations/2.5.4/bundles/jackson-annotations.jar, /Users/ryanmccormack/Downloads/activator-dist-1.3.11/repository/com.fasterxml.jackson.core/jackson-databind/2.5.4/bundles/jackson-databind.jar, /Users/ryanmccormack/Downloads/activator-dist-1.3.11/repository/com.fasterxml.jackson.datatype/jackson-datatype-jdk8/2.5.4/bundles/jackson-datatype-jdk8.jar, /Users/ryanmccormack/Downloads/activator-dist-1.3.11/repository/com.fasterxml.jackson.datatype/jackson-datatype-jsr310/2.5.4/bundles/jackson-datatype-jsr310.jar, /Users/ryanmccormack/.ivy2/cache/com.typesafe.play/play-netty-utils/jars/play-netty-utils-2.4.2.jar, /Users/ryanmccormack/Downloads/activator-dist-1.3.11/repository/org.slf4j/slf4j-api/1.7.12/jars/slf4j-api.jar, /Users/ryanmccormack/Downloads/activator-dist-1.3.11/repository/org.slf4j/jul-to-slf4j/1.7.12/jars/jul-to-slf4j.jar, /Users/ryanmccormack/Downloads/activator-dist-1.3.11/repository/org.slf4j/jcl-over-slf4j/1.7.12/jars/jcl-over-slf4j.jar, /Users/ryanmccormack/.ivy2/cache/org.scala-lang.modules/scala-parser-combinators_2.11/bundles/scala-parser-combinators_2.11-1.0.1.jar, /Users/ryanmccormack/Downloads/activator-dist-1.3.11/repository/ch.qos.logback/logback-core/1.1.3/jars/logback-core.jar, /Users/ryanmccormack/Downloads/activator-dist-1.3.11/repository/ch.qos.logback/logback-classic/1.1.3/jars/logback-classic.jar, /Users/ryanmccormack/Downloads/activator-dist-1.3.11/repository/com.typesafe.akka/akka-actor_2.11/2.3.11/jars/akka-actor_2.11.jar, /Users/ryanmccormack/Downloads/activator-dist-1.3.11/repository/com.typesafe.akka/akka-slf4j_2.11/2.3.11/jars/akka-slf4j_2.11.jar, /Users/ryanmccormack/.ivy2/cache/commons-codec/commons-codec/jars/commons-codec-1.10.jar, /Users/ryanmccormack/.ivy2/cache/xerces/xercesImpl/jars/xercesImpl-2.11.0.jar, /Users/ryanmccormack/.ivy2/cache/xml-apis/xml-apis/jars/xml-apis-1.4.01.jar, /Users/ryanmccormack/.ivy2/cache/javax.transaction/jta/jars/jta-1.1.jar, /Users/ryanmccormack/Downloads/activator-dist-1.3.11/repository/com.google.inject/guice/4.0/jars/guice.jar, /Users/ryanmccormack/.ivy2/cache/javax.inject/javax.inject/jars/javax.inject-1.jar, /Users/ryanmccormack/.ivy2/cache/aopalliance/aopalliance/jars/aopalliance-1.0.jar, /Users/ryanmccormack/Downloads/activator-dist-1.3.11/repository/com.google.inject.extensions/guice-assistedinject/4.0/jars/guice-assistedinject.jar, /Users/ryanmccormack/.ivy2/cache/com.typesafe.play/play-netty-server_2.11/jars/play-netty-server_2.11-2.4.2.jar, /Users/ryanmccormack/.ivy2/cache/io.netty/netty/bundles/netty-3.10.3.Final.jar, /Users/ryanmccormack/Downloads/activator-dist-1.3.11/repository/com.typesafe.netty/netty-http-pipelining/1.1.4/jars/netty-http-pipelining.jar, /Users/ryanmccormack/.ivy2/cache/com.typesafe.play/play-cache_2.11/jars/play-cache_2.11-2.4.2.jar, /Users/ryanmccormack/Downloads/activator-dist-1.3.11/repository/net.sf.ehcache/ehcache-core/2.6.11/jars/ehcache-core.jar, /Users/ryanmccormack/.ivy2/cache/com.mohiva/play-silhouette_2.11/jars/play-silhouette_2.11-3.0.0-RC2.jar, /Users/ryanmccormack/.ivy2/cache/com.typesafe.play/play-ws_2.11/jars/play-ws_2.11-2.4.1.jar, /Users/ryanmccormack/Downloads/activator-dist-1.3.11/repository/com.google.guava/guava/18.0/bundles/guava.jar, /Users/ryanmccormack/Downloads/activator-dist-1.3.11/repository/com.ning/async-http-client/1.9.21/jars/async-http-client.jar, /Users/ryanmccormack/Downloads/activator-dist-1.3.11/repository/oauth.signpost/signpost-core/1.2.1.2/jars/signpost-core.jar, /Users/ryanmccormack/Downloads/activator-dist-1.3.11/repository/oauth.signpost/signpost-commonshttp4/1.2.1.2/jars/signpost-commonshttp4.jar, /Users/ryanmccormack/Downloads/activator-dist-1.3.11/repository/org.apache.httpcomponents/httpcore/4.0.1/jars/httpcore.jar, /Users/ryanmccormack/Downloads/activator-dist-1.3.11/repository/org.apache.httpcomponents/httpclient/4.0.1/jars/httpclient.jar, /Users/ryanmccormack/.ivy2/cache/commons-logging/commons-logging/jars/commons-logging-1.1.1.jar, /Users/ryanmccormack/.ivy2/cache/org.mindrot/jbcrypt/jars/jbcrypt-0.3m.jar, /Users/ryanmccormack/.ivy2/cache/com.atlassian.jwt/jwt-core/jars/jwt-core-1.2.4.jar, /Users/ryanmccormack/.ivy2/cache/com.nimbusds/nimbus-jose-jwt/jars/nimbus-jose-jwt-2.16.jar, /Users/ryanmccormack/.ivy2/cache/net.jcip/jcip-annotations/jars/jcip-annotations-1.0.jar, /Users/ryanmccormack/.ivy2/cache/net.minidev/json-smart/jars/json-smart-1.1.1.jar, /Users/ryanmccormack/.ivy2/cache/javax.mail/mail/jars/mail-1.4.7.jar, /Users/ryanmccormack/.ivy2/cache/javax.activation/activation/jars/activation-1.1.jar, /Users/ryanmccormack/.ivy2/cache/org.bouncycastle/bcprov-jdk15on/jars/bcprov-jdk15on-1.51.jar, /Users/ryanmccormack/.ivy2/cache/com.atlassian.jwt/jwt-api/jars/jwt-api-1.2.4.jar, /Users/ryanmccormack/.ivy2/cache/com.google.code.findbugs/jsr305/jars/jsr305-2.0.1.jar, /Users/ryanmccormack/.ivy2/cache/com.kyleu/jdub-async_2.11/jars/jdub-async_2.11-1.0.jar, /Users/ryanmccormack/.ivy2/cache/com.github.mauricio/postgresql-async_2.11/jars/postgresql-async_2.11-0.2.16.jar, /Users/ryanmccormack/.ivy2/cache/com.github.mauricio/db-async-common_2.11/jars/db-async-common_2.11-0.2.16.jar, /Users/ryanmccormack/.ivy2/cache/io.netty/netty-all/jars/netty-all-4.0.25.Final.jar, /Users/ryanmccormack/.ivy2/cache/org.webjars/bootstrap/jars/bootstrap-3.3.5.jar, /Users/ryanmccormack/.ivy2/cache/org.webjars/jquery/jars/jquery-1.11.1.jar),List((public/,/Users/ryanmccormack/Documents/thunderdome/thunderdome-play/target/web/public/main)),List(/Users/ryanmccormack/.ivy2/cache/com.typesafe.play/play-omnidoc_2.11/jars/play-omnidoc_2.11-2.4.2.jar, /Users/ryanmccormack/Downloads/activator-dist-1.3.11/repository/org.scala-lang/scala-library/2.11.6/jars/scala-library.jar, /Users/ryanmccormack/.ivy2/cache/com.typesafe.play/play-docs_2.11/jars/play-docs_2.11-2.4.2.jar, /Users/ryanmccormack/.ivy2/cache/com.typesafe.play/play-netty-server_2.11/jars/play-netty-server_2.11-2.4.2.jar, /Users/ryanmccormack/.ivy2/cache/com.typesafe.play/play-server_2.11/jars/play-server_2.11-2.4.2.jar, /Users/ryanmccormack/.ivy2/cache/com.typesafe.play/play_2.11/jars/play_2.11-2.4.2.jar, /Users/ryanmccormack/Downloads/activator-dist-1.3.11/repository/com.typesafe.play/build-link/2.4.2/jars/build-link.jar, /Users/ryanmccormack/Downloads/activator-dist-1.3.11/repository/com.typesafe.play/play-exceptions/2.4.2/jars/play-exceptions.jar, /Users/ryanmccormack/Downloads/activator-dist-1.3.11/repository/org.javassist/javassist/3.19.0-GA/bundles/javassist.jar, /Users/ryanmccormack/.ivy2/cache/com.typesafe.play/play-iteratees_2.11/jars/play-iteratees_2.11-2.4.2.jar, /Users/ryanmccormack/Downloads/activator-dist-1.3.11/repository/org.scala-stm/scala-stm_2.11/0.7/jars/scala-stm_2.11.jar, /Users/ryanmccormack/Downloads/activator-dist-1.3.11/repository/com.typesafe/config/1.3.0/bundles/config.jar, /Users/ryanmccormack/.ivy2/cache/com.typesafe.play/play-json_2.11/jars/play-json_2.11-2.4.2.jar, /Users/ryanmccormack/.ivy2/cache/com.typesafe.play/play-functional_2.11/jars/play-functional_2.11-2.4.2.jar, /Users/ryanmccormack/.ivy2/cache/com.typesafe.play/play-datacommons_2.11/jars/play-datacommons_2.11-2.4.2.jar, /Users/ryanmccormack/Downloads/activator-dist-1.3.11/repository/joda-time/joda-time/2.8.1/jars/joda-time.jar, /Users/ryanmccormack/Downloads/activator-dist-1.3.11/repository/org.joda/joda-convert/1.7/jars/joda-convert.jar, /Users/ryanmccormack/.ivy2/cache/org.scala-lang/scala-reflect/jars/scala-reflect-2.11.6.jar, /Users/ryanmccormack/Downloads/activator-dist-1.3.11/repository/com.fasterxml.jackson.core/jackson-core/2.5.4/bundles/jackson-core.jar, /Users/ryanmccormack/Downloads/activator-dist-1.3.11/repository/com.fasterxml.jackson.core/jackson-annotations/2.5.4/bundles/jackson-annotations.jar, /Users/ryanmccormack/Downloads/activator-dist-1.3.11/repository/com.fasterxml.jackson.core/jackson-databind/2.5.4/bundles/jackson-databind.jar, /Users/ryanmccormack/Downloads/activator-dist-1.3.11/repository/com.fasterxml.jackson.datatype/jackson-datatype-jdk8/2.5.4/bundles/jackson-datatype-jdk8.jar, /Users/ryanmccormack/Downloads/activator-dist-1.3.11/repository/com.fasterxml.jackson.datatype/jackson-datatype-jsr310/2.5.4/bundles/jackson-datatype-jsr310.jar, /Users/ryanmccormack/.ivy2/cache/com.typesafe.play/play-netty-utils/jars/play-netty-utils-2.4.2.jar, /Users/ryanmccormack/Downloads/activator-dist-1.3.11/repository/org.slf4j/slf4j-api/1.7.12/jars/slf4j-api.jar, /Users/ryanmccormack/Downloads/activator-dist-1.3.11/repository/org.slf4j/jul-to-slf4j/1.7.12/jars/jul-to-slf4j.jar, /Users/ryanmccormack/Downloads/activator-dist-1.3.11/repository/org.slf4j/jcl-over-slf4j/1.7.12/jars/jcl-over-slf4j.jar, /Users/ryanmccormack/Downloads/activator-dist-1.3.11/repository/com.typesafe.play/twirl-api_2.11/1.1.1/jars/twirl-api_2.11.jar, /Users/ryanmccormack/.ivy2/cache/org.apache.commons/commons-lang3/jars/commons-lang3-3.4.jar, /Users/ryanmccormack/.ivy2/cache/org.scala-lang.modules/scala-xml_2.11/bundles/scala-xml_2.11-1.0.1.jar, /Users/ryanmccormack/.ivy2/cache/org.scala-lang.modules/scala-parser-combinators_2.11/bundles/scala-parser-combinators_2.11-1.0.1.jar, /Users/ryanmccormack/Downloads/activator-dist-1.3.11/repository/ch.qos.logback/logback-core/1.1.3/jars/logback-core.jar, /Users/ryanmccormack/Downloads/activator-dist-1.3.11/repository/ch.qos.logback/logback-classic/1.1.3/jars/logback-classic.jar, /Users/ryanmccormack/Downloads/activator-dist-1.3.11/repository/com.typesafe.akka/akka-actor_2.11/2.3.11/jars/akka-actor_2.11.jar, /Users/ryanmccormack/Downloads/activator-dist-1.3.11/repository/com.typesafe.akka/akka-slf4j_2.11/2.3.11/jars/akka-slf4j_2.11.jar, /Users/ryanmccormack/.ivy2/cache/commons-codec/commons-codec/jars/commons-codec-1.10.jar, /Users/ryanmccormack/.ivy2/cache/xerces/xercesImpl/jars/xercesImpl-2.11.0.jar, /Users/ryanmccormack/.ivy2/cache/xml-apis/xml-apis/jars/xml-apis-1.4.01.jar, /Users/ryanmccormack/.ivy2/cache/javax.transaction/jta/jars/jta-1.1.jar, /Users/ryanmccormack/Downloads/activator-dist-1.3.11/repository/com.google.inject/guice/4.0/jars/guice.jar, /Users/ryanmccormack/.ivy2/cache/javax.inject/javax.inject/jars/javax.inject-1.jar, /Users/ryanmccormack/.ivy2/cache/aopalliance/aopalliance/jars/aopalliance-1.0.jar, /Users/ryanmccormack/Downloads/activator-dist-1.3.11/repository/com.google.guava/guava/16.0.1/bundles/guava.jar, /Users/ryanmccormack/Downloads/activator-dist-1.3.11/repository/com.google.inject.extensions/guice-assistedinject/4.0/jars/guice-assistedinject.jar, /Users/ryanmccormack/.ivy2/cache/io.netty/netty/bundles/netty-3.10.3.Final.jar, /Users/ryanmccormack/Downloads/activator-dist-1.3.11/repository/com.typesafe.netty/netty-http-pipelining/1.1.4/jars/netty-http-pipelining.jar, /Users/ryanmccormack/Downloads/activator-dist-1.3.11/repository/com.typesafe.play/play-doc_2.11/1.2.2/jars/play-doc_2.11.jar, /Users/ryanmccormack/Downloads/activator-dist-1.3.11/repository/org.pegdown/pegdown/1.4.0/jars/pegdown.jar, /Users/ryanmccormack/Downloads/activator-dist-1.3.11/repository/org.parboiled/parboiled-java/1.1.5/bundles/parboiled-java.jar, /Users/ryanmccormack/Downloads/activator-dist-1.3.11/repository/org.parboiled/parboiled-core/1.1.5/bundles/parboiled-core.jar, /Users/ryanmccormack/Downloads/activator-dist-1.3.11/repository/org.ow2.asm/asm/4.1/jars/asm.jar, /Users/ryanmccormack/Downloads/activator-dist-1.3.11/repository/org.ow2.asm/asm-tree/4.1/jars/asm-tree.jar, /Users/ryanmccormack/Downloads/activator-dist-1.3.11/repository/org.ow2.asm/asm-analysis/4.1/jars/asm-analysis.jar, /Users/ryanmccormack/Downloads/activator-dist-1.3.11/repository/org.ow2.asm/asm-util/4.1/jars/asm-util.jar, /Users/ryanmccormack/.ivy2/cache/commons-io/commons-io/jars/commons-io-2.4.jar),Some(/Users/ryanmccormack/.ivy2/cache/com.typesafe.play/play-omnidoc_2.11/jars/play-omnidoc_2.11-2.4.2.jar),List(),9000,0.0.0.0,DefaultWatchService,List(/Users/ryanmccormack/Documents/thunderdome/thunderdome-play/public, /Users/ryanmccormack/Documents/thunderdome/thunderdome-play/conf, /Users/ryanmccormack/Documents/thunderdome/thunderdome-play/app),/Users/ryanmccormack/Documents/thunderdome/thunderdome-play/target,500,root/playForkNotifyStart,root/playForkReload,300000,play.core.server.DevServerStart),scala.pickling.PicklerUnpickler$DelegatingPicklerUnpickler@37c08316),ForkConfig(/Users/ryanmccormack/Documents/thunderdome/thunderdome-play,List(),List(/Users/ryanmccormack/.ivy2/cache/org.scala-lang/scala-library/jars/scala-library-2.11.7.jar, /Users/ryanmccormack/Downloads/activator-dist-1.3.11/repository/com.typesafe.play/twirl-api_2.11/1.1.1/jars/twirl-api_2.11.jar, /Users/ryanmccormack/.ivy2/cache/org.apache.commons/commons-lang3/jars/commons-lang3-3.4.jar, /Users/ryanmccormack/.ivy2/cache/org.scala-lang.modules/scala-xml_2.11/bundles/scala-xml_2.11-1.0.1.jar, /Users/ryanmccormack/.ivy2/cache/com.typesafe.play/play-server_2.11/jars/play-server_2.11-2.4.2.jar, /Users/ryanmccormack/.ivy2/cache/com.typesafe.play/play_2.11/jars/play_2.11-2.4.2.jar, /Users/ryanmccormack/Downloads/activator-dist-1.3.11/repository/com.typesafe.play/build-link/2.4.2/jars/build-link.jar, /Users/ryanmccormack/Downloads/activator-dist-1.3.11/repository/com.typesafe.play/play-exceptions/2.4.2/jars/play-exceptions.jar, /Users/ryanmccormack/Downloads/activator-dist-1.3.11/repository/org.javassist/javassist/3.19.0-GA/bundles/javassist.jar, /Users/ryanmccormack/.ivy2/cache/com.typesafe.play/play-iteratees_2.11/jars/play-iteratees_2.11-2.4.2.jar, /Users/ryanmccormack/Downloads/activator-dist-1.3.11/repository/org.scala-stm/scala-stm_2.11/0.7/jars/scala-stm_2.11.jar, /Users/ryanmccormack/Downloads/activator-dist-1.3.11/repository/com.typesafe/config/1.3.0/bundles/config.jar, /Users/ryanmccormack/.ivy2/cache/com.typesafe.play/play-json_2.11/jars/play-json_2.11-2.4.2.jar, /Users/ryanmccormack/.ivy2/cache/com.typesafe.play/play-functional_2.11/jars/play-functional_2.11-2.4.2.jar, /Users/ryanmccormack/.ivy2/cache/com.typesafe.play/play-datacommons_2.11/jars/play-datacommons_2.11-2.4.2.jar, /Users/ryanmccormack/Downloads/activator-dist-1.3.11/repository/joda-time/joda-time/2.8.1/jars/joda-time.jar, /Users/ryanmccormack/Downloads/activator-dist-1.3.11/repository/org.joda/joda-convert/1.7/jars/joda-convert.jar, /Users/ryanmccormack/.ivy2/cache/org.scala-lang/scala-reflect/jars/scala-reflect-2.11.6.jar, /Users/ryanmccormack/Downloads/activator-dist-1.3.11/repository/com.fasterxml.jackson.core/jackson-core/2.5.4/bundles/jackson-core.jar, /Users/ryanmccormack/Downloads/activator-dist-1.3.11/repository/com.fasterxml.jackson.core/jackson-annotations/2.5.4/bundles/jackson-annotations.jar, /Users/ryanmccormack/Downloads/activator-dist-1.3.11/repository/com.fasterxml.jackson.core/jackson-databind/2.5.4/bundles/jackson-databind.jar, /Users/ryanmccormack/Downloads/activator-dist-1.3.11/repository/com.fasterxml.jackson.datatype/jackson-datatype-jdk8/2.5.4/bundles/jackson-datatype-jdk8.jar, /Users/ryanmccormack/Downloads/activator-dist-1.3.11/repository/com.fasterxml.jackson.datatype/jackson-datatype-jsr310/2.5.4/bundles/jackson-datatype-jsr310.jar, /Users/ryanmccormack/.ivy2/cache/com.typesafe.play/play-netty-utils/jars/play-netty-utils-2.4.2.jar, /Users/ryanmccormack/Downloads/activator-dist-1.3.11/repository/org.slf4j/slf4j-api/1.7.12/jars/slf4j-api.jar, /Users/ryanmccormack/Downloads/activator-dist-1.3.11/repository/org.slf4j/jul-to-slf4j/1.7.12/jars/jul-to-slf4j.jar, /Users/ryanmccormack/Downloads/activator-dist-1.3.11/repository/org.slf4j/jcl-over-slf4j/1.7.12/jars/jcl-over-slf4j.jar, /Users/ryanmccormack/.ivy2/cache/org.scala-lang.modules/scala-parser-combinators_2.11/bundles/scala-parser-combinators_2.11-1.0.1.jar, /Users/ryanmccormack/Downloads/activator-dist-1.3.11/repository/ch.qos.logback/logback-core/1.1.3/jars/logback-core.jar, /Users/ryanmccormack/Downloads/activator-dist-1.3.11/repository/ch.qos.logback/logback-classic/1.1.3/jars/logback-classic.jar, /Users/ryanmccormack/Downloads/activator-dist-1.3.11/repository/com.typesafe.akka/akka-actor_2.11/2.3.11/jars/akka-actor_2.11.jar, /Users/ryanmccormack/Downloads/activator-dist-1.3.11/repository/com.typesafe.akka/akka-slf4j_2.11/2.3.11/jars/akka-slf4j_2.11.jar, /Users/ryanmccormack/.ivy2/cache/commons-codec/commons-codec/jars/commons-codec-1.10.jar, /Users/ryanmccormack/.ivy2/cache/xerces/xercesImpl/jars/xercesImpl-2.11.0.jar, /Users/ryanmccormack/.ivy2/cache/xml-apis/xml-apis/jars/xml-apis-1.4.01.jar, /Users/ryanmccormack/.ivy2/cache/javax.transaction/jta/jars/jta-1.1.jar, /Users/ryanmccormack/Downloads/activator-dist-1.3.11/repository/com.google.inject/guice/4.0/jars/guice.jar, /Users/ryanmccormack/.ivy2/cache/javax.inject/javax.inject/jars/javax.inject-1.jar, /Users/ryanmccormack/.ivy2/cache/aopalliance/aopalliance/jars/aopalliance-1.0.jar, /Users/ryanmccormack/Downloads/activator-dist-1.3.11/repository/com.google.inject.extensions/guice-assistedinject/4.0/jars/guice-assistedinject.jar, /Users/ryanmccormack/.ivy2/cache/com.typesafe.play/play-netty-server_2.11/jars/play-netty-server_2.11-2.4.2.jar, /Users/ryanmccormack/.ivy2/cache/io.netty/netty/bundles/netty-3.10.3.Final.jar, /Users/ryanmccormack/Downloads/activator-dist-1.3.11/repository/com.typesafe.netty/netty-http-pipelining/1.1.4/jars/netty-http-pipelining.jar, /Users/ryanmccormack/.ivy2/cache/com.typesafe.play/play-cache_2.11/jars/play-cache_2.11-2.4.2.jar, /Users/ryanmccormack/Downloads/activator-dist-1.3.11/repository/net.sf.ehcache/ehcache-core/2.6.11/jars/ehcache-core.jar, /Users/ryanmccormack/.ivy2/cache/com.mohiva/play-silhouette_2.11/jars/play-silhouette_2.11-3.0.0-RC2.jar, /Users/ryanmccormack/.ivy2/cache/com.typesafe.play/play-ws_2.11/jars/play-ws_2.11-2.4.1.jar, /Users/ryanmccormack/Downloads/activator-dist-1.3.11/repository/com.google.guava/guava/18.0/bundles/guava.jar, /Users/ryanmccormack/Downloads/activator-dist-1.3.11/repository/com.ning/async-http-client/1.9.21/jars/async-http-client.jar, /Users/ryanmccormack/Downloads/activator-dist-1.3.11/repository/oauth.signpost/signpost-core/1.2.1.2/jars/signpost-core.jar, /Users/ryanmccormack/Downloads/activator-dist-1.3.11/repository/oauth.signpost/signpost-commonshttp4/1.2.1.2/jars/signpost-commonshttp4.jar, /Users/ryanmccormack/Downloads/activator-dist-1.3.11/repository/org.apache.httpcomponents/httpcore/4.0.1/jars/httpcore.jar, /Users/ryanmccormack/Downloads/activator-dist-1.3.11/repository/org.apache.httpcomponents/httpclient/4.0.1/jars/httpclient.jar, /Users/ryanmccormack/.ivy2/cache/commons-logging/commons-logging/jars/commons-logging-1.1.1.jar, /Users/ryanmccormack/.ivy2/cache/org.mindrot/jbcrypt/jars/jbcrypt-0.3m.jar, /Users/ryanmccormack/.ivy2/cache/com.atlassian.jwt/jwt-core/jars/jwt-core-1.2.4.jar, /Users/ryanmccormack/.ivy2/cache/com.nimbusds/nimbus-jose-jwt/jars/nimbus-jose-jwt-2.16.jar, /Users/ryanmccormack/.ivy2/cache/net.jcip/jcip-annotations/jars/jcip-annotations-1.0.jar, /Users/ryanmccormack/.ivy2/cache/net.minidev/json-smart/jars/json-smart-1.1.1.jar, /Users/ryanmccormack/.ivy2/cache/javax.mail/mail/jars/mail-1.4.7.jar, /Users/ryanmccormack/.ivy2/cache/javax.activation/activation/jars/activation-1.1.jar, /Users/ryanmccormack/.ivy2/cache/org.bouncycastle/bcprov-jdk15on/jars/bcprov-jdk15on-1.51.jar, /Users/ryanmccormack/.ivy2/cache/com.atlassian.jwt/jwt-api/jars/jwt-api-1.2.4.jar, /Users/ryanmccormack/.ivy2/cache/com.google.code.findbugs/jsr305/jars/jsr305-2.0.1.jar, /Users/ryanmccormack/.ivy2/cache/com.kyleu/jdub-async_2.11/jars/jdub-async_2.11-1.0.jar, /Users/ryanmccormack/.ivy2/cache/com.github.mauricio/postgresql-async_2.11/jars/postgresql-async_2.11-0.2.16.jar, /Users/ryanmccormack/.ivy2/cache/com.github.mauricio/db-async-common_2.11/jars/db-async-common_2.11-0.2.16.jar, /Users/ryanmccormack/.ivy2/cache/io.netty/netty-all/jars/netty-all-4.0.25.Final.jar, /Users/ryanmccormack/.ivy2/cache/org.webjars/bootstrap/jars/bootstrap-3.3.5.jar, /Users/ryanmccormack/.ivy2/cache/org.webjars/jquery/jars/jquery-1.11.1.jar),List((public/,/Users/ryanmccormack/Documents/thunderdome/thunderdome-play/target/web/public/main)),List(/Users/ryanmccormack/.ivy2/cache/com.typesafe.play/play-omnidoc_2.11/jars/play-omnidoc_2.11-2.4.2.jar, /Users/ryanmccormack/Downloads/activator-dist-1.3.11/repository/org.scala-lang/scala-library/2.11.6/jars/scala-library.jar, /Users/ryanmccormack/.ivy2/cache/com.typesafe.play/play-docs_2.11/jars/play-docs_2.11-2.4.2.jar, /Users/ryanmccormack/.ivy2/cache/com.typesafe.play/play-netty-server_2.11/jars/play-netty-server_2.11-2.4.2.jar, /Users/ryanmccormack/.ivy2/cache/com.typesafe.play/play-server_2.11/jars/play-server_2.11-2.4.2.jar, /Users/ryanmccormack/.ivy2/cache/com.typesafe.play/play_2.11/jars/play_2.11-2.4.2.jar, /Users/ryanmccormack/Downloads/activator-dist-1.3.11/repository/com.typesafe.play/build-link/2.4.2/jars/build-link.jar, /Users/ryanmccormack/Downloads/activator-dist-1.3.11/repository/com.typesafe.play/play-exceptions/2.4.2/jars/play-exceptions.jar, /Users/ryanmccormack/Downloads/activator-dist-1.3.11/repository/org.javassist/javassist/3.19.0-GA/bundles/javassist.jar, /Users/ryanmccormack/.ivy2/cache/com.typesafe.play/play-iteratees_2.11/jars/play-iteratees_2.11-2.4.2.jar, /Users/ryanmccormack/Downloads/activator-dist-1.3.11/repository/org.scala-stm/scala-stm_2.11/0.7/jars/scala-stm_2.11.jar, /Users/ryanmccormack/Downloads/activator-dist-1.3.11/repository/com.typesafe/config/1.3.0/bundles/config.jar, /Users/ryanmccormack/.ivy2/cache/com.typesafe.play/play-json_2.11/jars/play-json_2.11-2.4.2.jar, /Users/ryanmccormack/.ivy2/cache/com.typesafe.play/play-functional_2.11/jars/play-functional_2.11-2.4.2.jar, /Users/ryanmccormack/.ivy2/cache/com.typesafe.play/play-datacommons_2.11/jars/play-datacommons_2.11-2.4.2.jar, /Users/ryanmccormack/Downloads/activator-dist-1.3.11/repository/joda-time/joda-time/2.8.1/jars/joda-time.jar, /Users/ryanmccormack/Downloads/activator-dist-1.3.11/repository/org.joda/joda-convert/1.7/jars/joda-convert.jar, /Users/ryanmccormack/.ivy2/cache/org.scala-lang/scala-reflect/jars/scala-reflect-2.11.6.jar, /Users/ryanmccormack/Downloads/activator-dist-1.3.11/repository/com.fasterxml.jackson.core/jackson-core/2.5.4/bundles/jackson-core.jar, /Users/ryanmccormack/Downloads/activator-dist-1.3.11/repository/com.fasterxml.jackson.core/jackson-annotations/2.5.4/bundles/jackson-annotations.jar, /Users/ryanmccormack/Downloads/activator-dist-1.3.11/repository/com.fasterxml.jackson.core/jackson-databind/2.5.4/bundles/jackson-databind.jar, /Users/ryanmccormack/Downloads/activator-dist-1.3.11/repository/com.fasterxml.jackson.datatype/jackson-datatype-jdk8/2.5.4/bundles/jackson-datatype-jdk8.jar, /Users/ryanmccormack/Downloads/activator-dist-1.3.11/repository/com.fasterxml.jackson.datatype/jackson-datatype-jsr310/2.5.4/bundles/jackson-datatype-jsr310.jar, /Users/ryanmccormack/.ivy2/cache/com.typesafe.play/play-netty-utils/jars/play-netty-utils-2.4.2.jar, /Users/ryanmccormack/Downloads/activator-dist-1.3.11/repository/org.slf4j/slf4j-api/1.7.12/jars/slf4j-api.jar, /Users/ryanmccormack/Downloads/activator-dist-1.3.11/repository/org.slf4j/jul-to-slf4j/1.7.12/jars/jul-to-slf4j.jar, /Users/ryanmccormack/Downloads/activator-dist-1.3.11/repository/org.slf4j/jcl-over-slf4j/1.7.12/jars/jcl-over-slf4j.jar, /Users/ryanmccormack/Downloads/activator-dist-1.3.11/repository/com.typesafe.play/twirl-api_2.11/1.1.1/jars/twirl-api_2.11.jar, /Users/ryanmccormack/.ivy2/cache/org.apache.commons/commons-lang3/jars/commons-lang3-3.4.jar, /Users/ryanmccormack/.ivy2/cache/org.scala-lang.modules/scala-xml_2.11/bundles/scala-xml_2.11-1.0.1.jar, /Users/ryanmccormack/.ivy2/cache/org.scala-lang.modules/scala-parser-combinators_2.11/bundles/scala-parser-combinators_2.11-1.0.1.jar, /Users/ryanmccormack/Downloads/activator-dist-1.3.11/repository/ch.qos.logback/logback-core/1.1.3/jars/logback-core.jar, /Users/ryanmccormack/Downloads/activator-dist-1.3.11/repository/ch.qos.logback/logback-classic/1.1.3/jars/logback-classic.jar, /Users/ryanmccormack/Downloads/activator-dist-1.3.11/repository/com.typesafe.akka/akka-actor_2.11/2.3.11/jars/akka-actor_2.11.jar, /Users/ryanmccormack/Downloads/activator-dist-1.3.11/repository/com.typesafe.akka/akka-slf4j_2.11/2.3.11/jars/akka-slf4j_2.11.jar, /Users/ryanmccormack/.ivy2/cache/commons-codec/commons-codec/jars/commons-codec-1.10.jar, /Users/ryanmccormack/.ivy2/cache/xerces/xercesImpl/jars/xercesImpl-2.11.0.jar, /Users/ryanmccormack/.ivy2/cache/xml-apis/xml-apis/jars/xml-apis-1.4.01.jar, /Users/ryanmccormack/.ivy2/cache/javax.transaction/jta/jars/jta-1.1.jar, /Users/ryanmccormack/Downloads/activator-dist-1.3.11/repository/com.google.inject/guice/4.0/jars/guice.jar, /Users/ryanmccormack/.ivy2/cache/javax.inject/javax.inject/jars/javax.inject-1.jar, /Users/ryanmccormack/.ivy2/cache/aopalliance/aopalliance/jars/aopalliance-1.0.jar, /Users/ryanmccormack/Downloads/activator-dist-1.3.11/repository/com.google.guava/guava/16.0.1/bundles/guava.jar, /Users/ryanmccormack/Downloads/activator-dist-1.3.11/repository/com.google.inject.extensions/guice-assistedinject/4.0/jars/guice-assistedinject.jar, /Users/ryanmccormack/.ivy2/cache/io.netty/netty/bundles/netty-3.10.3.Final.jar, /Users/ryanmccormack/Downloads/activator-dist-1.3.11/repository/com.typesafe.netty/netty-http-pipelining/1.1.4/jars/netty-http-pipelining.jar, /Users/ryanmccormack/Downloads/activator-dist-1.3.11/repository/com.typesafe.play/play-doc_2.11/1.2.2/jars/play-doc_2.11.jar, /Users/ryanmccormack/Downloads/activator-dist-1.3.11/repository/org.pegdown/pegdown/1.4.0/jars/pegdown.jar, /Users/ryanmccormack/Downloads/activator-dist-1.3.11/repository/org.parboiled/parboiled-java/1.1.5/bundles/parboiled-java.jar, /Users/ryanmccormack/Downloads/activator-dist-1.3.11/repository/org.parboiled/parboiled-core/1.1.5/bundles/parboiled-core.jar, /Users/ryanmccormack/Downloads/activator-dist-1.3.11/repository/org.ow2.asm/asm/4.1/jars/asm.jar, /Users/ryanmccormack/Downloads/activator-dist-1.3.11/repository/org.ow2.asm/asm-tree/4.1/jars/asm-tree.jar, /Users/ryanmccormack/Downloads/activator-dist-1.3.11/repository/org.ow2.asm/asm-analysis/4.1/jars/asm-analysis.jar, /Users/ryanmccormack/Downloads/activator-dist-1.3.11/repository/org.ow2.asm/asm-util/4.1/jars/asm-util.jar, /Users/ryanmccormack/.ivy2/cache/commons-io/commons-io/jars/commons-io-2.4.jar),Some(/Users/ryanmccormack/.ivy2/cache/com.typesafe.play/play-omnidoc_2.11/jars/play-omnidoc_2.11-2.4.2.jar),List(),9000,0.0.0.0,DefaultWatchService,List(/Users/ryanmccormack/Documents/thunderdome/thunderdome-play/public, /Users/ryanmccormack/Documents/thunderdome/thunderdome-play/conf, /Users/ryanmccormack/Documents/thunderdome/thunderdome-play/app),/Users/ryanmccormack/Documents/thunderdome/thunderdome-play/target,500,root/playForkNotifyStart,root/playForkReload,300000,play.core.server.DevServerStart))))
Sending msg to client play-fork-run-26b745b7-2b1b-48ff-ac98-3196474d0742: TaskStarted(12,956,None)
Sending msg to client play-fork-run-26b745b7-2b1b-48ff-ac98-3196474d0742: TaskFinished(12,956,None,true,None)
Sending msg to client play-fork-run-26b745b7-2b1b-48ff-ac98-3196474d0742: TaskStarted(12,955,None)
Sending msg to client play-fork-run-26b745b7-2b1b-48ff-ac98-3196474d0742: TaskFinished(12,955,None,true,None)
Sending msg to client play-fork-run-26b745b7-2b1b-48ff-ac98-3196474d0742: DetachedLogEvent(LogMessage(debug,cancel strategy finish enabled=false lastCommand=Some(LastCommand(CommandExecutionWork(ExecutionId(12),{file:/Users/ryanmccormack/Documents/thunderdome/thunderdome-play/}root/*:playForkConfig,Set(LiveClient(play-fork-run 26b745b7-2b1b-48ff-ac98-3196474d0742)),sbt.server.WorkCancellationStatus$$anon$1@764976e8)))))
Sending msg to client play-fork-run-26b745b7-2b1b-48ff-ac98-3196474d0742: DetachedLogEvent(LogSuccess(Total time: 1 s, completed 11-Jan-2017 8:48:00 PM))
Sending msg to client play-fork-run-26b745b7-2b1b-48ff-ac98-3196474d0742: DetachedLogEvent(LogMessage(debug,> server-post-command-cleanup))
Sending msg to client play-fork-run-26b745b7-2b1b-48ff-ac98-3196474d0742: ExecutionSuccess(12)
Sending msg to client play-fork-run-26b745b7-2b1b-48ff-ac98-3196474d0742: DetachedLogEvent(LogMessage(debug,> server-handle-next-server-request))
Sending msg to client play-fork-run-26b745b7-2b1b-48ff-ac98-3196474d0742: BackgroundJobLogEvent(2,LogMessage(info,))
Sending msg to client play-fork-run-26b745b7-2b1b-48ff-ac98-3196474d0742: BackgroundJobLogEvent(2,LogMessage(info,[35m--- (Running the application, auto-reloading is enabled) ---[0m))
Sending msg to client play-fork-run-26b745b7-2b1b-48ff-ac98-3196474d0742: BackgroundJobLogEvent(2,LogMessage(info,))
Sending msg to client play-fork-run-26b745b7-2b1b-48ff-ac98-3196474d0742: BackgroundJobLogEvent(2,LogMessage(info,p.a.l.c.ActorSystemProvider - Starting application default Akka system: application))
Sending msg to client play-fork-run-26b745b7-2b1b-48ff-ac98-3196474d0742: BackgroundJobLogEvent(2,LogMessage(error,Play fork run has failed due to:))
Sending msg to client play-fork-run-26b745b7-2b1b-48ff-ac98-3196474d0742: BackgroundJobLogEvent(2,LogMessage(error,java.lang.reflect.InvocationTargetException))
Sending msg to client play-fork-run-26b745b7-2b1b-48ff-ac98-3196474d0742: BackgroundJobLogEvent(2,LogMessage(error,	at sun.reflect.NativeMethodAccessorImpl.invoke0(Native Method)))
Sending msg to client play-fork-run-26b745b7-2b1b-48ff-ac98-3196474d0742: BackgroundJobLogEvent(2,LogMessage(error,	at sun.reflect.NativeMethodAccessorImpl.invoke(NativeMethodAccessorImpl.java:62)))
Sending msg to client play-fork-run-26b745b7-2b1b-48ff-ac98-3196474d0742: BackgroundJobLogEvent(2,LogMessage(error,	at sun.reflect.DelegatingMethodAccessorImpl.invoke(DelegatingMethodAccessorImpl.java:43)))
Sending msg to client play-fork-run-26b745b7-2b1b-48ff-ac98-3196474d0742: BackgroundJobLogEvent(2,LogMessage(error,	at java.lang.reflect.Method.invoke(Method.java:497)))
Sending msg to client play-fork-run-26b745b7-2b1b-48ff-ac98-3196474d0742: BackgroundJobLogEvent(2,LogMessage(error,	at play.runsupport.Reloader$.startDevMode(Reloader.scala:207)))
Sending msg to client play-fork-run-26b745b7-2b1b-48ff-ac98-3196474d0742: BackgroundJobLogEvent(2,LogMessage(error,	at play.forkrun.ForkRun$.startServer(ForkRun.scala:82)))
Sending msg to client play-fork-run-26b745b7-2b1b-48ff-ac98-3196474d0742: BackgroundJobLogEvent(2,LogMessage(error,	at play.forkrun.ForkRun.run(ForkRun.scala:177)))
Sending msg to client play-fork-run-26b745b7-2b1b-48ff-ac98-3196474d0742: BackgroundJobLogEvent(2,LogMessage(error,	at play.forkrun.ForkRun$$anonfun$settingUp$1.applyOrElse(ForkRun.scala:166)))
Sending msg to client play-fork-run-26b745b7-2b1b-48ff-ac98-3196474d0742: BackgroundJobLogEvent(2,LogMessage(error,	at akka.actor.Actor$class.aroundReceive(Actor.scala:465)))
Sending msg to client play-fork-run-26b745b7-2b1b-48ff-ac98-3196474d0742: BackgroundJobLogEvent(2,LogMessage(error,	at play.forkrun.ForkRun.aroundReceive(ForkRun.scala:152)))
Sending msg to client play-fork-run-26b745b7-2b1b-48ff-ac98-3196474d0742: BackgroundJobLogEvent(2,LogMessage(error,	at akka.actor.ActorCell.receiveMessage(ActorCell.scala:516)))
Sending msg to client play-fork-run-26b745b7-2b1b-48ff-ac98-3196474d0742: BackgroundJobLogEvent(2,LogMessage(error,	at akka.actor.ActorCell.invoke(ActorCell.scala:487)))
Sending msg to client play-fork-run-26b745b7-2b1b-48ff-ac98-3196474d0742: BackgroundJobLogEvent(2,LogMessage(error,	at akka.dispatch.Mailbox.processMailbox(Mailbox.scala:254)))
Sending msg to client play-fork-run-26b745b7-2b1b-48ff-ac98-3196474d0742: BackgroundJobLogEvent(2,LogMessage(error,	at akka.dispatch.Mailbox.run(Mailbox.scala:221)))
Sending msg to client play-fork-run-26b745b7-2b1b-48ff-ac98-3196474d0742: BackgroundJobLogEvent(2,LogMessage(error,	at akka.dispatch.Mailbox.exec(Mailbox.scala:231)))
Sending msg to client play-fork-run-26b745b7-2b1b-48ff-ac98-3196474d0742: BackgroundJobLogEvent(2,LogMessage(error,	at scala.concurrent.forkjoin.ForkJoinTask.doExec(ForkJoinTask.java:260)))
Sending msg to client play-fork-run-26b745b7-2b1b-48ff-ac98-3196474d0742: BackgroundJobLogEvent(2,LogMessage(error,	at scala.concurrent.forkjoin.ForkJoinPool$WorkQueue.runTask(ForkJoinPool.java:1339)))
Sending msg to client play-fork-run-26b745b7-2b1b-48ff-ac98-3196474d0742: BackgroundJobLogEvent(2,LogMessage(error,	at scala.concurrent.forkjoin.ForkJoinPool.runWorker(ForkJoinPool.java:1979)))
Sending msg to client play-fork-run-26b745b7-2b1b-48ff-ac98-3196474d0742: BackgroundJobLogEvent(2,LogMessage(error,	at scala.concurrent.forkjoin.ForkJoinWorkerThread.run(ForkJoinWorkerThread.java:107)))
Sending msg to client play-fork-run-26b745b7-2b1b-48ff-ac98-3196474d0742: BackgroundJobLogEvent(2,LogMessage(error,Caused by: org.jboss.netty.channel.ChannelException: Failed to bind to: /0.0.0.0:9000))
Sending msg to client play-fork-run-26b745b7-2b1b-48ff-ac98-3196474d0742: BackgroundJobLogEvent(2,LogMessage(error,	at org.jboss.netty.bootstrap.ServerBootstrap.bind(ServerBootstrap.java:272)))
Sending msg to client play-fork-run-26b745b7-2b1b-48ff-ac98-3196474d0742: BackgroundJobLogEvent(2,LogMessage(error,	at play.core.server.NettyServer$$anonfun$1.apply(NettyServer.scala:132)))
Sending msg to client play-fork-run-26b745b7-2b1b-48ff-ac98-3196474d0742: BackgroundJobLogEvent(2,LogMessage(error,	at play.core.server.NettyServer$$anonfun$1.apply(NettyServer.scala:129)))
Sending msg to client play-fork-run-26b745b7-2b1b-48ff-ac98-3196474d0742: BackgroundJobLogEvent(2,LogMessage(error,	at scala.Option.map(Option.scala:146)))
Sending msg to client play-fork-run-26b745b7-2b1b-48ff-ac98-3196474d0742: BackgroundJobLogEvent(2,LogMessage(error,	at play.core.server.NettyServer.<init>(NettyServer.scala:129)))
Sending msg to client play-fork-run-26b745b7-2b1b-48ff-ac98-3196474d0742: BackgroundJobLogEvent(2,LogMessage(error,	at play.core.server.NettyServerProvider.createServer(NettyServer.scala:200)))
Sending msg to client play-fork-run-26b745b7-2b1b-48ff-ac98-3196474d0742: BackgroundJobLogEvent(2,LogMessage(error,	at play.core.server.NettyServerProvider.createServer(NettyServer.scala:199)))
Sending msg to client play-fork-run-26b745b7-2b1b-48ff-ac98-3196474d0742: BackgroundJobLogEvent(2,LogMessage(error,	at play.core.server.DevServerStart$$anonfun$mainDev$1.apply(DevServerStart.scala:208)))
Sending msg to client play-fork-run-26b745b7-2b1b-48ff-ac98-3196474d0742: BackgroundJobLogEvent(2,LogMessage(error,	at play.core.server.DevServerStart$$anonfun$mainDev$1.apply(DevServerStart.scala:61)))
Sending msg to client play-fork-run-26b745b7-2b1b-48ff-ac98-3196474d0742: BackgroundJobLogEvent(2,LogMessage(error,	at play.utils.Threads$.withContextClassLoader(Threads.scala:21)))
Sending msg to client play-fork-run-26b745b7-2b1b-48ff-ac98-3196474d0742: BackgroundJobLogEvent(2,LogMessage(error,	at play.core.server.DevServerStart$.mainDev(DevServerStart.scala:60)))
Sending msg to client play-fork-run-26b745b7-2b1b-48ff-ac98-3196474d0742: BackgroundJobLogEvent(2,LogMessage(error,	at play.core.server.DevServerStart$.mainDevHttpMode(DevServerStart.scala:50)))
Sending msg to client play-fork-run-26b745b7-2b1b-48ff-ac98-3196474d0742: BackgroundJobLogEvent(2,LogMessage(error,	at play.core.server.DevServerStart.mainDevHttpMode(DevServerStart.scala)))
Sending msg to client play-fork-run-26b745b7-2b1b-48ff-ac98-3196474d0742: BackgroundJobLogEvent(2,LogMessage(error,	... 19 more))
Sending msg to client play-fork-run-26b745b7-2b1b-48ff-ac98-3196474d0742: BackgroundJobLogEvent(2,LogMessage(error,Caused by: java.net.BindException: Address already in use))
Sending msg to client play-fork-run-26b745b7-2b1b-48ff-ac98-3196474d0742: BackgroundJobLogEvent(2,LogMessage(error,	at sun.nio.ch.Net.bind0(Native Method)))
Sending msg to client play-fork-run-26b745b7-2b1b-48ff-ac98-3196474d0742: BackgroundJobLogEvent(2,LogMessage(error,	at sun.nio.ch.Net.bind(Net.java:433)))
Sending msg to client play-fork-run-26b745b7-2b1b-48ff-ac98-3196474d0742: BackgroundJobLogEvent(2,LogMessage(error,	at sun.nio.ch.Net.bind(Net.java:425)))
Sending msg to client play-fork-run-26b745b7-2b1b-48ff-ac98-3196474d0742: BackgroundJobLogEvent(2,LogMessage(error,	at sun.nio.ch.ServerSocketChannelImpl.bind(ServerSocketChannelImpl.java:223)))
Sending msg to client play-fork-run-26b745b7-2b1b-48ff-ac98-3196474d0742: BackgroundJobLogEvent(2,LogMessage(error,	at sun.nio.ch.ServerSocketAdaptor.bind(ServerSocketAdaptor.java:74)))
Sending msg to client play-fork-run-26b745b7-2b1b-48ff-ac98-3196474d0742: BackgroundJobLogEvent(2,LogMessage(error,	at org.jboss.netty.channel.socket.nio.NioServerBoss$RegisterTask.run(NioServerBoss.java:193)))
Sending msg to client play-fork-run-26b745b7-2b1b-48ff-ac98-3196474d0742: BackgroundJobLogEvent(2,LogMessage(error,	at org.jboss.netty.channel.socket.nio.AbstractNioSelector.processTaskQueue(AbstractNioSelector.java:391)))
Sending msg to client play-fork-run-26b745b7-2b1b-48ff-ac98-3196474d0742: BackgroundJobLogEvent(2,LogMessage(error,	at org.jboss.netty.channel.socket.nio.AbstractNioSelector.run(AbstractNioSelector.java:315)))
Sending msg to client play-fork-run-26b745b7-2b1b-48ff-ac98-3196474d0742: BackgroundJobLogEvent(2,LogMessage(error,	at org.jboss.netty.channel.socket.nio.NioServerBoss.run(NioServerBoss.java:42)))
Sending msg to client play-fork-run-26b745b7-2b1b-48ff-ac98-3196474d0742: BackgroundJobLogEvent(2,LogMessage(error,	at org.jboss.netty.util.ThreadRenamingRunnable.run(ThreadRenamingRunnable.java:108)))
Sending msg to client play-fork-run-26b745b7-2b1b-48ff-ac98-3196474d0742: BackgroundJobLogEvent(2,LogMessage(error,	at org.jboss.netty.util.internal.DeadLockProofWorker$1.run(DeadLockProofWorker.java:42)))
Sending msg to client play-fork-run-26b745b7-2b1b-48ff-ac98-3196474d0742: BackgroundJobLogEvent(2,LogMessage(error,	at java.util.concurrent.ThreadPoolExecutor.runWorker(ThreadPoolExecutor.java:1142)))
Sending msg to client play-fork-run-26b745b7-2b1b-48ff-ac98-3196474d0742: BackgroundJobLogEvent(2,LogMessage(error,	at java.util.concurrent.ThreadPoolExecutor$Worker.run(ThreadPoolExecutor.java:617)))
Sending msg to client play-fork-run-26b745b7-2b1b-48ff-ac98-3196474d0742: BackgroundJobLogEvent(2,LogMessage(error,	at java.lang.Thread.run(Thread.java:745)))
Sending msg to client play-fork-run-26b745b7-2b1b-48ff-ac98-3196474d0742: BackgroundJobLogEvent(2,LogMessage(info,Stopping Play fork run ...))
Got request: UnlistenToEvents()
Reading next message from client.
Sending msg to client play-fork-run-26b745b7-2b1b-48ff-ac98-3196474d0742: (8,ReceivedResponse())
Got request: UnlistenToValue(AttributeKey[play.forkrun.protocol.ForkConfig]("playForkConfig") in Scope(Build: file:/Users/ryanmccormack/Documents/thunderdome/thunderdome-play/, , Project: ProjectReference(file:/Users/ryanmccormack/Documents/thunderdome/thunderdome-play/,root)))
Reading next message from client.
Sending msg to client play-fork-run-26b745b7-2b1b-48ff-ac98-3196474d0742: (9,ReceivedResponse())
Client play-fork-run-26b745b7-2b1b-48ff-ac98-3196474d0742 EOF, shutting down.
Stopping client.
Dropping message (0,ReceivedResponse()) to dead client play-fork-run-26b745b7-2b1b-48ff-ac98-3196474d0742
Client play-fork-run-26b745b7-2b1b-48ff-ac98-3196474d0742 thread exiting.
