New log file opened at Sun Jan 15 12:25:03 EST 2017 by 56184@Ryans-MBP
Sending msg to client activator-8e8077d0-0234-401a-aa45-27d8ba388ef8: DetachedLogEvent(LogMessage(debug,sbt client logs are in: /Users/ryanmccormack/Documents/thunderdome/.sbtserver/connections/activator-8e8077d0-0234-401a-aa45-27d8ba388ef8.log))
Sending msg to client activator-8e8077d0-0234-401a-aa45-27d8ba388ef8: DetachedLogEvent(LogMessage(debug,sbt server socket logs are in: /Users/ryanmccormack/Documents/thunderdome/.sbtserver/connections/master.log))
Reading next message from client.
Sending msg to client activator-8e8077d0-0234-401a-aa45-27d8ba388ef8: DetachedLogEvent(LogMessage(debug,sbt general server logs are in: /Users/ryanmccormack/Documents/thunderdome/.sbtserver/master.log))
Got request: ListenToEvents()
Reading next message from client.
Got request: ListenToBuildChange()
Reading next message from client.
Got request: SendSyntheticBuildChanged()
Reading next message from client.
Got request: KeyLookupRequest(discoveredMainClasses)
Reading next message from client.
Got request: KeyLookupRequest(mainClass)
Reading next message from client.
Sending msg to client activator-8e8077d0-0234-401a-aa45-27d8ba388ef8: (3,ReceivedResponse())
Sending msg to client activator-8e8077d0-0234-401a-aa45-27d8ba388ef8: DetachedLogEvent(LogMessage(debug,> initialize))
Sending msg to client activator-8e8077d0-0234-401a-aa45-27d8ba388ef8: DetachedLogEvent(LogMessage(debug,> onFailure load-failed))
Sending msg to client activator-8e8077d0-0234-401a-aa45-27d8ba388ef8: DetachedLogEvent(LogMessage(debug,> boot))
Sending msg to client activator-8e8077d0-0234-401a-aa45-27d8ba388ef8: DetachedLogEvent(LogMessage(debug,> reload))
Sending msg to client activator-8e8077d0-0234-401a-aa45-27d8ba388ef8: DetachedLogEvent(LogMessage(debug,[Loading] Scanning directory /Users/ryanmccormack/Documents/thunderdome/project))
Sending msg to client activator-8e8077d0-0234-401a-aa45-27d8ba388ef8: DetachedLogEvent(LogMessage(debug,[Loading] Found non-root projects ))
Sending msg to client activator-8e8077d0-0234-401a-aa45-27d8ba388ef8: DetachedLogEvent(LogMessage(debug,[Loading] Done in /Users/ryanmccormack/Documents/thunderdome/project, returning: ()))
Sending msg to client activator-8e8077d0-0234-401a-aa45-27d8ba388ef8: DetachedLogEvent(LogMessage(debug,deducing auto plugins based on known facts Set(Atom(sbt.plugins.CorePlugin)) and clauses Clauses(List(Clause(Atom(sbt.plugins.JvmPlugin),Set(Atom(sbt.plugins.IvyPlugin))), Clause(Atom(sbt.plugins.JUnitXmlReportPlugin),Set(Atom(sbt.plugins.JvmPlugin))), Clause(Atom(sbt.plugins.CorePlugin),Set(Atom(sbt.plugins.IvyPlugin))), Clause(Atom(sbt.plugins.IvyPlugin),Set(Atom(sbt.plugins.JvmPlugin))), Clause(Atom(sbt.plugins.JvmPlugin),Set(Atom(sbt.plugins.JUnitXmlReportPlugin)))))))
Sending msg to client activator-8e8077d0-0234-401a-aa45-27d8ba388ef8: DetachedLogEvent(LogMessage(debug,  :: deduced result: Matched(sbt.plugins.CorePlugin,sbt.plugins.IvyPlugin,sbt.plugins.JvmPlugin,sbt.plugins.JUnitXmlReportPlugin)))
Sending msg to client activator-8e8077d0-0234-401a-aa45-27d8ba388ef8: DetachedLogEvent(LogMessage(debug,sorting: ns: List(sbt.plugins.CorePlugin, sbt.plugins.IvyPlugin, sbt.plugins.JvmPlugin, sbt.plugins.JUnitXmlReportPlugin)))
Sending msg to client activator-8e8077d0-0234-401a-aa45-27d8ba388ef8: DetachedLogEvent(LogMessage(debug,  :: sorting:: found: List(sbt.plugins.CorePlugin) not found List(sbt.plugins.IvyPlugin, sbt.plugins.JvmPlugin, sbt.plugins.JUnitXmlReportPlugin)))
Sending msg to client activator-8e8077d0-0234-401a-aa45-27d8ba388ef8: DetachedLogEvent(LogMessage(debug,  :: sorting:: found: List(sbt.plugins.CorePlugin, sbt.plugins.IvyPlugin) not found List(sbt.plugins.JvmPlugin, sbt.plugins.JUnitXmlReportPlugin)))
Sending msg to client activator-8e8077d0-0234-401a-aa45-27d8ba388ef8: DetachedLogEvent(LogMessage(debug,  :: sorting:: found: List(sbt.plugins.CorePlugin, sbt.plugins.IvyPlugin, sbt.plugins.JvmPlugin) not found List(sbt.plugins.JUnitXmlReportPlugin)))
Sending msg to client activator-8e8077d0-0234-401a-aa45-27d8ba388ef8: DetachedLogEvent(LogMessage(debug,  :: sorting:: found: List(sbt.plugins.CorePlugin, sbt.plugins.IvyPlugin, sbt.plugins.JvmPlugin, sbt.plugins.JUnitXmlReportPlugin) not found List()))
Sending msg to client activator-8e8077d0-0234-401a-aa45-27d8ba388ef8: DetachedLogEvent(LogMessage(debug,  :: sorted deduced result: List(sbt.plugins.CorePlugin, sbt.plugins.IvyPlugin, sbt.plugins.JvmPlugin, sbt.plugins.JUnitXmlReportPlugin)))
Sending msg to client activator-8e8077d0-0234-401a-aa45-27d8ba388ef8: DetachedLogEvent(LogMessage(debug,[Loading] Done in /Users/ryanmccormack/Documents/thunderdome/project, returning: (thunderdome-build)))
Sending msg to client activator-8e8077d0-0234-401a-aa45-27d8ba388ef8: DetachedLogEvent(LogMessage(info,Loading project definition from /Users/ryanmccormack/Documents/thunderdome/project))
Sending msg to client activator-8e8077d0-0234-401a-aa45-27d8ba388ef8: DetachedLogEvent(LogMessage(debug,Running task... Cancel: sbt.TaskCancellationStrategy$Null$@2f6a080, check cycles: false))
Sending msg to client activator-8e8077d0-0234-401a-aa45-27d8ba388ef8: DetachedLogEvent(LogMessage(debug,
Initial source changes: 
	removed:Set()
	added: Set()
	modified: Set()
Removed products: Set()
External API changes: API Changes: Set()
Modified binary dependencies: Set()
Initial directly invalidated sources: Set()

Sources indirectly invalidated by:
	product: Set()
	binary dep: Set()
	external source: Set()))
Sending msg to client activator-8e8077d0-0234-401a-aa45-27d8ba388ef8: DetachedLogEvent(LogMessage(debug,All initially invalidated sources: Set()
))
Sending msg to client activator-8e8077d0-0234-401a-aa45-27d8ba388ef8: DetachedLogEvent(LogMessage(debug,Copy resource mappings: 
	))
Sending msg to client activator-8e8077d0-0234-401a-aa45-27d8ba388ef8: DetachedLogEvent(LogMessage(debug,[Loading] Scanning directory /Users/ryanmccormack/Documents/thunderdome))
Sending msg to client activator-8e8077d0-0234-401a-aa45-27d8ba388ef8: DetachedLogEvent(LogMessage(debug,[Loading] Found root project root w/ remaining ))
Sending msg to client activator-8e8077d0-0234-401a-aa45-27d8ba388ef8: DetachedLogEvent(LogMessage(debug,deducing auto plugins based on known facts Set(Atom(play.sbt.PlayScala), Atom(sbt.plugins.CorePlugin)) and clauses Clauses(List(Clause(Atom(sbt.plugins.JvmPlugin),Set(Atom(sbt.plugins.IvyPlugin))), Clause(Atom(sbt.plugins.JUnitXmlReportPlugin),Set(Atom(sbt.plugins.JvmPlugin))), Clause(Atom(play.sbt.forkrun.PlayForkRun),Set(Atom(sbt.plugins.BackgroundRunPlugin))), Clause(Atom(play.sbt.forkrun.PlayForkRun),Set(Atom(play.sbt.Play))), Clause(Atom(play.sbt.forkrun.PlayForkRun),Set(Atom(sbt.plugins.SerializersPlugin))), Clause(Atom(play.sbt.Play),Set(Atom(com.typesafe.sbt.packager.archetypes.JavaServerAppPackaging))), Clause(Atom(play.sbt.Play),Set(Atom(play.sbt.routes.RoutesCompiler))), Clause(Atom(play.sbt.Play),Set(Atom(play.twirl.sbt.SbtTwirl))), Clause(Atom(play.sbt.Play),Set(Atom(com.typesafe.sbt.jse.SbtJsTask))), Clause(Atom(play.sbt.PlayAkkaHttpServer),Set(Atom(play.sbt.Play))), Clause(Atom(play.sbt.PlayJava),Set(Atom(play.sbt.Play))), Clause(Atom(play.sbt.PlayLayoutPlugin),Set(Atom(play.sbt.Play))), Clause(Atom(play.sbt.PlayNettyServer),Set(Atom(play.sbt.Play))), Clause(Atom(play.sbt.PlayScala),Set(Atom(play.sbt.Play))), Clause(Atom(play.sbt.routes.RoutesCompiler),Set(Atom(sbt.plugins.JvmPlugin))), Clause(Atom(play.twirl.sbt.SbtTwirl),Set(Atom(sbt.plugins.JvmPlugin))), Clause(Atom(com.typesafe.sbt.packager.archetypes.AkkaAppPackaging),Set(Atom(com.typesafe.sbt.packager.archetypes.JavaAppPackaging))), Clause(Atom(com.typesafe.sbt.packager.archetypes.JavaAppPackaging),Set(Atom(com.typesafe.sbt.packager.windows.WindowsPlugin))), Clause(Atom(com.typesafe.sbt.packager.archetypes.JavaAppPackaging),Set(Atom(com.typesafe.sbt.packager.docker.DockerPlugin))), Clause(Atom(com.typesafe.sbt.packager.archetypes.JavaAppPackaging),Set(Atom(com.typesafe.sbt.packager.debian.DebianPlugin))), Clause(Atom(com.typesafe.sbt.packager.archetypes.JavaAppPackaging),Set(Atom(com.typesafe.sbt.packager.rpm.RpmPlugin))), Clause(Atom(com.typesafe.sbt.packager.archetypes.JavaServerAppPackaging),Set(Atom(com.t