New log file opened at Tue Jan 17 23:25:48 EST 2017 by 56269@Ryans-MBP
Dropping message TaskFinished(193,25583,None,true,None) to dead client play-fork-run-ab8fcbb5-3bde-41bb-b51a-053f5d87f6d2
Dropping message TaskFinished(193,25595,None,true,None) to dead client play-fork-run-ab8fcbb5-3bde-41bb-b51a-053f5d87f6d2
Dropping message TaskFinished(193,25599,None,true,None) to dead client play-fork-run-ab8fcbb5-3bde-41bb-b51a-053f5d87f6d2
Dropping message TaskFinished(193,25608,None,true,None) to dead client play-fork-run-ab8fcbb5-3bde-41bb-b51a-053f5d87f6d2
Dropping message TaskFinished(193,25610,None,true,None) to dead client play-fork-run-ab8fcbb5-3bde-41bb-b51a-053f5d87f6d2
Dropping message TaskFinished(193,25612,None,true,None) to dead client play-fork-run-ab8fcbb5-3bde-41bb-b51a-053f5d87f6d2
Dropping message TaskFinished(193,25518,Some(AttributeKey[scala.collection.Seq[sbt.UpdateReport]]("transitiveUpdate") in Scope(Build: file:/Users/ryanmccormack/Documents/thunderdome/, , Project: ProjectReference(file:/Users/ryanmccormack/Documents/thunderdome/,root))),true,None) to dead client play-fork-run-ab8fcbb5-3bde-41bb-b51a-053f5d87f6d2
Dropping message TaskFinished(193,25616,Some(AttributeKey[scala.collection.Seq[java.io.File]]("unmanagedResources") in Scope(Build: file:/Users/ryanmccormack/Documents/thunderdome/, , Project: ProjectReference(file:/Users/ryanmccormack/Documents/thunderdome/,root), Config: compile)),true,None) to dead client play-fork-run-ab8fcbb5-3bde-41bb-b51a-053f5d87f6d2
Dropping message TaskFinished(193,25621,None,true,None) to dead client play-fork-run-ab8fcbb5-3bde-41bb-b51a-053f5d87f6d2
Dropping message TaskFinished(193,25558,Some(AttributeKey[scala.collection.Seq[java.lang.String]]("scalacOptions") in Scope(Build: file:/Users/ryanmccormack/Documents/thunderdome/, , Project: ProjectReference(file:/Users/ryanmccormack/Documents/thunderdome/,root))),true,None) to dead client play-fork-run-ab8fcbb5-3bde-41bb-b51a-053f5d87f6d2
Dropping message TaskStarted(193,25598,Some(AttributeKey[java.lang.String]("twirlSourceEncoding") in Scope(Build: file:/Users/ryanmccormack/Documents/thunderdome/, , Project: ProjectReference(file:/Users/ryanmccormack/Documents/thunderdome/,root)))) to dead client play-fork-run-ab8fcbb5-3bde-41bb-b51a-053f5d87f6d2
Dropping message TaskFinished(193,25564,Some(AttributeKey[sbt.inc.IncOptions]("incOptions") in Scope(Build: file:/Users/ryanmccormack/Documents/thunderdome/, , Project: ProjectReference(file:/Users/ryanmccormack/Documents/thunderdome/,root))),true,None) to dead client play-fork-run-ab8fcbb5-3bde-41bb-b51a-053f5d87f6d2
Dropping message TaskFinished(193,25592,Some(AttributeKey[scala.collection.Seq[java.io.File]]("sources") in Scope(Build: file:/Users/ryanmccormack/Documents/thunderdome/, , Project: ProjectReference(file:/Users/ryanmccormack/Documents/thunderdome/,root), Config: compile, Task: AttributeKey[scala.collection.Seq[java.io.File]]("playRoutes"))),true,None) to dead client play-fork-run-ab8fcbb5-3bde-41bb-b51a-053f5d87f6d2
Dropping message TaskStarted(193,25591,None) to dead client play-fork-run-ab8fcbb5-3bde-41bb-b51a-053f5d87f6d2
Dropping message TaskFinished(193,25600,Some(AttributeKey[scala.collection.Seq[java.lang.String]]("javacOptions") in Scope(Build: file:/Users/ryanmccormack/Documents/thunderdome/, , Project: ProjectReference(file:/Users/ryanmccormack/Documents/thunderdome/,root), Config: compile)),true,None) to dead client play-fork-run-ab8fcbb5-3bde-41bb-b51a-053f5d87f6d2
Dropping message TaskFinished(193,25585,Some(AttributeKey[scala.collection.Seq[java.io.File]]("unmanagedSources") in Scope(Build: file:/Users/ryanmccormack/Documents/thunderdome/, , Project: ProjectReference(file:/Users/ryanmccormack/Documents/thunderdome/,root), Config: compile)),true,None) to dead client play-fork-run-ab8fcbb5-3bde-41bb-b51a-053f5d87f6d2
Dropping message TaskFinished(193,25499,Some(AttributeKey[sbt.Settings[sbt.Scope]]("settingsData") in Scope(Global)),true,None) to dead client play-fork-run-ab8fcbb5-3bde-41bb-b51a-053f5d87f6d2
Dropping message TaskStarted(193,25498,Some(AttributeKey[scala.collection.Seq[sbt.inc.Analysis]]("playCompileEverything") in Scope(Build: file:/Users/ryanmccormack/Documents/thunderdome/, , Project: ProjectReference(file:/Users/ryanmccormack/Documents/thunderdome/,root)))) to dead client play-fork-run-ab8fcbb5-3bde-41bb-b51a-053f5d87f6d2
Dropping message TaskStarted(193,25524,Some(AttributeKey[scala.collection.Seq[sbt.ModuleID]]("projectDependencies") in Scope(Build: file:/Users/ryanmccormack/Documents/thunderdome/, , Project: ProjectReference(file:/Users/ryanmccormack/Documents/thunderdome/,root)))) to dead client play-fork-run-ab8fcbb5-3bde-41bb-b51a-053f5d87f6d2
Dropping message TaskStarted(193,25532,Some(AttributeKey[scala.collection.immutable.Map[org.apache.ivy.core.module.id.ModuleRevisionId,org.apache.ivy.core.module.descriptor.ModuleDescriptor]]("projectDescriptors") in Scope(Build: file:/Users/ryanmccormack/Documents/thunderdome/, , Project: ProjectReference(file:/Users/ryanmccormack/Documents/thunderdome/,root)))) to dead client play-fork-run-ab8fcbb5-3bde-41bb-b51a-053f5d87f6d2
Dropping message TaskStarted(193,25536,None) to dead client play-fork-run-ab8fcbb5-3bde-41bb-b51a-053f5d87f6d2
Dropping message TaskStarted(193,25554,Some(AttributeKey[sbt.ScalaInstance]("scalaInstance") in Scope(Build: file:/Users/ryanmccormack/Documents/thunderdome/, , Project: ProjectReference(file:/Users/ryanmccormack/Documents/thunderdome/,root)))) to dead client play-fork-run-ab8fcbb5-3bde-41bb-b51a-053f5d87f6d2
Dropping message TaskStarted(193,25561,None) to dead client play-fork-run-ab8fcbb5-3bde-41bb-b51a-053f5d87f6d2
Dropping message TaskStarted(193,25579,None) to dead client play-fork-run-ab8fcbb5-3bde-41bb-b51a-053f5d87f6d2
Dropping message TaskFinished(193,25539,Some(AttributeKey[scala.collection.immutable.Map[sbt.ModuleID,sbt.SourcePosition]]("dependencyPositions") in Scope(Build: file:/Users/ryanmccormack/Documents/thunderdome/, , Project: ProjectReference(file:/Users/ryanmccormack/Documents/thunderdome/,root))),true,None) to dead client play-fork-run-ab8fcbb5-3bde-41bb-b51a-053f5d87f6d2
Dropping message TaskStarted(193,25538,Some(AttributeKey[sbt.UnresolvedWarningConfiguration]("unresolvedWarningConfiguration") in Scope(Build: file:/Users/ryanmccormack/Documents/thunderdome/, , Project: ProjectReference(file:/Users/ryanmccormack/Documents/thunderdome/,root), Task: AttributeKey[sbt.UpdateReport]("update")))) to dead client play-fork-run-ab8fcbb5-3bde-41bb-b51a-053f5d87f6d2
Dropping message TaskFinished(193,25598,Some(AttributeKey[java.lang.String]("twirlSourceEncoding") in Scope(Build: file:/Users/ryanmccormack/Documents/thunderdome/, , Project: ProjectReference(file:/Users/ryanmccormack/Documents/thunderdome/,root))),true,None) to dead client play-fork-run-ab8fcbb5-3bde-41bb-b51a-053f5d87f6d2
Dropping message TaskStarted(193,25597,None) to dead client play-fork-run-ab8fcbb5-3bde-41bb-b51a-053f5d87f6d2
Dropping message TaskStarted(193,25606,None) to dead client play-fork-run-ab8fcbb5-3bde-41bb-b51a-053f5d87f6d2
Dropping message TaskFinished(193,25591,None,true,None) to dead client play-fork-run-ab8fcbb5-3bde-41bb-b51a-053f5d87f6d2
Dropping message TaskStarted(193,25590,Some(AttributeKey[scala.collection.Seq[play.routes.compiler.RoutesCompiler$RoutesCompilerTask]]("playRoutesTasks") in Scope(Build: file:/Users/ryanmccormack/Documents/thunderdome/, , Project: ProjectReference(file:/Users/ryanmccormack/Documents/thunderdome/,root), Config: compile))) to dead client play-fork-run-ab8fcbb5-3bde-41bb-b51a-053f5d87f6d2
Dropping message TaskFinished(193,25524,Some(AttributeKey[scala.collection.Seq[sbt.ModuleID]]("projectDependencies") in Scope(Build: file:/Users/ryanmccormack/Documents/thunderdome/, , Project: ProjectReference(file:/Users/ryanmccormack/Documents/thunderdome/,root))),true,None) to dead client play-fork-run-ab8fcbb5-3bde-41bb-b51a-053f5d87f6d2
Dropping message TaskStarted(193,25523,Some(AttributeKey[scala.collection.Seq[sbt.ModuleID]]("allDependencies") in Scope(Build: file:/Users/ryanmccormack/Documents/thunderdome/, , Project: ProjectReference(file:/Users/ryanmccormack/Documents/thunderdome/,root)))) to dead client play-fork-run-ab8fcbb5-3bde-41bb-b51a-053f5d87f6d2
Dropping message TaskStarted(193,25626,None) to dead client play-fork-run-ab8fcbb5-3bde-41bb-b51a-053f5d87f6d2
Dropping message TaskStarted(193,25627,None) to dead client play-fork-run-ab8fcbb5-3bde-41bb-b51a-053f5d87f6d2
Dropping message TaskStarted(193,25630,None) to dead client play-fork-run-ab8fcbb5-3bde-41bb-b51a-053f5d87f6d2
Dropping message TaskStarted(193,25635,None) to dead client play-fork-run-ab8fcbb5-3bde-41bb-b51a-053f5d87f6d2
Dropping message TaskStarted(193,25636,None) to dead client play-fork-run-ab8fcbb5-3bde-41bb-b51a-053f5d87f6d2
Dropping message TaskStarted(193,25638,None) to dead client play-fork-run-ab8fcbb5-3bde-41bb-b51a-053f5d87f6d2
Dropping message TaskFinished(193,25538,Some(AttributeKey[sbt.UnresolvedWarningConfiguration]("unresolvedWarningConfiguration") in Scope(Build: file:/Users/ryanmccormack/Documents/thunderdome/, , Project: ProjectReference(file:/Users/ryanmccormack/Documents/thunderdome/,root), Task: AttributeKey[sbt.UpdateReport]("update"))),true,None) to dead client play-fork-run-ab8fcbb5-3bde-41bb-b51a-053f5d87f6d2
Dropping message TaskFinished(193,25606,None,true,None) to dead client play-fork-run-ab8fcbb5-3bde-41bb-b51a-053f5d87f6d2
Dropping message TaskStarted(193,25605,Some(AttributeKey[scala.collection.Seq[scala.Function1[xsbti.Position,scala.Option[xsbti.Position]]]]("sourcePositionMappers") in Scope(Build: file:/Users/ryanmccormack/Documents/thunderdome/, , Project: ProjectReference(file:/Users/ryanmccormack/Documents/thunderdome/,root)))) to dead client play-fork-run-ab8fcbb5-3bde-41bb-b51a-053f5d87f6d2
Dropping message TaskStarted(193,25640,None) to dead client play-fork-run-ab8fcbb5-3bde-41bb-b51a-053f5d87f6d2
Dropping message TaskFinished(193,25523,Some(AttributeKey[scala.collection.Seq[sbt.ModuleID]]("allDependencies") in Scope(Build: file:/Users/ryanmccormack/Documents/thunderdome/, , Project: ProjectReference(file:/Users/ryanmccormack/Documents/thunderdome/,root))),true,None) to dead client play-fork-run-ab8fcbb5-3bde-41bb-b51a-053f5d87f6d2
Dropping message TaskStarted(193,25522,Some(AttributeKey[sbt.ModuleSettings]("moduleSettings") in Scope(Build: file:/Users/ryanmccormack/Documents/thunderdome/, , Project: ProjectReference(file:/Users/ryanmccormack/Documents/thunderdome/,root)))) to dead client play-fork-run-ab8fcbb5-3bde-41bb-b51a-053f5d87f6d2
Dropping message TaskFinished(193,25626,None,true,None) to dead client play-fork-run-ab8fcbb5-3bde-41bb-b51a-053f5d87f6d2
Dropping message TaskStarted(193,25625,None) to dead client play-fork-run-ab8fcbb5-3bde-41bb-b51a-053f5d87f6d2
Dropping message TaskFinished(193,25627,None,true,None) to dead client play-fork-run-ab8fcbb5-3bde-41bb-b51a-053f5d87f6d2
Dropping message TaskFinished(193,25536,None,true,None) to dead client play-fork-run-ab8fcbb5-3bde-41bb-b51a-053f5d87f6d2
Dropping message TaskFinished(193,25630,None,true,None) to dead client play-fork-run-ab8fcbb5-3bde-41bb-b51a-053f5d87f6d2
Dropping message TaskStarted(193,25629,None) to dead client play-fork-run-ab8fcbb5-3bde-41bb-b51a-053f5d87f6d2
Dropping message TaskFinished(193,25635,None,true,None) to dead client play-fork-run-ab8fcbb5-3bde-41bb-b51a-053f5d87f6d2
Dropping message TaskFinished(193,25636,None,true,None) to dead client play-fork-run-ab8fcbb5-3bde-41bb-b51a-053f5d87f6d2
Dropping message TaskStarted(193,25634,Some(AttributeKey[scala.collection.Seq[sbt.Attributed[java.io.File]]]("unmanagedJars") in Scope(Build: file:/Users/ryanmccormack/Documents/thunderdome/, , Project: ProjectReference(file:/Users/ryanmccormack/Documents/thunderdome/,root), Config: compile))) to dead client play-fork-run-ab8fcbb5-3bde-41bb-b51a-053f5d87f6d2
Dropping message TaskFinished(193,25638,None,true,None) to dead client play-fork-run-ab8fcbb5-3bde-41bb-b51a-053f5d87f6d2
Dropping message TaskStarted(193,25637,None) to dead client play-fork-run-ab8fcbb5-3bde-41bb-b51a-053f5d87f6d2
Dropping message TaskFinished(193,25605,Some(AttributeKey[scala.collection.Seq[scala.Function1[xsbti.Position,scala.Option[xsbti.Position]]]]("sourcePositionMappers") in Scope(Build: file:/Users/ryanmccormack/Documents/thunderdome/, , Project: ProjectReference(file:/Users/ryanmccormack/Documents/thunderdome/,root))),true,None) to dead client play-fork-run-ab8fcbb5-3bde-41bb-b51a-053f5d87f6d2
Dropping message TaskStarted(193,25603,Some(AttributeKey[scala.collection.Seq[scala.Function1[xsbti.Position,scala.Option[xsbti.Position]]]]("sourcePositionMappers") in Scope(Build: file:/Users/ryanmccormack/Documents/thunderdome/, , Project: ProjectReference(file:/Users/ryanmccormack/Documents/thunderdome/,root)))) to dead client play-fork-run-ab8fcbb5-3bde-41bb-b51a-053f5d87f6d2
Dropping message TaskFinished(193,25640,None,true,None) to dead client play-fork-run-ab8fcbb5-3bde-41bb-b51a-053f5d87f6d2
Dropping message TaskStarted(193,25639,None) to dead client play-fork-run-ab8fcbb5-3bde-41bb-b51a-053f5d87f6d2
Dropping message TaskFinished(193,25522,Some(AttributeKey[sbt.ModuleSettings]("moduleSettings") in Scope(Build: file:/Users/ryanmccormack/Documents/thunderdome/, , Project: ProjectReference(file:/Users/ryanmccormack/Documents/thunderdome/,root))),true,None) to dead client play-fork-run-ab8fcbb5-3bde-41bb-b51a-053f5d87f6d2
Dropping message TaskFinished(193,25625,None,true,None) to dead client play-fork-run-ab8fcbb5-3bde-41bb-b51a-053f5d87f6d2
Dropping message TaskFinished(193,25532,Some(AttributeKey[scala.collection.immutable.Map[org.apache.ivy.core.module.id.ModuleRevisionId,org.apache.ivy.core.module.descriptor.ModuleDescriptor]]("projectDescriptors") in Scope(Build: file:/Users/ryanmccormack/Documents/thunderdome/, , Project: ProjectReference(file:/Users/ryanmccormack/Documents/thunderdome/,root))),true,None) to dead client play-fork-run-ab8fcbb5-3bde-41bb-b51a-053f5d87f6d2
Dropping message TaskStarted(193,25531,Some(AttributeKey[sbt.Resolver]("projectResolver") in Scope(Build: file:/Users/ryanmccormack/Documents/thunderdome/, , Project: ProjectReference(file:/Users/ryanmccormack/Documents/thunderdome/,root)))) to dead client play-fork-run-ab8fcbb5-3bde-41bb-b51a-053f5d87f6d2
Dropping message TaskFinished(193,25629,None,true,None) to dead client play-fork-run-ab8fcbb5-3bde-41bb-b51a-053f5d87f6d2
Dropping message TaskFinished(193,25561,None,true,None) to dead client play-fork-run-ab8fcbb5-3bde-41bb-b51a-053f5d87f6d2
Dropping message TaskFinished(193,25634,Some(AttributeKey[scala.collection.Seq[sbt.Attributed[java.io.File]]]("unmanagedJars") in Scope(Build: file:/Users/ryanmccormack/Documents/thunderdome/, , Project: ProjectReference(file:/Users/ryanmccormack/Documents/thunderdome/,root), Config: compile)),true,None) to dead client play-fork-run-ab8fcbb5-3bde-41bb-b51a-053f5d87f6d2
Dropping message TaskStarted(193,25641,None) to dead client play-fork-run-ab8fcbb5-3bde-41bb-b51a-053f5d87f6d2
Dropping message TaskFinished(193,25603,Some(AttributeKey[scala.collection.Seq[scala.Function1[xsbti.Position,scala.Option[xsbti.Position]]]]("sourcePositionMappers") in Scope(Build: file:/Users/ryanmccormack/Documents/thunderdome/, , Project: ProjectReference(file:/Users/ryanmccormack/Documents/thunderdome/,root))),true,None) to dead client play-fork-run-ab8fcbb5-3bde-41bb-b51a-053f5d87f6d2
Dropping message TaskFinished(193,25639,None,true,None) to dead client play-fork-run-ab8fcbb5-3bde-41bb-b51a-053f5d87f6d2
Dropping message TaskFinished(193,25590,Some(AttributeKey[scala.collection.Seq[play.routes.compiler.RoutesCompiler$RoutesCompilerTask]]("playRoutesTasks") in Scope(Build: file:/Users/ryanmccormack/Documents/thunderdome/, , Project: ProjectReference(file:/Users/ryanmccormack/Documents/thunderdome/,root), Config: compile)),true,None) to dead client play-fork-run-ab8fcbb5-3bde-41bb-b51a-053f5d87f6d2
Dropping message TaskStarted(193,25589,Some(AttributeKey[scala.collection.Seq[java.io.File]]("playRoutes") in Scope(Build: file:/Users/ryanmccormack/Documents/thunderdome/, , Project: ProjectReference(file:/Users/ryanmccormack/Documents/thunderdome/,root), Config: compile))) to dead client play-fork-run-ab8fcbb5-3bde-41bb-b51a-053f5d87f6d2
Dropping message TaskFinished(193,25531,Some(AttributeKey[sbt.Resolver]("projectResolver") in Scope(Build: file:/Users/ryanmccormack/Documents/thunderdome/, , Project: ProjectReference(file:/Users/ryanmccormack/Documents/thunderdome/,root))),true,None) to dead client play-fork-run-ab8fcbb5-3bde-41bb-b51a-053f5d87f6d2
Dropping message TaskStarted(193,25529,Some(AttributeKey[scala.collection.Seq[sbt.Resolver]]("fullResolvers") in Scope(Build: file:/Users/ryanmccormack/Documents/thunderdome/, , Project: ProjectReference(file:/Users/ryanmccormack/Documents/thunderdome/,root)))) to dead client play-fork-run-ab8fcbb5-3bde-41bb-b51a-053f5d87f6d2
Dropping message TaskFinished(193,25641,None,true,None) to dead client play-fork-run-ab8fcbb5-3bde-41bb-b51a-053f5d87f6d2
Dropping message TaskFinished(193,25637,None,true,None) to dead client play-fork-run-ab8fcbb5-3bde-41bb-b51a-053f5d87f6d2
Dropping message TaskStarted(193,25633,Some(AttributeKey[scala.collection.Seq[sbt.Attributed[java.io.File]]]("unmanagedJars") in Scope(Build: file:/Users/ryanmccormack/Documents/thunderdome/, , Project: ProjectReference(file:/Users/ryanmccormack/Documents/thunderdome/,root), Config: compile))) to dead client play-fork-run-ab8fcbb5-3bde-41bb-b51a-053f5d87f6d2
Dropping message TaskFinished(193,25529,Some(AttributeKey[scala.collection.Seq[sbt.Resolver]]("fullResolvers") in Scope(Build: file:/Users/ryanmccormack/Documents/thunderdome/, , Project: ProjectReference(file:/Users/ryanmccormack/Documents/thunderdome/,root))),true,None) to dead client play-fork-run-ab8fcbb5-3bde-41bb-b51a-053f5d87f6d2
Dropping message TaskStarted(193,25527,Some(AttributeKey[sbt.IvyConfiguration]("ivyConfiguration") in Scope(Build: file:/Users/ryanmccormack/Documents/thunderdome/, , Project: ProjectReference(file:/Users/ryanmccormack/Documents/thunderdome/,root)))) to dead client play-fork-run-ab8fcbb5-3bde-41bb-b51a-053f5d87f6d2
Dropping message TaskFinished(193,25589,Some(AttributeKey[scala.collection.Seq[java.io.File]]("playRoutes") in Scope(Build: file:/Users/ryanmccormack/Documents/thunderdome/, , Project: ProjectReference(file:/Users/ryanmccormack/Documents/thunderdome/,root), Config: compile)),true,None) to dead client play-fork-run-ab8fcbb5-3bde-41bb-b51a-053f5d87f6d2
Dropping message TaskFinished(193,25633,Some(AttributeKey[scala.collection.Seq[sbt.Attributed[java.io.File]]]("unmanagedJars") in Scope(Build: file:/Users/ryanmccormack/Documents/thunderdome/, , Project: ProjectReference(file:/Users/ryanmccormack/Documents/thunderdome/,root), Config: compile)),true,None) to dead client play-fork-run-ab8fcbb5-3bde-41bb-b51a-053f5d87f6d2
Dropping message TaskStarted(193,25632,None) to dead client play-fork-run-ab8fcbb5-3bde-41bb-b51a-053f5d87f6d2
Dropping message TaskFinished(193,25527,Some(AttributeKey[sbt.IvyConfiguration]("ivyConfiguration") in Scope(Build: file:/Users/ryanmccormack/Documents/thunderdome/, , Project: ProjectReference(file:/Users/ryanmccormack/Documents/thunderdome/,root))),true,None) to dead client play-fork-run-ab8fcbb5-3bde-41bb-b51a-053f5d87f6d2
Dropping message TaskStarted(193,25525,Some(AttributeKey[sbt.IvySbt]("ivySbt") in Scope(Build: file:/Users/ryanmccormack/Documents/thunderdome/, , Project: ProjectReference(file:/Users/ryanmccormack/Documents/thunderdome/,root)))) to dead client play-fork-run-ab8fcbb5-3bde-41bb-b51a-053f5d87f6d2
Dropping message TaskFinished(193,25632,None,true,None) to dead client play-fork-run-ab8fcbb5-3bde-41bb-b51a-053f5d87f6d2
Dropping message TaskStarted(193,25631,None) to dead client play-fork-run-ab8fcbb5-3bde-41bb-b51a-053f5d87f6d2
Dropping message TaskFinished(193,25525,Some(AttributeKey[sbt.IvySbt]("ivySbt") in Scope(Build: file:/Users/ryanmccormack/Documents/thunderdome/, , Project: ProjectReference(file:/Users/ryanmccormack/Documents/thunderdome/,root))),true,None) to dead client play-fork-run-ab8fcbb5-3bde-41bb-b51a-053f5d87f6d2
Dropping message TaskStarted(193,25521,Some(AttributeKey[sbt.IvySbt$Module]("ivyModule") in Scope(Build: file:/Users/ryanmccormack/Documents/thunderdome/, , Project: ProjectReference(file:/Users/ryanmccormack/Documents/thunderdome/,root)))) to dead client play-fork-run-ab8fcbb5-3bde-41bb-b51a-053f5d87f6d2
Dropping message TaskFinished(193,25631,None,true,None) to dead client play-fork-run-ab8fcbb5-3bde-41bb-b51a-053f5d87f6d2
Dropping message TaskFinished(193,25579,None,true,None) to dead client play-fork-run-ab8fcbb5-3bde-41bb-b51a-053f5d87f6d2
Dropping message TaskStarted(193,25577,Some(AttributeKey[scala.collection.Seq[sbt.Attributed[java.io.File]]]("unmanagedClasspath") in Scope(Build: file:/Users/ryanmccormack/Documents/thunderdome/, , Project: ProjectReference(file:/Users/ryanmccormack/Documents/thunderdome/,root), Config: compile))) to dead client play-fork-run-ab8fcbb5-3bde-41bb-b51a-053f5d87f6d2
Dropping message TaskFinished(193,25521,Some(AttributeKey[sbt.IvySbt$Module]("ivyModule") in Scope(Build: file:/Users/ryanmccormack/Documents/thunderdome/, , Project: ProjectReference(file:/Users/ryanmccormack/Documents/thunderdome/,root))),true,None) to dead client play-fork-run-ab8fcbb5-3bde-41bb-b51a-053f5d87f6d2
Dropping message TaskStarted(193,25513,Some(AttributeKey[sbt.UpdateReport]("update") in Scope(Build: file:/Users/ryanmccormack/Documents/thunderdome/, , Project: ProjectReference(file:/Users/ryanmccormack/Documents/thunderdome/,root)))) to dead client play-fork-run-ab8fcbb5-3bde-41bb-b51a-053f5d87f6d2
Dropping message TaskFinished(193,25577,Some(AttributeKey[scala.collection.Seq[sbt.Attributed[java.io.File]]]("unmanagedClasspath") in Scope(Build: file:/Users/ryanmccormack/Documents/thunderdome/, , Project: ProjectReference(file:/Users/ryanmccormack/Documents/thunderdome/,root), Config: compile)),true,None) to dead client play-fork-run-ab8fcbb5-3bde-41bb-b51a-053f5d87f6d2
Dropping message TaskFinished(193,25597,None,true,None) to dead client play-fork-run-ab8fcbb5-3bde-41bb-b51a-053f5d87f6d2
Dropping message TaskStarted(193,25596,Some(AttributeKey[scala.collection.Seq[java.io.File]]("twirlCompileTemplates") in Scope(Build: file:/Users/ryanmccormack/Documents/thunderdome/, , Project: ProjectReference(file:/Users/ryanmccormack/Documents/thunderdome/,root), Config: compile))) to dead client play-fork-run-ab8fcbb5-3bde-41bb-b51a-053f5d87f6d2
Dropping message TaskFinished(193,25596,Some(AttributeKey[scala.collection.Seq[java.io.File]]("twirlCompileTemplates") in Scope(Build: file:/Users/ryanmccormack/Documents/thunderdome/, , Project: ProjectReference(file:/Users/ryanmccormack/Documents/thunderdome/,root), Config: compile)),true,None) to dead client play-fork-run-ab8fcbb5-3bde-41bb-b51a-053f5d87f6d2
Dropping message TaskStarted(193,25588,None) to dead client play-fork-run-ab8fcbb5-3bde-41bb-b51a-053f5d87f6d2
Dropping message TaskFinished(193,25588,None,true,None) to dead client play-fork-run-ab8fcbb5-3bde-41bb-b51a-053f5d87f6d2
Dropping message TaskStarted(193,25587,Some(AttributeKey[scala.collection.Seq[java.io.File]]("managedSources") in Scope(Build: file:/Users/ryanmccormack/Documents/thunderdome/, , Project: ProjectReference(file:/Users/ryanmccormack/Documents/thunderdome/,root), Config: compile))) to dead client play-fork-run-ab8fcbb5-3bde-41bb-b51a-053f5d87f6d2
Dropping message TaskFinished(193,25587,Some(AttributeKey[scala.collection.Seq[java.io.File]]("managedSources") in Scope(Build: file:/Users/ryanmccormack/Documents/thunderdome/, , Project: ProjectReference(file:/Users/ryanmccormack/Documents/thunderdome/,root), Config: compile)),true,None) to dead client play-fork-run-ab8fcbb5-3bde-41bb-b51a-053f5d87f6d2
Dropping message TaskStarted(193,25584,Some(AttributeKey[scala.collection.Seq[java.io.File]]("sources") in Scope(Build: file:/Users/ryanmccormack/Documents/thunderdome/, , Project: ProjectReference(file:/Users/ryanmccormack/Documents/thunderdome/,root), Config: compile))) to dead client play-fork-run-ab8fcbb5-3bde-41bb-b51a-053f5d87f6d2
Dropping message TaskFinished(193,25584,Some(AttributeKey[scala.collection.Seq[java.io.File]]("sources") in Scope(Build: file:/Users/ryanmccormack/Documents/thunderdome/, , Project: ProjectReference(file:/Users/ryanmccormack/Documents/thunderdome/,root), Config: compile)),true,None) to dead client play-fork-run-ab8fcbb5-3bde-41bb-b51a-053f5d87f6d2
Dropping message TaskFinished(193,25513,Some(AttributeKey[sbt.UpdateReport]("update") in Scope(Build: file:/Users/ryanmccormack/Documents/thunderdome/, , Project: ProjectReference(file:/Users/ryanmccormack/Documents/thunderdome/,root))),true,None) to dead client play-fork-run-ab8fcbb5-3bde-41bb-b51a-053f5d87f6d2
Dropping message TaskStarted(193,25511,Some(AttributeKey[sbt.UpdateReport]("update") in Scope(Build: file:/Users/ryanmccormack/Documents/thunderdome/, , Project: ProjectReference(file:/Users/ryanmccormack/Documents/thunderdome/,root)))) to dead client play-fork-run-ab8fcbb5-3bde-41bb-b51a-053f5d87f6d2
Dropping message TaskFinished(193,25511,Some(AttributeKey[sbt.UpdateReport]("update") in Scope(Build: file:/Users/ryanmccormack/Documents/thunderdome/, , Project: ProjectReference(file:/Users/ryanmccormack/Documents/thunderdome/,root))),true,None) to dead client play-fork-run-ab8fcbb5-3bde-41bb-b51a-053f5d87f6d2
Dropping message TaskStarted(193,25542,Some(AttributeKey[sbt.Configuration]("classpathConfiguration") in Scope(Build: file:/Users/ryanmccormack/Documents/thunderdome/, , Project: ProjectReference(file:/Users/ryanmccormack/Documents/thunderdome/,root), Config: compile))) to dead client play-fork-run-ab8fcbb5-3bde-41bb-b51a-053f5d87f6d2
Dropping message TaskStarted(193,25557,Some(AttributeKey[scala.collection.Seq[java.lang.String]]("scalacOptions") in Scope(Build: file:/Users/ryanmccormack/Documents/thunderdome/, , Project: ProjectReference(file:/Users/ryanmccormack/Documents/thunderdome/,root), Config: compile))) to dead client play-fork-run-ab8fcbb5-3bde-41bb-b51a-053f5d87f6d2
Dropping message TaskStarted(193,25628,None) to dead client play-fork-run-ab8fcbb5-3bde-41bb-b51a-053f5d87f6d2
Dropping message TaskFinished(193,25542,Some(AttributeKey[sbt.Configuration]("classpathConfiguration") in Scope(Build: file:/Users/ryanmccormack/Documents/thunderdome/, , Project: ProjectReference(file:/Users/ryanmccormack/Documents/thunderdome/,root), Config: compile)),true,None) to dead client play-fork-run-ab8fcbb5-3bde-41bb-b51a-053f5d87f6d2
Dropping message TaskStarted(193,25541,None) to dead client play-fork-run-ab8fcbb5-3bde-41bb-b51a-053f5d87f6d2
Dropping message TaskStarted(193,25575,None) to dead client play-fork-run-ab8fcbb5-3bde-41bb-b51a-053f5d87f6d2
Dropping message TaskStarted(193,25581,None) to dead client play-fork-run-ab8fcbb5-3bde-41bb-b51a-053f5d87f6d2
Dropping message TaskFinished(193,25628,None,true,None) to dead client play-fork-run-ab8fcbb5-3bde-41bb-b51a-053f5d87f6d2
Dropping message TaskFinished(193,25554,Some(AttributeKey[sbt.ScalaInstance]("scalaInstance") in Scope(Build: file:/Users/ryanmccormack/Documents/thunderdome/, , Project: ProjectReference(file:/Users/ryanmccormack/Documents/thunderdome/,root))),true,None) to dead client play-fork-run-ab8fcbb5-3bde-41bb-b51a-053f5d87f6d2
Dropping message TaskStarted(193,25552,Some(AttributeKey[sbt.Compiler$Compilers]("compilers") in Scope(Global))) to dead client play-fork-run-ab8fcbb5-3bde-41bb-b51a-053f5d87f6d2
Dropping message TaskFinished(193,25541,None,true,None) to dead client play-fork-run-ab8fcbb5-3bde-41bb-b51a-053f5d87f6d2
Dropping message TaskStarted(193,25510,Some(AttributeKey[sbt.Configuration]("classpathConfiguration") in Scope(Build: file:/Users/ryanmccormack/Documents/thunderdome/, , Project: ProjectReference(file:/Users/ryanmccormack/Documents/thunderdome/,root), Config: runtime))) to dead client play-fork-run-ab8fcbb5-3bde-41bb-b51a-053f5d87f6d2
Dropping message TaskStarted(193,25644,None) to dead client play-fork-run-ab8fcbb5-3bde-41bb-b51a-053f5d87f6d2
Dropping message TaskStarted(193,25645,None) to dead client play-fork-run-ab8fcbb5-3bde-41bb-b51a-053f5d87f6d2
Dropping message TaskFinished(193,25557,Some(AttributeKey[scala.collection.Seq[java.lang.String]]("scalacOptions") in Scope(Build: file:/Users/ryanmccormack/Documents/thunderdome/, , Project: ProjectReference(file:/Users/ryanmccormack/Documents/thunderdome/,root), Config: compile)),true,None) to dead client play-fork-run-ab8fcbb5-3bde-41bb-b51a-053f5d87f6d2
Dropping message TaskFinished(193,25575,None,true,None) to dead client play-fork-run-ab8fcbb5-3bde-41bb-b51a-053f5d87f6d2
Dropping message TaskStarted(193,25574,Some(AttributeKey[scala.collection.Seq[sbt.Attributed[java.io.File]]]("managedClasspath") in Scope(Build: file:/Users/ryanmccormack/Documents/thunderdome/, , Project: ProjectReference(file:/Users/ryanmccormack/Documents/thunderdome/,root), Config: compile))) to dead client play-fork-run-ab8fcbb5-3bde-41bb-b51a-053f5d87f6d2
Dropping message TaskFinished(193,25552,Some(AttributeKey[sbt.Compiler$Compilers]("compilers") in Scope(Global)),true,None) to dead client play-fork-run-ab8fcbb5-3bde-41bb-b51a-053f5d87f6d2
Dropping message TaskFinished(193,25510,Some(AttributeKey[sbt.Configuration]("classpathConfiguration") in Scope(Build: file:/Users/ryanmccormack/Documents/thunderdome/, , Project: ProjectReference(file:/Users/ryanmccormack/Documents/thunderdome/,root), Config: runtime)),true,None) to dead client play-fork-run-ab8fcbb5-3bde-41bb-b51a-053f5d87f6d2
Dropping message TaskStarted(193,25509,None) to dead client play-fork-run-ab8fcbb5-3bde-41bb-b51a-053f5d87f6d2
Dropping message TaskFinished(193,25644,None,true,None) to dead client play-fork-run-ab8fcbb5-3bde-41bb-b51a-053f5d87f6d2
Dropping message TaskFinished(193,25645,None,true,None) to dead client play-fork-run-ab8fcbb5-3bde-41bb-b51a-053f5d87f6d2
Dropping message TaskStarted(193,25643,None) to dead client play-fork-run-ab8fcbb5-3bde-41bb-b51a-053f5d87f6d2
Dropping message TaskFinished(193,25574,Some(AttributeKey[scala.collection.Seq[sbt.Attributed[java.io.File]]]("managedClasspath") in Scope(Build: file:/Users/ryanmccormack/Documents/thunderdome/, , Project: ProjectReference(file:/Users/ryanmccormack/Documents/thunderdome/,root), Config: compile)),true,None) to dead client play-fork-run-ab8fcbb5-3bde-41bb-b51a-053f5d87f6d2
Dropping message TaskStarted(193,25573,None) to dead client play-fork-run-ab8fcbb5-3bde-41bb-b51a-053f5d87f6d2
Dropping message TaskStarted(193,25648,None) to dead client play-fork-run-ab8fcbb5-3bde-41bb-b51a-053f5d87f6d2
Dropping message TaskStarted(193,25651,None) to dead client play-fork-run-ab8fcbb5-3bde-41bb-b51a-053f5d87f6d2
Dropping message TaskStarted(193,25653,None) to dead client play-fork-run-ab8fcbb5-3bde-41bb-b51a-053f5d87f6d2
Dropping message TaskStarted(193,25666,None) to dead client play-fork-run-ab8fcbb5-3bde-41bb-b51a-053f5d87f6d2
Dropping message TaskStarted(193,25667,Some(AttributeKey[scala.collection.Seq[java.io.File]]("unmanagedSources") in Scope(Build: file:/Users/ryanmccormack/Documents/thunderdome/, , Project: ProjectReference(file:/Users/ryanmccormack/Documents/thunderdome/,root), Config: web-assets))) to dead client play-fork-run-ab8fcbb5-3bde-41bb-b51a-053f5d87f6d2
Dropping message TaskStarted(193,25678,Some(AttributeKey[scala.collection.Seq[java.lang.String]]("webDirectWebModules") in Scope(Build: file:/Users/ryanmccormack/Documents/thunderdome/, , Project: ProjectReference(file:/Users/ryanmccormack/Documents/thunderdome/,root), Config: web-assets))) to dead client play-fork-run-ab8fcbb5-3bde-41bb-b51a-053f5d87f6d2
Dropping message TaskStarted(193,25683,None) to dead client play-fork-run-ab8fcbb5-3bde-41bb-b51a-053f5d87f6d2
Dropping message TaskStarted(193,25684,Some(AttributeKey[scala.collection.Seq[java.io.File]]("unmanagedResources") in Scope(Build: file:/Users/ryanmccormack/Documents/thunderdome/, , Project: ProjectReference(file:/Users/ryanmccormack/Documents/thunderdome/,root), Config: web-assets))) to dead client play-fork-run-ab8fcbb5-3bde-41bb-b51a-053f5d87f6d2
Dropping message TaskStarted(193,25686,None) to dead client play-fork-run-ab8fcbb5-3bde-41bb-b51a-053f5d87f6d2
Dropping message TaskStarted(193,25687,Some(AttributeKey[scala.collection.Seq[scala.Function1[scala.collection.Seq[java.io.File],scala.Option[java.io.File]]]]("webDeduplicators") in Scope(Build: file:/Users/ryanmccormack/Documents/thunderdome/, , Project: ProjectReference(file:/Users/ryanmccormack/Documents/thunderdome/,root), Config: web-assets))) to dead client play-fork-run-ab8fcbb5-3bde-41bb-b51a-053f5d87f6d2
Dropping message TaskStarted(193,25688,None) to dead client play-fork-run-ab8fcbb5-3bde-41bb-b51a-053f5d87f6d2
Dropping message TaskFinished(193,25643,None,true,None) to dead client play-fork-run-ab8fcbb5-3bde-41bb-b51a-053f5d87f6d2
Dropping message TaskStarted(193,25642,None) to dead client play-fork-run-ab8fcbb5-3bde-41bb-b51a-053f5d87f6d2
Dropping message TaskFinished(193,25573,None,true,None) to dead client play-fork-run-ab8fcbb5-3bde-41bb-b51a-053f5d87f6d2
Dropping message TaskStarted(193,25571,Some(AttributeKey[scala.collection.Seq[sbt.Attributed[java.io.File]]]("externalDependencyClasspath") in Scope(Build: file:/Users/ryanmccormack/Documents/thunderdome/, , Project: ProjectReference(file:/Users/ryanmccormack/Documents/thunderdome/,root), Config: compile))) to dead client play-fork-run-ab8fcbb5-3bde-41bb-b51a-053f5d87f6d2
Dropping message TaskFinished(193,25648,None,true,None) to dead client play-fork-run-ab8fcbb5-3bde-41bb-b51a-053f5d87f6d2
Dropping message TaskFinished(193,25651,None,true,None) to dead client play-fork-run-ab8fcbb5-3bde-41bb-b51a-053f5d87f6d2
Dropping message TaskFinished(193,25666,None,true,None) to dead client play-fork-run-ab8fcbb5-3bde-41bb-b51a-053f5d87f6d2
Dropping message TaskStarted(193,25665,None) to dead client play-fork-run-ab8fcbb5-3bde-41bb-b51a-053f5d87f6d2
Dropping message TaskFinished(193,25667,Some(AttributeKey[scala.collection.Seq[java.io.File]]("unmanagedSources") in Scope(Build: file:/Users/ryanmccormack/Documents/thunderdome/, , Project: ProjectReference(file:/Users/ryanmccormack/Documents/thunderdome/,root), Config: web-assets)),true,None) to dead client play-fork-run-ab8fcbb5-3bde-41bb-b51a-053f5d87f6d2
Dropping message TaskFinished(193,25678,Some(AttributeKey[scala.collection.Seq[java.lang.String]]("webDirectWebModules") in Scope(Build: file:/Users/ryanmccormack/Documents/thunderdome/, , Project: ProjectReference(file:/Users/ryanmccormack/Documents/thunderdome/,root), Config: web-assets)),true,None) to dead client play-fork-run-ab8fcbb5-3bde-41bb-b51a-053f5d87f6d2
Dropping message TaskFinished(193,25683,None,true,None) to dead client play-fork-run-ab8fcbb5-3bde-41bb-b51a-053f5d87f6d2
Dropping message TaskStarted(193,25682,None) to dead client play-fork-run-ab8fcbb5-3bde-41bb-b51a-053f5d87f6d2
Dropping message TaskFinished(193,25686,None,true,None) to dead client play-fork-run-ab8fcbb5-3bde-41bb-b51a-053f5d87f6d2
Dropping message TaskStarted(193,25685,Some(AttributeKey[scala.Function1[scala.collection.Seq[scala.Tuple2[java.io.File,java.lang.String]],scala.collection.Seq[scala.Tuple2[java.io.File,java.lang.String]]]]("webAllPipelineStages") in Scope(Build: file:/Users/ryanmccormack/Documents/thunderdome/, , Project: ProjectReference(file:/Users/ryanmccormack/Documents/thunderdome/,root), Config: web-assets))) to dead client play-fork-run-ab8fcbb5-3bde-41bb-b51a-053f5d87f6d2
Dropping message TaskFinished(193,25684,Some(AttributeKey[scala.collection.Seq[java.io.File]]("unmanagedResources") in Scope(Build: file:/Users/ryanmccormack/Documents/thunderdome/, , Project: ProjectReference(file:/Users/ryanmccormack/Documents/thunderdome/,root), Config: web-assets)),true,None) to dead client play-fork-run-ab8fcbb5-3bde-41bb-b51a-053f5d87f6d2
Dropping message TaskFinished(193,25687,Some(AttributeKey[scala.collection.Seq[scala.Function1[scala.collection.Seq[java.io.File],scala.Option[java.io.File]]]]("webDeduplicators") in Scope(Build: file:/Users/ryanmccormack/Documents/thunderdome/, , Project: ProjectReference(file:/Users/ryanmccormack/Documents/thunderdome/,root), Config: web-assets)),true,None) to dead client play-fork-run-ab8fcbb5-3bde-41bb-b51a-053f5d87f6d2
Dropping message TaskFinished(193,25688,None,true,None) to dead client play-fork-run-ab8fcbb5-3bde-41bb-b51a-053f5d87f6d2
Dropping message TaskFinished(193,25642,None,true,None) to dead client play-fork-run-ab8fcbb5-3bde-41bb-b51a-053f5d87f6d2
Dropping message TaskFinished(193,25581,None,true,None) to dead client play-fork-run-ab8fcbb5-3bde-41bb-b51a-053f5d87f6d2
Dropping message TaskStarted(193,25580,Some(AttributeKey[scala.collection.Seq[sbt.Attributed[java.io.File]]]("internalDependencyClasspath") in Scope(Build: file:/Users/ryanmccormack/Documents/thunderdome/, , Project: ProjectReference(file:/Users/ryanmccormack/Documents/thunderdome/,root), Config: compile))) to dead client play-fork-run-ab8fcbb5-3bde-41bb-b51a-053f5d87f6d2
Dropping message TaskFinished(193,25571,Some(AttributeKey[scala.collection.Seq[sbt.Attributed[java.io.File]]]("externalDependencyClasspath") in Scope(Build: file:/Users/ryanmccormack/Documents/thunderdome/, , Project: ProjectReference(file:/Users/ryanmccormack/Documents/thunderdome/,root), Config: compile)),true,None) to dead client play-fork-run-ab8fcbb5-3bde-41bb-b51a-053f5d87f6d2
Dropping message TaskFinished(193,25665,None,true,None) to dead client play-fork-run-ab8fcbb5-3bde-41bb-b51a-053f5d87f6d2
Dropping message TaskStarted(193,25664,Some(AttributeKey[scala.collection.Seq[java.io.File]]("managedSources") in Scope(Build: file:/Users/ryanmccormack/Documents/thunderdome/, , Project: ProjectReference(file:/Users/ryanmccormack/Documents/thunderdome/,root), Config: web-assets))) to dead client play-fork-run-ab8fcbb5-3bde-41bb-b51a-053f5d87f6d2
Dropping message TaskFinished(193,25682,None,true,None) to dead client play-fork-run-ab8fcbb5-3bde-41bb-b51a-053f5d87f6d2
Dropping message TaskStarted(193,25681,Some(AttributeKey[scala.collection.Seq[java.io.File]]("managedResources") in Scope(Build: file:/Users/ryanmccormack/Documents/thunderdome/, , Project: ProjectReference(file:/Users/ryanmccormack/Documents/thunderdome/,root), Config: web-assets))) to dead client play-fork-run-ab8fcbb5-3bde-41bb-b51a-053f5d87f6d2
Dropping message TaskStarted(193,25690,None) to dead client play-fork-run-ab8fcbb5-3bde-41bb-b51a-053f5d87f6d2
Dropping message TaskFinished(193,25580,Some(AttributeKey[scala.collection.Seq[sbt.Attributed[java.io.File]]]("internalDependencyClasspath") in Scope(Build: file:/Users/ryanmccormack/Documents/thunderdome/, , Project: ProjectReference(file:/Users/ryanmccormack/Documents/thunderdome/,root), Config: compile)),true,None) to dead client play-fork-run-ab8fcbb5-3bde-41bb-b51a-053f5d87f6d2
Dropping message TaskStarted(193,25570,None) to dead client play-fork-run-ab8fcbb5-3bde-41bb-b51a-053f5d87f6d2
Dropping message TaskStarted(193,25677,Some(AttributeKey[scala.collection.Seq[java.lang.String]]("webInternalWebModules") in Scope(Build: file:/Users/ryanmccormack/Documents/thunderdome/, , Project: ProjectReference(file:/Users/ryanmccormack/Documents/thunderdome/,root), Config: web-assets))) to dead client play-fork-run-ab8fcbb5-3bde-41bb-b51a-053f5d87f6d2
Dropping message TaskFinished(193,25664,Some(AttributeKey[scala.collection.Seq[java.io.File]]("managedSources") in Scope(Build: file:/Users/ryanmccormack/Documents/thunderdome/, , Project: ProjectReference(file:/Users/ryanmccormack/Documents/thunderdome/,root), Config: web-assets)),true,None) to dead client play-fork-run-ab8fcbb5-3bde-41bb-b51a-053f5d87f6d2
Dropping message TaskStarted(193,25663,Some(AttributeKey[scala.collection.Seq[java.io.File]]("sources") in Scope(Build: file:/Users/ryanmccormack/Documents/thunderdome/, , Project: ProjectReference(file:/Users/ryanmccormack/Documents/thunderdome/,root), Config: web-assets))) to dead client play-fork-run-ab8fcbb5-3bde-41bb-b51a-053f5d87f6d2
Dropping message TaskFinished(193,25681,Some(AttributeKey[scala.collection.Seq[java.io.File]]("managedResources") in Scope(Build: file:/Users/ryanmccormack/Documents/thunderdome/, , Project: ProjectReference(file:/Users/ryanmccormack/Documents/thunderdome/,root), Config: web-assets)),true,None) to dead client play-fork-run-ab8fcbb5-3bde-41bb-b51a-053f5d87f6d2
Dropping message TaskStarted(193,25680,Some(AttributeKey[scala.collection.Seq[java.io.File]]("resources") in Scope(Build: file:/Users/ryanmccormack/Documents/thunderdome/, , Project: ProjectReference(file:/Users/ryanmccormack/Documents/thunderdome/,root), Config: web-assets))) to dead client play-fork-run-ab8fcbb5-3bde-41bb-b51a-053f5d87f6d2
Dropping message TaskFinished(193,25690,None,true,None) to dead client play-fork-run-ab8fcbb5-3bde-41bb-b51a-053f5d87f6d2
Dropping message TaskFinished(193,25685,Some(AttributeKey[scala.Function1[scala.collection.Seq[scala.Tuple2[java.io.File,java.lang.String]],scala.collection.Seq[scala.Tuple2[java.io.File,java.lang.String]]]]("webAllPipelineStages") in Scope(Build: file:/Users/ryanmccormack/Documents/thunderdome/, , Project: ProjectReference(file:/Users/ryanmccormack/Documents/thunderdome/,root), Config: web-assets)),true,None) to dead client play-fork-run-ab8fcbb5-3bde-41bb-b51a-053f5d87f6d2
Dropping message TaskFinished(193,25570,None,true,None) to dead client play-fork-run-ab8fcbb5-3bde-41bb-b51a-053f5d87f6d2
Dropping message TaskStarted(193,25569,Some(AttributeKey[scala.collection.Seq[sbt.Attributed[java.io.File]]]("dependencyClasspath") in Scope(Build: file:/Users/ryanmccormack/Documents/thunderdome/, , Project: ProjectReference(file:/Users/ryanmccormack/Documents/thunderdome/,root), Config: compile))) to dead client play-fork-run-ab8fcbb5-3bde-41bb-b51a-053f5d87f6d2
Dropping message TaskFinished(193,25677,Some(AttributeKey[scala.collection.Seq[java.lang.String]]("webInternalWebModules") in Scope(Build: file:/Users/ryanmccormack/Documents/thunderdome/, , Project: ProjectReference(file:/Users/ryanmccormack/Documents/thunderdome/,root), Config: web-assets)),true,None) to dead client play-fork-run-ab8fcbb5-3bde-41bb-b51a-053f5d87f6d2
Dropping message TaskStarted(193,25676,None) to dead client play-fork-run-ab8fcbb5-3bde-41bb-b51a-053f5d87f6d2
Dropping message TaskFinished(193,25663,Some(AttributeKey[scala.collection.Seq[java.io.File]]("sources") in Scope(Build: file:/Users/ryanmccormack/Documents/thunderdome/, , Project: ProjectReference(file:/Users/ryanmccormack/Documents/thunderdome/,root), Config: web-assets)),true,None) to dead client play-fork-run-ab8fcbb5-3bde-41bb-b51a-053f5d87f6d2
Dropping message TaskStarted(193,25662,Some(AttributeKey[scala.collection.Seq[scala.Tuple2[java.io.File,java.lang.String]]]("mappings") in Scope(Build: file:/Users/ryanmccormack/Documents/thunderdome/, , Project: ProjectReference(file:/Users/ryanmccormack/Documents/thunderdome/,root), Config: web-assets, Task: AttributeKey[scala.collection.Seq[java.io.File]]("sources")))) to dead client play-fork-run-ab8fcbb5-3bde-41bb-b51a-053f5d87f6d2
Dropping message TaskFinished(193,25680,Some(AttributeKey[scala.collection.Seq[java.io.File]]("resources") in Scope(Build: file:/Users/ryanmccormack/Documents/thunderdome/, , Project: ProjectReference(file:/Users/ryanmccormack/Documents/thunderdome/,root), Config: web-assets)),true,None) to dead client play-fork-run-ab8fcbb5-3bde-41bb-b51a-053f5d87f6d2
Dropping message TaskStarted(193,25679,Some(AttributeKey[scala.collection.Seq[scala.Tuple2[java.io.File,java.lang.String]]]("mappings") in Scope(Build: file:/Users/ryanmccormack/Documents/thunderdome/, , Project: ProjectReference(file:/Users/ryanmccormack/Documents/thunderdome/,root), Config: web-assets, Task: AttributeKey[scala.collection.Seq[java.io.File]]("resources")))) to dead client play-fork-run-ab8fcbb5-3bde-41bb-b51a-053f5d87f6d2
Dropping message TaskFinished(193,25569,Some(AttributeKey[scala.collection.Seq[sbt.Attributed[java.io.File]]]("dependencyClasspath") in Scope(Build: file:/Users/ryanmccormack/Documents/thunderdome/, , Project: ProjectReference(file:/Users/ryanmccormack/Documents/thunderdome/,root), Config: compile)),true,None) to dead client play-fork-run-ab8fcbb5-3bde-41bb-b51a-053f5d87f6d2
Dropping message TaskStarted(193,25562,Some(AttributeKey[sbt.Compiler$IncSetup]("incCompileSetup") in Scope(Build: file:/Users/ryanmccormack/Documents/thunderdome/, , Project: ProjectReference(file:/Users/ryanmccormack/Documents/thunderdome/,root), Config: compile))) to dead client play-fork-run-ab8fcbb5-3bde-41bb-b51a-053f5d87f6d2
Dropping message TaskStarted(193,25674,Some(AttributeKey[java.lang.ClassLoader]("webJarsClassloader") in Scope(Build: file:/Users/ryanmccormack/Documents/thunderdome/, , Project: ProjectReference(file:/Users/ryanmccormack/Documents/thunderdome/,root), Config: web-assets))) to dead client play-fork-run-ab8fcbb5-3bde-41bb-b51a-053f5d87f6d2
Dropping message TaskFinished(193,25676,None,true,None) to dead client play-fork-run-ab8fcbb5-3bde-41bb-b51a-053f5d87f6d2
Dropping message TaskStarted(193,25675,Some(AttributeKey[scala.collection.Seq[java.lang.String]]("webDirectWebModules") in Scope(Build: file:/Users/ryanmccormack/Documents/thunderdome/, , Project: ProjectReference(file:/Users/ryanmccormack/Documents/thunderdome/,root), Config: web-assets))) to dead client play-fork-run-ab8fcbb5-3bde-41bb-b51a-053f5d87f6d2
Dropping message TaskFinished(193,25662,Some(AttributeKey[scala.collection.Seq[scala.Tuple2[java.io.File,java.lang.String]]]("mappings") in Scope(Build: file:/Users/ryanmccormack/Documents/thunderdome/, , Project: ProjectReference(file:/Users/ryanmccormack/Documents/thunderdome/,root), Config: web-assets, Task: AttributeKey[scala.collection.Seq[java.io.File]]("sources"))),true,None) to dead client play-fork-run-ab8fcbb5-3bde-41bb-b51a-053f5d87f6d2
Dropping message TaskFinished(193,25679,Some(AttributeKey[scala.collection.Seq[scala.Tuple2[java.io.File,java.lang.String]]]("mappings") in Scope(Build: file:/Users/ryanmccormack/Documents/thunderdome/, , Project: ProjectReference(file:/Users/ryanmccormack/Documents/thunderdome/,root), Config: web-assets, Task: AttributeKey[scala.collection.Seq[java.io.File]]("resources"))),true,None) to dead client play-fork-run-ab8fcbb5-3bde-41bb-b51a-053f5d87f6d2
Dropping message TaskFinished(193,25562,Some(AttributeKey[sbt.Compiler$IncSetup]("incCompileSetup") in Scope(Build: file:/Users/ryanmccormack/Documents/thunderdome/, , Project: ProjectReference(file:/Users/ryanmccormack/Documents/thunderdome/,root), Config: compile)),true,None) to dead client play-fork-run-ab8fcbb5-3bde-41bb-b51a-053f5d87f6d2
Dropping message TaskStarted(193,25551,Some(AttributeKey[sbt.Compiler$Inputs]("compileInputs") in Scope(Build: file:/Users/ryanmccormack/Documents/thunderdome/, , Project: ProjectReference(file:/Users/ryanmccormack/Documents/thunderdome/,root), Config: compile, Task: AttributeKey[sbt.inc.Analysis]("compile")))) to dead client play-fork-run-ab8fcbb5-3bde-41bb-b51a-053f5d87f6d2
Dropping message TaskStarted(193,25611,Some(AttributeKey[sbt.Compiler$PreviousAnalysis]("readAnalysis") in Scope(Build: file:/Users/ryanmccormack/Documents/thunderdome/, , Project: ProjectReference(file:/Users/ryanmccormack/Documents/thunderdome/,root), Config: compile))) to dead client play-fork-run-ab8fcbb5-3bde-41bb-b51a-053f5d87f6d2
Dropping message TaskFinished(193,25674,Some(AttributeKey[java.lang.ClassLoader]("webJarsClassloader") in Scope(Build: file:/Users/ryanmccormack/Documents/thunderdome/, , Project: ProjectReference(file:/Users/ryanmccormack/Documents/thunderdome/,root), Config: web-assets)),true,None) to dead client play-fork-run-ab8fcbb5-3bde-41bb-b51a-053f5d87f6d2
Dropping message TaskStarted(193,25673,Some(AttributeKey[scala.collection.Seq[java.io.File]]("webJars") in Scope(Build: file:/Users/ryanmccormack/Documents/thunderdome/, , Project: ProjectReference(file:/Users/ryanmccormack/Documents/thunderdome/,root), Config: web-assets))) to dead client play-fork-run-ab8fcbb5-3bde-41bb-b51a-053f5d87f6d2
Dropping message TaskFinished(193,25675,Some(AttributeKey[scala.collection.Seq[java.lang.String]]("webDirectWebModules") in Scope(Build: file:/Users/ryanmccormack/Documents/thunderdome/, , Project: ProjectReference(file:/Users/ryanmccormack/Documents/thunderdome/,root), Config: web-assets)),true,None) to dead client play-fork-run-ab8fcbb5-3bde-41bb-b51a-053f5d87f6d2
Dropping message TaskFinished(193,25551,Some(AttributeKey[sbt.Compiler$Inputs]("compileInputs") in Scope(Build: file:/Users/ryanmccormack/Documents/thunderdome/, , Project: ProjectReference(file:/Users/ryanmccormack/Documents/thunderdome/,root), Config: compile, Task: AttributeKey[sbt.inc.Analysis]("compile"))),true,None) to dead client play-fork-run-ab8fcbb5-3bde-41bb-b51a-053f5d87f6d2
Dropping message TaskStarted(193,25550,Some(AttributeKey[scala.Option[xsbti.Reporter]]("compilerReporter") in Scope(Build: file:/Users/ryanmccormack/Documents/thunderdome/, , Project: ProjectReference(file:/Users/ryanmccormack/Documents/thunderdome/,root), Config: compile, Task: AttributeKey[sbt.inc.Analysis]("compile")))) to dead client play-fork-run-ab8fcbb5-3bde-41bb-b51a-053f5d87f6d2
Dropping message TaskFinished(193,25611,Some(AttributeKey[sbt.Compiler$PreviousAnalysis]("readAnalysis") in Scope(Build: file:/Users/ryanmccormack/Documents/thunderdome/, , Project: ProjectReference(file:/Users/ryanmccormack/Documents/thunderdome/,root), Config: compile)),true,None) to dead client play-fork-run-ab8fcbb5-3bde-41bb-b51a-053f5d87f6d2
Dropping message TaskFinished(193,25550,Some(AttributeKey[scala.Option[xsbti.Reporter]]("compilerReporter") in Scope(Build: file:/Users/ryanmccormack/Documents/thunderdome/, , Project: ProjectReference(file:/Users/ryanmccormack/Documents/thunderdome/,root), Config: compile, Task: AttributeKey[sbt.inc.Analysis]("compile"))),true,None) to dead client play-fork-run-ab8fcbb5-3bde-41bb-b51a-053f5d87f6d2
Dropping message TaskStarted(193,25549,Some(AttributeKey[sbt.compiler.IC$Result]("compileIncremental") in Scope(Build: file:/Users/ryanmccormack/Documents/thunderdome/, , Project: ProjectReference(file:/Users/ryanmccormack/Documents/thunderdome/,root), Config: compile))) to dead client play-fork-run-ab8fcbb5-3bde-41bb-b51a-053f5d87f6d2
Dropping message TaskFinished(193,25673,Some(AttributeKey[scala.collection.Seq[java.io.File]]("webJars") in Scope(Build: file:/Users/ryanmccormack/Documents/thunderdome/, , Project: ProjectReference(file:/Users/ryanmccormack/Documents/thunderdome/,root), Config: web-assets)),true,None) to dead client play-fork-run-ab8fcbb5-3bde-41bb-b51a-053f5d87f6d2
Dropping message TaskStarted(193,25672,None) to dead client play-fork-run-ab8fcbb5-3bde-41bb-b51a-053f5d87f6d2
Dropping message TaskFinished(193,25672,None,true,None) to dead client play-fork-run-ab8fcbb5-3bde-41bb-b51a-053f5d87f6d2
Dropping message TaskStarted(193,25671,None) to dead client play-fork-run-ab8fcbb5-3bde-41bb-b51a-053f5d87f6d2
Dropping message TaskFinished(193,25671,None,true,None) to dead client play-fork-run-ab8fcbb5-3bde-41bb-b51a-053f5d87f6d2
Dropping message TaskStarted(193,25670,Some(AttributeKey[scala.collection.Seq[java.io.File]]("webModules") in Scope(Build: file:/Users/ryanmccormack/Documents/thunderdome/, , Project: ProjectReference(file:/Users/ryanmccormack/Documents/thunderdome/,root), Config: web-assets))) to dead client play-fork-run-ab8fcbb5-3bde-41bb-b51a-053f5d87f6d2
Dropping message TaskFinished(193,25670,Some(AttributeKey[scala.collection.Seq[java.io.File]]("webModules") in Scope(Build: file:/Users/ryanmccormack/Documents/thunderdome/, , Project: ProjectReference(file:/Users/ryanmccormack/Documents/thunderdome/,root), Config: web-assets)),true,None) to dead client play-fork-run-ab8fcbb5-3bde-41bb-b51a-053f5d87f6d2
Dropping message TaskStarted(193,25669,Some(AttributeKey[scala.collection.Seq[scala.Tuple2[java.io.File,java.lang.String]]]("mappings") in Scope(Build: file:/Users/ryanmccormack/Documents/thunderdome/, , Project: ProjectReference(file:/Users/ryanmccormack/Documents/thunderdome/,root), Config: web-assets, Task: AttributeKey[scala.collection.Seq[java.io.File]]("webModules")))) to dead client play-fork-run-ab8fcbb5-3bde-41bb-b51a-053f5d87f6d2
Dropping message TaskFinished(193,25669,Some(AttributeKey[scala.collection.Seq[scala.Tuple2[java.io.File,java.lang.String]]]("mappings") in Scope(Build: file:/Users/ryanmccormack/Documents/thunderdome/, , Project: ProjectReference(file:/Users/ryanmccormack/Documents/thunderdome/,root), Config: web-assets, Task: AttributeKey[scala.collection.Seq[java.io.File]]("webModules"))),true,None) to dead client play-fork-run-ab8fcbb5-3bde-41bb-b51a-053f5d87f6d2
Dropping message TaskStarted(193,25668,Some(AttributeKey[scala.collection.Seq[scala.Tuple2[java.io.File,java.lang.String]]]("mappings") in Scope(Build: file:/Users/ryanmccormack/Documents/thunderdome/, , Project: ProjectReference(file:/Users/ryanmccormack/Documents/thunderdome/,root), Config: web-assets, Task: AttributeKey[scala.collection.Seq[java.io.File]]("webModules")))) to dead client play-fork-run-ab8fcbb5-3bde-41bb-b51a-053f5d87f6d2
Dropping message TaskFinished(193,25668,Some(AttributeKey[scala.collection.Seq[scala.Tuple2[java.io.File,java.lang.String]]]("mappings") in Scope(Build: file:/Users/ryanmccormack/Documents/thunderdome/, , Project: ProjectReference(file:/Users/ryanmccormack/Documents/thunderdome/,root), Config: web-assets, Task: AttributeKey[scala.collection.Seq[java.io.File]]("webModules"))),true,None) to dead client play-fork-run-ab8fcbb5-3bde-41bb-b51a-053f5d87f6d2
Dropping message TaskStarted(193,25661,Some(AttributeKey[scala.collection.Seq[scala.Tuple2[java.io.File,java.lang.String]]]("mappings") in Scope(Build: file:/Users/ryanmccormack/Documents/thunderdome/, , Project: ProjectReference(file:/Users/ryanmccormack/Documents/thunderdome/,root), Config: web-assets))) to dead client play-fork-run-ab8fcbb5-3bde-41bb-b51a-053f5d87f6d2
Dropping message TaskFinished(193,25661,Some(AttributeKey[scala.collection.Seq[scala.Tuple2[java.io.File,java.lang.String]]]("mappings") in Scope(Build: file:/Users/ryanmccormack/Documents/thunderdome/, , Project: ProjectReference(file:/Users/ryanmccormack/Documents/thunderdome/,root), Config: web-assets)),true,None) to dead client play-fork-run-ab8fcbb5-3bde-41bb-b51a-053f5d87f6d2
Dropping message TaskStarted(193,25660,Some(AttributeKey[scala.collection.Seq[scala.Tuple2[java.io.File,java.lang.String]]]("mappings") in Scope(Build: file:/Users/ryanmccormack/Documents/thunderdome/, , Project: ProjectReference(file:/Users/ryanmccormack/Documents/thunderdome/,root), Config: web-assets))) to dead client play-fork-run-ab8fcbb5-3bde-41bb-b51a-053f5d87f6d2
Dropping message TaskFinished(193,25660,Some(AttributeKey[scala.collection.Seq[scala.Tuple2[java.io.File,java.lang.String]]]("mappings") in Scope(Build: file:/Users/ryanmccormack/Documents/thunderdome/, , Project: ProjectReference(file:/Users/ryanmccormack/Documents/thunderdome/,root), Config: web-assets)),true,None) to dead client play-fork-run-ab8fcbb5-3bde-41bb-b51a-053f5d87f6d2
Dropping message TaskStarted(193,25659,Some(AttributeKey[scala.collection.Seq[scala.Tuple2[java.io.File,java.lang.String]]]("mappings") in Scope(Build: file:/Users/ryanmccormack/Documents/thunderdome/, , Project: ProjectReference(file:/Users/ryanmccormack/Documents/thunderdome/,root), Config: web-assets))) to dead client play-fork-run-ab8fcbb5-3bde-41bb-b51a-053f5d87f6d2
Dropping message TaskFinished(193,25659,Some(AttributeKey[scala.collection.Seq[scala.Tuple2[java.io.File,java.lang.String]]]("mappings") in Scope(Build: file:/Users/ryanmccormack/Documents/thunderdome/, , Project: ProjectReference(file:/Users/ryanmccormack/Documents/thunderdome/,root), Config: web-assets)),true,None) to dead client play-fork-run-ab8fcbb5-3bde-41bb-b51a-053f5d87f6d2
Dropping message TaskStarted(193,25658,Some(AttributeKey[scala.collection.Seq[scala.Tuple2[java.io.File,java.lang.String]]]("webExportedMappings") in Scope(Build: file:/Users/ryanmccormack/Documents/thunderdome/, , Project: ProjectReference(file:/Users/ryanmccormack/Documents/thunderdome/,root), Config: web-assets))) to dead client play-fork-run-ab8fcbb5-3bde-41bb-b51a-053f5d87f6d2
Dropping message TaskLogEvent(25549,LogMessage(debug,
Initial source changes: 
	removed:Set()
	added: Set()
	modified: Set(/Users/ryanmccormack/Documents/thunderdome/target/scala-2.11/twirl/main/views/html/index.template.scala, /Users/ryanmccormack/Documents/thunderdome/target/scala-2.11/twirl/main/views/html/_homeCarousel.template.scala)
Removed products: Set()
External API changes: API Changes: Set()
Modified binary dependencies: Set()
Initial directly invalidated sources: Set(/Users/ryanmccormack/Documents/thunderdome/target/scala-2.11/twirl/main/views/html/index.template.scala, /Users/ryanmccormack/Documents/thunderdome/target/scala-2.11/twirl/main/views/html/_homeCarousel.template.scala)

Sources indirectly invalidated by:
	product: Set()
	binary dep: Set()
	external source: Set())) to dead client play-fork-run-ab8fcbb5-3bde-41bb-b51a-053f5d87f6d2
Dropping message TaskFinished(193,25658,Some(AttributeKey[scala.collection.Seq[scala.Tuple2[java.io.File,java.lang.String]]]("webExportedMappings") in Scope(Build: file:/Users/ryanmccormack/Documents/thunderdome/, , Project: ProjectReference(file:/Users/ryanmccormack/Documents/thunderdome/,root), Config: web-assets)),true,None) to dead client play-fork-run-ab8fcbb5-3bde-41bb-b51a-053f5d87f6d2
Dropping message TaskLogEvent(25549,LogMessage(debug,All initially invalidated sources: Set(/Users/ryanmccormack/Documents/thunderdome/target/scala-2.11/twirl/main/views/html/index.template.scala, /Users/ryanmccormack/Documents/thunderdome/target/scala-2.11/twirl/main/views/html/_homeCarousel.template.scala)
)) to dead client play-fork-run-ab8fcbb5-3bde-41bb-b51a-053f5d87f6d2
Dropping message TaskStarted(193,25657,Some(AttributeKey[java.io.File]("webExportedDirectory") in Scope(Build: file:/Users/ryanmccormack/Documents/thunderdome/, , Project: ProjectReference(file:/Users/ryanmccormack/Documents/thunderdome/,root), Config: web-assets))) to dead client play-fork-run-ab8fcbb5-3bde-41bb-b51a-053f5d87f6d2
Dropping message TaskFinished(193,25657,Some(AttributeKey[java.io.File]("webExportedDirectory") in Scope(Build: file:/Users/ryanmccormack/Documents/thunderdome/, , Project: ProjectReference(file:/Users/ryanmccormack/Documents/thunderdome/,root), Config: web-assets)),true,None) to dead client play-fork-run-ab8fcbb5-3bde-41bb-b51a-053f5d87f6d2
Dropping message TaskStarted(193,25656,Some(AttributeKey[scala.collection.Seq[sbt.Attributed[java.io.File]]]("exportedProducts") in Scope(Build: file:/Users/ryanmccormack/Documents/thunderdome/, , Project: ProjectReference(file:/Users/ryanmccormack/Documents/thunderdome/,root), Config: web-assets))) to dead client play-fork-run-ab8fcbb5-3bde-41bb-b51a-053f5d87f6d2
Dropping message TaskFinished(193,25656,Some(AttributeKey[scala.collection.Seq[sbt.Attributed[java.io.File]]]("exportedProducts") in Scope(Build: file:/Users/ryanmccormack/Documents/thunderdome/, , Project: ProjectReference(file:/Users/ryanmccormack/Documents/thunderdome/,root), Config: web-assets)),true,None) to dead client play-fork-run-ab8fcbb5-3bde-41bb-b51a-053f5d87f6d2
Dropping message TaskStarted(193,25655,None) to dead client play-fork-run-ab8fcbb5-3bde-41bb-b51a-053f5d87f6d2
Dropping message TaskFinished(193,25655,None,true,None) to dead client play-fork-run-ab8fcbb5-3bde-41bb-b51a-053f5d87f6d2
Dropping message TaskStarted(193,25654,None) to dead client play-fork-run-ab8fcbb5-3bde-41bb-b51a-053f5d87f6d2
Dropping message TaskFinished(193,25654,None,true,None) to dead client play-fork-run-ab8fcbb5-3bde-41bb-b51a-053f5d87f6d2
Dropping message TaskLogEvent(25549,LogMessage(info,Read from stdout: Compiling 2 Scala sources to /Users/ryanmccormack/Documents/thunderdome/target/scala-2.11/classes...)) to dead client play-fork-run-ab8fcbb5-3bde-41bb-b51a-053f5d87f6d2
Dropping message TaskLogEvent(25549,LogMessage(info,Compiling 2 Scala sources to /Users/ryanmccormack/Documents/thunderdome/target/scala-2.11/classes...)) to dead client play-fork-run-ab8fcbb5-3bde-41bb-b51a-053f5d87f6d2
Dropping message BackgroundJobLogEvent(11,LogMessage(info,Compiling 2 Scala sources to /Users/ryanmccormack/Documents/thunderdome/target/scala-2.11/classes...)) to dead client play-fork-run-ab8fcbb5-3bde-41bb-b51a-053f5d87f6d2
Dropping message TaskLogEvent(25549,LogMessage(debug,Getting compiler-interface from component compiler for Scala 2.11.7)) to dead client play-fork-run-ab8fcbb5-3bde-41bb-b51a-053f5d87f6d2
Dropping message TaskLogEvent(25549,LogMessage(debug,Other repositories:)) to dead client play-fork-run-ab8fcbb5-3bde-41bb-b51a-053f5d87f6d2
Dropping message TaskLogEvent(25549,LogMessage(debug,Default repositories:)) to dead client play-fork-run-ab8fcbb5-3bde-41bb-b51a-053f5d87f6d2
Dropping message TaskLogEvent(25549,LogMessage(debug,Getting compiler-interface from component compiler for Scala 2.11.7)) to dead client play-fork-run-ab8fcbb5-3bde-41bb-b51a-053f5d87f6d2
Dropping message TaskLogEvent(25549,LogMessage(debug,Other repositories:)) to dead client play-fork-run-ab8fcbb5-3bde-41bb-b51a-053f5d87f6d2
Dropping message TaskLogEvent(25549,LogMessage(debug,Default repositories:)) to dead client play-fork-run-ab8fcbb5-3bde-41bb-b51a-053f5d87f6d2
Dropping message TaskLogEvent(25549,LogMessage(debug,Running cached compiler 27a43c50, interfacing (CompilerInterface) with Scala compiler version 2.11.7)) to dead client play-fork-run-ab8fcbb5-3bde-41bb-b51a-053f5d87f6d2
Dropping message TaskLogEvent(25549,LogMessage(debug,Calling Scala compiler with arguments  (CompilerInterface):
	-deprecation
	-unchecked
	-encoding
	utf8
	-bootclasspath
	/Library/Java/JavaVirtualMachines/jdk1.8.0_60.jdk/Contents/Home/jre/lib/resources.jar:/Library/Java/JavaVirtualMachines/jdk1.8.0_60.jdk/Contents/Home/jre/lib/rt.jar:/Library/Java/JavaVirtualMachines/jdk1.8.0_60.jdk/Contents/Home/jre/lib/sunrsasign.jar:/Library/Java/JavaVirtualMachines/jdk1.8.0_60.jdk/Contents/Home/jre/lib/jsse.jar:/Library/Java/JavaVirtualMachines/jdk1.8.0_60.jdk/Contents/Home/jre/lib/jce.jar:/Library/Java/JavaVirtualMachines/jdk1.8.0_60.jdk/Contents/Home/jre/lib/charsets.jar:/Library/Java/JavaVirtualMachines/jdk1.8.0_60.jdk/Contents/Home/jre/lib/jfr.jar:/Library/Java/JavaVirtualMachines/jdk1.8.0_60.jdk/Contents/Home/jre/classes:/Users/ryanmccormack/.ivy2/cache/org.scala-lang/scala-library/jars/scala-library-2.11.7.jar
	-classpath
	/Users/ryanmccormack/Documents/thunderdome/target/scala-2.11/classes:/Users/ryanmccormack/Downloads/activator-dist-1.3.11/repository/com.typesafe.play/twirl-api_2.11/1.1.1/jars/twirl-api_2.11.jar:/Users/ryanmccormack/.ivy2/cache/org.apache.commons/commons-lang3/jars/commons-lang3-3.4.jar:/Users/ryanmccormack/.ivy2/cache/org.scala-lang.modules/scala-xml_2.11/bundles/scala-xml_2.11-1.0.1.jar:/Users/ryanmccormack/.ivy2/cache/com.typesafe.play/play-server_2.11/jars/play-server_2.11-2.4.2.jar:/Users/ryanmccormack/.ivy2/cache/com.typesafe.play/play_2.11/jars/play_2.11-2.4.2.jar:/Users/ryanmccormack/Downloads/activator-dist-1.3.11/repository/com.typesafe.play/build-link/2.4.2/jars/build-link.jar:/Users/ryanmccormack/Downloads/activator-dist-1.3.11/repository/com.typesafe.play/play-exceptions/2.4.2/jars/play-exceptions.jar:/Users/ryanmccormack/Downloads/activator-dist-1.3.11/repository/org.javassist/javassist/3.19.0-GA/bundles/javassist.jar:/Users/ryanmccormack/.ivy2/cache/com.typesafe.play/play-iteratees_2.11/jars/play-iteratees_2.11-2.4.2.jar:/Users/ryanmccormack/Downloads/activator-dist-1.3.11/repository/org.scala-stm/scala-stm_2.11/0.7/jars/scala-stm_2.11.jar:/Users/ryanmccormack/Downloads/activator-dist-1.3.11/repository/com.typesafe/config/1.3.0/bundles/config.jar:/Users/ryanmccormack/.ivy2/cache/com.typesafe.play/play-json_2.11/jars/play-json_2.11-2.4.2.jar:/Users/ryanmccormack/.ivy2/cache/com.typesafe.play/play-functional_2.11/jars/play-functional_2.11-2.4.2.jar:/Users/ryanmccormack/.ivy2/cache/com.typesafe.play/play-datacommons_2.11/jars/play-datacommons_2.11-2.4.2.jar:/Users/ryanmccormack/Downloads/activator-dist-1.3.11/repository/joda-time/joda-time/2.8.1/jars/joda-time.jar:/Users/ryanmccormack/Downloads/activator-dist-1.3.11/repository/org.joda/joda-convert/1.7/jars/joda-convert.jar:/Users/ryanmccormack/.ivy2/cache/org.scala-lang/scala-reflect/jars/scala-reflect-2.11.6.jar:/Users/ryanmccormack/Downloads/activator-dist-1.3.11/repository/com.fasterxml.jackson.core/jackson-core/2.5.4/bundles/jackson-core.jar:/Users/ryanmccormack/Downloads/activator-dist-1.3.11/repository/com.fasterxml.jackson.core/jackson-annotations/2.5.4/bundles/jackson-annotations.jar:/Users/ryanmccormack/Downloads/activator-dist-1.3.11/repository/com.fasterxml.jackson.core/jackson-databind/2.5.4/bundles/jackson-databind.jar:/Users/ryanmccormack/Downloads/activator-dist-1.3.11/repository/com.fasterxml.jackson.datatype/jackson-datatype-jdk8/2.5.4/bundles/jackson-datatype-jdk8.jar:/Users/ryanmccormack/Downloads/activator-dist-1.3.11/repository/com.fasterxml.jackson.datatype/jackson-datatype-jsr310/2.5.4/bundles/jackson-datatype-jsr310.jar:/Users/ryanmccormack/.ivy2/cache/com.typesafe.play/play-netty-utils/jars/play-netty-utils-2.4.2.jar:/Users/ryanmccormack/Downloads/activator-dist-1.3.11/repository/org.slf4j/slf4j-api/1.7.12/jars/slf4j-api.jar:/Users/ryanmccormack/Downloads/activator-dist-1.3.11/repository/org.slf4j/jul-to-slf4j/1.7.12/jars/jul-to-slf4j.jar:/Users/ryanmccormack/Downloads/activator-dist-1.3.11/repository/org.slf4j/jcl-over-slf4j/1.7.12/jars/jcl-over-slf4j.jar:/Users/ryanmccormack/.ivy2/cache/org.scala-lang.modules/scala-parser-combinators_2.11/bundles/scala-parser-combinators_2.11-1.0.1.jar:/Users/ryanmccormack/Downloads/activator-dist-1.3.11/repository/ch.qos.logback/logback-core/1.1.3/jars/logback-core.jar:/Users/ryanmccormack/Downloads/activator-dist-1.3.11/repository/ch.qos.logback/logback-classic/1.1.3/jars/logback-classic.jar:/Users/ryanmccormack/Downloads/activator-dist-1.3.11/repository/com.typesafe.akka/akka-actor_2.11/2.3.11/jars/akka-actor_2.11.jar:/Users/ryanmccormack/Downloads/activator-dist-1.3.11/repository/com.typesafe.akka/akka-slf4j_2.11/2.3.11/jars/akka-slf4j_2.11.jar:/Users/ryanmccormack/.ivy2/cache/commons-codec/commons-codec/jars/commons-codec-1.10.jar:/Users/ryanmccormack/.ivy2/cache/xerces/xercesImpl/jars/xercesImpl-2.11.0.jar:/Users/ryanmccormack/.ivy2/cache/xml-apis/xml-apis/jars/xml-apis-1.4.01.jar:/Users/ryanmccormack/.ivy2/cache/javax.transaction/jta/jars/jta-1.1.jar:/Users/ryanmccormack/Downloads/activator-dist-1.3.11/repository/com.google.inject/guice/4.0/jars/guice.jar:/Users/ryanmccormack/.ivy2/cache/javax.inject/javax.inject/jars/javax.inject-1.jar:/Users/ryanmccormack/.ivy2/cache/aopalliance/aopalliance/jars/aopalliance-1.0.jar:/Users/ryanmccormack/Downloads/activator-dist-1.3.11/repository/com.google.inject.extensions/guice-assistedinject/4.0/jars/guice-assistedinject.jar:/Users/ryanmccormack/.ivy2/cache/com.typesafe.play/play-netty-server_2.11/jars/play-netty-server_2.11-2.4.2.jar:/Users/ryanmccormack/.ivy2/cache/io.netty/netty/bundles/netty-3.10.3.Final.jar:/Users/ryanmccormack/Downloads/activator-dist-1.3.11/repository/com.typesafe.netty/netty-http-pipelining/1.1.4/jars/netty-http-pipelining.jar:/Users/ryanmccormack/.ivy2/cache/com.typesafe.play/play-cache_2.11/jars/play-cache_2.11-2.4.2.jar:/Users/ryanmccormack/Downloads/activator-dist-1.3.11/repository/net.sf.ehcache/ehcache-core/2.6.11/jars/ehcache-core.jar:/Users/ryanmccormack/.ivy2/cache/com.mohiva/play-silhouette_2.11/jars/play-silhouette_2.11-3.0.0-RC2.jar:/Users/ryanmccormack/.ivy2/cache/com.typesafe.play/play-ws_2.11/jars/play-ws_2.11-2.4.1.jar:/Users/ryanmccormack/Downloads/activator-dist-1.3.11/repository/com.google.guava/guava/18.0/bundles/guava.jar:/Users/ryanmccormack/Downloads/activator-dist-1.3.11/repository/com.ning/async-http-client/1.9.21/jars/async-http-client.jar:/Users/ryanmccormack/Downloads/activator-dist-1.3.11/repository/oauth.signpost/signpost-core/1.2.1.2/jars/signpost-core.jar:/Users/ryanmccormack/Downloads/activator-dist-1.3.11/repository/oauth.signpost/signpost-commonshttp4/1.2.1.2/jars/signpost-commonshttp4.jar:/Users/ryanmccormack/Downloads/activator-dist-1.3.11/repository/org.apache.httpcomponents/httpcore/4.0.1/jars/httpcore.jar:/Users/ryanmccormack/Downloads/activator-dist-1.3.11/repository/org.apache.httpcomponents/httpclient/4.0.1/jars/httpclient.jar:/Users/ryanmccormack/.ivy2/cache/commons-logging/commons-logging/jars/commons-logging-1.1.1.jar:/Users/ryanmccormack/.ivy2/cache/org.mindrot/jbcrypt/jars/jbcrypt-0.3m.jar:/Users/ryanmccormack/.ivy2/cache/com.atlassian.jwt/jwt-core/jars/jwt-core-1.2.4.jar:/Users/ryanmccormack/.ivy2/cache/com.nimbusds/nimbus-jose-jwt/jars/nimbus-jose-jwt-2.16.jar:/Users/ryanmccormack/.ivy2/cache/net.jcip/jcip-annotations/jars/jcip-annotations-1.0.jar:/Users/ryanmccormack/.ivy2/cache/net.minidev/json-smart/jars/json-smart-1.1.1.jar:/Users/ryanmccormack/.ivy2/cache/javax.mail/mail/jars/mail-1.4.7.jar:/Users/ryanmccormack/.ivy2/cache/javax.activation/activation/jars/activation-1.1.jar:/Users/ryanmccormack/.ivy2/cache/org.bouncycastle/bcprov-jdk15on/jars/bcprov-jdk15on-1.51.jar:/Users/ryanmccormack/.ivy2/cache/com.atlassian.jwt/jwt-api/jars/jwt-api-1.2.4.jar:/Users/ryanmccormack/.ivy2/cache/com.google.code.findbugs/jsr305/jars/jsr305-2.0.1.jar:/Users/ryanmccormack/.ivy2/cache/com.kyleu/jdub-async_2.11/jars/jdub-async_2.11-1.0.jar:/Users/ryanmccormack/.ivy2/cache/com.github.mauricio/postgresql-async_2.11/jars/postgresql-async_2.11-0.2.16.jar:/Users/ryanmccormack/.ivy2/cache/com.github.mauricio/db-async-common_2.11/jars/db-async-common_2.11-0.2.16.jar:/Users/ryanmccormack/.ivy2/cache/io.netty/netty-all/jars/netty-all-4.0.25.Final.jar:/Users/ryanmccormack/.ivy2/cache/org.webjars/bootstrap/jars/bootstrap-3.3.5.jar:/Users/ryanmccormack/.ivy2/cache/org.webjars/jquery/jars/jquery-1.11.1.jar)) to dead client play-fork-run-ab8fcbb5-3bde-41bb-b51a-053f5d87f6d2
Dropping message TaskLogEvent(25549,LogMessage(debug,Scala compilation took 0.854337093 s)) to dead client play-fork-run-ab8fcbb5-3bde-41bb-b51a-053f5d87f6d2
Dropping message TaskLogEvent(25549,LogMessage(debug,New invalidations:
	Set())) to dead client play-fork-run-ab8fcbb5-3bde-41bb-b51a-053f5d87f6d2
Dropping message TaskLogEvent(25549,LogMessage(debug,Initial set of included nodes: Set())) to dead client play-fork-run-ab8fcbb5-3bde-41bb-b51a-053f5d87f6d2
Dropping message TaskLogEvent(25549,LogMessage(debug,Previously invalidated, but (transitively) depend on new invalidations:
	Set())) to dead client play-fork-run-ab8fcbb5-3bde-41bb-b51a-053f5d87f6d2
Dropping message TaskLogEvent(25549,LogMessage(debug,All newly invalidated sources after taking into account (previously) recompiled sources:Set())) to dead client play-fork-run-ab8fcbb5-3bde-41bb-b51a-053f5d87f6d2
Dropping message TaskFinished(193,25549,Some(AttributeKey[sbt.compiler.IC$Result]("compileIncremental") in Scope(Build: file:/Users/ryanmccormack/Documents/thunderdome/, , Project: ProjectReference(file:/Users/ryanmccormack/Documents/thunderdome/,root), Config: compile)),true,None) to dead client play-fork-run-ab8fcbb5-3bde-41bb-b51a-053f5d87f6d2
Dropping message TaskStarted(193,25548,Some(AttributeKey[sbt.compiler.IC$Result]("manipulateBytecode") in Scope(Build: file:/Users/ryanmccormack/Documents/thunderdome/, , Project: ProjectReference(file:/Users/ryanmccormack/Documents/thunderdome/,root), Config: compile))) to dead client play-fork-run-ab8fcbb5-3bde-41bb-b51a-053f5d87f6d2
Dropping message TaskFinished(193,25548,Some(AttributeKey[sbt.compiler.IC$Result]("manipulateBytecode") in Scope(Build: file:/Users/ryanmccormack/Documents/thunderdome/, , Project: ProjectReference(file:/Users/ryanmccormack/Documents/thunderdome/,root), Config: compile)),true,None) to dead client play-fork-run-ab8fcbb5-3bde-41bb-b51a-053f5d87f6d2
Dropping message TaskStarted(193,25547,Some(AttributeKey[sbt.inc.Analysis]("compile") in Scope(Build: file:/Users/ryanmccormack/Documents/thunderdome/, , Project: ProjectReference(file:/Users/ryanmccormack/Documents/thunderdome/,root), Config: compile))) to dead client play-fork-run-ab8fcbb5-3bde-41bb-b51a-053f5d87f6d2
Dropping message TaskFinished(193,25547,Some(AttributeKey[sbt.inc.Analysis]("compile") in Scope(Build: file:/Users/ryanmccormack/Documents/thunderdome/, , Project: ProjectReference(file:/Users/ryanmccormack/Documents/thunderdome/,root), Config: compile)),true,None) to dead client play-fork-run-ab8fcbb5-3bde-41bb-b51a-053f5d87f6d2
Dropping message TaskStarted(193,25620,Some(AttributeKey[sbt.PluginDiscovery$DiscoveredNames]("discoveredSbtPlugins") in Scope(Build: file:/Users/ryanmccormack/Documents/thunderdome/, , Project: ProjectReference(file:/Users/ryanmccormack/Documents/thunderdome/,root), Config: compile))) to dead client play-fork-run-ab8fcbb5-3bde-41bb-b51a-053f5d87f6d2
Dropping message TaskStarted(193,25624,None) to dead client play-fork-run-ab8fcbb5-3bde-41bb-b51a-053f5d87f6d2
Dropping message TaskStarted(193,25691,Some(AttributeKey[scala.collection.Seq[java.lang.String]]("discoveredMainClasses") in Scope(Build: file:/Users/ryanmccormack/Documents/thunderdome/, , Project: ProjectReference(file:/Users/ryanmccormack/Documents/thunderdome/,root), Config: compile))) to dead client play-fork-run-ab8fcbb5-3bde-41bb-b51a-053f5d87f6d2
Dropping message TaskFinished(193,25624,None,true,None) to dead client play-fork-run-ab8fcbb5-3bde-41bb-b51a-053f5d87f6d2
Dropping message TaskStarted(193,25623,None) to dead client play-fork-run-ab8fcbb5-3bde-41bb-b51a-053f5d87f6d2
Dropping message TaskStarted(193,25696,None) to dead client play-fork-run-ab8fcbb5-3bde-41bb-b51a-053f5d87f6d2
Dropping message TaskFinished(193,25696,None,true,None) to dead client play-fork-run-ab8fcbb5-3bde-41bb-b51a-053f5d87f6d2
Dropping message TaskStarted(193,25695,Some(AttributeKey[java.io.File]("assets") in Scope(Build: file:/Users/ryanmccormack/Documents/thunderdome/, , Project: ProjectReference(file:/Users/ryanmccormack/Documents/thunderdome/,root), Config: web-assets))) to dead client play-fork-run-ab8fcbb5-3bde-41bb-b51a-053f5d87f6d2
Dropping message TaskFinished(193,25691,Some(AttributeKey[scala.collection.Seq[java.lang.String]]("discoveredMainClasses") in Scope(Build: file:/Users/ryanmccormack/Documents/thunderdome/, , Project: ProjectReference(file:/Users/ryanmccormack/Documents/thunderdome/,root), Config: compile)),true,None) to dead client play-fork-run-ab8fcbb5-3bde-41bb-b51a-053f5d87f6d2
Dropping message TaskFinished(193,25620,Some(AttributeKey[sbt.PluginDiscovery$DiscoveredNames]("discoveredSbtPlugins") in Scope(Build: file:/Users/ryanmccormack/Documents/thunderdome/, , Project: ProjectReference(file:/Users/ryanmccormack/Documents/thunderdome/,root), Config: compile)),true,None) to dead client play-fork-run-ab8fcbb5-3bde-41bb-b51a-053f5d87f6d2
Dropping message TaskStarted(193,25619,None) to dead client play-fork-run-ab8fcbb5-3bde-41bb-b51a-053f5d87f6d2
Dropping message TaskFinished(193,25619,None,true,None) to dead client play-fork-run-ab8fcbb5-3bde-41bb-b51a-053f5d87f6d2
Dropping message TaskStarted(193,25618,None) to dead client play-fork-run-ab8fcbb5-3bde-41bb-b51a-053f5d87f6d2
Dropping message TaskFinished(193,25618,None,true,None) to dead client play-fork-run-ab8fcbb5-3bde-41bb-b51a-053f5d87f6d2
Dropping message TaskStarted(193,25617,Some(AttributeKey[scala.collection.Seq[java.io.File]]("managedResources") in Scope(Build: file:/Users/ryanmccormack/Documents/thunderdome/, , Project: ProjectReference(file:/Users/ryanmccormack/Documents/thunderdome/,root), Config: compile))) to dead client play-fork-run-ab8fcbb5-3bde-41bb-b51a-053f5d87f6d2
Dropping message TaskFinished(193,25617,Some(AttributeKey[scala.collection.Seq[java.io.File]]("managedResources") in Scope(Build: file:/Users/ryanmccormack/Documents/thunderdome/, , Project: ProjectReference(file:/Users/ryanmccormack/Documents/thunderdome/,root), Config: compile)),true,None) to dead client play-fork-run-ab8fcbb5-3bde-41bb-b51a-053f5d87f6d2
Dropping message TaskStarted(193,25615,Some(AttributeKey[scala.collection.Seq[java.io.File]]("resources") in Scope(Build: file:/Users/ryanmccormack/Documents/thunderdome/, , Project: ProjectReference(file:/Users/ryanmccormack/Documents/thunderdome/,root), Config: compile))) to dead client play-fork-run-ab8fcbb5-3bde-41bb-b51a-053f5d87f6d2
Dropping message TaskFinished(193,25615,Some(AttributeKey[scala.collection.Seq[java.io.File]]("resources") in Scope(Build: file:/Users/ryanmccormack/Documents/thunderdome/, , Project: ProjectReference(file:/Users/ryanmccormack/Documents/thunderdome/,root), Config: compile)),true,None) to dead client play-fork-run-ab8fcbb5-3bde-41bb-b51a-053f5d87f6d2
Dropping message TaskStarted(193,25614,Some(AttributeKey[scala.collection.Seq[scala.Tuple2[java.io.File,java.io.File]]]("copyResources") in Scope(Build: file:/Users/ryanmccormack/Documents/thunderdome/, , Project: ProjectReference(file:/Users/ryanmccormack/Documents/thunderdome/,root), Config: compile))) to dead client play-fork-run-ab8fcbb5-3bde-41bb-b51a-053f5d87f6d2
Dropping message TaskLogEvent(25614,LogMessage(debug,Copy resource mappings: 
	(/Users/ryanmccormack/Documents/thunderdome/conf/application.conf,/Users/ryanmccormack/Documents/thunderdome/target/scala-2.11/classes/application.conf)
	(/Users/ryanmccormack/Documents/thunderdome/conf/changeme.conf,/Users/ryanmccormack/Documents/thunderdome/target/scala-2.11/classes/changeme.conf)
	(/Users/ryanmccormack/Documents/thunderdome/conf/logback.xml,/Users/ryanmccormack/Documents/thunderdome/target/scala-2.11/classes/logback.xml)
	(/Users/ryanmccormack/Documents/thunderdome/conf/routes,/Users/ryanmccormack/Documents/thunderdome/target/scala-2.11/classes/routes))) to dead client play-fork-run-ab8fcbb5-3bde-41bb-b51a-053f5d87f6d2
Dropping message TaskFinished(193,25614,Some(AttributeKey[scala.collection.Seq[scala.Tuple2[java.io.File,java.io.File]]]("copyResources") in Scope(Build: file:/Users/ryanmccormack/Documents/thunderdome/, , Project: ProjectReference(file:/Users/ryanmccormack/Documents/thunderdome/,root), Config: compile)),true,None) to dead client play-fork-run-ab8fcbb5-3bde-41bb-b51a-053f5d87f6d2
Dropping message TaskStarted(193,25613,Some(AttributeKey[scala.collection.Seq[java.io.File]]("products") in Scope(Build: file:/Users/ryanmccormack/Documents/thunderdome/, , Project: ProjectReference(file:/Users/ryanmccormack/Documents/thunderdome/,root), Config: runtime))) to dead client play-fork-run-ab8fcbb5-3bde-41bb-b51a-053f5d87f6d2
Dropping message TaskStarted(193,25689,Some(AttributeKey[scala.collection.Seq[java.io.File]]("products") in Scope(Build: file:/Users/ryanmccormack/Documents/thunderdome/, , Project: ProjectReference(file:/Users/ryanmccormack/Documents/thunderdome/,root), Config: compile))) to dead client play-fork-run-ab8fcbb5-3bde-41bb-b51a-053f5d87f6d2
Dropping message TaskFinished(193,25613,Some(AttributeKey[scala.collection.Seq[java.io.File]]("products") in Scope(Build: file:/Users/ryanmccormack/Documents/thunderdome/, , Project: ProjectReference(file:/Users/ryanmccormack/Documents/thunderdome/,root), Config: runtime)),true,None) to dead client play-fork-run-ab8fcbb5-3bde-41bb-b51a-053f5d87f6d2
Dropping message TaskFinished(193,25546,None,true,None) to dead client play-fork-run-ab8fcbb5-3bde-41bb-b51a-053f5d87f6d2
Dropping message TaskStarted(193,25545,None) to dead client play-fork-run-ab8fcbb5-3bde-41bb-b51a-053f5d87f6d2
Dropping message TaskFinished(193,25689,Some(AttributeKey[scala.collection.Seq[java.io.File]]("products") in Scope(Build: file:/Users/ryanmccormack/Documents/thunderdome/, , Project: ProjectReference(file:/Users/ryanmccormack/Documents/thunderdome/,root), Config: compile)),true,None) to dead client play-fork-run-ab8fcbb5-3bde-41bb-b51a-053f5d87f6d2
Dropping message TaskFinished(193,25653,None,true,None) to dead client play-fork-run-ab8fcbb5-3bde-41bb-b51a-053f5d87f6d2
Dropping message TaskStarted(193,25652,None) to dead client play-fork-run-ab8fcbb5-3bde-41bb-b51a-053f5d87f6d2
Dropping message TaskFinished(193,25545,None,true,None) to dead client play-fork-run-ab8fcbb5-3bde-41bb-b51a-053f5d87f6d2
Dropping message TaskStarted(193,25544,Some(AttributeKey[scala.collection.Seq[sbt.Attributed[java.io.File]]]("exportedProducts") in Scope(Build: file:/Users/ryanmccormack/Documents/thunderdome/, , Project: ProjectReference(file:/Users/ryanmccormack/Documents/thunderdome/,root), Config: runtime))) to dead client play-fork-run-ab8fcbb5-3bde-41bb-b51a-053f5d87f6d2
Dropping message TaskFinished(193,25652,None,true,None) to dead client play-fork-run-ab8fcbb5-3bde-41bb-b51a-053f5d87f6d2
Dropping message TaskStarted(193,25650,Some(AttributeKey[scala.collection.Seq[sbt.Attributed[java.io.File]]]("exportedProducts") in Scope(Build: file:/Users/ryanmccormack/Documents/thunderdome/, , Project: ProjectReference(file:/Users/ryanmccormack/Documents/thunderdome/,root), Config: compile))) to dead client play-fork-run-ab8fcbb5-3bde-41bb-b51a-053f5d87f6d2
Dropping message TaskFinished(193,25544,Some(AttributeKey[scala.collection.Seq[sbt.Attributed[java.io.File]]]("exportedProducts") in Scope(Build: file:/Users/ryanmccormack/Documents/thunderdome/, , Project: ProjectReference(file:/Users/ryanmccormack/Documents/thunderdome/,root), Config: runtime)),true,None) to dead client play-fork-run-ab8fcbb5-3bde-41bb-b51a-053f5d87f6d2
Dropping message TaskFinished(193,25650,Some(AttributeKey[scala.collection.Seq[sbt.Attributed[java.io.File]]]("exportedProducts") in Scope(Build: file:/Users/ryanmccormack/Documents/thunderdome/, , Project: ProjectReference(file:/Users/ryanmccormack/Documents/thunderdome/,root), Config: compile)),true,None) to dead client play-fork-run-ab8fcbb5-3bde-41bb-b51a-053f5d87f6d2
Dropping message TaskStarted(193,25649,Some(AttributeKey[scala.collection.Seq[sbt.Attributed[java.io.File]]]("exportedProducts") in Scope(Build: file:/Users/ryanmccormack/Documents/thunderdome/, , Project: ProjectReference(file:/Users/ryanmccormack/Documents/thunderdome/,root), Config: compile))) to dead client play-fork-run-ab8fcbb5-3bde-41bb-b51a-053f5d87f6d2
Dropping message TaskFinished(193,25649,Some(AttributeKey[scala.collection.Seq[sbt.Attributed[java.io.File]]]("exportedProducts") in Scope(Build: file:/Users/ryanmccormack/Documents/thunderdome/, , Project: ProjectReference(file:/Users/ryanmccormack/Documents/thunderdome/,root), Config: compile)),true,None) to dead client play-fork-run-ab8fcbb5-3bde-41bb-b51a-053f5d87f6d2
Dropping message TaskStarted(193,25647,None) to dead client play-fork-run-ab8fcbb5-3bde-41bb-b51a-053f5d87f6d2
Dropping message TaskFinished(193,25647,None,true,None) to dead client play-fork-run-ab8fcbb5-3bde-41bb-b51a-053f5d87f6d2
Dropping message TaskStarted(193,25646,None) to dead client play-fork-run-ab8fcbb5-3bde-41bb-b51a-053f5d87f6d2
Dropping message TaskFinished(193,25646,None,true,None) to dead client play-fork-run-ab8fcbb5-3bde-41bb-b51a-053f5d87f6d2
Dropping message TaskFinished(193,25509,None,true,None) to dead client play-fork-run-ab8fcbb5-3bde-41bb-b51a-053f5d87f6d2
Dropping message TaskStarted(193,25507,Some(AttributeKey[scala.collection.Seq[sbt.Attributed[java.io.File]]]("internalDependencyClasspath") in Scope(Build: file:/Users/ryanmccormack/Documents/thunderdome/, , Project: ProjectReference(file:/Users/ryanmccormack/Documents/thunderdome/,root), Config: runtime))) to dead client play-fork-run-ab8fcbb5-3bde-41bb-b51a-053f5d87f6d2
Dropping message TaskFinished(193,25507,Some(AttributeKey[scala.collection.Seq[sbt.Attributed[java.io.File]]]("internalDependencyClasspath") in Scope(Build: file:/Users/ryanmccormack/Documents/thunderdome/, , Project: ProjectReference(file:/Users/ryanmccormack/Documents/thunderdome/,root), Config: runtime)),true,None) to dead client play-fork-run-ab8fcbb5-3bde-41bb-b51a-053f5d87f6d2
Dropping message TaskStarted(193,25506,Some(AttributeKey[scala.collection.Seq[sbt.Attributed[java.io.File]]]("playReloaderClasspath") in Scope(Build: file:/Users/ryanmccormack/Documents/thunderdome/, , Project: ProjectReference(file:/Users/ryanmccormack/Documents/thunderdome/,root)))) to dead client play-fork-run-ab8fcbb5-3bde-41bb-b51a-053f5d87f6d2
Dropping message TaskFinished(193,25506,Some(AttributeKey[scala.collection.Seq[sbt.Attributed[java.io.File]]]("playReloaderClasspath") in Scope(Build: file:/Users/ryanmccormack/Documents/thunderdome/, , Project: ProjectReference(file:/Users/ryanmccormack/Documents/thunderdome/,root))),true,None) to dead client play-fork-run-ab8fcbb5-3bde-41bb-b51a-053f5d87f6d2
Dropping message TaskStarted(193,25505,Some(AttributeKey[scala.collection.Seq[sbt.Attributed[java.io.File]]]("playReloaderClasspath") in Scope(Build: file:/Users/ryanmccormack/Documents/thunderdome/, , Project: ProjectReference(file:/Users/ryanmccormack/Documents/thunderdome/,root)))) to dead client play-fork-run-ab8fcbb5-3bde-41bb-b51a-053f5d87f6d2
Dropping message TaskFinished(193,25505,Some(AttributeKey[scala.collection.Seq[sbt.Attributed[java.io.File]]]("playReloaderClasspath") in Scope(Build: file:/Users/ryanmccormack/Documents/thunderdome/, , Project: ProjectReference(file:/Users/ryanmccormack/Documents/thunderdome/,root))),true,None) to dead client play-fork-run-ab8fcbb5-3bde-41bb-b51a-053f5d87f6d2
Dropping message TaskStarted(193,25504,None) to dead client play-fork-run-ab8fcbb5-3bde-41bb-b51a-053f5d87f6d2
Dropping message TaskFinished(193,25504,None,true,None) to dead client play-fork-run-ab8fcbb5-3bde-41bb-b51a-053f5d87f6d2
Dropping message TaskFinished(193,25695,Some(AttributeKey[java.io.File]("assets") in Scope(Build: file:/Users/ryanmccormack/Documents/thunderdome/, , Project: ProjectReference(file:/Users/ryanmccormack/Documents/thunderdome/,root), Config: web-assets)),true,None) to dead client play-fork-run-ab8fcbb5-3bde-41bb-b51a-053f5d87f6d2
Dropping message TaskStarted(193,25694,None) to dead client play-fork-run-ab8fcbb5-3bde-41bb-b51a-053f5d87f6d2
Dropping message TaskFinished(193,25694,None,true,None) to dead client play-fork-run-ab8fcbb5-3bde-41bb-b51a-053f5d87f6d2
Dropping message TaskStarted(193,25693,Some(AttributeKey[sbt.inc.Analysis]("playAssetsWithCompilation") in Scope(Build: file:/Users/ryanmccormack/Documents/thunderdome/, , Project: ProjectReference(file:/Users/ryanmccormack/Documents/thunderdome/,root)))) to dead client play-fork-run-ab8fcbb5-3bde-41bb-b51a-053f5d87f6d2
Dropping message TaskFinished(193,25693,Some(AttributeKey[sbt.inc.Analysis]("playAssetsWithCompilation") in Scope(Build: file:/Users/ryanmccormack/Documents/thunderdome/, , Project: ProjectReference(file:/Users/ryanmccormack/Documents/thunderdome/,root))),true,None) to dead client play-fork-run-ab8fcbb5-3bde-41bb-b51a-053f5d87f6d2
Dropping message TaskStarted(193,25692,None) to dead client play-fork-run-ab8fcbb5-3bde-41bb-b51a-053f5d87f6d2
Dropping message TaskFinished(193,25692,None,true,None) to dead client play-fork-run-ab8fcbb5-3bde-41bb-b51a-053f5d87f6d2
Dropping message TaskFinished(193,25623,None,true,None) to dead client play-fork-run-ab8fcbb5-3bde-41bb-b51a-053f5d87f6d2
Dropping message TaskStarted(193,25622,None) to dead client play-fork-run-ab8fcbb5-3bde-41bb-b51a-053f5d87f6d2
Dropping message TaskFinished(193,25622,None,true,None) to dead client play-fork-run-ab8fcbb5-3bde-41bb-b51a-053f5d87f6d2
Dropping message TaskFinished(193,25498,Some(AttributeKey[scala.collection.Seq[sbt.inc.Analysis]]("playCompileEverything") in Scope(Build: file:/Users/ryanmccormack/Documents/thunderdome/, , Project: ProjectReference(file:/Users/ryanmccormack/Documents/thunderdome/,root))),true,None) to dead client play-fork-run-ab8fcbb5-3bde-41bb-b51a-053f5d87f6d2
Dropping message TaskStarted(193,25497,Some(AttributeKey[sbt.inc.Analysis]("playReload") in Scope(Build: file:/Users/ryanmccormack/Documents/thunderdome/, , Project: ProjectReference(file:/Users/ryanmccormack/Documents/thunderdome/,root)))) to dead client play-fork-run-ab8fcbb5-3bde-41bb-b51a-053f5d87f6d2
Dropping message TaskFinished(193,25497,Some(AttributeKey[sbt.inc.Analysis]("playReload") in Scope(Build: file:/Users/ryanmccormack/Documents/thunderdome/, , Project: ProjectReference(file:/Users/ryanmccormack/Documents/thunderdome/,root))),true,None) to dead client play-fork-run-ab8fcbb5-3bde-41bb-b51a-053f5d87f6d2
Dropping message TaskStarted(193,25496,None) to dead client play-fork-run-ab8fcbb5-3bde-41bb-b51a-053f5d87f6d2
Dropping message TaskFinished(193,25496,None,true,None) to dead client play-fork-run-ab8fcbb5-3bde-41bb-b51a-053f5d87f6d2
Dropping message TaskStarted(193,25495,Some(AttributeKey[play.runsupport.Reloader$CompileResult]("playForkReload") in Scope(Build: file:/Users/ryanmccormack/Documents/thunderdome/, , Project: ProjectReference(file:/Users/ryanmccormack/Documents/thunderdome/,root)))) to dead client play-fork-run-ab8fcbb5-3bde-41bb-b51a-053f5d87f6d2
Dropping message TaskFinished(193,25495,Some(AttributeKey[play.runsupport.Reloader$CompileResult]("playForkReload") in Scope(Build: file:/Users/ryanmccormack/Documents/thunderdome/, , Project: ProjectReference(file:/Users/ryanmccormack/Documents/thunderdome/,root))),true,None) to dead client play-fork-run-ab8fcbb5-3bde-41bb-b51a-053f5d87f6d2
Dropping message TaskStarted(193,25494,None) to dead client play-fork-run-ab8fcbb5-3bde-41bb-b51a-053f5d87f6d2
Dropping message TaskFinished(193,25494,None,true,None) to dead client play-fork-run-ab8fcbb5-3bde-41bb-b51a-053f5d87f6d2
Dropping message TaskStarted(193,25493,None) to dead client play-fork-run-ab8fcbb5-3bde-41bb-b51a-053f5d87f6d2
Dropping message TaskFinished(193,25493,None,true,None) to dead client play-fork-run-ab8fcbb5-3bde-41bb-b51a-053f5d87f6d2
Dropping message DetachedLogEvent(LogMessage(debug,cancel strategy finish enabled=false lastCommand=Some(LastCommand(CommandExecutionWork(ExecutionId(193),{file:/Users/ryanmccormack/Documents/thunderdome/}root/*:playForkReload,Set(LiveClient(play-fork-run bb5ec5bc-5de9-43f4-b17d-4a0659be1b2e)),sbt.server.WorkCancellationStatus$$anon$1@4dd5e1e6))))) to dead client play-fork-run-ab8fcbb5-3bde-41bb-b51a-053f5d87f6d2
Dropping message DetachedLogEvent(LogSuccess(Total time: 1 s, completed 17-Jan-2017 11:25:49 PM)) to dead client play-fork-run-ab8fcbb5-3bde-41bb-b51a-053f5d87f6d2
Dropping message DetachedLogEvent(LogMessage(debug,> server-post-command-cleanup)) to dead client play-fork-run-ab8fcbb5-3bde-41bb-b51a-053f5d87f6d2
Dropping message ExecutionSuccess(193) to dead client play-fork-run-ab8fcbb5-3bde-41bb-b51a-053f5d87f6d2
Dropping message DetachedLogEvent(LogMessage(debug,> server-handle-next-server-request)) to dead client play-fork-run-ab8fcbb5-3bde-41bb-b51a-053f5d87f6d2
Dropping message BackgroundJobLogEvent(11,LogMessage(info,)) to dead client play-fork-run-ab8fcbb5-3bde-41bb-b51a-053f5d87f6d2
Dropping message BackgroundJobLogEvent(11,LogMessage(info,[35m--- (RELOAD) ---[0m)) to dead client play-fork-run-ab8fcbb5-3bde-41bb-b51a-053f5d87f6d2
Dropping message BackgroundJobLogEvent(11,LogMessage(info,)) to dead client play-fork-run-ab8fcbb5-3bde-41bb-b51a-053f5d87f6d2
Dropping message BackgroundJobLogEvent(11,LogMessage(info,- play.api.libs.concurrent.ActorSystemProvider - Shutdown application default Akka system: silhouette)) to dead client play-fork-run-ab8fcbb5-3bde-41bb-b51a-053f5d87f6d2
Dropping message BackgroundJobLogEvent(11,LogMessage(info,- play.api.libs.concurrent.ActorSystemProvider - Starting application default Akka system: silhouette)) to dead client play-fork-run-ab8fcbb5-3bde-41bb-b51a-053f5d87f6d2
Dropping message BackgroundJobLogEvent(11,LogMessage(info,- play.api.Play - Application started (Dev))) to dead client play-fork-run-ab8fcbb5-3bde-41bb-b51a-053f5d87f6d2
