New log file opened at Sun Jan 22 22:17:42 EST 2017 by 96819@Ryans-MBP
Sending msg to client play-fork-run-377f6b8f-844c-470d-aca3-67f42434e23f: DetachedLogEvent(LogMessage(debug,sbt server socket logs are in: /Users/ryanmccormack/Documents/thunderdome/.sbtserver/connections/master.log))
Sending msg to client play-fork-run-377f6b8f-844c-470d-aca3-67f42434e23f: DetachedLogEvent(LogMessage(debug,sbt client logs are in: /Users/ryanmccormack/Documents/thunderdome/.sbtserver/connections/play-fork-run-377f6b8f-844c-470d-aca3-67f42434e23f.log))
Sending msg to client play-fork-run-377f6b8f-844c-470d-aca3-67f42434e23f: DetachedLogEvent(LogMessage(debug,sbt general server logs are in: /Users/ryanmccormack/Documents/thunderdome/.sbtserver/master.log))
Reading next message from client.
Got request: DaemonRequest(true)
Reading next message from client.
Sending msg to client play-fork-run-377f6b8f-844c-470d-aca3-67f42434e23f: (3,ReceivedResponse())
Got request: ListenToEvents()
Reading next message from client.
Sending msg to client play-fork-run-377f6b8f-844c-470d-aca3-67f42434e23f: BackgroundJobStarted(421,BackgroundJobInfo(59,backgroundRun,AttributeKey[sbt.BackgroundJobHandle]("backgroundRun") in Scope(Build: file:/Users/ryanmccormack/Documents/thunderdome/, , Project: ProjectReference(file:/Users/ryanmccormack/Documents/thunderdome/,root), Config: compile)))
Sending msg to client play-fork-run-377f6b8f-844c-470d-aca3-67f42434e23f: BackgroundJobStarted(416,BackgroundJobInfo(58,backgroundRun,AttributeKey[sbt.BackgroundJobHandle]("backgroundRun") in Scope(Build: file:/Users/ryanmccormack/Documents/thunderdome/, , Project: ProjectReference(file:/Users/ryanmccormack/Documents/thunderdome/,root), Config: compile)))
Sending msg to client play-fork-run-377f6b8f-844c-470d-aca3-67f42434e23f: (4,ReceivedResponse())
Got request: KeyLookupRequest(root/playForkConfig)
Reading next message from client.
Sending msg to client play-fork-run-377f6b8f-844c-470d-aca3-67f42434e23f: (5,KeyLookupResponse(root/playForkConfig,Vector(AttributeKey[play.forkrun.protocol.ForkConfig]("playForkConfig") in Scope(Build: file:/Users/ryanmccormack/Documents/thunderdome/, , Project: ProjectReference(file:/Users/ryanmccormack/Documents/thunderdome/,root)))))
Got request: ListenToValue(AttributeKey[play.forkrun.protocol.ForkConfig]("playForkConfig") in Scope(Build: file:/Users/ryanmccormack/Documents/thunderdome/, , Project: ProjectReference(file:/Users/ryanmccormack/Documents/thunderdome/,root)))
Reading next message from client.
Sending msg to client play-fork-run-377f6b8f-844c-470d-aca3-67f42434e23f: (6,ReceivedResponse())
Got request: KeyExecutionRequest(AttributeKey[play.forkrun.protocol.ForkConfig]("playForkConfig") in Scope(Build: file:/Users/ryanmccormack/Documents/thunderdome/, , Project: ProjectReference(file:/Users/ryanmccormack/Documents/thunderdome/,root)))
Reading next message from client.
Sending msg to client play-fork-run-377f6b8f-844c-470d-aca3-67f42434e23f: (7,ExecutionRequestReceived(422))
Sending msg to client play-fork-run-377f6b8f-844c-470d-aca3-67f42434e23f: ExecutionWaiting(422,{file:/Users/ryanmccormack/Documents/thunderdome/}root/*:playForkConfig,ClientInfo(377f6b8f-844c-470d-aca3-67f42434e23f,play-fork-run,Play Fork Run,1,Vector()))
Sending msg to client play-fork-run-377f6b8f-844c-470d-aca3-67f42434e23f: ExecutionStarting(422)
Sending msg to client play-fork-run-377f6b8f-844c-470d-aca3-67f42434e23f: DetachedLogEvent(LogMessage(debug,> {file:/Users/ryanmccormack/Documents/thunderdome/}root/*:playForkConfig))
Sending msg to client play-fork-run-377f6b8f-844c-470d-aca3-67f42434e23f: DetachedLogEvent(LogMessage(debug,Evaluating tasks: *:playForkConfig))
Sending msg to client play-fork-run-377f6b8f-844c-470d-aca3-67f42434e23f: DetachedLogEvent(LogMessage(debug,Running task... Cancel: sbt.server.ServerTaskCancellation@3f54db, check cycles: false))
Sending msg to client play-fork-run-377f6b8f-844c-470d-aca3-67f42434e23f: DetachedLogEvent(LogMessage(debug,cancel strategy start enabled=true lastCommand=Some(LastCommand(CommandExecutionWork(ExecutionId(422),{file:/Users/ryanmccormack/Documents/thunderdome/}root/*:playForkConfig,Set(LiveClient(play-fork-run 377f6b8f-844c-470d-aca3-67f42434e23f)),sbt.server.WorkCancellationStatus$$anon$1@2f98fbb5)))))
Sending msg to client play-fork-run-377f6b8f-844c-470d-aca3-67f42434e23f: TaskStarted(422,35727,Some(AttributeKey[scala.Option[java.lang.String]]("mainClass") in Scope(Build: file:/Users/ryanmccormack/Documents/thunderdome/, , Project: ProjectReference(file:/Users/ryanmccormack/Documents/thunderdome/,root), Config: compile, Task: AttributeKey[void]("run"))))
Sending msg to client play-fork-run-377f6b8f-844c-470d-aca3-67f42434e23f: TaskStarted(422,35734,None)
Sending msg to client play-fork-run-377f6b8f-844c-470d-aca3-67f42434e23f: TaskStarted(422,35736,None)
Sending msg to client play-fork-run-377f6b8f-844c-470d-aca3-67f42434e23f: TaskStarted(422,35738,None)
Sending msg to client play-fork-run-377f6b8f-844c-470d-aca3-67f42434e23f: TaskStarted(422,35739,Some(AttributeKey[java.lang.String]("updateCacheName") in Scope(Build: file:/Users/ryanmccormack/Documents/thunderdome/, , Project: ProjectReference(file:/Users/ryanmccormack/Documents/thunderdome/,root))))
Sending msg to client play-fork-run-377f6b8f-844c-470d-aca3-67f42434e23f: TaskStarted(422,35740,Some(AttributeKey[boolean]("skip") in Scope(Global)))
Sending msg to client play-fork-run-377f6b8f-844c-470d-aca3-67f42434e23f: TaskStarted(422,35742,None)
Sending msg to client play-fork-run-377f6b8f-844c-470d-aca3-67f42434e23f: TaskStarted(422,35743,None)
Sending msg to client play-fork-run-377f6b8f-844c-470d-aca3-67f42434e23f: TaskStarted(422,35756,Some(AttributeKey[scala.collection.Seq[sbt.Resolver]]("externalResolvers") in Scope(Build: file:/Users/ryanmccormack/Documents/thunderdome/, , Project: ProjectReference(file:/Users/ryanmccormack/Documents/thunderdome/,root))))
Sending msg to client play-fork-run-377f6b8f-844c-470d-aca3-67f42434e23f: TaskStarted(422,35757,Some(AttributeKey[scala.Option[scala.collection.Seq[sbt.Resolver]]]("bootResolvers") in Scope(Build: file:/Users/ryanmccormack/Documents/thunderdome/, , Project: ProjectReference(file:/Users/ryanmccormack/Documents/thunderdome/,root))))
Sending msg to client play-fork-run-377f6b8f-844c-470d-aca3-67f42434e23f: TaskStarted(422,35759,Some(AttributeKey[scala.collection.Seq[sbt.Credentials]]("credentials") in Scope(Global)))
Sending msg to client play-fork-run-377f6b8f-844c-470d-aca3-67f42434e23f: TaskStarted(422,35765,None)
Sending msg to client play-fork-run-377f6b8f-844c-470d-aca3-67f42434e23f: TaskStarted(422,35769,None)
Sending msg to client play-fork-run-377f6b8f-844c-470d-aca3-67f42434e23f: TaskStarted(422,35778,Some(AttributeKey[scala.Tuple2[java.lang.String,java.io.File]]("playPrefixAndAssets") in Scope(Build: file:/Users/ryanmccormack/Documents/thunderdome/, , Project: ProjectReference(file:/Users/ryanmccormack/Documents/thunderdome/,root))))
Sending msg to client play-fork-run-377f6b8f-844c-470d-aca3-67f42434e23f: TaskStarted(422,35780,None)
Sending msg to client play-fork-run-377f6b8f-844c-470d-aca3-67f42434e23f: TaskStarted(422,35781,Some(AttributeKey[scala.collection.Seq[java.lang.String]]("javaOptions") in Scope(Global)))
Sending msg to client play-fork-run-377f6b8f-844c-470d-aca3-67f42434e23f: TaskFinished(422,35727,Some(AttributeKey[scala.Option[java.lang.String]]("mainClass") in Scope(Build: file:/Users/ryanmccormack/Documents/thunderdome/, , Project: ProjectReference(file:/Users/ryanmccormack/Documents/thunderdome/,root), Config: compile, Task: AttributeKey[void]("run"))),true,None)
Sending msg to client play-fork-run-377f6b8f-844c-470d-aca3-67f42434e23f: TaskFinished(422,35734,None,true,None)
Sending msg to client play-fork-run-377f6b8f-844c-470d-aca3-67f42434e23f: TaskStarted(422,35733,None)
Sending msg to client play-fork-run-377f6b8f-844c-470d-aca3-67f42434e23f: TaskStarted(422,35755,None)
Sending msg to client play-fork-run-377f6b8f-844c-470d-aca3-67f42434e23f: TaskStarted(422,35758,None)
Sending msg to client play-fork-run-377f6b8f-844c-470d-aca3-67f42434e23f: TaskStarted(422,35760,None)
Sending msg to client play-fork-run-377f6b8f-844c-470d-aca3-67f42434e23f: TaskStarted(422,35763,None)
Sending msg to client play-fork-run-377f6b8f-844c-470d-aca3-67f42434e23f: TaskStarted(422,35770,None)
Sending msg to client play-fork-run-377f6b8f-844c-470d-aca3-67f42434e23f: TaskStarted(422,35773,None)
Sending msg to client play-fork-run-377f6b8f-844c-470d-aca3-67f42434e23f: TaskStarted(422,35774,None)
Sending msg to client play-fork-run-377f6b8f-844c-470d-aca3-67f42434e23f: TaskFinished(422,35736,None,true,None)
Sending msg to client play-fork-run-377f6b8f-844c-470d-aca3-67f42434e23f: TaskFinished(422,35738,None,true,None)
Sending msg to client play-fork-run-377f6b8f-844c-470d-aca3-67f42434e23f: TaskStarted(422,35737,Some(AttributeKey[java.io.File]("dependencyCacheDirectory") in Scope(Build: file:/Users/ryanmccormack/Documents/thunderdome/, , Project: ProjectReference(file:/Users/ryanmccormack/Documents/thunderdome/,root))))
Sending msg to client play-fork-run-377f6b8f-844c-470d-aca3-67f42434e23f: TaskStarted(422,35749,Some(AttributeKey[sbt.BuildStructure]("buildStructure") in Scope(Global)))
Sending msg to client play-fork-run-377f6b8f-844c-470d-aca3-67f42434e23f: TaskFinished(422,35739,Some(AttributeKey[java.lang.String]("updateCacheName") in Scope(Build: file:/Users/ryanmccormack/Documents/thunderdome/, , Project: ProjectReference(file:/Users/ryanmccormack/Documents/thunderdome/,root))),true,None)
Sending msg to client play-fork-run-377f6b8f-844c-470d-aca3-67f42434e23f: TaskFinished(422,35740,Some(AttributeKey[boolean]("skip") in Scope(Global)),true,None)
Sending msg to client play-fork-run-377f6b8f-844c-470d-aca3-67f42434e23f: TaskFinished(422,35742,None,true,None)
Sending msg to client play-fork-run-377f6b8f-844c-470d-aca3-67f42434e23f: TaskFinished(422,35743,None,true,None)
Sending msg to client play-fork-run-377f6b8f-844c-470d-aca3-67f42434e23f: TaskStarted(422,35741,Some(AttributeKey[scala.collection.Seq[sbt.UpdateReport]]("transitiveUpdate") in Scope(Build: file:/Users/ryanmccormack/Documents/thunderdome/, , Project: ProjectReference(file:/Users/ryanmccormack/Documents/thunderdome/,root))))
Sending msg to client play-fork-run-377f6b8f-844c-470d-aca3-67f42434e23f: TaskFinished(422,35756,Some(AttributeKey[scala.collection.Seq[sbt.Resolver]]("externalResolvers") in Scope(Build: file:/Users/ryanmccormack/Documents/thunderdome/, , Project: ProjectReference(file:/Users/ryanmccormack/Documents/thunderdome/,root))),true,None)
Sending msg to client play-fork-run-377f6b8f-844c-470d-aca3-67f42434e23f: TaskFinished(422,35757,Some(AttributeKey[scala.Option[scala.collection.Seq[sbt.Resolver]]]("bootResolvers") in Scope(Build: file:/Users/ryanmccormack/Documents/thunderdome/, , Project: ProjectReference(file:/Users/ryanmccormack/Documents/thunderdome/,root))),true,None)
Sending msg to client play-fork-run-377f6b8f-844c-470d-aca3-67f42434e23f: TaskFinished(422,35759,Some(AttributeKey[scala.collection.Seq[sbt.Credentials]]("credentials") in Scope(Global)),true,None)
Sending msg to client play-fork-run-377f6b8f-844c-470d-aca3-67f42434e23f: TaskFinished(422,35765,None,true,None)
Sending msg to client play-fork-run-377f6b8f-844c-470d-aca3-67f42434e23f: TaskFinished(422,35769,None,true,None)
Sending msg to client play-fork-run-377f6b8f-844c-470d-aca3-67f42434e23f: TaskFinished(422,35778,Some(AttributeKey[scala.Tuple2[java.lang.String,java.io.File]]("playPrefixAndAssets") in Scope(Build: file:/Users/ryanmccormack/Documents/thunderdome/, , Project: ProjectReference(file:/Users/ryanmccormack/Documents/thunderdome/,root))),true,None)
Sending msg to client play-fork-run-377f6b8f-844c-470d-aca3-67f42434e23f: TaskStarted(422,35777,Some(AttributeKey[scala.collection.Seq[scala.Tuple2[java.lang.String,java.io.File]]]("playAllAssets") in Scope(Build: file:/Users/ryanmccormack/Documents/thunderdome/, , Project: ProjectReference(file:/Users/ryanmccormack/Documents/thunderdome/,root))))
Sending msg to client play-fork-run-377f6b8f-844c-470d-aca3-67f42434e23f: TaskFinished(422,35780,None,true,None)
Sending msg to client play-fork-run-377f6b8f-844c-470d-aca3-67f42434e23f: TaskFinished(422,35781,Some(AttributeKey[scala.collection.Seq[java.lang.String]]("javaOptions") in Scope(Global)),true,None)
Sending msg to client play-fork-run-377f6b8f-844c-470d-aca3-67f42434e23f: TaskFinished(422,35733,None,true,None)
Sending msg to client play-fork-run-377f6b8f-844c-470d-aca3-67f42434e23f: TaskFinished(422,35755,None,true,None)
Sending msg to client play-fork-run-377f6b8f-844c-470d-aca3-67f42434e23f: TaskFinished(422,35758,None,true,None)
Sending msg to client play-fork-run-377f6b8f-844c-470d-aca3-67f42434e23f: TaskFinished(422,35760,None,true,None)
Sending msg to client play-fork-run-377f6b8f-844c-470d-aca3-67f42434e23f: TaskFinished(422,35763,None,true,None)
Sending msg to client play-fork-run-377f6b8f-844c-470d-aca3-67f42434e23f: TaskStarted(422,35762,Some(AttributeKey[scala.collection.immutable.Map[sbt.ModuleID,sbt.SourcePosition]]("dependencyPositions") in Scope(Build: file:/Users/ryanmccormack/Documents/thunderdome/, , Project: ProjectReference(file:/Users/ryanmccormack/Documents/thunderdome/,root))))
Sending msg to client play-fork-run-377f6b8f-844c-470d-aca3-67f42434e23f: TaskFinished(422,35770,None,true,None)
Sending msg to client play-fork-run-377f6b8f-844c-470d-aca3-67f42434e23f: TaskFinished(422,35773,None,true,None)
Sending msg to client play-fork-run-377f6b8f-844c-470d-aca3-67f42434e23f: TaskFinished(422,35774,None,true,None)
Sending msg to client play-fork-run-377f6b8f-844c-470d-aca3-67f42434e23f: TaskFinished(422,35737,Some(AttributeKey[java.io.File]("dependencyCacheDirectory") in Scope(Build: file:/Users/ryanmccormack/Documents/thunderdome/, , Project: ProjectReference(file:/Users/ryanmccormack/Documents/thunderdome/,root))),true,None)
Sending msg to client play-fork-run-377f6b8f-844c-470d-aca3-67f42434e23f: TaskFinished(422,35749,Some(AttributeKey[sbt.BuildStructure]("buildStructure") in Scope(Global)),true,None)
Sending msg to client play-fork-run-377f6b8f-844c-470d-aca3-67f42434e23f: TaskStarted(422,35748,Some(AttributeKey[sbt.Settings[sbt.Scope]]("settingsData") in Scope(Global)))
Sending msg to client play-fork-run-377f6b8f-844c-470d-aca3-67f42434e23f: TaskFinished(422,35741,Some(AttributeKey[scala.collection.Seq[sbt.UpdateReport]]("transitiveUpdate") in Scope(Build: file:/Users/ryanmccormack/Documents/thunderdome/, , Project: ProjectReference(file:/Users/ryanmccormack/Documents/thunderdome/,root))),true,None)
Sending msg to client play-fork-run-377f6b8f-844c-470d-aca3-67f42434e23f: TaskFinished(422,35777,Some(AttributeKey[scala.collection.Seq[scala.Tuple2[java.lang.String,java.io.File]]]("playAllAssets") in Scope(Build: file:/Users/ryanmccormack/Documents/thunderdome/, , Project: ProjectReference(file:/Users/ryanmccormack/Documents/thunderdome/,root))),true,None)
Sending msg to client play-fork-run-377f6b8f-844c-470d-aca3-67f42434e23f: TaskFinished(422,35762,Some(AttributeKey[scala.collection.immutable.Map[sbt.ModuleID,sbt.SourcePosition]]("dependencyPositions") in Scope(Build: file:/Users/ryanmccormack/Documents/thunderdome/, , Project: ProjectReference(file:/Users/ryanmccormack/Documents/thunderdome/,root))),true,None)
Sending msg to client play-fork-run-377f6b8f-844c-470d-aca3-67f42434e23f: TaskStarted(422,35761,Some(AttributeKey[sbt.UnresolvedWarningConfiguration]("unresolvedWarningConfiguration") in Scope(Build: file:/Users/ryanmccormack/Documents/thunderdome/, , Project: ProjectReference(file:/Users/ryanmccormack/Documents/thunderdome/,root), Task: AttributeKey[sbt.UpdateReport]("update"))))
Sending msg to client play-fork-run-377f6b8f-844c-470d-aca3-67f42434e23f: TaskFinished(422,35748,Some(AttributeKey[sbt.Settings[sbt.Scope]]("settingsData") in Scope(Global)),true,None)
Sending msg to client play-fork-run-377f6b8f-844c-470d-aca3-67f42434e23f: TaskStarted(422,35747,Some(AttributeKey[scala.collection.Seq[sbt.ModuleID]]("projectDependencies") in Scope(Build: file:/Users/ryanmccormack/Documents/thunderdome/, , Project: ProjectReference(file:/Users/ryanmccormack/Documents/thunderdome/,root))))
Sending msg to client play-fork-run-377f6b8f-844c-470d-aca3-67f42434e23f: TaskStarted(422,35754,Some(AttributeKey[scala.collection.immutable.Map[org.apache.ivy.core.module.id.ModuleRevisionId,org.apache.ivy.core.module.descriptor.ModuleDescriptor]]("projectDescriptors") in Scope(Build: file:/Users/ryanmccormack/Documents/thunderdome/, , Project: ProjectReference(file:/Users/ryanmccormack/Documents/thunderdome/,root))))
Sending msg to client play-fork-run-377f6b8f-844c-470d-aca3-67f42434e23f: TaskStarted(422,35764,None)
Sending msg to client play-fork-run-377f6b8f-844c-470d-aca3-67f42434e23f: TaskStarted(422,35772,None)
Sending msg to client play-fork-run-377f6b8f-844c-470d-aca3-67f42434e23f: TaskStarted(422,35779,Some(AttributeKey[scala.collection.Seq[java.io.File]]("playMonitoredFiles") in Scope(Build: file:/Users/ryanmccormack/Documents/thunderdome/, , Project: ProjectReference(file:/Users/ryanmccormack/Documents/thunderdome/,root))))
Sending msg to client play-fork-run-377f6b8f-844c-470d-aca3-67f42434e23f: TaskFinished(422,35761,Some(AttributeKey[sbt.UnresolvedWarningConfiguration]("unresolvedWarningConfiguration") in Scope(Build: file:/Users/ryanmccormack/Documents/thunderdome/, , Project: ProjectReference(file:/Users/ryanmccormack/Documents/thunderdome/,root), Task: AttributeKey[sbt.UpdateReport]("update"))),true,None)
Sending msg to client play-fork-run-377f6b8f-844c-470d-aca3-67f42434e23f: TaskFinished(422,35747,Some(AttributeKey[scala.collection.Seq[sbt.ModuleID]]("projectDependencies") in Scope(Build: file:/Users/ryanmccormack/Documents/thunderdome/, , Project: ProjectReference(file:/Users/ryanmccormack/Documents/thunderdome/,root))),true,None)
Sending msg to client play-fork-run-377f6b8f-844c-470d-aca3-67f42434e23f: TaskStarted(422,35746,Some(AttributeKey[scala.collection.Seq[sbt.ModuleID]]("allDependencies") in Scope(Build: file:/Users/ryanmccormack/Documents/thunderdome/, , Project: ProjectReference(file:/Users/ryanmccormack/Documents/thunderdome/,root))))
Sending msg to client play-fork-run-377f6b8f-844c-470d-aca3-67f42434e23f: TaskStarted(422,35782,None)
Sending msg to client play-fork-run-377f6b8f-844c-470d-aca3-67f42434e23f: TaskStarted(422,35784,None)
Sending msg to client play-fork-run-377f6b8f-844c-470d-aca3-67f42434e23f: TaskStarted(422,35788,None)
Sending msg to client play-fork-run-377f6b8f-844c-470d-aca3-67f42434e23f: TaskStarted(422,35789,None)
Sending msg to client play-fork-run-377f6b8f-844c-470d-aca3-67f42434e23f: TaskStarted(422,35792,None)
Sending msg to client play-fork-run-377f6b8f-844c-470d-aca3-67f42434e23f: TaskStarted(422,35794,None)
Sending msg to client play-fork-run-377f6b8f-844c-470d-aca3-67f42434e23f: TaskStarted(422,35795,None)
Sending msg to client play-fork-run-377f6b8f-844c-470d-aca3-67f42434e23f: TaskStarted(422,35796,None)
Sending msg to client play-fork-run-377f6b8f-844c-470d-aca3-67f42434e23f: TaskFinished(422,35746,Some(AttributeKey[scala.collection.Seq[sbt.ModuleID]]("allDependencies") in Scope(Build: file:/Users/ryanmccormack/Documents/thunderdome/, , Project: ProjectReference(file:/Users/ryanmccormack/Documents/thunderdome/,root))),true,None)
Sending msg to client play-fork-run-377f6b8f-844c-470d-aca3-67f42434e23f: TaskStarted(422,35745,Some(AttributeKey[sbt.ModuleSettings]("moduleSettings") in Scope(Build: file:/Users/ryanmccormack/Documents/thunderdome/, , Project: ProjectReference(file:/Users/ryanmccormack/Documents/thunderdome/,root))))
Sending msg to client play-fork-run-377f6b8f-844c-470d-aca3-67f42434e23f: TaskFinished(422,35782,None,true,None)
Sending msg to client play-fork-run-377f6b8f-844c-470d-aca3-67f42434e23f: TaskFinished(422,35764,None,true,None)
Sending msg to client play-fork-run-377f6b8f-844c-470d-aca3-67f42434e23f: TaskFinished(422,35784,None,true,None)
Sending msg to client play-fork-run-377f6b8f-844c-470d-aca3-67f42434e23f: TaskStarted(422,35783,None)
Sending msg to client play-fork-run-377f6b8f-844c-470d-aca3-67f42434e23f: TaskFinished(422,35788,None,true,None)
Sending msg to client play-fork-run-377f6b8f-844c-470d-aca3-67f42434e23f: TaskFinished(422,35789,None,true,None)
Sending msg to client play-fork-run-377f6b8f-844c-470d-aca3-67f42434e23f: TaskStarted(422,35787,Some(AttributeKey[scala.collection.Seq[sbt.Attributed[java.io.File]]]("unmanagedJars") in Scope(Build: file:/Users/ryanmccormack/Documents/thunderdome/, , Project: ProjectReference(file:/Users/ryanmccormack/Documents/thunderdome/,root), Config: runtime)))
Sending msg to client play-fork-run-377f6b8f-844c-470d-aca3-67f42434e23f: TaskFinished(422,35792,None,true,None)
Sending msg to client play-fork-run-377f6b8f-844c-470d-aca3-67f42434e23f: TaskStarted(422,35791,None)
Sending msg to client play-fork-run-377f6b8f-844c-470d-aca3-67f42434e23f: TaskFinished(422,35794,None,true,None)
Sending msg to client play-fork-run-377f6b8f-844c-470d-aca3-67f42434e23f: TaskFinished(422,35795,None,true,None)
Sending msg to client play-fork-run-377f6b8f-844c-470d-aca3-67f42434e23f: TaskStarted(422,35793,Some(AttributeKey[scala.collection.Seq[sbt.Attributed[java.io.File]]]("unmanagedJars") in Scope(Build: file:/Users/ryanmccormack/Documents/thunderdome/, , Project: ProjectReference(file:/Users/ryanmccormack/Documents/thunderdome/,root), Config: compile)))
Sending msg to client play-fork-run-377f6b8f-844c-470d-aca3-67f42434e23f: TaskFinished(422,35796,None,true,None)
Sending msg to client play-fork-run-377f6b8f-844c-470d-aca3-67f42434e23f: TaskFinished(422,35779,Some(AttributeKey[scala.collection.Seq[java.io.File]]("playMonitoredFiles") in Scope(Build: file:/Users/ryanmccormack/Documents/thunderdome/, , Project: ProjectReference(file:/Users/ryanmccormack/Documents/thunderdome/,root))),true,None)
Sending msg to client play-fork-run-377f6b8f-844c-470d-aca3-67f42434e23f: TaskFinished(422,35745,Some(AttributeKey[sbt.ModuleSettings]("moduleSettings") in Scope(Build: file:/Users/ryanmccormack/Documents/thunderdome/, , Project: ProjectReference(file:/Users/ryanmccormack/Documents/thunderdome/,root))),true,None)
Sending msg to client play-fork-run-377f6b8f-844c-470d-aca3-67f42434e23f: TaskFinished(422,35783,None,true,None)
Sending msg to client play-fork-run-377f6b8f-844c-470d-aca3-67f42434e23f: TaskFinished(422,35754,Some(AttributeKey[scala.collection.immutable.Map[org.apache.ivy.core.module.id.ModuleRevisionId,org.apache.ivy.core.module.descriptor.ModuleDescriptor]]("projectDescriptors") in Scope(Build: file:/Users/ryanmccormack/Documents/thunderdome/, , Project: ProjectReference(file:/Users/ryanmccormack/Documents/thunderdome/,root))),true,None)
Sending msg to client play-fork-run-377f6b8f-844c-470d-aca3-67f42434e23f: TaskStarted(422,35753,Some(AttributeKey[sbt.Resolver]("projectResolver") in Scope(Build: file:/Users/ryanmccormack/Documents/thunderdome/, , Project: ProjectReference(file:/Users/ryanmccormack/Documents/thunderdome/,root))))
Sending msg to client play-fork-run-377f6b8f-844c-470d-aca3-67f42434e23f: TaskStarted(422,35797,None)
Sending msg to client play-fork-run-377f6b8f-844c-470d-aca3-67f42434e23f: TaskFinished(422,35787,Some(AttributeKey[scala.collection.Seq[sbt.Attributed[java.io.File]]]("unmanagedJars") in Scope(Build: file:/Users/ryanmccormack/Documents/thunderdome/, , Project: ProjectReference(file:/Users/ryanmccormack/Documents/thunderdome/,root), Config: runtime)),true,None)
Sending msg to client play-fork-run-377f6b8f-844c-470d-aca3-67f42434e23f: TaskFinished(422,35793,Some(AttributeKey[scala.collection.Seq[sbt.Attributed[java.io.File]]]("unmanagedJars") in Scope(Build: file:/Users/ryanmccormack/Documents/thunderdome/, , Project: ProjectReference(file:/Users/ryanmccormack/Documents/thunderdome/,root), Config: compile)),true,None)
Sending msg to client play-fork-run-377f6b8f-844c-470d-aca3-67f42434e23f: TaskFinished(422,35753,Some(AttributeKey[sbt.Resolver]("projectResolver") in Scope(Build: file:/Users/ryanmccormack/Documents/thunderdome/, , Project: ProjectReference(file:/Users/ryanmccormack/Documents/thunderdome/,root))),true,None)
Sending msg to client play-fork-run-377f6b8f-844c-470d-aca3-67f42434e23f: TaskStarted(422,35752,Some(AttributeKey[scala.collection.Seq[sbt.Resolver]]("fullResolvers") in Scope(Build: file:/Users/ryanmccormack/Documents/thunderdome/, , Project: ProjectReference(file:/Users/ryanmccormack/Documents/thunderdome/,root))))
Sending msg to client play-fork-run-377f6b8f-844c-470d-aca3-67f42434e23f: TaskFinished(422,35797,None,true,None)
Sending msg to client play-fork-run-377f6b8f-844c-470d-aca3-67f42434e23f: TaskFinished(422,35791,None,true,None)
Sending msg to client play-fork-run-377f6b8f-844c-470d-aca3-67f42434e23f: TaskStarted(422,35790,Some(AttributeKey[scala.collection.Seq[sbt.Attributed[java.io.File]]]("unmanagedJars") in Scope(Build: file:/Users/ryanmccormack/Documents/thunderdome/, , Project: ProjectReference(file:/Users/ryanmccormack/Documents/thunderdome/,root), Config: compile)))
Sending msg to client play-fork-run-377f6b8f-844c-470d-aca3-67f42434e23f: TaskFinished(422,35752,Some(AttributeKey[scala.collection.Seq[sbt.Resolver]]("fullResolvers") in Scope(Build: file:/Users/ryanmccormack/Documents/thunderdome/, , Project: ProjectReference(file:/Users/ryanmccormack/Documents/thunderdome/,root))),true,None)
Sending msg to client play-fork-run-377f6b8f-844c-470d-aca3-67f42434e23f: TaskStarted(422,35751,Some(AttributeKey[sbt.IvyConfiguration]("ivyConfiguration") in Scope(Build: file:/Users/ryanmccormack/Documents/thunderdome/, , Project: ProjectReference(file:/Users/ryanmccormack/Documents/thunderdome/,root))))
Sending msg to client play-fork-run-377f6b8f-844c-470d-aca3-67f42434e23f: TaskFinished(422,35790,Some(AttributeKey[scala.collection.Seq[sbt.Attributed[java.io.File]]]("unmanagedJars") in Scope(Build: file:/Users/ryanmccormack/Documents/thunderdome/, , Project: ProjectReference(file:/Users/ryanmccormack/Documents/thunderdome/,root), Config: compile)),true,None)
Sending msg to client play-fork-run-377f6b8f-844c-470d-aca3-67f42434e23f: TaskStarted(422,35786,None)
Sending msg to client play-fork-run-377f6b8f-844c-470d-aca3-67f42434e23f: TaskFinished(422,35751,Some(AttributeKey[sbt.IvyConfiguration]("ivyConfiguration") in Scope(Build: file:/Users/ryanmccormack/Documents/thunderdome/, , Project: ProjectReference(file:/Users/ryanmccormack/Documents/thunderdome/,root))),true,None)
Sending msg to client play-fork-run-377f6b8f-844c-470d-aca3-67f42434e23f: TaskStarted(422,35750,Some(AttributeKey[sbt.IvySbt]("ivySbt") in Scope(Build: file:/Users/ryanmccormack/Documents/thunderdome/, , Project: ProjectReference(file:/Users/ryanmccormack/Documents/thunderdome/,root))))
Sending msg to client play-fork-run-377f6b8f-844c-470d-aca3-67f42434e23f: TaskFinished(422,35786,None,true,None)
Sending msg to client play-fork-run-377f6b8f-844c-470d-aca3-67f42434e23f: TaskStarted(422,35785,None)
Sending msg to client play-fork-run-377f6b8f-844c-470d-aca3-67f42434e23f: TaskFinished(422,35750,Some(AttributeKey[sbt.IvySbt]("ivySbt") in Scope(Build: file:/Users/ryanmccormack/Documents/thunderdome/, , Project: ProjectReference(file:/Users/ryanmccormack/Documents/thunderdome/,root))),true,None)
Sending msg to client play-fork-run-377f6b8f-844c-470d-aca3-67f42434e23f: TaskStarted(422,35744,Some(AttributeKey[sbt.IvySbt$Module]("ivyModule") in Scope(Build: file:/Users/ryanmccormack/Documents/thunderdome/, , Project: ProjectReference(file:/Users/ryanmccormack/Documents/thunderdome/,root))))
Sending msg to client play-fork-run-377f6b8f-844c-470d-aca3-67f42434e23f: TaskFinished(422,35785,None,true,None)
Sending msg to client play-fork-run-377f6b8f-844c-470d-aca3-67f42434e23f: TaskFinished(422,35772,None,true,None)
Sending msg to client play-fork-run-377f6b8f-844c-470d-aca3-67f42434e23f: TaskStarted(422,35771,Some(AttributeKey[scala.collection.Seq[sbt.Attributed[java.io.File]]]("unmanagedClasspath") in Scope(Build: file:/Users/ryanmccormack/Documents/thunderdome/, , Project: ProjectReference(file:/Users/ryanmccormack/Documents/thunderdome/,root), Config: runtime)))
Sending msg to client play-fork-run-377f6b8f-844c-470d-aca3-67f42434e23f: TaskFinished(422,35744,Some(AttributeKey[sbt.IvySbt$Module]("ivyModule") in Scope(Build: file:/Users/ryanmccormack/Documents/thunderdome/, , Project: ProjectReference(file:/Users/ryanmccormack/Documents/thunderdome/,root))),true,None)
Sending msg to client play-fork-run-377f6b8f-844c-470d-aca3-67f42434e23f: TaskStarted(422,35735,Some(AttributeKey[sbt.UpdateReport]("update") in Scope(Build: file:/Users/ryanmccormack/Documents/thunderdome/, , Project: ProjectReference(file:/Users/ryanmccormack/Documents/thunderdome/,root))))
Sending msg to client play-fork-run-377f6b8f-844c-470d-aca3-67f42434e23f: TaskFinished(422,35771,Some(AttributeKey[scala.collection.Seq[sbt.Attributed[java.io.File]]]("unmanagedClasspath") in Scope(Build: file:/Users/ryanmccormack/Documents/thunderdome/, , Project: ProjectReference(file:/Users/ryanmccormack/Documents/thunderdome/,root), Config: runtime)),true,None)
Sending msg to client play-fork-run-377f6b8f-844c-470d-aca3-67f42434e23f: TaskFinished(422,35735,Some(AttributeKey[sbt.UpdateReport]("update") in Scope(Build: file:/Users/ryanmccormack/Documents/thunderdome/, , Project: ProjectReference(file:/Users/ryanmccormack/Documents/thunderdome/,root))),true,None)
Sending msg to client play-fork-run-377f6b8f-844c-470d-aca3-67f42434e23f: TaskStarted(422,35732,Some(AttributeKey[sbt.UpdateReport]("update") in Scope(Build: file:/Users/ryanmccormack/Documents/thunderdome/, , Project: ProjectReference(file:/Users/ryanmccormack/Documents/thunderdome/,root))))
Sending msg to client play-fork-run-377f6b8f-844c-470d-aca3-67f42434e23f: TaskFinished(422,35732,Some(AttributeKey[sbt.UpdateReport]("update") in Scope(Build: file:/Users/ryanmccormack/Documents/thunderdome/, , Project: ProjectReference(file:/Users/ryanmccormack/Documents/thunderdome/,root))),true,None)
Sending msg to client play-fork-run-377f6b8f-844c-470d-aca3-67f42434e23f: TaskStarted(422,35768,Some(AttributeKey[sbt.Configuration]("classpathConfiguration") in Scope(Build: file:/Users/ryanmccormack/Documents/thunderdome/, , Project: ProjectReference(file:/Users/ryanmccormack/Documents/thunderdome/,root), Config: compile)))
Sending msg to client play-fork-run-377f6b8f-844c-470d-aca3-67f42434e23f: TaskStarted(422,35776,Some(AttributeKey[scala.collection.Seq[sbt.Attributed[java.io.File]]]("managedClasspath") in Scope(Build: file:/Users/ryanmccormack/Documents/thunderdome/, , Project: ProjectReference(file:/Users/ryanmccormack/Documents/thunderdome/,root), Config: docs)))
Sending msg to client play-fork-run-377f6b8f-844c-470d-aca3-67f42434e23f: TaskFinished(422,35768,Some(AttributeKey[sbt.Configuration]("classpathConfiguration") in Scope(Build: file:/Users/ryanmccormack/Documents/thunderdome/, , Project: ProjectReference(file:/Users/ryanmccormack/Documents/thunderdome/,root), Config: compile)),true,None)
Sending msg to client play-fork-run-377f6b8f-844c-470d-aca3-67f42434e23f: TaskStarted(422,35767,None)
Sending msg to client play-fork-run-377f6b8f-844c-470d-aca3-67f42434e23f: TaskFinished(422,35767,None,true,None)
Sending msg to client play-fork-run-377f6b8f-844c-470d-aca3-67f42434e23f: TaskStarted(422,35766,Some(AttributeKey[sbt.Configuration]("classpathConfiguration") in Scope(Build: file:/Users/ryanmccormack/Documents/thunderdome/, , Project: ProjectReference(file:/Users/ryanmccormack/Documents/thunderdome/,root), Config: runtime)))
Sending msg to client play-fork-run-377f6b8f-844c-470d-aca3-67f42434e23f: TaskFinished(422,35776,Some(AttributeKey[scala.collection.Seq[sbt.Attributed[java.io.File]]]("managedClasspath") in Scope(Build: file:/Users/ryanmccormack/Documents/thunderdome/, , Project: ProjectReference(file:/Users/ryanmccormack/Documents/thunderdome/,root), Config: docs)),true,None)
Sending msg to client play-fork-run-377f6b8f-844c-470d-aca3-67f42434e23f: TaskStarted(422,35775,Some(AttributeKey[scala.Option[java.io.File]]("playDocsJar") in Scope(Build: file:/Users/ryanmccormack/Documents/thunderdome/, , Project: ProjectReference(file:/Users/ryanmccormack/Documents/thunderdome/,root))))
Sending msg to client play-fork-run-377f6b8f-844c-470d-aca3-67f42434e23f: TaskFinished(422,35766,Some(AttributeKey[sbt.Configuration]("classpathConfiguration") in Scope(Build: file:/Users/ryanmccormack/Documents/thunderdome/, , Project: ProjectReference(file:/Users/ryanmccormack/Documents/thunderdome/,root), Config: runtime)),true,None)
Sending msg to client play-fork-run-377f6b8f-844c-470d-aca3-67f42434e23f: TaskStarted(422,35731,None)
Sending msg to client play-fork-run-377f6b8f-844c-470d-aca3-67f42434e23f: TaskFinished(422,35775,Some(AttributeKey[scala.Option[java.io.File]]("playDocsJar") in Scope(Build: file:/Users/ryanmccormack/Documents/thunderdome/, , Project: ProjectReference(file:/Users/ryanmccormack/Documents/thunderdome/,root))),true,None)
Sending msg to client play-fork-run-377f6b8f-844c-470d-aca3-67f42434e23f: TaskFinished(422,35731,None,true,None)
Sending msg to client play-fork-run-377f6b8f-844c-470d-aca3-67f42434e23f: TaskStarted(422,35730,Some(AttributeKey[scala.collection.Seq[sbt.Attributed[java.io.File]]]("managedClasspath") in Scope(Build: file:/Users/ryanmccormack/Documents/thunderdome/, , Project: ProjectReference(file:/Users/ryanmccormack/Documents/thunderdome/,root), Config: runtime)))
Sending msg to client play-fork-run-377f6b8f-844c-470d-aca3-67f42434e23f: TaskFinished(422,35730,Some(AttributeKey[scala.collection.Seq[sbt.Attributed[java.io.File]]]("managedClasspath") in Scope(Build: file:/Users/ryanmccormack/Documents/thunderdome/, , Project: ProjectReference(file:/Users/ryanmccormack/Documents/thunderdome/,root), Config: runtime)),true,None)
Sending msg to client play-fork-run-377f6b8f-844c-470d-aca3-67f42434e23f: TaskStarted(422,35729,None)
Sending msg to client play-fork-run-377f6b8f-844c-470d-aca3-67f42434e23f: TaskFinished(422,35729,None,true,None)
Sending msg to client play-fork-run-377f6b8f-844c-470d-aca3-67f42434e23f: TaskStarted(422,35728,Some(AttributeKey[scala.collection.Seq[sbt.Attributed[java.io.File]]]("playDependencyClasspath") in Scope(Build: file:/Users/ryanmccormack/Documents/thunderdome/, , Project: ProjectReference(file:/Users/ryanmccormack/Documents/thunderdome/,root))))
Sending msg to client play-fork-run-377f6b8f-844c-470d-aca3-67f42434e23f: TaskFinished(422,35728,Some(AttributeKey[scala.collection.Seq[sbt.Attributed[java.io.File]]]("playDependencyClasspath") in Scope(Build: file:/Users/ryanmccormack/Documents/thunderdome/, , Project: ProjectReference(file:/Users/ryanmccormack/Documents/thunderdome/,root))),true,None)
Sending msg to client play-fork-run-377f6b8f-844c-470d-aca3-67f42434e23f: TaskStarted(422,35726,Some(AttributeKey[play.forkrun.protocol.ForkConfig]("playForkConfig") in Scope(Build: file:/Users/ryanmccormack/Documents/thunderdome/, , Project: ProjectReference(file:/Users/ryanmccormack/Documents/thunderdome/,root))))
Sending msg to client play-fork-run-377f6b8f-844c-470d-aca3-67f42434e23f: TaskFinished(422,35726,Some(AttributeKey[play.forkrun.protocol.ForkConfig]("playForkConfig") in Scope(Build: file:/Users/ryanmccormack/Documents/thunderdome/, , Project: ProjectReference(file:/Users/ryanmccormack/Documents/thunderdome/,root))),true,None)
Sending msg to client play-fork-run-377f6b8f-844c-470d-aca3-67f42434e23f: ValueChanged(AttributeKey[play.forkrun.protocol.ForkConfig]("playForkConfig") in Scope(Build: file:/Users/ryanmccormack/Documents/thunderdome/, , Project: ProjectReference(file:/Users/ryanmccormack/Documents/thunderdome/,root)),TaskSuccess(BuildValue(LazyValue(ForkConfig(/Users/ryanmccormack/Documents/thunderdome,List(),List(/Users/ryanmccormack/.ivy2/cache/org.scala-lang/scala-library/jars/scala-library-2.11.7.jar, /Users/ryanmccormack/Downloads/activator-dist-1.3.11/repository/com.typesafe.play/twirl-api_2.11/1.1.1/jars/twirl-api_2.11.jar, /Users/ryanmccormack/.ivy2/cache/org.apache.commons/commons-lang3/jars/commons-lang3-3.4.jar, /Users/ryanmccormack/.ivy2/cache/org.scala-lang.modules/scala-xml_2.11/bundles/scala-xml_2.11-1.0.1.jar, /Users/ryanmccormack/.ivy2/cache/com.typesafe.play/play-server_2.11/jars/play-server_2.11-2.4.2.jar, /Users/ryanmccormack/.ivy2/cache/com.typesafe.play/play_2.11/jars/play_2.11-2.4.2.jar, /Users/ryanmccormack/Downloads/activator-dist-1.3.11/repository/com.typesafe.play/build-link/2.4.2/jars/build-link.jar, /Users/ryanmccormack/Downloads/activator-dist-1.3.11/repository/com.typesafe.play/play-exceptions/2.4.2/jars/play-exceptions.jar, /Users/ryanmccormack/Downloads/activator-dist-1.3.11/repository/org.javassist/javassist/3.19.0-GA/bundles/javassist.jar, /Users/ryanmccormack/.ivy2/cache/com.typesafe.play/play-iteratees_2.11/jars/play-iteratees_2.11-2.4.2.jar, /Users/ryanmccormack/Downloads/activator-dist-1.3.11/repository/org.scala-stm/scala-stm_2.11/0.7/jars/scala-stm_2.11.jar, /Users/ryanmccormack/Downloads/activator-dist-1.3.11/repository/com.typesafe/config/1.3.0/bundles/config.jar, /Users/ryanmccormack/.ivy2/cache/com.typesafe.play/play-json_2.11/jars/play-json_2.11-2.4.2.jar, /Users/ryanmccormack/.ivy2/cache/com.typesafe.play/play-functional_2.11/jars/play-functional_2.11-2.4.2.jar, /Users/ryanmccormack/.ivy2/cache/com.typesafe.play/play-datacommons_2.11/jars/play-datacommons_2.11-2.4.2.jar, /Users/ryanmccormack/Downloads/activator-dist-1.3.11/repository/joda-time/joda-time/2.8.1/jars/joda-time.jar, /Users/ryanmccormack/Downloads/activator-dist-1.3.11/repository/org.joda/joda-convert/1.7/jars/joda-convert.jar, /Users/ryanmccormack/.ivy2/cache/org.scala-lang/scala-reflect/jars/scala-reflect-2.11.6.jar, /Users/ryanmccormack/Downloads/activator-dist-1.3.11/repository/com.fasterxml.jackson.core/jackson-core/2.5.4/bundles/jackson-core.jar, /Users/ryanmccormack/Downloads/activator-dist-1.3.11/repository/com.fasterxml.jackson.core/jackson-annotations/2.5.4/bundles/jackson-annotations.jar, /Users/ryanmccormack/Downloads/activator-dist-1.3.11/repository/com.fasterxml.jackson.core/jackson-databind/2.5.4/bundles/jackson-databind.jar, /Users/ryanmccormack/Downloads/activator-dist-1.3.11/repository/com.fasterxml.jackson.datatype/jackson-datatype-jdk8/2.5.4/bundles/jackson-datatype-jdk8.jar, /Users/ryanmccormack/Downloads/activator-dist-1.3.11/repository/com.fasterxml.jackson.datatype/jackson-datatype-jsr310/2.5.4/bundles/jackson-datatype-jsr310.jar, /Users/ryanmccormack/.ivy2/cache/com.typesafe.play/play-netty-utils/jars/play-netty-utils-2.4.2.jar, /Users/ryanmccormack/Downloads/activator-dist-1.3.11/repository/org.slf4j/slf4j-api/1.7.12/jars/slf4j-api.jar, /Users/ryanmccormack/Downloads/activator-dist-1.3.11/repository/org.slf4j/jul-to-slf4j/1.7.12/jars/jul-to-slf4j.jar, /Users/ryanmccormack/Downloads/activator-dist-1.3.11/repository/org.slf4j/jcl-over-slf4j/1.7.12/jars/jcl-over-slf4j.jar, /Users/ryanmccormack/.ivy2/cache/org.scala-lang.modules/scala-parser-combinators_2.11/bundles/scala-parser-combinators_2.11-1.0.1.jar, /Users/ryanmccormack/Downloads/activator-dist-1.3.11/repository/ch.qos.logback/logback-core/1.1.3/jars/logback-core.jar, /Users/ryanmccormack/Downloads/activator-dist-1.3.11/repository/ch.qos.logback/logback-classic/1.1.3/jars/logback-classic.jar, /Users/ryanmccormack/Downloads/activator-dist-1.3.11/repository/com.typesafe.akka/akka-actor_2.11/2.3.11/jars/akka-actor_2.11.jar, /Users/ryanmccormack/Downloads/activator-dist-1.3.11/repository/com.typesafe.akka/akka-slf4j_2.11/2.3.11/jars/akka-slf4j_2.11.jar, /Users/ryanmccormack/.ivy2/cache/commons-codec/commons-codec/jars/commons-codec-1.10.jar, /Users/ryanmccormack/.ivy2/cache/xerces/xercesImpl/jars/xercesImpl-2.11.0.jar, /Users/ryanmccormack/.ivy2/cache/xml-apis/xml-apis/jars/xml-apis-1.4.01.jar, /Users/ryanmccormack/.ivy2/cache/javax.transaction/jta/jars/jta-1.1.jar, /Users/ryanmccormack/Downloads/activator-dist-1.3.11/repository/com.google.inject/guice/4.0/jars/guice.jar, /Users/ryanmccormack/.ivy2/cache/javax.inject/javax.inject/jars/javax.inject-1.jar, /Users/ryanmccormack/.ivy2/cache/aopalliance/aopalliance/jars/aopalliance-1.0.jar, /Users/ryanmccormack/Downloads/activator-dist-1.3.11/repository/com.google.inject.extensions/guice-assistedinject/4.0/jars/guice-assistedinject.jar, /Users/ryanmccormack/.ivy2/cache/com.typesafe.play/play-netty-server_2.11/jars/play-netty-server_2.11-2.4.2.jar, /Users/ryanmccormack/.ivy2/cache/io.netty/netty/bundles/netty-3.10.3.Final.jar, /Users/ryanmccormack/Downloads/activator-dist-1.3.11/repository/com.typesafe.netty/netty-http-pipelining/1.1.4/jars/netty-http-pipelining.jar, /Users/ryanmccormack/.ivy2/cache/com.typesafe.play/play-cache_2.11/jars/play-cache_2.11-2.4.2.jar, /Users/ryanmccormack/Downloads/activator-dist-1.3.11/repository/net.sf.ehcache/ehcache-core/2.6.11/jars/ehcache-core.jar, /Users/ryanmccormack/.ivy2/cache/com.mohiva/play-silhouette_2.11/jars/play-silhouette_2.11-3.0.0-RC2.jar, /Users/ryanmccormack/.ivy2/cache/com.typesafe.play/play-ws_2.11/jars/play-ws_2.11-2.4.1.jar, /Users/ryanmccormack/Downloads/activator-dist-1.3.11/repository/com.google.guava/guava/18.0/bundles/guava.jar, /Users/ryanmccormack/Downloads/activator-dist-1.3.11/repository/com.ning/async-http-client/1.9.21/jars/async-http-client.jar, /Users/ryanmccormack/Downloads/activator-dist-1.3.11/repository/oauth.signpost/signpost-core/1.2.1.2/jars/signpost-core.jar, /Users/ryanmccormack/Downloads/activator-dist-1.3.11/repository/oauth.signpost/signpost-commonshttp4/1.2.1.2/jars/signpost-commonshttp4.jar, /Users/ryanmccormack/Downloads/activator-dist-1.3.11/repository/org.apache.httpcomponents/httpcore/4.0.1/jars/httpcore.jar, /Users/ryanmccormack/Downloads/activator-dist-1.3.11/repository/org.apache.httpcomponents/httpclient/4.0.1/jars/httpclient.jar, /Users/ryanmccormack/.ivy2/cache/commons-logging/commons-logging/jars/commons-logging-1.1.1.jar, /Users/ryanmccormack/.ivy2/cache/org.mindrot/jbcrypt/jars/jbcrypt-0.3m.jar, /Users/ryanmccormack/.ivy2/cache/com.atlassian.jwt/jwt-core/jars/jwt-core-1.2.4.jar, /Users/ryanmccormack/.ivy2/cache/com.nimbusds/nimbus-jose-jwt/jars/nimbus-jose-jwt-2.16.jar, /Users/ryanmccormack/.ivy2/cache/net.jcip/jcip-annotations/jars/jcip-annotations-1.0.jar, /Users/ryanmccormack/.ivy2/cache/net.minidev/json-smart/jars/json-smart-1.1.1.jar, /Users/ryanmccormack/.ivy2/cache/javax.mail/mail/jars/mail-1.4.7.jar, /Users/ryanmccormack/.ivy2/cache/javax.activation/activation/jars/activation-1.1.jar, /Users/ryanmccormack/.ivy2/cache/org.bouncycastle/bcprov-jdk15on/jars/bcprov-jdk15on-1.51.jar, /Users/ryanmccormack/.ivy2/cache/com.atlassian.jwt/jwt-api/jars/jwt-api-1.2.4.jar, /Users/ryanmccormack/.ivy2/cache/com.google.code.findbugs/jsr305/jars/jsr305-2.0.1.jar, /Users/ryanmccormack/.ivy2/cache/com.kyleu/jdub-async_2.11/jars/jdub-async_2.11-1.0.jar, /Users/ryanmccormack/.ivy2/cache/com.github.mauricio/postgresql-async_2.11/jars/postgresql-async_2.11-0.2.16.jar, /Users/ryanmccormack/.ivy2/cache/com.github.mauricio/db-async-common_2.11/jars/db-async-common_2.11-0.2.16.jar, /Users/ryanmccormack/.ivy2/cache/io.netty/netty-all/jars/netty-all-4.0.25.Final.jar, /Users/ryanmccormack/.ivy2/cache/org.webjars/bootstrap/jars/bootstrap-3.3.5.jar, /Users/ryanmccormack/.ivy2/cache/org.webjars/jquery/jars/jquery-1.11.1.jar),List((public/,/Users/ryanmccormack/Documents/thunderdome/target/web/public/main)),List(/Users/ryanmccormack/.ivy2/cache/com.typesafe.play/play-omnidoc_2.11/jars/play-omnidoc_2.11-2.4.2.jar, /Users/ryanmccormack/Downloads/activator-dist-1.3.11/repository/org.scala-lang/scala-library/2.11.6/jars/scala-library.jar, /Users/ryanmccormack/.ivy2/cache/com.typesafe.play/play-docs_2.11/jars/play-docs_2.11-2.4.2.jar, /Users/ryanmccormack/.ivy2/cache/com.typesafe.play/play-netty-server_2.11/jars/play-netty-server_2.11-2.4.2.jar, /Users/ryanmccormack/.ivy2/cache/com.typesafe.play/play-server_2.11/jars/play-server_2.11-2.4.2.jar, /Users/ryanmccormack/.ivy2/cache/com.typesafe.play/play_2.11/jars/play_2.11-2.4.2.jar, /Users/ryanmccormack/Downloads/activator-dist-1.3.11/repository/com.typesafe.play/build-link/2.4.2/jars/build-link.jar, /Users/ryanmccormack/Downloads/activator-dist-1.3.11/repository/com.typesafe.play/play-exceptions/2.4.2/jars/play-exceptions.jar, /Users/ryanmccormack/Downloads/activator-dist-1.3.11/repository/org.javassist/javassist/3.19.0-GA/bundles/javassist.jar, /Users/ryanmccormack/.ivy2/cache/com.typesafe.play/play-iteratees_2.11/jars/play-iteratees_2.11-2.4.2.jar, /Users/ryanmccormack/Downloads/activator-dist-1.3.11/repository/org.scala-stm/scala-stm_2.11/0.7/jars/scala-stm_2.11.jar, /Users/ryanmccormack/Downloads/activator-dist-1.3.11/repository/com.typesafe/config/1.3.0/bundles/config.jar, /Users/ryanmccormack/.ivy2/cache/com.typesafe.play/play-json_2.11/jars/play-json_2.11-2.4.2.jar, /Users/ryanmccormack/.ivy2/cache/com.typesafe.play/play-functional_2.11/jars/play-functional_2.11-2.4.2.jar, /Users/ryanmccormack/.ivy2/cache/com.typesafe.play/play-datacommons_2.11/jars/play-datacommons_2.11-2.4.2.jar, /Users/ryanmccormack/Downloads/activator-dist-1.3.11/repository/joda-time/joda-time/2.8.1/jars/joda-time.jar, /Users/ryanmccormack/Downloads/activator-dist-1.3.11/repository/org.joda/joda-convert/1.7/jars/joda-convert.jar, /Users/ryanmccormack/.ivy2/cache/org.scala-lang/scala-reflect/jars/scala-reflect-2.11.6.jar, /Users/ryanmccormack/Downloads/activator-dist-1.3.11/repository/com.fasterxml.jackson.core/jackson-core/2.5.4/bundles/jackson-core.jar, /Users/ryanmccormack/Downloads/activator-dist-1.3.11/repository/com.fasterxml.jackson.core/jackson-annotations/2.5.4/bundles/jackson-annotations.jar, /Users/ryanmccormack/Downloads/activator-dist-1.3.11/repository/com.fasterxml.jackson.core/jackson-databind/2.5.4/bundles/jackson-databind.jar, /Users/ryanmccormack/Downloads/activator-dist-1.3.11/repository/com.fasterxml.jackson.datatype/jackson-datatype-jdk8/2.5.4/bundles/jackson-datatype-jdk8.jar, /Users/ryanmccormack/Downloads/activator-dist-1.3.11/repository/com.fasterxml.jackson.datatype/jackson-datatype-jsr310/2.5.4/bundles/jackson-datatype-jsr310.jar, /Users/ryanmccormack/.ivy2/cache/com.typesafe.play/play-netty-utils/jars/play-netty-utils-2.4.2.jar, /Users/ryanmccormack/Downloads/activator-dist-1.3.11/repository/org.slf4j/slf4j-api/1.7.12/jars/slf4j-api.jar, /Users/ryanmccormack/Downloads/activator-dist-1.3.11/repository/org.slf4j/jul-to-slf4j/1.7.12/jars/jul-to-slf4j.jar, /Users/ryanmccormack/Downloads/activator-dist-1.3.11/repository/org.slf4j/jcl-over-slf4j/1.7.12/jars/jcl-over-slf4j.jar, /Users/ryanmccormack/Downloads/activator-dist-1.3.11/repository/com.typesafe.play/twirl-api_2.11/1.1.1/jars/twirl-api_2.11.jar, /Users/ryanmccormack/.ivy2/cache/org.apache.commons/commons-lang3/jars/commons-lang3-3.4.jar, /Users/ryanmccormack/.ivy2/cache/org.scala-lang.modules/scala-xml_2.11/bundles/scala-xml_2.11-1.0.1.jar, /Users/ryanmccormack/.ivy2/cache/org.scala-lang.modules/scala-parser-combinators_2.11/bundles/scala-parser-combinators_2.11-1.0.1.jar, /Users/ryanmccormack/Downloads/activator-dist-1.3.11/repository/ch.qos.logback/logback-core/1.1.3/jars/logback-core.jar, /Users/ryanmccormack/Downloads/activator-dist-1.3.11/repository/ch.qos.logback/logback-classic/1.1.3/jars/logback-classic.jar, /Users/ryanmccormack/Downloads/activator-dist-1.3.11/repository/com.typesafe.akka/akka-actor_2.11/2.3.11/jars/akka-actor_2.11.jar, /Users/ryanmccormack/Downloads/activator-dist-1.3.11/repository/com.typesafe.akka/akka-slf4j_2.11/2.3.11/jars/akka-slf4j_2.11.jar, /Users/ryanmccormack/.ivy2/cache/commons-codec/commons-codec/jars/commons-codec-1.10.jar, /Users/ryanmccormack/.ivy2/cache/xerces/xercesImpl/jars/xercesImpl-2.11.0.jar, /Users/ryanmccormack/.ivy2/cache/xml-apis/xml-apis/jars/xml-apis-1.4.01.jar, /Users/ryanmccormack/.ivy2/cache/javax.transaction/jta/jars/jta-1.1.jar, /Users/ryanmccormack/Downloads/activator-dist-1.3.11/repository/com.google.inject/guice/4.0/jars/guice.jar, /Users/ryanmccormack/.ivy2/cache/javax.inject/javax.inject/jars/javax.inject-1.jar, /Users/ryanmccormack/.ivy2/cache/aopalliance/aopalliance/jars/aopalliance-1.0.jar, /Users/ryanmccormack/Downloads/activator-dist-1.3.11/repository/com.google.guava/guava/16.0.1/bundles/guava.jar, /Users/ryanmccormack/Downloads/activator-dist-1.3.11/repository/com.google.inject.extensions/guice-assistedinject/4.0/jars/guice-assistedinject.jar, /Users/ryanmccormack/.ivy2/cache/io.netty/netty/bundles/netty-3.10.3.Final.jar, /Users/ryanmccormack/Downloads/activator-dist-1.3.11/repository/com.typesafe.netty/netty-http-pipelining/1.1.4/jars/netty-http-pipelining.jar, /Users/ryanmccormack/Downloads/activator-dist-1.3.11/repository/com.typesafe.play/play-doc_2.11/1.2.2/jars/play-doc_2.11.jar, /Users/ryanmccormack/Downloads/activator-dist-1.3.11/repository/org.pegdown/pegdown/1.4.0/jars/pegdown.jar, /Users/ryanmccormack/Downloads/activator-dist-1.3.11/repository/org.parboiled/parboiled-java/1.1.5/bundles/parboiled-java.jar, /Users/ryanmccormack/Downloads/activator-dist-1.3.11/repository/org.parboiled/parboiled-core/1.1.5/bundles/parboiled-core.jar, /Users/ryanmccormack/Downloads/activator-dist-1.3.11/repository/org.ow2.asm/asm/4.1/jars/asm.jar, /Users/ryanmccormack/Downloads/activator-dist-1.3.11/repository/org.ow2.asm/asm-tree/4.1/jars/asm-tree.jar, /Users/ryanmccormack/Downloads/activator-dist-1.3.11/repository/org.ow2.asm/asm-analysis/4.1/jars/asm-analysis.jar, /Users/ryanmccormack/Downloads/activator-dist-1.3.11/repository/org.ow2.asm/asm-util/4.1/jars/asm-util.jar, /Users/ryanmccormack/.ivy2/cache/commons-io/commons-io/jars/commons-io-2.4.jar),Some(/Users/ryanmccormack/.ivy2/cache/com.typesafe.play/play-omnidoc_2.11/jars/play-omnidoc_2.11-2.4.2.jar),List(),9000,0.0.0.0,DefaultWatchService,List(/Users/ryanmccormack/Documents/thunderdome/public, /Users/ryanmccormack/Documents/thunderdome/conf, /Users/ryanmccormack/Documents/thunderdome/app),/Users/ryanmccormack/Documents/thunderdome/target,500,root/playForkNotifyStart,root/playForkReload,300000,play.core.server.DevServerStart),scala.pickling.PicklerUnpickler$DelegatingPicklerUnpickler@4a96a687),ForkConfig(/Users/ryanmccormack/Documents/thunderdome,List(),List(/Users/ryanmccormack/.ivy2/cache/org.scala-lang/scala-library/jars/scala-library-2.11.7.jar, /Users/ryanmccormack/Downloads/activator-dist-1.3.11/repository/com.typesafe.play/twirl-api_2.11/1.1.1/jars/twirl-api_2.11.jar, /Users/ryanmccormack/.ivy2/cache/org.apache.commons/commons-lang3/jars/commons-lang3-3.4.jar, /Users/ryanmccormack/.ivy2/cache/org.scala-lang.modules/scala-xml_2.11/bundles/scala-xml_2.11-1.0.1.jar, /Users/ryanmccormack/.ivy2/cache/com.typesafe.play/play-server_2.11/jars/play-server_2.11-2.4.2.jar, /Users/ryanmccormack/.ivy2/cache/com.typesafe.play/play_2.11/jars/play_2.11-2.4.2.jar, /Users/ryanmccormack/Downloads/activator-dist-1.3.11/repository/com.typesafe.play/build-link/2.4.2/jars/build-link.jar, /Users/ryanmccormack/Downloads/activator-dist-1.3.11/repository/com.typesafe.play/play-exceptions/2.4.2/jars/play-exceptions.jar, /Users/ryanmccormack/Downloads/activator-dist-1.3.11/repository/org.javassist/javassist/3.19.0-GA/bundles/javassist.jar, /Users/ryanmccormack/.ivy2/cache/com.typesafe.play/play-iteratees_2.11/jars/play-iteratees_2.11-2.4.2.jar, /Users/ryanmccormack/Downloads/activator-dist-1.3.11/repository/org.scala-stm/scala-stm_2.11/0.7/jars/scala-stm_2.11.jar, /Users/ryanmccormack/Downloads/activator-dist-1.3.11/repository/com.typesafe/config/1.3.0/bundles/config.jar, /Users/ryanmccormack/.ivy2/cache/com.typesafe.play/play-json_2.11/jars/play-json_2.11-2.4.2.jar, /Users/ryanmccormack/.ivy2/cache/com.typesafe.play/play-functional_2.11/jars/play-functional_2.11-2.4.2.jar, /Users/ryanmccormack/.ivy2/cache/com.typesafe.play/play-datacommons_2.11/jars/play-datacommons_2.11-2.4.2.jar, /Users/ryanmccormack/Downloads/activator-dist-1.3.11/repository/joda-time/joda-time/2.8.1/jars/joda-time.jar, /Users/ryanmccormack/Downloads/activator-dist-1.3.11/repository/org.joda/joda-convert/1.7/jars/joda-convert.jar, /Users/ryanmccormack/.ivy2/cache/org.scala-lang/scala-reflect/jars/scala-reflect-2.11.6.jar, /Users/ryanmccormack/Downloads/activator-dist-1.3.11/repository/com.fasterxml.jackson.core/jackson-core/2.5.4/bundles/jackson-core.jar, /Users/ryanmccormack/Downloads/activator-dist-1.3.11/repository/com.fasterxml.jackson.core/jackson-annotations/2.5.4/bundles/jackson-annotations.jar, /Users/ryanmccormack/Downloads/activator-dist-1.3.11/repository/com.fasterxml.jackson.core/jackson-databind/2.5.4/bundles/jackson-databind.jar, /Users/ryanmccormack/Downloads/activator-dist-1.3.11/repository/com.fasterxml.jackson.datatype/jackson-datatype-jdk8/2.5.4/bundles/jackson-datatype-jdk8.jar, /Users/ryanmccormack/Downloads/activator-dist-1.3.11/repository/com.fasterxml.jackson.datatype/jackson-datatype-jsr310/2.5.4/bundles/jackson-datatype-jsr310.jar, /Users/ryanmccormack/.ivy2/cache/com.typesafe.play/play-netty-utils/jars/play-netty-utils-2.4.2.jar, /Users/ryanmccormack/Downloads/activator-dist-1.3.11/repository/org.slf4j/slf4j-api/1.7.12/jars/slf4j-api.jar, /Users/ryanmccormack/Downloads/activator-dist-1.3.11/repository/org.slf4j/jul-to-slf4j/1.7.12/jars/jul-to-slf4j.jar, /Users/ryanmccormack/Downloads/activator-dist-1.3.11/repository/org.slf4j/jcl-over-slf4j/1.7.12/jars/jcl-over-slf4j.jar, /Users/ryanmccormack/.ivy2/cache/org.scala-lang.modules/scala-parser-combinators_2.11/bundles/scala-parser-combinators_2.11-1.0.1.jar, /Users/ryanmccormack/Downloads/activator-dist-1.3.11/repository/ch.qos.logback/logback-core/1.1.3/jars/logback-core.jar, /Users/ryanmccormack/Downloads/activator-dist-1.3.11/repository/ch.qos.logback/logback-classic/1.1.3/jars/logback-classic.jar, /Users/ryanmccormack/Downloads/activator-dist-1.3.11/repository/com.typesafe.akka/akka-actor_2.11/2.3.11/jars/akka-actor_2.11.jar, /Users/ryanmccormack/Downloads/activator-dist-1.3.11/repository/com.typesafe.akka/akka-slf4j_2.11/2.3.11/jars/akka-slf4j_2.11.jar, /Users/ryanmccormack/.ivy2/cache/commons-codec/commons-codec/jars/commons-codec-1.10.jar, /Users/ryanmccormack/.ivy2/cache/xerces/xercesImpl/jars/xercesImpl-2.11.0.jar, /Users/ryanmccormack/.ivy2/cache/xml-apis/xml-apis/jars/xml-apis-1.4.01.jar, /Users/ryanmccormack/.ivy2/cache/javax.transaction/jta/jars/jta-1.1.jar, /Users/ryanmccormack/Downloads/activator-dist-1.3.11/repository/com.google.inject/guice/4.0/jars/guice.jar, /Users/ryanmccormack/.ivy2/cache/javax.inject/javax.inject/jars/javax.inject-1.jar, /Users/ryanmccormack/.ivy2/cache/aopalliance/aopalliance/jars/aopalliance-1.0.jar, /Users/ryanmccormack/Downloads/activator-dist-1.3.11/repository/com.google.inject.extensions/guice-assistedinject/4.0/jars/guice-assistedinject.jar, /Users/ryanmccormack/.ivy2/cache/com.typesafe.play/play-netty-server_2.11/jars/play-netty-server_2.11-2.4.2.jar, /Users/ryanmccormack/.ivy2/cache/io.netty/netty/bundles/netty-3.10.3.Final.jar, /Users/ryanmccormack/Downloads/activator-dist-1.3.11/repository/com.typesafe.netty/netty-http-pipelining/1.1.4/jars/netty-http-pipelining.jar, /Users/ryanmccormack/.ivy2/cache/com.typesafe.play/play-cache_2.11/jars/play-cache_2.11-2.4.2.jar, /Users/ryanmccormack/Downloads/activator-dist-1.3.11/repository/net.sf.ehcache/ehcache-core/2.6.11/jars/ehcache-core.jar, /Users/ryanmccormack/.ivy2/cache/com.mohiva/play-silhouette_2.11/jars/play-silhouette_2.11-3.0.0-RC2.jar, /Users/ryanmccormack/.ivy2/cache/com.typesafe.play/play-ws_2.11/jars/play-ws_2.11-2.4.1.jar, /Users/ryanmccormack/Downloads/activator-dist-1.3.11/repository/com.google.guava/guava/18.0/bundles/guava.jar, /Users/ryanmccormack/Downloads/activator-dist-1.3.11/repository/com.ning/async-http-client/1.9.21/jars/async-http-client.jar, /Users/ryanmccormack/Downloads/activator-dist-1.3.11/repository/oauth.signpost/signpost-core/1.2.1.2/jars/signpost-core.jar, /Users/ryanmccormack/Downloads/activator-dist-1.3.11/repository/oauth.signpost/signpost-commonshttp4/1.2.1.2/jars/signpost-commonshttp4.jar, /Users/ryanmccormack/Downloads/activator-dist-1.3.11/repository/org.apache.httpcomponents/httpcore/4.0.1/jars/httpcore.jar, /Users/ryanmccormack/Downloads/activator-dist-1.3.11/repository/org.apache.httpcomponents/httpclient/4.0.1/jars/httpclient.jar, /Users/ryanmccormack/.ivy2/cache/commons-logging/commons-logging/jars/commons-logging-1.1.1.jar, /Users/ryanmccormack/.ivy2/cache/org.mindrot/jbcrypt/jars/jbcrypt-0.3m.jar, /Users/ryanmccormack/.ivy2/cache/com.atlassian.jwt/jwt-core/jars/jwt-core-1.2.4.jar, /Users/ryanmccormack/.ivy2/cache/com.nimbusds/nimbus-jose-jwt/jars/nimbus-jose-jwt-2.16.jar, /Users/ryanmccormack/.ivy2/cache/net.jcip/jcip-annotations/jars/jcip-annotations-1.0.jar, /Users/ryanmccormack/.ivy2/cache/net.minidev/json-smart/jars/json-smart-1.1.1.jar, /Users/ryanmccormack/.ivy2/cache/javax.mail/mail/jars/mail-1.4.7.jar, /Users/ryanmccormack/.ivy2/cache/javax.activation/activation/jars/activation-1.1.jar, /Users/ryanmccormack/.ivy2/cache/org.bouncycastle/bcprov-jdk15on/jars/bcprov-jdk15on-1.51.jar, /Users/ryanmccormack/.ivy2/cache/com.atlassian.jwt/jwt-api/jars/jwt-api-1.2.4.jar, /Users/ryanmccormack/.ivy2/cache/com.google.code.findbugs/jsr305/jars/jsr305-2.0.1.jar, /Users/ryanmccormack/.ivy2/cache/com.kyleu/jdub-async_2.11/jars/jdub-async_2.11-1.0.jar, /Users/ryanmccormack/.ivy2/cache/com.github.mauricio/postgresql-async_2.11/jars/postgresql-async_2.11-0.2.16.jar, /Users/ryanmccormack/.ivy2/cache/com.github.mauricio/db-async-common_2.11/jars/db-async-common_2.11-0.2.16.jar, /Users/ryanmccormack/.ivy2/cache/io.netty/netty-all/jars/netty-all-4.0.25.Final.jar, /Users/ryanmccormack/.ivy2/cache/org.webjars/bootstrap/jars/bootstrap-3.3.5.jar, /Users/ryanmccormack/.ivy2/cache/org.webjars/jquery/jars/jquery-1.11.1.jar),List((public/,/Users/ryanmccormack/Documents/thunderdome/target/web/public/main)),List(/Users/ryanmccormack/.ivy2/cache/com.typesafe.play/play-omnidoc_2.11/jars/play-omnidoc_2.11-2.4.2.jar, /Users/ryanmccormack/Downloads/activator-dist-1.3.11/repository/org.scala-lang/scala-library/2.11.6/jars/scala-library.jar, /Users/ryanmccormack/.ivy2/cache/com.typesafe.play/play-docs_2.11/jars/play-docs_2.11-2.4.2.jar, /Users/ryanmccormack/.ivy2/cache/com.typesafe.play/play-netty-server_2.11/jars/play-netty-server_2.11-2.4.2.jar, /Users/ryanmccormack/.ivy2/cache/com.typesafe.play/play-server_2.11/jars/play-server_2.11-2.4.2.jar, /Users/ryanmccormack/.ivy2/cache/com.typesafe.play/play_2.11/jars/play_2.11-2.4.2.jar, /Users/ryanmccormack/Downloads/activator-dist-1.3.11/repository/com.typesafe.play/build-link/2.4.2/jars/build-link.jar, /Users/ryanmccormack/Downloads/activator-dist-1.3.11/repository/com.typesafe.play/play-exceptions/2.4.2/jars/play-exceptions.jar, /Users/ryanmccormack/Downloads/activator-dist-1.3.11/repository/org.javassist/javassist/3.19.0-GA/bundles/javassist.jar, /Users/ryanmccormack/.ivy2/cache/com.typesafe.play/play-iteratees_2.11/jars/play-iteratees_2.11-2.4.2.jar, /Users/ryanmccormack/Downloads/activator-dist-1.3.11/repository/org.scala-stm/scala-stm_2.11/0.7/jars/scala-stm_2.11.jar, /Users/ryanmccormack/Downloads/activator-dist-1.3.11/repository/com.typesafe/config/1.3.0/bundles/config.jar, /Users/ryanmccormack/.ivy2/cache/com.typesafe.play/play-json_2.11/jars/play-json_2.11-2.4.2.jar, /Users/ryanmccormack/.ivy2/cache/com.typesafe.play/play-functional_2.11/jars/play-functional_2.11-2.4.2.jar, /Users/ryanmccormack/.ivy2/cache/com.typesafe.play/play-datacommons_2.11/jars/play-datacommons_2.11-2.4.2.jar, /Users/ryanmccormack/Downloads/activator-dist-1.3.11/repository/joda-time/joda-time/2.8.1/jars/joda-time.jar, /Users/ryanmccormack/Downloads/activator-dist-1.3.11/repository/org.joda/joda-convert/1.7/jars/joda-convert.jar, /Users/ryanmccormack/.ivy2/cache/org.scala-lang/scala-reflect/jars/scala-reflect-2.11.6.jar, /Users/ryanmccormack/Downloads/activator-dist-1.3.11/repository/com.fasterxml.jackson.core/jackson-core/2.5.4/bundles/jackson-core.jar, /Users/ryanmccormack/Downloads/activator-dist-1.3.11/repository/com.fasterxml.jackson.core/jackson-annotations/2.5.4/bundles/jackson-annotations.jar, /Users/ryanmccormack/Downloads/activator-dist-1.3.11/repository/com.fasterxml.jackson.core/jackson-databind/2.5.4/bundles/jackson-databind.jar, /Users/ryanmccormack/Downloads/activator-dist-1.3.11/repository/com.fasterxml.jackson.datatype/jackson-datatype-jdk8/2.5.4/bundles/jackson-datatype-jdk8.jar, /Users/ryanmccormack/Downloads/activator-dist-1.3.11/repository/com.fasterxml.jackson.datatype/jackson-datatype-jsr310/2.5.4/bundles/jackson-datatype-jsr310.jar, /Users/ryanmccormack/.ivy2/cache/com.typesafe.play/play-netty-utils/jars/play-netty-utils-2.4.2.jar, /Users/ryanmccormack/Downloads/activator-dist-1.3.11/repository/org.slf4j/slf4j-api/1.7.12/jars/slf4j-api.jar, /Users/ryanmccormack/Downloads/activator-dist-1.3.11/repository/org.slf4j/jul-to-slf4j/1.7.12/jars/jul-to-slf4j.jar, /Users/ryanmccormack/Downloads/activator-dist-1.3.11/repository/org.slf4j/jcl-over-slf4j/1.7.12/jars/jcl-over-slf4j.jar, /Users/ryanmccormack/Downloads/activator-dist-1.3.11/repository/com.typesafe.play/twirl-api_2.11/1.1.1/jars/twirl-api_2.11.jar, /Users/ryanmccormack/.ivy2/cache/org.apache.commons/commons-lang3/jars/commons-lang3-3.4.jar, /Users/ryanmccormack/.ivy2/cache/org.scala-lang.modules/scala-xml_2.11/bundles/scala-xml_2.11-1.0.1.jar, /Users/ryanmccormack/.ivy2/cache/org.scala-lang.modules/scala-parser-combinators_2.11/bundles/scala-parser-combinators_2.11-1.0.1.jar, /Users/ryanmccormack/Downloads/activator-dist-1.3.11/repository/ch.qos.logback/logback-core/1.1.3/jars/logback-core.jar, /Users/ryanmccormack/Downloads/activator-dist-1.3.11/repository/ch.qos.logback/logback-classic/1.1.3/jars/logback-classic.jar, /Users/ryanmccormack/Downloads/activator-dist-1.3.11/repository/com.typesafe.akka/akka-actor_2.11/2.3.11/jars/akka-actor_2.11.jar, /Users/ryanmccormack/Downloads/activator-dist-1.3.11/repository/com.typesafe.akka/akka-slf4j_2.11/2.3.11/jars/akka-slf4j_2.11.jar, /Users/ryanmccormack/.ivy2/cache/commons-codec/commons-codec/jars/commons-codec-1.10.jar, /Users/ryanmccormack/.ivy2/cache/xerces/xercesImpl/jars/xercesImpl-2.11.0.jar, /Users/ryanmccormack/.ivy2/cache/xml-apis/xml-apis/jars/xml-apis-1.4.01.jar, /Users/ryanmccormack/.ivy2/cache/javax.transaction/jta/jars/jta-1.1.jar, /Users/ryanmccormack/Downloads/activator-dist-1.3.11/repository/com.google.inject/guice/4.0/jars/guice.jar, /Users/ryanmccormack/.ivy2/cache/javax.inject/javax.inject/jars/javax.inject-1.jar, /Users/ryanmccormack/.ivy2/cache/aopalliance/aopalliance/jars/aopalliance-1.0.jar, /Users/ryanmccormack/Downloads/activator-dist-1.3.11/repository/com.google.guava/guava/16.0.1/bundles/guava.jar, /Users/ryanmccormack/Downloads/activator-dist-1.3.11/repository/com.google.inject.extensions/guice-assistedinject/4.0/jars/guice-assistedinject.jar, /Users/ryanmccormack/.ivy2/cache/io.netty/netty/bundles/netty-3.10.3.Final.jar, /Users/ryanmccormack/Downloads/activator-dist-1.3.11/repository/com.typesafe.netty/netty-http-pipelining/1.1.4/jars/netty-http-pipelining.jar, /Users/ryanmccormack/Downloads/activator-dist-1.3.11/repository/com.typesafe.play/play-doc_2.11/1.2.2/jars/play-doc_2.11.jar, /Users/ryanmccormack/Downloads/activator-dist-1.3.11/repository/org.pegdown/pegdown/1.4.0/jars/pegdown.jar, /Users/ryanmccormack/Downloads/activator-dist-1.3.11/repository/org.parboiled/parboiled-java/1.1.5/bundles/parboiled-java.jar, /Users/ryanmccormack/Downloads/activator-dist-1.3.11/repository/org.parboiled/parboiled-core/1.1.5/bundles/parboiled-core.jar, /Users/ryanmccormack/Downloads/activator-dist-1.3.11/repository/org.ow2.asm/asm/4.1/jars/asm.jar, /Users/ryanmccormack/Downloads/activator-dist-1.3.11/repository/org.ow2.asm/asm-tree/4.1/jars/asm-tree.jar, /Users/ryanmccormack/Downloads/activator-dist-1.3.11/repository/org.ow2.asm/asm-analysis/4.1/jars/asm-analysis.jar, /Users/ryanmccormack/Downloads/activator-dist-1.3.11/repository/org.ow2.asm/asm-util/4.1/jars/asm-util.jar, /Users/ryanmccormack/.ivy2/cache/commons-io/commons-io/jars/commons-io-2.4.jar),Some(/Users/ryanmccormack/.ivy2/cache/com.typesafe.play/play-omnidoc_2.11/jars/play-omnidoc_2.11-2.4.2.jar),List(),9000,0.0.0.0,DefaultWatchService,List(/Users/ryanmccormack/Documents/thunderdome/public, /Users/ryanmccormack/Documents/thunderdome/conf, /Users/ryanmccormack/Documents/thunderdome/app),/Users/ryanmccormack/Documents/thunderdome/target,500,root/playForkNotifyStart,root/playForkReload,300000,play.core.server.DevServerStart))))
Sending msg to client play-fork-run-377f6b8f-844c-470d-aca3-67f42434e23f: TaskStarted(422,35725,None)
Sending msg to client play-fork-run-377f6b8f-844c-470d-aca3-67f42434e23f: TaskFinished(422,35725,None,true,None)
Sending msg to client play-fork-run-377f6b8f-844c-470d-aca3-67f42434e23f: TaskStarted(422,35724,None)
Sending msg to client play-fork-run-377f6b8f-844c-470d-aca3-67f42434e23f: TaskFinished(422,35724,None,true,None)
Sending msg to client play-fork-run-377f6b8f-844c-470d-aca3-67f42434e23f: DetachedLogEvent(LogMessage(debug,cancel strategy finish enabled=false lastCommand=Some(LastCommand(CommandExecutionWork(ExecutionId(422),{file:/Users/ryanmccormack/Documents/thunderdome/}root/*:playForkConfig,Set(LiveClient(play-fork-run 377f6b8f-844c-470d-aca3-67f42434e23f)),sbt.server.WorkCancellationStatus$$anon$1@2f98fbb5)))))
Sending msg to client play-fork-run-377f6b8f-844c-470d-aca3-67f42434e23f: DetachedLogEvent(LogSuccess(Total time: 0 s, completed 22-Jan-2017 10:17:42 PM))
Sending msg to client play-fork-run-377f6b8f-844c-470d-aca3-67f42434e23f: DetachedLogEvent(LogMessage(debug,> server-post-command-cleanup))
Sending msg to client play-fork-run-377f6b8f-844c-470d-aca3-67f42434e23f: ExecutionSuccess(422)
Sending msg to client play-fork-run-377f6b8f-844c-470d-aca3-67f42434e23f: DetachedLogEvent(LogMessage(debug,> server-handle-next-server-request))
Sending msg to client play-fork-run-377f6b8f-844c-470d-aca3-67f42434e23f: BackgroundJobLogEvent(59,LogMessage(info,))
Sending msg to client play-fork-run-377f6b8f-844c-470d-aca3-67f42434e23f: BackgroundJobLogEvent(59,LogMessage(info,[35m--- (Running the application, auto-reloading is enabled) ---[0m))
Sending msg to client play-fork-run-377f6b8f-844c-470d-aca3-67f42434e23f: BackgroundJobLogEvent(59,LogMessage(info,))
Sending msg to client play-fork-run-377f6b8f-844c-470d-aca3-67f42434e23f: BackgroundJobLogEvent(59,LogMessage(info,p.a.l.c.ActorSystemProvider - Starting application default Akka system: application))
Sending msg to client play-fork-run-377f6b8f-844c-470d-aca3-67f42434e23f: BackgroundJobLogEvent(59,LogMessage(info,p.c.s.NettyServer - Listening for HTTP on /0:0:0:0:0:0:0:0:9000))
Sending msg to client play-fork-run-377f6b8f-844c-470d-aca3-67f42434e23f: BackgroundJobLogEvent(59,LogMessage(info,))
Sending msg to client play-fork-run-377f6b8f-844c-470d-aca3-67f42434e23f: BackgroundJobLogEvent(59,LogMessage(info,[32m(Server started, use Ctrl+D to stop and go back to the console...)[0m))
Sending msg to client play-fork-run-377f6b8f-844c-470d-aca3-67f42434e23f: BackgroundJobLogEvent(59,LogMessage(info,))
Got request: ExecutionRequest(root/playForkNotifyStart http://localhost:9000)
Reading next message from client.
Sending msg to client play-fork-run-377f6b8f-844c-470d-aca3-67f42434e23f: (8,ExecutionRequestReceived(423))
Sending msg to client play-fork-run-377f6b8f-844c-470d-aca3-67f42434e23f: ExecutionWaiting(423,root/playForkNotifyStart http://localhost:9000,ClientInfo(377f6b8f-844c-470d-aca3-67f42434e23f,play-fork-run,Play Fork Run,1,Vector()))
Sending msg to client play-fork-run-377f6b8f-844c-470d-aca3-67f42434e23f: ExecutionStarting(423)
Sending msg to client play-fork-run-377f6b8f-844c-470d-aca3-67f42434e23f: DetachedLogEvent(LogMessage(debug,> root/playForkNotifyStart http://localhost:9000))
Sending msg to client play-fork-run-377f6b8f-844c-470d-aca3-67f42434e23f: DetachedLogEvent(LogMessage(debug,Evaluating tasks: *:playForkNotifyStart))
Sending msg to client play-fork-run-377f6b8f-844c-470d-aca3-67f42434e23f: DetachedLogEvent(LogMessage(debug,Running task... Cancel: sbt.server.ServerTaskCancellation@2ce0c8a1, check cycles: false))
Sending msg to client play-fork-run-377f6b8f-844c-470d-aca3-67f42434e23f: DetachedLogEvent(LogMessage(debug,cancel strategy start enabled=true lastCommand=Some(LastCommand(CommandExecutionWork(ExecutionId(423),root/playForkNotifyStart http://localhost:9000,Set(LiveClient(play-fork-run 377f6b8f-844c-470d-aca3-67f42434e23f)),sbt.server.WorkCancellationStatus$$anon$1@326bc2f1)))))
Sending msg to client play-fork-run-377f6b8f-844c-470d-aca3-67f42434e23f: TaskStarted(423,35802,Some(AttributeKey[sbt.SendEventService]("sendEventService") in Scope(Global)))
Sending msg to client play-fork-run-377f6b8f-844c-470d-aca3-67f42434e23f: TaskFinished(423,35802,Some(AttributeKey[sbt.SendEventService]("sendEventService") in Scope(Global)),true,None)
Sending msg to client play-fork-run-377f6b8f-844c-470d-aca3-67f42434e23f: TaskStarted(423,35801,Some(AttributeKey[scala.Function1[java.lang.String,void]]("playForkStarted") in Scope(Build: file:/Users/ryanmccormack/Documents/thunderdome/, , Project: ProjectReference(file:/Users/ryanmccormack/Documents/thunderdome/,root))))
Sending msg to client play-fork-run-377f6b8f-844c-470d-aca3-67f42434e23f: TaskFinished(423,35801,Some(AttributeKey[scala.Function1[java.lang.String,void]]("playForkStarted") in Scope(Build: file:/Users/ryanmccormack/Documents/thunderdome/, , Project: ProjectReference(file:/Users/ryanmccormack/Documents/thunderdome/,root))),true,None)
Sending msg to client play-fork-run-377f6b8f-844c-470d-aca3-67f42434e23f: TaskStarted(423,35800,Some(AttributeKey[void]("playForkNotifyStart") in Scope(Build: file:/Users/ryanmccormack/Documents/thunderdome/, , Project: ProjectReference(file:/Users/ryanmccormack/Documents/thunderdome/,root))))
Sending msg to client play-fork-run-377f6b8f-844c-470d-aca3-67f42434e23f: TaskEvent(35800,LazyValue(PlayServerStarted(http://localhost:9000),play.forkrun.protocol.Serializers$PlayForkrunProtocolPlayServerStartedPickler1$2$@7fcb90d4))
Sending msg to client play-fork-run-377f6b8f-844c-470d-aca3-67f42434e23f: TaskFinished(423,35800,Some(AttributeKey[void]("playForkNotifyStart") in Scope(Build: file:/Users/ryanmccormack/Documents/thunderdome/, , Project: ProjectReference(file:/Users/ryanmccormack/Documents/thunderdome/,root))),true,None)
Sending msg to client play-fork-run-377f6b8f-844c-470d-aca3-67f42434e23f: TaskStarted(423,35799,None)
Sending msg to client play-fork-run-377f6b8f-844c-470d-aca3-67f42434e23f: TaskFinished(423,35799,None,true,None)
Sending msg to client play-fork-run-377f6b8f-844c-470d-aca3-67f42434e23f: TaskStarted(423,35798,None)
Sending msg to client play-fork-run-377f6b8f-844c-470d-aca3-67f42434e23f: TaskFinished(423,35798,None,true,None)
Sending msg to client play-fork-run-377f6b8f-844c-470d-aca3-67f42434e23f: DetachedLogEvent(LogMessage(debug,cancel strategy finish enabled=false lastCommand=Some(LastCommand(CommandExecutionWork(ExecutionId(423),root/playForkNotifyStart http://localhost:9000,Set(LiveClient(play-fork-run 377f6b8f-844c-470d-aca3-67f42434e23f)),sbt.server.WorkCancellationStatus$$anon$1@326bc2f1)))))
Sending msg to client play-fork-run-377f6b8f-844c-470d-aca3-67f42434e23f: DetachedLogEvent(LogSuccess(Total time: 0 s, completed 22-Jan-2017 10:17:44 PM))
Sending msg to client play-fork-run-377f6b8f-844c-470d-aca3-67f42434e23f: DetachedLogEvent(LogMessage(debug,> server-post-command-cleanup))
Sending msg to client play-fork-run-377f6b8f-844c-470d-aca3-67f42434e23f: ExecutionSuccess(423)
Sending msg to client play-fork-run-377f6b8f-844c-470d-aca3-67f42434e23f: DetachedLogEvent(LogMessage(debug,> server-handle-next-server-request))
Sending msg to client play-fork-run-377f6b8f-844c-470d-aca3-67f42434e23f: BackgroundJobLogEvent(58,LogMessage(info,JVM exiting, shutting down Play fork run ...))
Sending msg to client play-fork-run-377f6b8f-844c-470d-aca3-67f42434e23f: BackgroundJobLogEvent(58,LogMessage(info,Play fork run already stopped ...))
Sending msg to client play-fork-run-377f6b8f-844c-470d-aca3-67f42434e23f: BackgroundJobLogEvent(58,LogMessage(info,Forked Play process exited with status: 0))
Sending msg to client play-fork-run-377f6b8f-844c-470d-aca3-67f42434e23f: BackgroundJobFinished(416,58)
