New log file opened at Wed Jan 18 00:04:55 EST 2017 by 56269@Ryans-MBP
Sending msg to client play-fork-run-02a60742-e395-4760-8201-6ca0cefc9b5f: DetachedLogEvent(LogMessage(debug,sbt server socket logs are in: /Users/ryanmccormack/Documents/thunderdome/.sbtserver/connections/master.log))
Sending msg to client play-fork-run-02a60742-e395-4760-8201-6ca0cefc9b5f: DetachedLogEvent(LogMessage(debug,sbt client logs are in: /Users/ryanmccormack/Documents/thunderdome/.sbtserver/connections/play-fork-run-02a60742-e395-4760-8201-6ca0cefc9b5f.log))
Sending msg to client play-fork-run-02a60742-e395-4760-8201-6ca0cefc9b5f: DetachedLogEvent(LogMessage(debug,sbt general server logs are in: /Users/ryanmccormack/Documents/thunderdome/.sbtserver/master.log))
Reading next message from client.
Got request: DaemonRequest(true)
Reading next message from client.
Sending msg to client play-fork-run-02a60742-e395-4760-8201-6ca0cefc9b5f: (3,ReceivedResponse())
Got request: ListenToEvents()
Reading next message from client.
Sending msg to client play-fork-run-02a60742-e395-4760-8201-6ca0cefc9b5f: BackgroundJobStarted(211,BackgroundJobInfo(14,backgroundRun,AttributeKey[sbt.BackgroundJobHandle]("backgroundRun") in Scope(Build: file:/Users/ryanmccormack/Documents/thunderdome/, , Project: ProjectReference(file:/Users/ryanmccormack/Documents/thunderdome/,root), Config: compile)))
Sending msg to client play-fork-run-02a60742-e395-4760-8201-6ca0cefc9b5f: BackgroundJobStarted(206,BackgroundJobInfo(13,backgroundRun,AttributeKey[sbt.BackgroundJobHandle]("backgroundRun") in Scope(Build: file:/Users/ryanmccormack/Documents/thunderdome/, , Project: ProjectReference(file:/Users/ryanmccormack/Documents/thunderdome/,root), Config: compile)))
Sending msg to client play-fork-run-02a60742-e395-4760-8201-6ca0cefc9b5f: (4,ReceivedResponse())
Got request: KeyLookupRequest(root/playForkConfig)
Reading next message from client.
Sending msg to client play-fork-run-02a60742-e395-4760-8201-6ca0cefc9b5f: (5,KeyLookupResponse(root/playForkConfig,Vector(AttributeKey[play.forkrun.protocol.ForkConfig]("playForkConfig") in Scope(Build: file:/Users/ryanmccormack/Documents/thunderdome/, , Project: ProjectReference(file:/Users/ryanmccormack/Documents/thunderdome/,root)))))
Got request: ListenToValue(AttributeKey[play.forkrun.protocol.ForkConfig]("playForkConfig") in Scope(Build: file:/Users/ryanmccormack/Documents/thunderdome/, , Project: ProjectReference(file:/Users/ryanmccormack/Documents/thunderdome/,root)))
Reading next message from client.
Sending msg to client play-fork-run-02a60742-e395-4760-8201-6ca0cefc9b5f: (6,ReceivedResponse())
Got request: KeyExecutionRequest(AttributeKey[play.forkrun.protocol.ForkConfig]("playForkConfig") in Scope(Build: file:/Users/ryanmccormack/Documents/thunderdome/, , Project: ProjectReference(file:/Users/ryanmccormack/Documents/thunderdome/,root)))
Reading next message from client.
Sending msg to client play-fork-run-02a60742-e395-4760-8201-6ca0cefc9b5f: (7,ExecutionRequestReceived(212))
Sending msg to client play-fork-run-02a60742-e395-4760-8201-6ca0cefc9b5f: ExecutionWaiting(212,{file:/Users/ryanmccormack/Documents/thunderdome/}root/*:playForkConfig,ClientInfo(02a60742-e395-4760-8201-6ca0cefc9b5f,play-fork-run,Play Fork Run,1,Vector()))
Sending msg to client play-fork-run-02a60742-e395-4760-8201-6ca0cefc9b5f: ExecutionStarting(212)
Sending msg to client play-fork-run-02a60742-e395-4760-8201-6ca0cefc9b5f: DetachedLogEvent(LogMessage(debug,> {file:/Users/ryanmccormack/Documents/thunderdome/}root/*:playForkConfig))
Sending msg to client play-fork-run-02a60742-e395-4760-8201-6ca0cefc9b5f: DetachedLogEvent(LogMessage(debug,Evaluating tasks: *:playForkConfig))
Sending msg to client play-fork-run-02a60742-e395-4760-8201-6ca0cefc9b5f: DetachedLogEvent(LogMessage(debug,Running task... Cancel: sbt.server.ServerTaskCancellation@556a59ab, check cycles: false))
Sending msg to client play-fork-run-02a60742-e395-4760-8201-6ca0cefc9b5f: DetachedLogEvent(LogMessage(debug,cancel strategy start enabled=true lastCommand=Some(LastCommand(CommandExecutionWork(ExecutionId(212),{file:/Users/ryanmccormack/Documents/thunderdome/}root/*:playForkConfig,Set(LiveClient(play-fork-run 02a60742-e395-4760-8201-6ca0cefc9b5f)),sbt.server.WorkCancellationStatus$$anon$1@6903a143)))))
Sending msg to client play-fork-run-02a60742-e395-4760-8201-6ca0cefc9b5f: TaskStarted(212,27078,None)
Sending msg to client play-fork-run-02a60742-e395-4760-8201-6ca0cefc9b5f: TaskStarted(212,27080,None)
Sending msg to client play-fork-run-02a60742-e395-4760-8201-6ca0cefc9b5f: TaskStarted(212,27081,Some(AttributeKey[java.lang.String]("updateCacheName") in Scope(Build: file:/Users/ryanmccormack/Documents/thunderdome/, , Project: ProjectReference(file:/Users/ryanmccormack/Documents/thunderdome/,root))))
Sending msg to client play-fork-run-02a60742-e395-4760-8201-6ca0cefc9b5f: TaskStarted(212,27083,None)
Sending msg to client play-fork-run-02a60742-e395-4760-8201-6ca0cefc9b5f: TaskStarted(212,27084,Some(AttributeKey[boolean]("skip") in Scope(Global)))
Sending msg to client play-fork-run-02a60742-e395-4760-8201-6ca0cefc9b5f: TaskStarted(212,27086,None)
Sending msg to client play-fork-run-02a60742-e395-4760-8201-6ca0cefc9b5f: TaskStarted(212,27087,None)
Sending msg to client play-fork-run-02a60742-e395-4760-8201-6ca0cefc9b5f: TaskStarted(212,27099,Some(AttributeKey[scala.collection.Seq[sbt.Resolver]]("externalResolvers") in Scope(Build: file:/Users/ryanmccormack/Documents/thunderdome/, , Project: ProjectReference(file:/Users/ryanmccormack/Documents/thunderdome/,root))))
Sending msg to client play-fork-run-02a60742-e395-4760-8201-6ca0cefc9b5f: TaskStarted(212,27103,Some(AttributeKey[scala.Option[scala.collection.Seq[sbt.Resolver]]]("bootResolvers") in Scope(Build: file:/Users/ryanmccormack/Documents/thunderdome/, , Project: ProjectReference(file:/Users/ryanmccormack/Documents/thunderdome/,root))))
Sending msg to client play-fork-run-02a60742-e395-4760-8201-6ca0cefc9b5f: TaskStarted(212,27104,Some(AttributeKey[scala.collection.Seq[sbt.Credentials]]("credentials") in Scope(Global)))
Sending msg to client play-fork-run-02a60742-e395-4760-8201-6ca0cefc9b5f: TaskStarted(212,27106,None)
Sending msg to client play-fork-run-02a60742-e395-4760-8201-6ca0cefc9b5f: TaskStarted(212,27111,Some(AttributeKey[scala.Tuple2[java.lang.String,java.io.File]]("playPrefixAndAssets") in Scope(Build: file:/Users/ryanmccormack/Documents/thunderdome/, , Project: ProjectReference(file:/Users/ryanmccormack/Documents/thunderdome/,root))))
Sending msg to client play-fork-run-02a60742-e395-4760-8201-6ca0cefc9b5f: TaskStarted(212,27113,Some(AttributeKey[scala.collection.Seq[java.lang.String]]("javaOptions") in Scope(Global)))
Sending msg to client play-fork-run-02a60742-e395-4760-8201-6ca0cefc9b5f: TaskStarted(212,27114,Some(AttributeKey[scala.Option[java.lang.String]]("mainClass") in Scope(Build: file:/Users/ryanmccormack/Documents/thunderdome/, , Project: ProjectReference(file:/Users/ryanmccormack/Documents/thunderdome/,root), Config: compile, Task: AttributeKey[void]("run"))))
Sending msg to client play-fork-run-02a60742-e395-4760-8201-6ca0cefc9b5f: TaskStarted(212,27116,None)
Sending msg to client play-fork-run-02a60742-e395-4760-8201-6ca0cefc9b5f: TaskStarted(212,27129,None)
Sending msg to client play-fork-run-02a60742-e395-4760-8201-6ca0cefc9b5f: TaskFinished(212,27080,None,true,None)
Sending msg to client play-fork-run-02a60742-e395-4760-8201-6ca0cefc9b5f: TaskFinished(212,27084,Some(AttributeKey[boolean]("skip") in Scope(Global)),true,None)
Sending msg to client play-fork-run-02a60742-e395-4760-8201-6ca0cefc9b5f: TaskFinished(212,27078,None,true,None)
Sending msg to client play-fork-run-02a60742-e395-4760-8201-6ca0cefc9b5f: TaskStarted(212,27077,None)
Sending msg to client play-fork-run-02a60742-e395-4760-8201-6ca0cefc9b5f: TaskStarted(212,27095,None)
Sending msg to client play-fork-run-02a60742-e395-4760-8201-6ca0cefc9b5f: TaskStarted(212,27097,None)
Sending msg to client play-fork-run-02a60742-e395-4760-8201-6ca0cefc9b5f: TaskStarted(212,27102,None)
Sending msg to client play-fork-run-02a60742-e395-4760-8201-6ca0cefc9b5f: TaskStarted(212,27109,None)
Sending msg to client play-fork-run-02a60742-e395-4760-8201-6ca0cefc9b5f: TaskStarted(212,27118,None)
Sending msg to client play-fork-run-02a60742-e395-4760-8201-6ca0cefc9b5f: TaskStarted(212,27121,None)
Sending msg to client play-fork-run-02a60742-e395-4760-8201-6ca0cefc9b5f: TaskStarted(212,27124,None)
Sending msg to client play-fork-run-02a60742-e395-4760-8201-6ca0cefc9b5f: TaskFinished(212,27086,None,true,None)
Sending msg to client play-fork-run-02a60742-e395-4760-8201-6ca0cefc9b5f: TaskFinished(212,27087,None,true,None)
Sending msg to client play-fork-run-02a60742-e395-4760-8201-6ca0cefc9b5f: TaskStarted(212,27085,Some(AttributeKey[scala.collection.Seq[sbt.UpdateReport]]("transitiveUpdate") in Scope(Build: file:/Users/ryanmccormack/Documents/thunderdome/, , Project: ProjectReference(file:/Users/ryanmccormack/Documents/thunderdome/,root))))
Sending msg to client play-fork-run-02a60742-e395-4760-8201-6ca0cefc9b5f: TaskFinished(212,27083,None,true,None)
Sending msg to client play-fork-run-02a60742-e395-4760-8201-6ca0cefc9b5f: TaskStarted(212,27082,Some(AttributeKey[java.io.File]("dependencyCacheDirectory") in Scope(Build: file:/Users/ryanmccormack/Documents/thunderdome/, , Project: ProjectReference(file:/Users/ryanmccormack/Documents/thunderdome/,root))))
Sending msg to client play-fork-run-02a60742-e395-4760-8201-6ca0cefc9b5f: TaskStarted(212,27093,Some(AttributeKey[sbt.BuildStructure]("buildStructure") in Scope(Global)))
Sending msg to client play-fork-run-02a60742-e395-4760-8201-6ca0cefc9b5f: TaskFinished(212,27099,Some(AttributeKey[scala.collection.Seq[sbt.Resolver]]("externalResolvers") in Scope(Build: file:/Users/ryanmccormack/Documents/thunderdome/, , Project: ProjectReference(file:/Users/ryanmccormack/Documents/thunderdome/,root))),true,None)
Sending msg to client play-fork-run-02a60742-e395-4760-8201-6ca0cefc9b5f: TaskFinished(212,27103,Some(AttributeKey[scala.Option[scala.collection.Seq[sbt.Resolver]]]("bootResolvers") in Scope(Build: file:/Users/ryanmccormack/Documents/thunderdome/, , Project: ProjectReference(file:/Users/ryanmccormack/Documents/thunderdome/,root))),true,None)
Sending msg to client play-fork-run-02a60742-e395-4760-8201-6ca0cefc9b5f: TaskFinished(212,27104,Some(AttributeKey[scala.collection.Seq[sbt.Credentials]]("credentials") in Scope(Global)),true,None)
Sending msg to client play-fork-run-02a60742-e395-4760-8201-6ca0cefc9b5f: TaskFinished(212,27081,Some(AttributeKey[java.lang.String]("updateCacheName") in Scope(Build: file:/Users/ryanmccormack/Documents/thunderdome/, , Project: ProjectReference(file:/Users/ryanmccormack/Documents/thunderdome/,root))),true,None)
Sending msg to client play-fork-run-02a60742-e395-4760-8201-6ca0cefc9b5f: TaskFinished(212,27106,None,true,None)
Sending msg to client play-fork-run-02a60742-e395-4760-8201-6ca0cefc9b5f: TaskFinished(212,27111,Some(AttributeKey[scala.Tuple2[java.lang.String,java.io.File]]("playPrefixAndAssets") in Scope(Build: file:/Users/ryanmccormack/Documents/thunderdome/, , Project: ProjectReference(file:/Users/ryanmccormack/Documents/thunderdome/,root))),true,None)
Sending msg to client play-fork-run-02a60742-e395-4760-8201-6ca0cefc9b5f: TaskStarted(212,27110,Some(AttributeKey[scala.collection.Seq[scala.Tuple2[java.lang.String,java.io.File]]]("playAllAssets") in Scope(Build: file:/Users/ryanmccormack/Documents/thunderdome/, , Project: ProjectReference(file:/Users/ryanmccormack/Documents/thunderdome/,root))))
Sending msg to client play-fork-run-02a60742-e395-4760-8201-6ca0cefc9b5f: TaskFinished(212,27113,Some(AttributeKey[scala.collection.Seq[java.lang.String]]("javaOptions") in Scope(Global)),true,None)
Sending msg to client play-fork-run-02a60742-e395-4760-8201-6ca0cefc9b5f: TaskFinished(212,27114,Some(AttributeKey[scala.Option[java.lang.String]]("mainClass") in Scope(Build: file:/Users/ryanmccormack/Documents/thunderdome/, , Project: ProjectReference(file:/Users/ryanmccormack/Documents/thunderdome/,root), Config: compile, Task: AttributeKey[void]("run"))),true,None)
Sending msg to client play-fork-run-02a60742-e395-4760-8201-6ca0cefc9b5f: TaskFinished(212,27116,None,true,None)
Sending msg to client play-fork-run-02a60742-e395-4760-8201-6ca0cefc9b5f: TaskFinished(212,27129,None,true,None)
Sending msg to client play-fork-run-02a60742-e395-4760-8201-6ca0cefc9b5f: TaskFinished(212,27077,None,true,None)
Sending msg to client play-fork-run-02a60742-e395-4760-8201-6ca0cefc9b5f: TaskFinished(212,27095,None,true,None)
Sending msg to client play-fork-run-02a60742-e395-4760-8201-6ca0cefc9b5f: TaskFinished(212,27097,None,true,None)
Sending msg to client play-fork-run-02a60742-e395-4760-8201-6ca0cefc9b5f: TaskFinished(212,27118,None,true,None)
Sending msg to client play-fork-run-02a60742-e395-4760-8201-6ca0cefc9b5f: TaskFinished(212,27102,None,true,None)
Sending msg to client play-fork-run-02a60742-e395-4760-8201-6ca0cefc9b5f: TaskFinished(212,27121,None,true,None)
Sending msg to client play-fork-run-02a60742-e395-4760-8201-6ca0cefc9b5f: TaskFinished(212,27124,None,true,None)
Sending msg to client play-fork-run-02a60742-e395-4760-8201-6ca0cefc9b5f: TaskFinished(212,27109,None,true,None)
Sending msg to client play-fork-run-02a60742-e395-4760-8201-6ca0cefc9b5f: TaskStarted(212,27108,Some(AttributeKey[scala.collection.immutable.Map[sbt.ModuleID,sbt.SourcePosition]]("dependencyPositions") in Scope(Build: file:/Users/ryanmccormack/Documents/thunderdome/, , Project: ProjectReference(file:/Users/ryanmccormack/Documents/thunderdome/,root))))
Sending msg to client play-fork-run-02a60742-e395-4760-8201-6ca0cefc9b5f: TaskFinished(212,27085,Some(AttributeKey[scala.collection.Seq[sbt.UpdateReport]]("transitiveUpdate") in Scope(Build: file:/Users/ryanmccormack/Documents/thunderdome/, , Project: ProjectReference(file:/Users/ryanmccormack/Documents/thunderdome/,root))),true,None)
Sending msg to client play-fork-run-02a60742-e395-4760-8201-6ca0cefc9b5f: TaskFinished(212,27093,Some(AttributeKey[sbt.BuildStructure]("buildStructure") in Scope(Global)),true,None)
Sending msg to client play-fork-run-02a60742-e395-4760-8201-6ca0cefc9b5f: TaskStarted(212,27092,Some(AttributeKey[sbt.Settings[sbt.Scope]]("settingsData") in Scope(Global)))
Sending msg to client play-fork-run-02a60742-e395-4760-8201-6ca0cefc9b5f: TaskFinished(212,27110,Some(AttributeKey[scala.collection.Seq[scala.Tuple2[java.lang.String,java.io.File]]]("playAllAssets") in Scope(Build: file:/Users/ryanmccormack/Documents/thunderdome/, , Project: ProjectReference(file:/Users/ryanmccormack/Documents/thunderdome/,root))),true,None)
Sending msg to client play-fork-run-02a60742-e395-4760-8201-6ca0cefc9b5f: TaskFinished(212,27092,Some(AttributeKey[sbt.Settings[sbt.Scope]]("settingsData") in Scope(Global)),true,None)
Sending msg to client play-fork-run-02a60742-e395-4760-8201-6ca0cefc9b5f: TaskStarted(212,27091,Some(AttributeKey[scala.collection.Seq[sbt.ModuleID]]("projectDependencies") in Scope(Build: file:/Users/ryanmccormack/Documents/thunderdome/, , Project: ProjectReference(file:/Users/ryanmccormack/Documents/thunderdome/,root))))
Sending msg to client play-fork-run-02a60742-e395-4760-8201-6ca0cefc9b5f: TaskStarted(212,27101,Some(AttributeKey[scala.collection.immutable.Map[org.apache.ivy.core.module.id.ModuleRevisionId,org.apache.ivy.core.module.descriptor.ModuleDescriptor]]("projectDescriptors") in Scope(Build: file:/Users/ryanmccormack/Documents/thunderdome/, , Project: ProjectReference(file:/Users/ryanmccormack/Documents/thunderdome/,root))))
Sending msg to client play-fork-run-02a60742-e395-4760-8201-6ca0cefc9b5f: TaskStarted(212,27105,None)
Sending msg to client play-fork-run-02a60742-e395-4760-8201-6ca0cefc9b5f: TaskStarted(212,27115,Some(AttributeKey[scala.collection.Seq[java.io.File]]("playMonitoredFiles") in Scope(Build: file:/Users/ryanmccormack/Documents/thunderdome/, , Project: ProjectReference(file:/Users/ryanmccormack/Documents/thunderdome/,root))))
Sending msg to client play-fork-run-02a60742-e395-4760-8201-6ca0cefc9b5f: TaskStarted(212,27122,None)
Sending msg to client play-fork-run-02a60742-e395-4760-8201-6ca0cefc9b5f: TaskFinished(212,27082,Some(AttributeKey[java.io.File]("dependencyCacheDirectory") in Scope(Build: file:/Users/ryanmccormack/Documents/thunderdome/, , Project: ProjectReference(file:/Users/ryanmccormack/Documents/thunderdome/,root))),true,None)
Sending msg to client play-fork-run-02a60742-e395-4760-8201-6ca0cefc9b5f: TaskFinished(212,27091,Some(AttributeKey[scala.collection.Seq[sbt.ModuleID]]("projectDependencies") in Scope(Build: file:/Users/ryanmccormack/Documents/thunderdome/, , Project: ProjectReference(file:/Users/ryanmccormack/Documents/thunderdome/,root))),true,None)
Sending msg to client play-fork-run-02a60742-e395-4760-8201-6ca0cefc9b5f: TaskStarted(212,27090,Some(AttributeKey[scala.collection.Seq[sbt.ModuleID]]("allDependencies") in Scope(Build: file:/Users/ryanmccormack/Documents/thunderdome/, , Project: ProjectReference(file:/Users/ryanmccormack/Documents/thunderdome/,root))))
Sending msg to client play-fork-run-02a60742-e395-4760-8201-6ca0cefc9b5f: TaskFinished(212,27108,Some(AttributeKey[scala.collection.immutable.Map[sbt.ModuleID,sbt.SourcePosition]]("dependencyPositions") in Scope(Build: file:/Users/ryanmccormack/Documents/thunderdome/, , Project: ProjectReference(file:/Users/ryanmccormack/Documents/thunderdome/,root))),true,None)
Sending msg to client play-fork-run-02a60742-e395-4760-8201-6ca0cefc9b5f: TaskStarted(212,27107,Some(AttributeKey[sbt.UnresolvedWarningConfiguration]("unresolvedWarningConfiguration") in Scope(Build: file:/Users/ryanmccormack/Documents/thunderdome/, , Project: ProjectReference(file:/Users/ryanmccormack/Documents/thunderdome/,root), Task: AttributeKey[sbt.UpdateReport]("update"))))
Sending msg to client play-fork-run-02a60742-e395-4760-8201-6ca0cefc9b5f: TaskStarted(212,27131,None)
Sending msg to client play-fork-run-02a60742-e395-4760-8201-6ca0cefc9b5f: TaskStarted(212,27132,None)
Sending msg to client play-fork-run-02a60742-e395-4760-8201-6ca0cefc9b5f: TaskStarted(212,27133,None)
Sending msg to client play-fork-run-02a60742-e395-4760-8201-6ca0cefc9b5f: TaskStarted(212,27138,None)
Sending msg to client play-fork-run-02a60742-e395-4760-8201-6ca0cefc9b5f: TaskStarted(212,27139,None)
Sending msg to client play-fork-run-02a60742-e395-4760-8201-6ca0cefc9b5f: TaskStarted(212,27141,None)
Sending msg to client play-fork-run-02a60742-e395-4760-8201-6ca0cefc9b5f: TaskStarted(212,27143,None)
Sending msg to client play-fork-run-02a60742-e395-4760-8201-6ca0cefc9b5f: TaskStarted(212,27144,None)
Sending msg to client play-fork-run-02a60742-e395-4760-8201-6ca0cefc9b5f: TaskFinished(212,27090,Some(AttributeKey[scala.collection.Seq[sbt.ModuleID]]("allDependencies") in Scope(Build: file:/Users/ryanmccormack/Documents/thunderdome/, , Project: ProjectReference(file:/Users/ryanmccormack/Documents/thunderdome/,root))),true,None)
Sending msg to client play-fork-run-02a60742-e395-4760-8201-6ca0cefc9b5f: TaskStarted(212,27089,Some(AttributeKey[sbt.ModuleSettings]("moduleSettings") in Scope(Build: file:/Users/ryanmccormack/Documents/thunderdome/, , Project: ProjectReference(file:/Users/ryanmccormack/Documents/thunderdome/,root))))
Sending msg to client play-fork-run-02a60742-e395-4760-8201-6ca0cefc9b5f: TaskFinished(212,27107,Some(AttributeKey[sbt.UnresolvedWarningConfiguration]("unresolvedWarningConfiguration") in Scope(Build: file:/Users/ryanmccormack/Documents/thunderdome/, , Project: ProjectReference(file:/Users/ryanmccormack/Documents/thunderdome/,root), Task: AttributeKey[sbt.UpdateReport]("update"))),true,None)
Sending msg to client play-fork-run-02a60742-e395-4760-8201-6ca0cefc9b5f: TaskFinished(212,27131,None,true,None)
Sending msg to client play-fork-run-02a60742-e395-4760-8201-6ca0cefc9b5f: TaskStarted(212,27130,None)
Sending msg to client play-fork-run-02a60742-e395-4760-8201-6ca0cefc9b5f: TaskFinished(212,27132,None,true,None)
Sending msg to client play-fork-run-02a60742-e395-4760-8201-6ca0cefc9b5f: TaskFinished(212,27105,None,true,None)
Sending msg to client play-fork-run-02a60742-e395-4760-8201-6ca0cefc9b5f: TaskFinished(212,27133,None,true,None)
Sending msg to client play-fork-run-02a60742-e395-4760-8201-6ca0cefc9b5f: TaskFinished(212,27115,Some(AttributeKey[scala.collection.Seq[java.io.File]]("playMonitoredFiles") in Scope(Build: file:/Users/ryanmccormack/Documents/thunderdome/, , Project: ProjectReference(file:/Users/ryanmccormack/Documents/thunderdome/,root))),true,None)
Sending msg to client play-fork-run-02a60742-e395-4760-8201-6ca0cefc9b5f: TaskFinished(212,27138,None,true,None)
Sending msg to client play-fork-run-02a60742-e395-4760-8201-6ca0cefc9b5f: TaskFinished(212,27139,None,true,None)
Sending msg to client play-fork-run-02a60742-e395-4760-8201-6ca0cefc9b5f: TaskStarted(212,27137,Some(AttributeKey[scala.collection.Seq[sbt.Attributed[java.io.File]]]("unmanagedJars") in Scope(Build: file:/Users/ryanmccormack/Documents/thunderdome/, , Project: ProjectReference(file:/Users/ryanmccormack/Documents/thunderdome/,root), Config: compile)))
Sending msg to client play-fork-run-02a60742-e395-4760-8201-6ca0cefc9b5f: TaskFinished(212,27141,None,true,None)
Sending msg to client play-fork-run-02a60742-e395-4760-8201-6ca0cefc9b5f: TaskStarted(212,27140,None)
Sending msg to client play-fork-run-02a60742-e395-4760-8201-6ca0cefc9b5f: TaskFinished(212,27143,None,true,None)
Sending msg to client play-fork-run-02a60742-e395-4760-8201-6ca0cefc9b5f: TaskFinished(212,27144,None,true,None)
Sending msg to client play-fork-run-02a60742-e395-4760-8201-6ca0cefc9b5f: TaskStarted(212,27142,Some(AttributeKey[scala.collection.Seq[sbt.Attributed[java.io.File]]]("unmanagedJars") in Scope(Build: file:/Users/ryanmccormack/Documents/thunderdome/, , Project: ProjectReference(file:/Users/ryanmccormack/Documents/thunderdome/,root), Config: runtime)))
Sending msg to client play-fork-run-02a60742-e395-4760-8201-6ca0cefc9b5f: TaskFinished(212,27089,Some(AttributeKey[sbt.ModuleSettings]("moduleSettings") in Scope(Build: file:/Users/ryanmccormack/Documents/thunderdome/, , Project: ProjectReference(file:/Users/ryanmccormack/Documents/thunderdome/,root))),true,None)
Sending msg to client play-fork-run-02a60742-e395-4760-8201-6ca0cefc9b5f: TaskFinished(212,27130,None,true,None)
Sending msg to client play-fork-run-02a60742-e395-4760-8201-6ca0cefc9b5f: TaskFinished(212,27101,Some(AttributeKey[scala.collection.immutable.Map[org.apache.ivy.core.module.id.ModuleRevisionId,org.apache.ivy.core.module.descriptor.ModuleDescriptor]]("projectDescriptors") in Scope(Build: file:/Users/ryanmccormack/Documents/thunderdome/, , Project: ProjectReference(file:/Users/ryanmccormack/Documents/thunderdome/,root))),true,None)
Sending msg to client play-fork-run-02a60742-e395-4760-8201-6ca0cefc9b5f: TaskStarted(212,27100,Some(AttributeKey[sbt.Resolver]("projectResolver") in Scope(Build: file:/Users/ryanmccormack/Documents/thunderdome/, , Project: ProjectReference(file:/Users/ryanmccormack/Documents/thunderdome/,root))))
Sending msg to client play-fork-run-02a60742-e395-4760-8201-6ca0cefc9b5f: TaskStarted(212,27145,None)
Sending msg to client play-fork-run-02a60742-e395-4760-8201-6ca0cefc9b5f: TaskFinished(212,27137,Some(AttributeKey[scala.collection.Seq[sbt.Attributed[java.io.File]]]("unmanagedJars") in Scope(Build: file:/Users/ryanmccormack/Documents/thunderdome/, , Project: ProjectReference(file:/Users/ryanmccormack/Documents/thunderdome/,root), Config: compile)),true,None)
Sending msg to client play-fork-run-02a60742-e395-4760-8201-6ca0cefc9b5f: TaskFinished(212,27100,Some(AttributeKey[sbt.Resolver]("projectResolver") in Scope(Build: file:/Users/ryanmccormack/Documents/thunderdome/, , Project: ProjectReference(file:/Users/ryanmccormack/Documents/thunderdome/,root))),true,None)
Sending msg to client play-fork-run-02a60742-e395-4760-8201-6ca0cefc9b5f: TaskStarted(212,27098,Some(AttributeKey[scala.collection.Seq[sbt.Resolver]]("fullResolvers") in Scope(Build: file:/Users/ryanmccormack/Documents/thunderdome/, , Project: ProjectReference(file:/Users/ryanmccormack/Documents/thunderdome/,root))))
Sending msg to client play-fork-run-02a60742-e395-4760-8201-6ca0cefc9b5f: TaskFinished(212,27142,Some(AttributeKey[scala.collection.Seq[sbt.Attributed[java.io.File]]]("unmanagedJars") in Scope(Build: file:/Users/ryanmccormack/Documents/thunderdome/, , Project: ProjectReference(file:/Users/ryanmccormack/Documents/thunderdome/,root), Config: runtime)),true,None)
Sending msg to client play-fork-run-02a60742-e395-4760-8201-6ca0cefc9b5f: TaskFinished(212,27145,None,true,None)
Sending msg to client play-fork-run-02a60742-e395-4760-8201-6ca0cefc9b5f: TaskFinished(212,27140,None,true,None)
Sending msg to client play-fork-run-02a60742-e395-4760-8201-6ca0cefc9b5f: TaskStarted(212,27136,Some(AttributeKey[scala.collection.Seq[sbt.Attributed[java.io.File]]]("unmanagedJars") in Scope(Build: file:/Users/ryanmccormack/Documents/thunderdome/, , Project: ProjectReference(file:/Users/ryanmccormack/Documents/thunderdome/,root), Config: compile)))
Sending msg to client play-fork-run-02a60742-e395-4760-8201-6ca0cefc9b5f: TaskFinished(212,27098,Some(AttributeKey[scala.collection.Seq[sbt.Resolver]]("fullResolvers") in Scope(Build: file:/Users/ryanmccormack/Documents/thunderdome/, , Project: ProjectReference(file:/Users/ryanmccormack/Documents/thunderdome/,root))),true,None)
Sending msg to client play-fork-run-02a60742-e395-4760-8201-6ca0cefc9b5f: TaskStarted(212,27096,Some(AttributeKey[sbt.IvyConfiguration]("ivyConfiguration") in Scope(Build: file:/Users/ryanmccormack/Documents/thunderdome/, , Project: ProjectReference(file:/Users/ryanmccormack/Documents/thunderdome/,root))))
Sending msg to client play-fork-run-02a60742-e395-4760-8201-6ca0cefc9b5f: TaskFinished(212,27136,Some(AttributeKey[scala.collection.Seq[sbt.Attributed[java.io.File]]]("unmanagedJars") in Scope(Build: file:/Users/ryanmccormack/Documents/thunderdome/, , Project: ProjectReference(file:/Users/ryanmccormack/Documents/thunderdome/,root), Config: compile)),true,None)
Sending msg to client play-fork-run-02a60742-e395-4760-8201-6ca0cefc9b5f: TaskStarted(212,27135,None)
Sending msg to client play-fork-run-02a60742-e395-4760-8201-6ca0cefc9b5f: TaskFinished(212,27096,Some(AttributeKey[sbt.IvyConfiguration]("ivyConfiguration") in Scope(Build: file:/Users/ryanmccormack/Documents/thunderdome/, , Project: ProjectReference(file:/Users/ryanmccormack/Documents/thunderdome/,root))),true,None)
Sending msg to client play-fork-run-02a60742-e395-4760-8201-6ca0cefc9b5f: TaskStarted(212,27094,Some(AttributeKey[sbt.IvySbt]("ivySbt") in Scope(Build: file:/Users/ryanmccormack/Documents/thunderdome/, , Project: ProjectReference(file:/Users/ryanmccormack/Documents/thunderdome/,root))))
Sending msg to client play-fork-run-02a60742-e395-4760-8201-6ca0cefc9b5f: TaskFinished(212,27135,None,true,None)
Sending msg to client play-fork-run-02a60742-e395-4760-8201-6ca0cefc9b5f: TaskStarted(212,27134,None)
Sending msg to client play-fork-run-02a60742-e395-4760-8201-6ca0cefc9b5f: TaskFinished(212,27094,Some(AttributeKey[sbt.IvySbt]("ivySbt") in Scope(Build: file:/Users/ryanmccormack/Documents/thunderdome/, , Project: ProjectReference(file:/Users/ryanmccormack/Documents/thunderdome/,root))),true,None)
Sending msg to client play-fork-run-02a60742-e395-4760-8201-6ca0cefc9b5f: TaskStarted(212,27088,Some(AttributeKey[sbt.IvySbt$Module]("ivyModule") in Scope(Build: file:/Users/ryanmccormack/Documents/thunderdome/, , Project: ProjectReference(file:/Users/ryanmccormack/Documents/thunderdome/,root))))
Sending msg to client play-fork-run-02a60742-e395-4760-8201-6ca0cefc9b5f: TaskFinished(212,27134,None,true,None)
Sending msg to client play-fork-run-02a60742-e395-4760-8201-6ca0cefc9b5f: TaskFinished(212,27122,None,true,None)
Sending msg to client play-fork-run-02a60742-e395-4760-8201-6ca0cefc9b5f: TaskStarted(212,27120,Some(AttributeKey[scala.collection.Seq[sbt.Attributed[java.io.File]]]("unmanagedClasspath") in Scope(Build: file:/Users/ryanmccormack/Documents/thunderdome/, , Project: ProjectReference(file:/Users/ryanmccormack/Documents/thunderdome/,root), Config: runtime)))
Sending msg to client play-fork-run-02a60742-e395-4760-8201-6ca0cefc9b5f: TaskFinished(212,27088,Some(AttributeKey[sbt.IvySbt$Module]("ivyModule") in Scope(Build: file:/Users/ryanmccormack/Documents/thunderdome/, , Project: ProjectReference(file:/Users/ryanmccormack/Documents/thunderdome/,root))),true,None)
Sending msg to client play-fork-run-02a60742-e395-4760-8201-6ca0cefc9b5f: TaskStarted(212,27079,Some(AttributeKey[sbt.UpdateReport]("update") in Scope(Build: file:/Users/ryanmccormack/Documents/thunderdome/, , Project: ProjectReference(file:/Users/ryanmccormack/Documents/thunderdome/,root))))
Sending msg to client play-fork-run-02a60742-e395-4760-8201-6ca0cefc9b5f: TaskFinished(212,27120,Some(AttributeKey[scala.collection.Seq[sbt.Attributed[java.io.File]]]("unmanagedClasspath") in Scope(Build: file:/Users/ryanmccormack/Documents/thunderdome/, , Project: ProjectReference(file:/Users/ryanmccormack/Documents/thunderdome/,root), Config: runtime)),true,None)
Sending msg to client play-fork-run-02a60742-e395-4760-8201-6ca0cefc9b5f: TaskFinished(212,27079,Some(AttributeKey[sbt.UpdateReport]("update") in Scope(Build: file:/Users/ryanmccormack/Documents/thunderdome/, , Project: ProjectReference(file:/Users/ryanmccormack/Documents/thunderdome/,root))),true,None)
Sending msg to client play-fork-run-02a60742-e395-4760-8201-6ca0cefc9b5f: TaskStarted(212,27076,Some(AttributeKey[sbt.UpdateReport]("update") in Scope(Build: file:/Users/ryanmccormack/Documents/thunderdome/, , Project: ProjectReference(file:/Users/ryanmccormack/Documents/thunderdome/,root))))
Sending msg to client play-fork-run-02a60742-e395-4760-8201-6ca0cefc9b5f: TaskFinished(212,27076,Some(AttributeKey[sbt.UpdateReport]("update") in Scope(Build: file:/Users/ryanmccormack/Documents/thunderdome/, , Project: ProjectReference(file:/Users/ryanmccormack/Documents/thunderdome/,root))),true,None)
Sending msg to client play-fork-run-02a60742-e395-4760-8201-6ca0cefc9b5f: TaskStarted(212,27075,Some(AttributeKey[scala.collection.Seq[sbt.Attributed[java.io.File]]]("managedClasspath") in Scope(Build: file:/Users/ryanmccormack/Documents/thunderdome/, , Project: ProjectReference(file:/Users/ryanmccormack/Documents/thunderdome/,root), Config: docs)))
Sending msg to client play-fork-run-02a60742-e395-4760-8201-6ca0cefc9b5f: TaskStarted(212,27128,Some(AttributeKey[sbt.Configuration]("classpathConfiguration") in Scope(Build: file:/Users/ryanmccormack/Documents/thunderdome/, , Project: ProjectReference(file:/Users/ryanmccormack/Documents/thunderdome/,root), Config: compile)))
Sending msg to client play-fork-run-02a60742-e395-4760-8201-6ca0cefc9b5f: TaskFinished(212,27075,Some(AttributeKey[scala.collection.Seq[sbt.Attributed[java.io.File]]]("managedClasspath") in Scope(Build: file:/Users/ryanmccormack/Documents/thunderdome/, , Project: ProjectReference(file:/Users/ryanmccormack/Documents/thunderdome/,root), Config: docs)),true,None)
Sending msg to client play-fork-run-02a60742-e395-4760-8201-6ca0cefc9b5f: TaskStarted(212,27112,Some(AttributeKey[scala.Option[java.io.File]]("playDocsJar") in Scope(Build: file:/Users/ryanmccormack/Documents/thunderdome/, , Project: ProjectReference(file:/Users/ryanmccormack/Documents/thunderdome/,root))))
Sending msg to client play-fork-run-02a60742-e395-4760-8201-6ca0cefc9b5f: TaskFinished(212,27128,Some(AttributeKey[sbt.Configuration]("classpathConfiguration") in Scope(Build: file:/Users/ryanmccormack/Documents/thunderdome/, , Project: ProjectReference(file:/Users/ryanmccormack/Documents/thunderdome/,root), Config: compile)),true,None)
Sending msg to client play-fork-run-02a60742-e395-4760-8201-6ca0cefc9b5f: TaskStarted(212,27127,None)
Sending msg to client play-fork-run-02a60742-e395-4760-8201-6ca0cefc9b5f: TaskFinished(212,27112,Some(AttributeKey[scala.Option[java.io.File]]("playDocsJar") in Scope(Build: file:/Users/ryanmccormack/Documents/thunderdome/, , Project: ProjectReference(file:/Users/ryanmccormack/Documents/thunderdome/,root))),true,None)
Sending msg to client play-fork-run-02a60742-e395-4760-8201-6ca0cefc9b5f: TaskFinished(212,27127,None,true,None)
Sending msg to client play-fork-run-02a60742-e395-4760-8201-6ca0cefc9b5f: TaskStarted(212,27126,Some(AttributeKey[sbt.Configuration]("classpathConfiguration") in Scope(Build: file:/Users/ryanmccormack/Documents/thunderdome/, , Project: ProjectReference(file:/Users/ryanmccormack/Documents/thunderdome/,root), Config: runtime)))
Sending msg to client play-fork-run-02a60742-e395-4760-8201-6ca0cefc9b5f: TaskFinished(212,27126,Some(AttributeKey[sbt.Configuration]("classpathConfiguration") in Scope(Build: file:/Users/ryanmccormack/Documents/thunderdome/, , Project: ProjectReference(file:/Users/ryanmccormack/Documents/thunderdome/,root), Config: runtime)),true,None)
Sending msg to client play-fork-run-02a60742-e395-4760-8201-6ca0cefc9b5f: TaskStarted(212,27125,None)
Sending msg to client play-fork-run-02a60742-e395-4760-8201-6ca0cefc9b5f: TaskFinished(212,27125,None,true,None)
Sending msg to client play-fork-run-02a60742-e395-4760-8201-6ca0cefc9b5f: TaskStarted(212,27123,Some(AttributeKey[scala.collection.Seq[sbt.Attributed[java.io.File]]]("managedClasspath") in Scope(Build: file:/Users/ryanmccormack/Documents/thunderdome/, , Project: ProjectReference(file:/Users/ryanmccormack/Documents/thunderdome/,root), Config: runtime)))
Sending msg to client play-fork-run-02a60742-e395-4760-8201-6ca0cefc9b5f: TaskFinished(212,27123,Some(AttributeKey[scala.collection.Seq[sbt.Attributed[java.io.File]]]("managedClasspath") in Scope(Build: file:/Users/ryanmccormack/Documents/thunderdome/, , Project: ProjectReference(file:/Users/ryanmccormack/Documents/thunderdome/,root), Config: runtime)),true,None)
Sending msg to client play-fork-run-02a60742-e395-4760-8201-6ca0cefc9b5f: TaskStarted(212,27119,None)
Sending msg to client play-fork-run-02a60742-e395-4760-8201-6ca0cefc9b5f: TaskFinished(212,27119,None,true,None)
Sending msg to client play-fork-run-02a60742-e395-4760-8201-6ca0cefc9b5f: TaskStarted(212,27117,Some(AttributeKey[scala.collection.Seq[sbt.Attributed[java.io.File]]]("playDependencyClasspath") in Scope(Build: file:/Users/ryanmccormack/Documents/thunderdome/, , Project: ProjectReference(file:/Users/ryanmccormack/Documents/thunderdome/,root))))
Sending msg to client play-fork-run-02a60742-e395-4760-8201-6ca0cefc9b5f: TaskFinished(212,27117,Some(AttributeKey[scala.collection.Seq[sbt.Attributed[java.io.File]]]("playDependencyClasspath") in Scope(Build: file:/Users/ryanmccormack/Documents/thunderdome/, , Project: ProjectReference(file:/Users/ryanmccormack/Documents/thunderdome/,root))),true,None)
Sending msg to client play-fork-run-02a60742-e395-4760-8201-6ca0cefc9b5f: TaskStarted(212,27074,Some(AttributeKey[play.forkrun.protocol.ForkConfig]("playForkConfig") in Scope(Build: file:/Users/ryanmccormack/Documents/thunderdome/, , Project: ProjectReference(file:/Users/ryanmccormack/Documents/thunderdome/,root))))
Sending msg to client play-fork-run-02a60742-e395-4760-8201-6ca0cefc9b5f: TaskFinished(212,27074,Some(AttributeKey[play.forkrun.protocol.ForkConfig]("playForkConfig") in Scope(Build: file:/Users/ryanmccormack/Documents/thunderdome/, , Project: ProjectReference(file:/Users/ryanmccormack/Documents/thunderdome/,root))),true,None)
Sending msg to client play-fork-run-02a60742-e395-4760-8201-6ca0cefc9b5f: ValueChanged(AttributeKey[play.forkrun.protocol.ForkConfig]("playForkConfig") in Scope(Build: file:/Users/ryanmccormack/Documents/thunderdome/, , Project: ProjectReference(file:/Users/ryanmccormack/Documents/thunderdome/,root)),TaskSuccess(BuildValue(LazyValue(ForkConfig(/Users/ryanmccormack/Documents/thunderdome,List(),List(/Users/ryanmccormack/.ivy2/cache/org.scala-lang/scala-library/jars/scala-library-2.11.7.jar, /Users/ryanmccormack/Downloads/activator-dist-1.3.11/repository/com.typesafe.play/twirl-api_2.11/1.1.1/jars/twirl-api_2.11.jar, /Users/ryanmccormack/.ivy2/cache/org.apache.commons/commons-lang3/jars/commons-lang3-3.4.jar, /Users/ryanmccormack/.ivy2/cache/org.scala-lang.modules/scala-xml_2.11/bundles/scala-xml_2.11-1.0.1.jar, /Users/ryanmccormack/.ivy2/cache/com.typesafe.play/play-server_2.11/jars/play-server_2.11-2.4.2.jar, /Users/ryanmccormack/.ivy2/cache/com.typesafe.play/play_2.11/jars/play_2.11-2.4.2.jar, /Users/ryanmccormack/Downloads/activator-dist-1.3.11/repository/com.typesafe.play/build-link/2.4.2/jars/build-link.jar, /Users/ryanmccormack/Downloads/activator-dist-1.3.11/repository/com.typesafe.play/play-exceptions/2.4.2/jars/play-exceptions.jar, /Users/ryanmccormack/Downloads/activator-dist-1.3.11/repository/org.javassist/javassist/3.19.0-GA/bundles/javassist.jar, /Users/ryanmccormack/.ivy2/cache/com.typesafe.play/play-iteratees_2.11/jars/play-iteratees_2.11-2.4.2.jar, /Users/ryanmccormack/Downloads/activator-dist-1.3.11/repository/org.scala-stm/scala-stm_2.11/0.7/jars/scala-stm_2.11.jar, /Users/ryanmccormack/Downloads/activator-dist-1.3.11/repository/com.typesafe/config/1.3.0/bundles/config.jar, /Users/ryanmccormack/.ivy2/cache/com.typesafe.play/play-json_2.11/jars/play-json_2.11-2.4.2.jar, /Users/ryanmccormack/.ivy2/cache/com.typesafe.play/play-functional_2.11/jars/play-functional_2.11-2.4.2.jar, /Users/ryanmccormack/.ivy2/cache/com.typesafe.play/play-datacommons_2.11/jars/play-datacommons_2.11-2.4.2.jar, /Users/ryanmccormack/Downloads/activator-dist-1.3.11/repository/joda-time/joda-time/2.8.1/jars/joda-time.jar, /Users/ryanmccormack/Downloads/activator-dist-1.3.11/repository/org.joda/joda-convert/1.7/jars/joda-convert.jar, /Users/ryanmccormack/.ivy2/cache/org.scala-lang/scala-reflect/jars/scala-reflect-2.11.6.jar, /Users/ryanmccormack/Downloads/activator-dist-1.3.11/repository/com.fasterxml.jackson.core/jackson-core/2.5.4/bundles/jackson-core.jar, /Users/ryanmccormack/Downloads/activator-dist-1.3.11/repository/com.fasterxml.jackson.core/jackson-annotations/2.5.4/bundles/jackson-annotations.jar, /Users/ryanmccormack/Downloads/activator-dist-1.3.11/repository/com.fasterxml.jackson.core/jackson-databind/2.5.4/bundles/jackson-databind.jar, /Users/ryanmccormack/Downloads/activator-dist-1.3.11/repository/com.fasterxml.jackson.datatype/jackson-datatype-jdk8/2.5.4/bundles/jackson-datatype-jdk8.jar, /Users/ryanmccormack/Downloads/activator-dist-1.3.11/repository/com.fasterxml.jackson.datatype/jackson-datatype-jsr310/2.5.4/bundles/jackson-datatype-jsr310.jar, /Users/ryanmccormack/.ivy2/cache/com.typesafe.play/play-netty-utils/jars/play-netty-utils-2.4.2.jar, /Users/ryanmccormack/Downloads/activator-dist-1.3.11/repository/org.slf4j/slf4j-api/1.7.12/jars/slf4j-api.jar, /Users/ryanmccormack/Downloads/activator-dist-1.3.11/repository/org.slf4j/jul-to-slf4j/1.7.12/jars/jul-to-slf4j.jar, /Users/ryanmccormack/Downloads/activator-dist-1.3.11/repository/org.slf4j/jcl-over-slf4j/1.7.12/jars/jcl-over-slf4j.jar, /Users/ryanmccormack/.ivy2/cache/org.scala-lang.modules/scala-parser-combinators_2.11/bundles/scala-parser-combinators_2.11-1.0.1.jar, /Users/ryanmccormack/Downloads/activator-dist-1.3.11/repository/ch.qos.logback/logback-core/1.1.3/jars/logback-core.jar, /Users/ryanmccormack/Downloads/activator-dist-1.3.11/repository/ch.qos.logback/logback-classic/1.1.3/jars/logback-classic.jar, /Users/ryanmccormack/Downloads/activator-dist-1.3.11/repository/com.typesafe.akka/akka-actor_2.11/2.3.11/jars/akka-actor_2.11.jar, /Users/ryanmccormack/Downloads/activator-dist-1.3.11/repository/com.typesafe.akka/akka-slf4j_2.11/2.3.11/jars/akka-slf4j_2.11.jar, /Users/ryanmccormack/.ivy2/cache/commons-codec/commons-codec/jars/commons-codec-1.10.jar, /Users/ryanmccormack/.ivy2/cache/xerces/xercesImpl/jars/xercesImpl-2.11.0.jar, /Users/ryanmccormack/.ivy2/cache/xml-apis/xml-apis/jars/xml-apis-1.4.01.jar, /Users/ryanmccormack/.ivy2/cache/javax.transaction/jta/jars/jta-1.1.jar, /Users/ryanmccormack/Downloads/activator-dist-1.3.11/repository/com.google.inject/guice/4.0/jars/guice.jar, /Users/ryanmccormack/.ivy2/cache/javax.inject/javax.inject/jars/javax.inject-1.jar, /Users/ryanmccormack/.ivy2/cache/aopalliance/aopalliance/jars/aopalliance-1.0.jar, /Users/ryanmccormack/Downloads/activator-dist-1.3.11/repository/com.google.inject.extensions/guice-assistedinject/4.0/jars/guice-assistedinject.jar, /Users/ryanmccormack/.ivy2/cache/com.typesafe.play/play-netty-server_2.11/jars/play-netty-server_2.11-2.4.2.jar, /Users/ryanmccormack/.ivy2/cache/io.netty/netty/bundles/netty-3.10.3.Final.jar, /Users/ryanmccormack/Downloads/activator-dist-1.3.11/repository/com.typesafe.netty/netty-http-pipelining/1.1.4/jars/netty-http-pipelining.jar, /Users/ryanmccormack/.ivy2/cache/com.typesafe.play/play-cache_2.11/jars/play-cache_2.11-2.4.2.jar, /Users/ryanmccormack/Downloads/activator-dist-1.3.11/repository/net.sf.ehcache/ehcache-core/2.6.11/jars/ehcache-core.jar, /Users/ryanmccormack/.ivy2/cache/com.mohiva/play-silhouette_2.11/jars/play-silhouette_2.11-3.0.0-RC2.jar, /Users/ryanmccormack/.ivy2/cache/com.typesafe.play/play-ws_2.11/jars/play-ws_2.11-2.4.1.jar, /Users/ryanmccormack/Downloads/activator-dist-1.3.11/repository/com.google.guava/guava/18.0/bundles/guava.jar, /Users/ryanmccormack/Downloads/activator-dist-1.3.11/repository/com.ning/async-http-client/1.9.21/jars/async-http-client.jar, /Users/ryanmccormack/Downloads/activator-dist-1.3.11/repository/oauth.signpost/signpost-core/1.2.1.2/jars/signpost-core.jar, /Users/ryanmccormack/Downloads/activator-dist-1.3.11/repository/oauth.signpost/signpost-commonshttp4/1.2.1.2/jars/signpost-commonshttp4.jar, /Users/ryanmccormack/Downloads/activator-dist-1.3.11/repository/org.apache.httpcomponents/httpcore/4.0.1/jars/httpcore.jar, /Users/ryanmccormack/Downloads/activator-dist-1.3.11/repository/org.apache.httpcomponents/httpclient/4.0.1/jars/httpclient.jar, /Users/ryanmccormack/.ivy2/cache/commons-logging/commons-logging/jars/commons-logging-1.1.1.jar, /Users/ryanmccormack/.ivy2/cache/org.mindrot/jbcrypt/jars/jbcrypt-0.3m.jar, /Users/ryanmccormack/.ivy2/cache/com.atlassian.jwt/jwt-core/jars/jwt-core-1.2.4.jar, /Users/ryanmccormack/.ivy2/cache/com.nimbusds/nimbus-jose-jwt/jars/nimbus-jose-jwt-2.16.jar, /Users/ryanmccormack/.ivy2/cache/net.jcip/jcip-annotations/jars/jcip-annotations-1.0.jar, /Users/ryanmccormack/.ivy2/cache/net.minidev/json-smart/jars/json-smart-1.1.1.jar, /Users/ryanmccormack/.ivy2/cache/javax.mail/mail/jars/mail-1.4.7.jar, /Users/ryanmccormack/.ivy2/cache/javax.activation/activation/jars/activation-1.1.jar, /Users/ryanmccormack/.ivy2/cache/org.bouncycastle/bcprov-jdk15on/jars/bcprov-jdk15on-1.51.jar, /Users/ryanmccormack/.ivy2/cache/com.atlassian.jwt/jwt-api/jars/jwt-api-1.2.4.jar, /Users/ryanmccormack/.ivy2/cache/com.google.code.findbugs/jsr305/jars/jsr305-2.0.1.jar, /Users/ryanmccormack/.ivy2/cache/com.kyleu/jdub-async_2.11/jars/jdub-async_2.11-1.0.jar, /Users/ryanmccormack/.ivy2/cache/com.github.mauricio/postgresql-async_2.11/jars/postgresql-async_2.11-0.2.16.jar, /Users/ryanmccormack/.ivy2/cache/com.github.mauricio/db-async-common_2.11/jars/db-async-common_2.11-0.2.16.jar, /Users/ryanmccormack/.ivy2/cache/io.netty/netty-all/jars/netty-all-4.0.25.Final.jar, /Users/ryanmccormack/.ivy2/cache/org.webjars/bootstrap/jars/bootstrap-3.3.5.jar, /Users/ryanmccormack/.ivy2/cache/org.webjars/jquery/jars/jquery-1.11.1.jar),List((public/,/Users/ryanmccormack/Documents/thunderdome/target/web/public/main)),List(/Users/ryanmccormack/.ivy2/cache/com.typesafe.play/play-omnidoc_2.11/jars/play-omnidoc_2.11-2.4.2.jar, /Users/ryanmccormack/Downloads/activator-dist-1.3.11/repository/org.scala-lang/scala-library/2.11.6/jars/scala-library.jar, /Users/ryanmccormack/.ivy2/cache/com.typesafe.play/play-docs_2.11/jars/play-docs_2.11-2.4.2.jar, /Users/ryanmccormack/.ivy2/cache/com.typesafe.play/play-netty-server_2.11/jars/play-netty-server_2.11-2.4.2.jar, /Users/ryanmccormack/.ivy2/cache/com.typesafe.play/play-server_2.11/jars/play-server_2.11-2.4.2.jar, /Users/ryanmccormack/.ivy2/cache/com.typesafe.play/play_2.11/jars/play_2.11-2.4.2.jar, /Users/ryanmccormack/Downloads/activator-dist-1.3.11/repository/com.typesafe.play/build-link/2.4.2/jars/build-link.jar, /Users/ryanmccormack/Downloads/activator-dist-1.3.11/repository/com.typesafe.play/play-exceptions/2.4.2/jars/play-exceptions.jar, /Users/ryanmccormack/Downloads/activator-dist-1.3.11/repository/org.javassist/javassist/3.19.0-GA/bundles/javassist.jar, /Users/ryanmccormack/.ivy2/cache/com.typesafe.play/play-iteratees_2.11/jars/play-iteratees_2.11-2.4.2.jar, /Users/ryanmccormack/Downloads/activator-dist-1.3.11/repository/org.scala-stm/scala-stm_2.11/0.7/jars/scala-stm_2.11.jar, /Users/ryanmccormack/Downloads/activator-dist-1.3.11/repository/com.typesafe/config/1.3.0/bundles/config.jar, /Users/ryanmccormack/.ivy2/cache/com.typesafe.play/play-json_2.11/jars/play-json_2.11-2.4.2.jar, /Users/ryanmccormack/.ivy2/cache/com.typesafe.play/play-functional_2.11/jars/play-functional_2.11-2.4.2.jar, /Users/ryanmccormack/.ivy2/cache/com.typesafe.play/play-datacommons_2.11/jars/play-datacommons_2.11-2.4.2.jar, /Users/ryanmccormack/Downloads/activator-dist-1.3.11/repository/joda-time/joda-time/2.8.1/jars/joda-time.jar, /Users/ryanmccormack/Downloads/activator-dist-1.3.11/repository/org.joda/joda-convert/1.7/jars/joda-convert.jar, /Users/ryanmccormack/.ivy2/cache/org.scala-lang/scala-reflect/jars/scala-reflect-2.11.6.jar, /Users/ryanmccormack/Downloads/activator-dist-1.3.11/repository/com.fasterxml.jackson.core/jackson-core/2.5.4/bundles/jackson-core.jar, /Users/ryanmccormack/Downloads/activator-dist-1.3.11/repository/com.fasterxml.jackson.core/jackson-annotations/2.5.4/bundles/jackson-annotations.jar, /Users/ryanmccormack/Downloads/activator-dist-1.3.11/repository/com.fasterxml.jackson.core/jackson-databind/2.5.4/bundles/jackson-databind.jar, /Users/ryanmccormack/Downloads/activator-dist-1.3.11/repository/com.fasterxml.jackson.datatype/jackson-datatype-jdk8/2.5.4/bundles/jackson-datatype-jdk8.jar, /Users/ryanmccormack/Downloads/activator-dist-1.3.11/repository/com.fasterxml.jackson.datatype/jackson-datatype-jsr310/2.5.4/bundles/jackson-datatype-jsr310.jar, /Users/ryanmccormack/.ivy2/cache/com.typesafe.play/play-netty-utils/jars/play-netty-utils-2.4.2.jar, /Users/ryanmccormack/Downloads/activator-dist-1.3.11/repository/org.slf4j/slf4j-api/1.7.12/jars/slf4j-api.jar, /Users/ryanmccormack/Downloads/activator-dist-1.3.11/repository/org.slf4j/jul-to-slf4j/1.7.12/jars/jul-to-slf4j.jar, /Users/ryanmccormack/Downloads/activator-dist-1.3.11/repository/org.slf4j/jcl-over-slf4j/1.7.12/jars/jcl-over-slf4j.jar, /Users/ryanmccormack/Downloads/activator-dist-1.3.11/repository/com.typesafe.play/twirl-api_2.11/1.1.1/jars/twirl-api_2.11.jar, /Users/ryanmccormack/.ivy2/cache/org.apache.commons/commons-lang3/jars/commons-lang3-3.4.jar, /Users/ryanmccormack/.ivy2/cache/org.scala-lang.modules/scala-xml_2.11/bundles/scala-xml_2.11-1.0.1.jar, /Users/ryanmccormack/.ivy2/cache/org.scala-lang.modules/scala-parser-combinators_2.11/bundles/scala-parser-combinators_2.11-1.0.1.jar, /Users/ryanmccormack/Downloads/activator-dist-1.3.11/repository/ch.qos.logback/logback-core/1.1.3/jars/logback-core.jar, /Users/ryanmccormack/Downloads/activator-dist-1.3.11/repository/ch.qos.logback/logback-classic/1.1.3/jars/logback-classic.jar, /Users/ryanmccormack/Downloads/activator-dist-1.3.11/repository/com.typesafe.akka/akka-actor_2.11/2.3.11/jars/akka-actor_2.11.jar, /Users/ryanmccormack/Downloads/activator-dist-1.3.11/repository/com.typesafe.akka/akka-slf4j_2.11/2.3.11/jars/akka-slf4j_2.11.jar, /Users/ryanmccormack/.ivy2/cache/commons-codec/commons-codec/jars/commons-codec-1.10.jar, /Users/ryanmccormack/.ivy2/cache/xerces/xercesImpl/jars/xercesImpl-2.11.0.jar, /Users/ryanmccormack/.ivy2/cache/xml-apis/xml-apis/jars/xml-apis-1.4.01.jar, /Users/ryanmccormack/.ivy2/cache/javax.transaction/jta/jars/jta-1.1.jar, /Users/ryanmccormack/Downloads/activator-dist-1.3.11/repository/com.google.inject/guice/4.0/jars/guice.jar, /Users/ryanmccormack/.ivy2/cache/javax.inject/javax.inject/jars/javax.inject-1.jar, /Users/ryanmccormack/.ivy2/cache/aopalliance/aopalliance/jars/aopalliance-1.0.jar, /Users/ryanmccormack/Downloads/activator-dist-1.3.11/repository/com.google.guava/guava/16.0.1/bundles/guava.jar, /Users/ryanmccormack/Downloads/activator-dist-1.3.11/repository/com.google.inject.extensions/guice-assistedinject/4.0/jars/guice-assistedinject.jar, /Users/ryanmccormack/.ivy2/cache/io.netty/netty/bundles/netty-3.10.3.Final.jar, /Users/ryanmccormack/Downloads/activator-dist-1.3.11/repository/com.typesafe.netty/netty-http-pipelining/1.1.4/jars/netty-http-pipelining.jar, /Users/ryanmccormack/Downloads/activator-dist-1.3.11/repository/com.typesafe.play/play-doc_2.11/1.2.2/jars/play-doc_2.11.jar, /Users/ryanmccormack/Downloads/activator-dist-1.3.11/repository/org.pegdown/pegdown/1.4.0/jars/pegdown.jar, /Users/ryanmccormack/Downloads/activator-dist-1.3.11/repository/org.parboiled/parboiled-java/1.1.5/bundles/parboiled-java.jar, /Users/ryanmccormack/Downloads/activator-dist-1.3.11/repository/org.parboiled/parboiled-core/1.1.5/bundles/parboiled-core.jar, /Users/ryanmccormack/Downloads/activator-dist-1.3.11/repository/org.ow2.asm/asm/4.1/jars/asm.jar, /Users/ryanmccormack/Downloads/activator-dist-1.3.11/repository/org.ow2.asm/asm-tree/4.1/jars/asm-tree.jar, /Users/ryanmccormack/Downloads/activator-dist-1.3.11/repository/org.ow2.asm/asm-analysis/4.1/jars/asm-analysis.jar, /Users/ryanmccormack/Downloads/activator-dist-1.3.11/repository/org.ow2.asm/asm-util/4.1/jars/asm-util.jar, /Users/ryanmccormack/.ivy2/cache/commons-io/commons-io/jars/commons-io-2.4.jar),Some(/Users/ryanmccormack/.ivy2/cache/com.typesafe.play/play-omnidoc_2.11/jars/play-omnidoc_2.11-2.4.2.jar),List(),9000,0.0.0.0,DefaultWatchService,List(/Users/ryanmccormack/Documents/thunderdome/public, /Users/ryanmccormack/Documents/thunderdome/conf, /Users/ryanmccormack/Documents/thunderdome/app),/Users/ryanmccormack/Documents/thunderdome/target,500,root/playForkNotifyStart,root/playForkReload,300000,play.core.server.DevServerStart),scala.pickling.PicklerUnpickler$DelegatingPicklerUnpickler@35594),ForkConfig(/Users/ryanmccormack/Documents/thunderdome,List(),List(/Users/ryanmccormack/.ivy2/cache/org.scala-lang/scala-library/jars/scala-library-2.11.7.jar, /Users/ryanmccormack/Downloads/activator-dist-1.3.11/repository/com.typesafe.play/twirl-api_2.11/1.1.1/jars/twirl-api_2.11.jar, /Users/ryanmccormack/.ivy2/cache/org.apache.commons/commons-lang3/jars/commons-lang3-3.4.jar, /Users/ryanmccormack/.ivy2/cache/org.scala-lang.modules/scala-xml_2.11/bundles/scala-xml_2.11-1.0.1.jar, /Users/ryanmccormack/.ivy2/cache/com.typesafe.play/play-server_2.11/jars/play-server_2.11-2.4.2.jar, /Users/ryanmccormack/.ivy2/cache/com.typesafe.play/play_2.11/jars/play_2.11-2.4.2.jar, /Users/ryanmccormack/Downloads/activator-dist-1.3.11/repository/com.typesafe.play/build-link/2.4.2/jars/build-link.jar, /Users/ryanmccormack/Downloads/activator-dist-1.3.11/repository/com.typesafe.play/play-exceptions/2.4.2/jars/play-exceptions.jar, /Users/ryanmccormack/Downloads/activator-dist-1.3.11/repository/org.javassist/javassist/3.19.0-GA/bundles/javassist.jar, /Users/ryanmccormack/.ivy2/cache/com.typesafe.play/play-iteratees_2.11/jars/play-iteratees_2.11-2.4.2.jar, /Users/ryanmccormack/Downloads/activator-dist-1.3.11/repository/org.scala-stm/scala-stm_2.11/0.7/jars/scala-stm_2.11.jar, /Users/ryanmccormack/Downloads/activator-dist-1.3.11/repository/com.typesafe/config/1.3.0/bundles/config.jar, /Users/ryanmccormack/.ivy2/cache/com.typesafe.play/play-json_2.11/jars/play-json_2.11-2.4.2.jar, /Users/ryanmccormack/.ivy2/cache/com.typesafe.play/play-functional_2.11/jars/play-functional_2.11-2.4.2.jar, /Users/ryanmccormack/.ivy2/cache/com.typesafe.play/play-datacommons_2.11/jars/play-datacommons_2.11-2.4.2.jar, /Users/ryanmccormack/Downloads/activator-dist-1.3.11/repository/joda-time/joda-time/2.8.1/jars/joda-time.jar, /Users/ryanmccormack/Downloads/activator-dist-1.3.11/repository/org.joda/joda-convert/1.7/jars/joda-convert.jar, /Users/ryanmccormack/.ivy2/cache/org.scala-lang/scala-reflect/jars/scala-reflect-2.11.6.jar, /Users/ryanmccormack/Downloads/activator-dist-1.3.11/repository/com.fasterxml.jackson.core/jackson-core/2.5.4/bundles/jackson-core.jar, /Users/ryanmccormack/Downloads/activator-dist-1.3.11/repository/com.fasterxml.jackson.core/jackson-annotations/2.5.4/bundles/jackson-annotations.jar, /Users/ryanmccormack/Downloads/activator-dist-1.3.11/repository/com.fasterxml.jackson.core/jackson-databind/2.5.4/bundles/jackson-databind.jar, /Users/ryanmccormack/Downloads/activator-dist-1.3.11/repository/com.fasterxml.jackson.datatype/jackson-datatype-jdk8/2.5.4/bundles/jackson-datatype-jdk8.jar, /Users/ryanmccormack/Downloads/activator-dist-1.3.11/repository/com.fasterxml.jackson.datatype/jackson-datatype-jsr310/2.5.4/bundles/jackson-datatype-jsr310.jar, /Users/ryanmccormack/.ivy2/cache/com.typesafe.play/play-netty-utils/jars/play-netty-utils-2.4.2.jar, /Users/ryanmccormack/Downloads/activator-dist-1.3.11/repository/org.slf4j/slf4j-api/1.7.12/jars/slf4j-api.jar, /Users/ryanmccormack/Downloads/activator-dist-1.3.11/repository/org.slf4j/jul-to-slf4j/1.7.12/jars/jul-to-slf4j.jar, /Users/ryanmccormack/Downloads/activator-dist-1.3.11/repository/org.slf4j/jcl-over-slf4j/1.7.12/jars/jcl-over-slf4j.jar, /Users/ryanmccormack/.ivy2/cache/org.scala-lang.modules/scala-parser-combinators_2.11/bundles/scala-parser-combinators_2.11-1.0.1.jar, /Users/ryanmccormack/Downloads/activator-dist-1.3.11/repository/ch.qos.logback/logback-core/1.1.3/jars/logback-core.jar, /Users/ryanmccormack/Downloads/activator-dist-1.3.11/repository/ch.qos.logback/logback-classic/1.1.3/jars/logback-classic.jar, /Users/ryanmccormack/Downloads/activator-dist-1.3.11/repository/com.typesafe.akka/akka-actor_2.11/2.3.11/jars/akka-actor_2.11.jar, /Users/ryanmccormack/Downloads/activator-dist-1.3.11/repository/com.typesafe.akka/akka-slf4j_2.11/2.3.11/jars/akka-slf4j_2.11.jar, /Users/ryanmccormack/.ivy2/cache/commons-codec/commons-codec/jars/commons-codec-1.10.jar, /Users/ryanmccormack/.ivy2/cache/xerces/xercesImpl/jars/xercesImpl-2.11.0.jar, /Users/ryanmccormack/.ivy2/cache/xml-apis/xml-apis/jars/xml-apis-1.4.01.jar, /Users/ryanmccormack/.ivy2/cache/javax.transaction/jta/jars/jta-1.1.jar, /Users/ryanmccormack/Downloads/activator-dist-1.3.11/repository/com.google.inject/guice/4.0/jars/guice.jar, /Users/ryanmccormack/.ivy2/cache/javax.inject/javax.inject/jars/javax.inject-1.jar, /Users/ryanmccormack/.ivy2/cache/aopalliance/aopalliance/jars/aopalliance-1.0.jar, /Users/ryanmccormack/Downloads/activator-dist-1.3.11/repository/com.google.inject.extensions/guice-assistedinject/4.0/jars/guice-assistedinject.jar, /Users/ryanmccormack/.ivy2/cache/com.typesafe.play/play-netty-server_2.11/jars/play-netty-server_2.11-2.4.2.jar, /Users/ryanmccormack/.ivy2/cache/io.netty/netty/bundles/netty-3.10.3.Final.jar, /Users/ryanmccormack/Downloads/activator-dist-1.3.11/repository/com.typesafe.netty/netty-http-pipelining/1.1.4/jars/netty-http-pipelining.jar, /Users/ryanmccormack/.ivy2/cache/com.typesafe.play/play-cache_2.11/jars/play-cache_2.11-2.4.2.jar, /Users/ryanmccormack/Downloads/activator-dist-1.3.11/repository/net.sf.ehcache/ehcache-core/2.6.11/jars/ehcache-core.jar, /Users/ryanmccormack/.ivy2/cache/com.mohiva/play-silhouette_2.11/jars/play-silhouette_2.11-3.0.0-RC2.jar, /Users/ryanmccormack/.ivy2/cache/com.typesafe.play/play-ws_2.11/jars/play-ws_2.11-2.4.1.jar, /Users/ryanmccormack/Downloads/activator-dist-1.3.11/repository/com.google.guava/guava/18.0/bundles/guava.jar, /Users/ryanmccormack/Downloads/activator-dist-1.3.11/repository/com.ning/async-http-client/1.9.21/jars/async-http-client.jar, /Users/ryanmccormack/Downloads/activator-dist-1.3.11/repository/oauth.signpost/signpost-core/1.2.1.2/jars/signpost-core.jar, /Users/ryanmccormack/Downloads/activator-dist-1.3.11/repository/oauth.signpost/signpost-commonshttp4/1.2.1.2/jars/signpost-commonshttp4.jar, /Users/ryanmccormack/Downloads/activator-dist-1.3.11/repository/org.apache.httpcomponents/httpcore/4.0.1/jars/httpcore.jar, /Users/ryanmccormack/Downloads/activator-dist-1.3.11/repository/org.apache.httpcomponents/httpclient/4.0.1/jars/httpclient.jar, /Users/ryanmccormack/.ivy2/cache/commons-logging/commons-logging/jars/commons-logging-1.1.1.jar, /Users/ryanmccormack/.ivy2/cache/org.mindrot/jbcrypt/jars/jbcrypt-0.3m.jar, /Users/ryanmccormack/.ivy2/cache/com.atlassian.jwt/jwt-core/jars/jwt-core-1.2.4.jar, /Users/ryanmccormack/.ivy2/cache/com.nimbusds/nimbus-jose-jwt/jars/nimbus-jose-jwt-2.16.jar, /Users/ryanmccormack/.ivy2/cache/net.jcip/jcip-annotations/jars/jcip-annotations-1.0.jar, /Users/ryanmccormack/.ivy2/cache/net.minidev/json-smart/jars/json-smart-1.1.1.jar, /Users/ryanmccormack/.ivy2/cache/javax.mail/mail/jars/mail-1.4.7.jar, /Users/ryanmccormack/.ivy2/cache/javax.activation/activation/jars/activation-1.1.jar, /Users/ryanmccormack/.ivy2/cache/org.bouncycastle/bcprov-jdk15on/jars/bcprov-jdk15on-1.51.jar, /Users/ryanmccormack/.ivy2/cache/com.atlassian.jwt/jwt-api/jars/jwt-api-1.2.4.jar, /Users/ryanmccormack/.ivy2/cache/com.google.code.findbugs/jsr305/