New log file opened at Mon Jan 23 17:33:29 EST 2017 by 53377@ges-113.local
Sending msg to client play-fork-run-d02e38af-b9ac-4030-9330-40b2218f3477: DetachedLogEvent(LogMessage(debug,sbt server socket logs are in: /Users/ryanmccormack/Documents/thunderdome/.sbtserver/connections/master.log))
Sending msg to client play-fork-run-d02e38af-b9ac-4030-9330-40b2218f3477: DetachedLogEvent(LogMessage(debug,sbt client logs are in: /Users/ryanmccormack/Documents/thunderdome/.sbtserver/connections/play-fork-run-d02e38af-b9ac-4030-9330-40b2218f3477.log))
Sending msg to client play-fork-run-d02e38af-b9ac-4030-9330-40b2218f3477: DetachedLogEvent(LogMessage(debug,sbt general server logs are in: /Users/ryanmccormack/Documents/thunderdome/.sbtserver/master.log))
Reading next message from client.
Got request: DaemonRequest(true)
Reading next message from client.
Sending msg to client play-fork-run-d02e38af-b9ac-4030-9330-40b2218f3477: (3,ReceivedResponse())
Got request: ListenToEvents()
Reading next message from client.
Sending msg to client play-fork-run-d02e38af-b9ac-4030-9330-40b2218f3477: BackgroundJobStarted(62,BackgroundJobInfo(10,backgroundRun,AttributeKey[sbt.BackgroundJobHandle]("backgroundRun") in Scope(Build: file:/Users/ryanmccormack/Documents/thunderdome/, , Project: ProjectReference(file:/Users/ryanmccormack/Documents/thunderdome/,root), Config: compile)))
Sending msg to client play-fork-run-d02e38af-b9ac-4030-9330-40b2218f3477: BackgroundJobStarted(57,BackgroundJobInfo(9,backgroundRun,AttributeKey[sbt.BackgroundJobHandle]("backgroundRun") in Scope(Build: file:/Users/ryanmccormack/Documents/thunderdome/, , Project: ProjectReference(file:/Users/ryanmccormack/Documents/thunderdome/,root), Config: compile)))
Sending msg to client play-fork-run-d02e38af-b9ac-4030-9330-40b2218f3477: (4,ReceivedResponse())
Got request: KeyLookupRequest(root/playForkConfig)
Reading next message from client.
Sending msg to client play-fork-run-d02e38af-b9ac-4030-9330-40b2218f3477: (5,KeyLookupResponse(root/playForkConfig,Vector(AttributeKey[play.forkrun.protocol.ForkConfig]("playForkConfig") in Scope(Build: file:/Users/ryanmccormack/Documents/thunderdome/, , Project: ProjectReference(file:/Users/ryanmccormack/Documents/thunderdome/,root)))))
Sending msg to client play-fork-run-d02e38af-b9ac-4030-9330-40b2218f3477: ExecutionWaiting(63,compile,ClientInfo(32e7a55e-b064-4501-9864-caafb9aa7448,activator,Activator,3,Vector()))
Sending msg to client play-fork-run-d02e38af-b9ac-4030-9330-40b2218f3477: ExecutionStarting(63)
Sending msg to client play-fork-run-d02e38af-b9ac-4030-9330-40b2218f3477: DetachedLogEvent(LogMessage(debug,> compile))
Sending msg to client play-fork-run-d02e38af-b9ac-4030-9330-40b2218f3477: DetachedLogEvent(LogMessage(debug,Evaluating tasks: compile:compile))
Sending msg to client play-fork-run-d02e38af-b9ac-4030-9330-40b2218f3477: DetachedLogEvent(LogMessage(debug,Running task... Cancel: sbt.server.ServerTaskCancellation@2c5855c6, check cycles: false))
Sending msg to client play-fork-run-d02e38af-b9ac-4030-9330-40b2218f3477: DetachedLogEvent(LogMessage(debug,cancel strategy start enabled=true lastCommand=Some(LastCommand(CommandExecutionWork(ExecutionId(63),compile,Set(LiveClient(activator 32e7a55e-b064-4501-9864-caafb9aa7448)),sbt.server.WorkCancellationStatus$$anon$1@56cb60cb)))))
Sending msg to client play-fork-run-d02e38af-b9ac-4030-9330-40b2218f3477: TaskStarted(63,4258,None)
Sending msg to client play-fork-run-d02e38af-b9ac-4030-9330-40b2218f3477: TaskStarted(63,4260,Some(AttributeKey[scala.Function1[java.io.File,scala.Function1[java.lang.String,boolean]]]("definesClass") in Scope(Global)))
Sending msg to client play-fork-run-d02e38af-b9ac-4030-9330-40b2218f3477: TaskStarted(63,4262,Some(AttributeKey[sbt.inc.IncOptions]("incOptions") in Scope(Global)))
Sending msg to client play-fork-run-d02e38af-b9ac-4030-9330-40b2218f3477: TaskStarted(63,4276,None)
Sending msg to client play-fork-run-d02e38af-b9ac-4030-9330-40b2218f3477: TaskStarted(63,4280,Some(AttributeKey[scala.collection.Seq[sbt.Resolver]]("externalResolvers") in Scope(Build: file:/Users/ryanmccormack/Documents/thunderdome/, , Project: ProjectReference(file:/Users/ryanmccormack/Documents/thunderdome/,root))))
Sending msg to client play-fork-run-d02e38af-b9ac-4030-9330-40b2218f3477: TaskStarted(63,4281,Some(AttributeKey[scala.Option[scala.collection.Seq[sbt.Resolver]]]("bootResolvers") in Scope(Build: file:/Users/ryanmccormack/Documents/thunderdome/, , Project: ProjectReference(file:/Users/ryanmccormack/Documents/thunderdome/,root))))
Sending msg to client play-fork-run-d02e38af-b9ac-4030-9330-40b2218f3477: TaskStarted(63,4286,Some(AttributeKey[scala.collection.Seq[sbt.Credentials]]("credentials") in Scope(Global)))
Sending msg to client play-fork-run-d02e38af-b9ac-4030-9330-40b2218f3477: TaskStarted(63,4289,None)
Sending msg to client play-fork-run-d02e38af-b9ac-4030-9330-40b2218f3477: TaskStarted(63,4291,None)
Sending msg to client play-fork-run-d02e38af-b9ac-4030-9330-40b2218f3477: TaskStarted(63,4292,None)
Sending msg to client play-fork-run-d02e38af-b9ac-4030-9330-40b2218f3477: TaskStarted(63,4294,Some(AttributeKey[java.lang.String]("updateCacheName") in Scope(Build: file:/Users/ryanmccormack/Documents/thunderdome/, , Project: ProjectReference(file:/Users/ryanmccormack/Documents/thunderdome/,root))))
Sending msg to client play-fork-run-d02e38af-b9ac-4030-9330-40b2218f3477: TaskStarted(63,4298,None)
Sending msg to client play-fork-run-d02e38af-b9ac-4030-9330-40b2218f3477: TaskStarted(63,4300,Some(AttributeKey[boolean]("skip") in Scope(Global)))
Sending msg to client play-fork-run-d02e38af-b9ac-4030-9330-40b2218f3477: TaskStarted(63,4301,None)
Sending msg to client play-fork-run-d02e38af-b9ac-4030-9330-40b2218f3477: TaskStarted(63,4315,Some(AttributeKey[java.lang.String]("compileAnalysisFilename") in Scope(Build: file:/Users/ryanmccormack/Documents/thunderdome/, , Project: ProjectReference(file:/Users/ryanmccormack/Documents/thunderdome/,root), Config: compile)))
Sending msg to client play-fork-run-d02e38af-b9ac-4030-9330-40b2218f3477: TaskStarted(63,4319,None)
Sending msg to client play-fork-run-d02e38af-b9ac-4030-9330-40b2218f3477: TaskStarted(63,4328,None)
Sending msg to client play-fork-run-d02e38af-b9ac-4030-9330-40b2218f3477: TaskStarted(63,4329,Some(AttributeKey[scala.collection.Seq[java.io.File]]("sources") in Scope(Build: file:/Users/ryanmccormack/Documents/thunderdome/, , Project: ProjectReference(file:/Users/ryanmccormack/Documents/thunderdome/,root), Config: compile, Task: AttributeKey[scala.collection.Seq[java.io.File]]("playRoutes"))))
Sending msg to client play-fork-run-d02e38af-b9ac-4030-9330-40b2218f3477: TaskStarted(63,4334,None)
Sending msg to client play-fork-run-d02e38af-b9ac-4030-9330-40b2218f3477: TaskStarted(63,4335,Some(AttributeKey[scala.collection.Seq[java.lang.String]]("scalacOptions") in Scope(Global)))
Sending msg to client play-fork-run-d02e38af-b9ac-4030-9330-40b2218f3477: TaskStarted(63,4338,Some(AttributeKey[scala.collection.Seq[java.io.File]]("unmanagedSources") in Scope(Build: file:/Users/ryanmccormack/Documents/thunderdome/, , Project: ProjectReference(file:/Users/ryanmccormack/Documents/thunderdome/,root), Config: compile)))
Sending msg to client play-fork-run-d02e38af-b9ac-4030-9330-40b2218f3477: TaskStarted(63,4340,None)
Sending msg to client play-fork-run-d02e38af-b9ac-4030-9330-40b2218f3477: TaskStarted(63,4343,Some(AttributeKey[scala.collection.Seq[scala.Function1[xsbti.Position,scala.Option[xsbti.Position]]]]("sourcePositionMappers") in Scope(Global)))
Sending msg to client play-fork-run-d02e38af-b9ac-4030-9330-40b2218f3477: TaskStarted(63,4345,Some(AttributeKey[scala.collection.Seq[java.lang.String]]("javacOptions") in Scope(Global)))
Sending msg to client play-fork-run-d02e38af-b9ac-4030-9330-40b2218f3477: TaskStarted(63,4346,None)
Sending msg to client play-fork-run-d02e38af-b9ac-4030-9330-40b2218f3477: TaskStarted(63,4351,Some(AttributeKey[sbt.SendEventService]("sendEventService") in Scope(Global)))
Sending msg to client play-fork-run-d02e38af-b9ac-4030-9330-40b2218f3477: TaskFinished(63,4258,None,true,None)
Sending msg to client play-fork-run-d02e38af-b9ac-4030-9330-40b2218f3477: TaskStarted(63,4257,None)
Sending msg to client play-fork-run-d02e38af-b9ac-4030-9330-40b2218f3477: TaskStarted(63,4284,None)
Sending msg to client play-fork-run-d02e38af-b9ac-4030-9330-40b2218f3477: TaskStarted(63,4285,None)
Sending msg to client play-fork-run-d02e38af-b9ac-4030-9330-40b2218f3477: TaskStarted(63,4287,None)
Sending msg to client play-fork-run-d02e38af-b9ac-4030-9330-40b2218f3477: TaskStarted(63,4297,None)
Sending msg to client play-fork-run-d02e38af-b9ac-4030-9330-40b2218f3477: TaskStarted(63,4299,None)
Sending msg to client play-fork-run-d02e38af-b9ac-4030-9330-40b2218f3477: TaskStarted(63,4302,None)
Sending msg to client play-fork-run-d02e38af-b9ac-4030-9330-40b2218f3477: TaskStarted(63,4306,None)
Sending msg to client play-fork-run-d02e38af-b9ac-4030-9330-40b2218f3477: TaskStarted(63,4309,None)
Sending msg to client play-fork-run-d02e38af-b9ac-4030-9330-40b2218f3477: TaskStarted(63,4311,None)
Sending msg to client play-fork-run-d02e38af-b9ac-4030-9330-40b2218f3477: TaskStarted(63,4312,None)
Sending msg to client play-fork-run-d02e38af-b9ac-4030-9330-40b2218f3477: TaskStarted(63,4313,None)
Sending msg to client play-fork-run-d02e38af-b9ac-4030-9330-40b2218f3477: TaskStarted(63,4317,None)
Sending msg to client play-fork-run-d02e38af-b9ac-4030-9330-40b2218f3477: TaskStarted(63,4324,None)
Sending msg to client play-fork-run-d02e38af-b9ac-4030-9330-40b2218f3477: TaskStarted(63,4336,None)
Sending msg to client play-fork-run-d02e38af-b9ac-4030-9330-40b2218f3477: TaskStarted(63,4352,None)
Sending msg to client play-fork-run-d02e38af-b9ac-4030-9330-40b2218f3477: TaskStarted(63,4353,None)
Sending msg to client play-fork-run-d02e38af-b9ac-4030-9330-40b2218f3477: TaskFinished(63,4260,Some(AttributeKey[scala.Function1[java.io.File,scala.Function1[java.lang.String,boolean]]]("definesClass") in Scope(Global)),true,None)
Sending msg to client play-fork-run-d02e38af-b9ac-4030-9330-40b2218f3477: TaskFinished(63,4262,Some(AttributeKey[sbt.inc.IncOptions]("incOptions") in Scope(Global)),true,None)
Sending msg to client play-fork-run-d02e38af-b9ac-4030-9330-40b2218f3477: TaskStarted(63,4261,Some(AttributeKey[sbt.inc.IncOptions]("incOptions") in Scope(Build: file:/Users/ryanmccormack/Documents/thunderdome/, , Project: ProjectReference(file:/Users/ryanmccormack/Documents/thunderdome/,root))))
Sending msg to client play-fork-run-d02e38af-b9ac-4030-9330-40b2218f3477: TaskFinished(63,4281,Some(AttributeKey[scala.Option[scala.collection.Seq[sbt.Resolver]]]("bootResolvers") in Scope(Build: file:/Users/ryanmccormack/Documents/thunderdome/, , Project: ProjectReference(file:/Users/ryanmccormack/Documents/thunderdome/,root))),true,None)
Sending msg to client play-fork-run-d02e38af-b9ac-4030-9330-40b2218f3477: TaskFinished(63,4286,Some(AttributeKey[scala.collection.Seq[sbt.Credentials]]("credentials") in Scope(Global)),true,None)
Sending msg to client play-fork-run-d02e38af-b9ac-4030-9330-40b2218f3477: TaskFinished(63,4280,Some(AttributeKey[scala.collection.Seq[sbt.Resolver]]("externalResolvers") in Scope(Build: file:/Users/ryanmccormack/Documents/thunderdome/, , Project: ProjectReference(file:/Users/ryanmccormack/Documents/thunderdome/,root))),true,None)
Sending msg to client play-fork-run-d02e38af-b9ac-4030-9330-40b2218f3477: TaskFinished(63,4276,None,true,None)
Sending msg to client play-fork-run-d02e38af-b9ac-4030-9330-40b2218f3477: TaskStarted(63,4275,Some(AttributeKey[sbt.BuildStructure]("buildStructure") in Scope(Global)))
Sending msg to client play-fork-run-d02e38af-b9ac-4030-9330-40b2218f3477: TaskStarted(63,4293,Some(AttributeKey[java.io.File]("dependencyCacheDirectory") in Scope(Build: file:/Users/ryanmccormack/Documents/thunderdome/, , Project: ProjectReference(file:/Users/ryanmccormack/Documents/thunderdome/,root))))
Sending msg to client play-fork-run-d02e38af-b9ac-4030-9330-40b2218f3477: TaskStarted(63,4314,Some(AttributeKey[xsbti.compile.GlobalsCache]("compilerCache") in Scope(Global)))
Sending msg to client play-fork-run-d02e38af-b9ac-4030-9330-40b2218f3477: TaskFinished(63,4289,None,true,None)
Sending msg to client play-fork-run-d02e38af-b9ac-4030-9330-40b2218f3477: TaskFinished(63,4298,None,true,None)
Sending msg to client play-fork-run-d02e38af-b9ac-4030-9330-40b2218f3477: TaskFinished(63,4300,Some(AttributeKey[boolean]("skip") in Scope(Global)),true,None)
Sending msg to client play-fork-run-d02e38af-b9ac-4030-9330-40b2218f3477: TaskFinished(63,4294,Some(AttributeKey[java.lang.String]("updateCacheName") in Scope(Build: file:/Users/ryanmccormack/Documents/thunderdome/, , Project: ProjectReference(file:/Users/ryanmccormack/Documents/thunderdome/,root))),true,None)
Sending msg to client play-fork-run-d02e38af-b9ac-4030-9330-40b2218f3477: TaskFinished(63,4291,None,true,None)
Sending msg to client play-fork-run-d02e38af-b9ac-4030-9330-40b2218f3477: TaskFinished(63,4301,None,true,None)
Sending msg to client play-fork-run-d02e38af-b9ac-4030-9330-40b2218f3477: TaskFinished(63,4315,Some(AttributeKey[java.lang.String]("compileAnalysisFilename") in Scope(Build: file:/Users/ryanmccormack/Documents/thunderdome/, , Project: ProjectReference(file:/Users/ryanmccormack/Documents/thunderdome/,root), Config: compile)),true,None)
Sending msg to client play-fork-run-d02e38af-b9ac-4030-9330-40b2218f3477: TaskFinished(63,4292,None,true,None)
Sending msg to client play-fork-run-d02e38af-b9ac-4030-9330-40b2218f3477: TaskStarted(63,4290,Some(AttributeKey[scala.collection.Seq[sbt.UpdateReport]]("transitiveUpdate") in Scope(Build: file:/Users/ryanmccormack/Documents/thunderdome/, , Project: ProjectReference(file:/Users/ryanmccormack/Documents/thunderdome/,root))))
Sending msg to client play-fork-run-d02e38af-b9ac-4030-9330-40b2218f3477: TaskFinished(63,4319,None,true,None)
Sending msg to client play-fork-run-d02e38af-b9ac-4030-9330-40b2218f3477: TaskFinished(63,4328,None,true,None)
Sending msg to client play-fork-run-d02e38af-b9ac-4030-9330-40b2218f3477: TaskFinished(63,4329,Some(AttributeKey[scala.collection.Seq[java.io.File]]("sources") in Scope(Build: file:/Users/ryanmccormack/Documents/thunderdome/, , Project: ProjectReference(file:/Users/ryanmccormack/Documents/thunderdome/,root), Config: compile, Task: AttributeKey[scala.collection.Seq[java.io.File]]("playRoutes"))),true,None)
Sending msg to client play-fork-run-d02e38af-b9ac-4030-9330-40b2218f3477: TaskStarted(63,4327,Some(AttributeKey[scala.collection.Seq[java.io.File]]("sources") in Scope(Build: file:/Users/ryanmccormack/Documents/thunderdome/, , Project: ProjectReference(file:/Users/ryanmccormack/Documents/thunderdome/,root), Config: compile, Task: AttributeKey[scala.collection.Seq[java.io.File]]("playRoutes"))))
Sending msg to client play-fork-run-d02e38af-b9ac-4030-9330-40b2218f3477: TaskFinished(63,4334,None,true,None)
Sending msg to client play-fork-run-d02e38af-b9ac-4030-9330-40b2218f3477: TaskFinished(63,4335,Some(AttributeKey[scala.collection.Seq[java.lang.String]]("scalacOptions") in Scope(Global)),true,None)
Sending msg to client play-fork-run-d02e38af-b9ac-4030-9330-40b2218f3477: TaskStarted(63,4333,Some(AttributeKey[scala.collection.Seq[java.lang.String]]("scalacOptions") in Scope(Build: file:/Users/ryanmccormack/Documents/thunderdome/, , Project: ProjectReference(file:/Users/ryanmccormack/Documents/thunderdome/,root))))
Sending msg to client play-fork-run-d02e38af-b9ac-4030-9330-40b2218f3477: TaskFinished(63,4338,Some(AttributeKey[scala.collection.Seq[java.io.File]]("unmanagedSources") in Scope(Build: file:/Users/ryanmccormack/Documents/thunderdome/, , Project: ProjectReference(file:/Users/ryanmccormack/Documents/thunderdome/,root), Config: compile)),true,None)
Sending msg to client play-fork-run-d02e38af-b9ac-4030-9330-40b2218f3477: TaskStarted(63,4337,Some(AttributeKey[scala.collection.Seq[java.io.File]]("unmanagedSources") in Scope(Build: file:/Users/ryanmccormack/Documents/thunderdome/, , Project: ProjectReference(file:/Users/ryanmccormack/Documents/thunderdome/,root), Config: compile)))
Sending msg to client play-fork-run-d02e38af-b9ac-4030-9330-40b2218f3477: TaskFinished(63,4340,None,true,None)
Sending msg to client play-fork-run-d02e38af-b9ac-4030-9330-40b2218f3477: TaskFinished(63,4343,Some(AttributeKey[scala.collection.Seq[scala.Function1[xsbti.Position,scala.Option[xsbti.Position]]]]("sourcePositionMappers") in Scope(Global)),true,None)
Sending msg to client play-fork-run-d02e38af-b9ac-4030-9330-40b2218f3477: TaskFinished(63,4345,Some(AttributeKey[scala.collection.Seq[java.lang.String]]("javacOptions") in Scope(Global)),true,None)
Sending msg to client play-fork-run-d02e38af-b9ac-4030-9330-40b2218f3477: TaskFinished(63,4346,None,true,None)
Sending msg to client play-fork-run-d02e38af-b9ac-4030-9330-40b2218f3477: TaskStarted(63,4344,Some(AttributeKey[scala.collection.Seq[java.lang.String]]("javacOptions") in Scope(Build: file:/Users/ryanmccormack/Documents/thunderdome/, , Project: ProjectReference(file:/Users/ryanmccormack/Documents/thunderdome/,root), Config: compile)))
Sending msg to client play-fork-run-d02e38af-b9ac-4030-9330-40b2218f3477: TaskFinished(63,4351,Some(AttributeKey[sbt.SendEventService]("sendEventService") in Scope(Global)),true,None)
Sending msg to client play-fork-run-d02e38af-b9ac-4030-9330-40b2218f3477: TaskFinished(63,4257,None,true,None)
Sending msg to client play-fork-run-d02e38af-b9ac-4030-9330-40b2218f3477: TaskFinished(63,4284,None,true,None)
Sending msg to client play-fork-run-d02e38af-b9ac-4030-9330-40b2218f3477: TaskFinished(63,4285,None,true,None)
Sending msg to client play-fork-run-d02e38af-b9ac-4030-9330-40b2218f3477: TaskFinished(63,4299,None,true,None)
Sending msg to client play-fork-run-d02e38af-b9ac-4030-9330-40b2218f3477: TaskFinished(63,4287,None,true,None)
Sending msg to client play-fork-run-d02e38af-b9ac-4030-9330-40b2218f3477: TaskFinished(63,4302,None,true,None)
Sending msg to client play-fork-run-d02e38af-b9ac-4030-9330-40b2218f3477: TaskFinished(63,4306,None,true,None)
Sending msg to client play-fork-run-d02e38af-b9ac-4030-9330-40b2218f3477: TaskFinished(63,4297,None,true,None)
Sending msg to client play-fork-run-d02e38af-b9ac-4030-9330-40b2218f3477: TaskStarted(63,4296,Some(AttributeKey[scala.collection.immutable.Map[sbt.ModuleID,sbt.SourcePosition]]("dependencyPositions") in Scope(Build: file:/Users/ryanmccormack/Documents/thunderdome/, , Project: ProjectReference(file:/Users/ryanmccormack/Documents/thunderdome/,root))))
Sending msg to client play-fork-run-d02e38af-b9ac-4030-9330-40b2218f3477: TaskFinished(63,4309,None,true,None)
Sending msg to client play-fork-run-d02e38af-b9ac-4030-9330-40b2218f3477: TaskFinished(63,4311,None,true,None)
Sending msg to client play-fork-run-d02e38af-b9ac-4030-9330-40b2218f3477: TaskFinished(63,4312,None,true,None)
Sending msg to client play-fork-run-d02e38af-b9ac-4030-9330-40b2218f3477: TaskFinished(63,4313,None,true,None)
Sending msg to client play-fork-run-d02e38af-b9ac-4030-9330-40b2218f3477: TaskFinished(63,4317,None,true,None)
Sending msg to client play-fork-run-d02e38af-b9ac-4030-9330-40b2218f3477: TaskFinished(63,4324,None,true,None)
Sending msg to client play-fork-run-d02e38af-b9ac-4030-9330-40b2218f3477: TaskFinished(63,4336,None,true,None)
Sending msg to client play-fork-run-d02e38af-b9ac-4030-9330-40b2218f3477: TaskFinished(63,4352,None,true,None)
Sending msg to client play-fork-run-d02e38af-b9ac-4030-9330-40b2218f3477: TaskFinished(63,4353,None,true,None)
Sending msg to client play-fork-run-d02e38af-b9ac-4030-9330-40b2218f3477: TaskFinished(63,4275,Some(AttributeKey[sbt.BuildStructure]("buildStructure") in Scope(Global)),true,None)
Sending msg to client play-fork-run-d02e38af-b9ac-4030-9330-40b2218f3477: TaskStarted(63,4274,Some(AttributeKey[sbt.Settings[sbt.Scope]]("settingsData") in Scope(Global)))
Sending msg to client play-fork-run-d02e38af-b9ac-4030-9330-40b2218f3477: TaskFinished(63,4314,Some(AttributeKey[xsbti.compile.GlobalsCache]("compilerCache") in Scope(Global)),true,None)
Sending msg to client play-fork-run-d02e38af-b9ac-4030-9330-40b2218f3477: TaskFinished(63,4290,Some(AttributeKey[scala.collection.Seq[sbt.UpdateReport]]("transitiveUpdate") in Scope(Build: file:/Users/ryanmccormack/Documents/thunderdome/, , Project: ProjectReference(file:/Users/ryanmccormack/Documents/thunderdome/,root))),true,None)
Sending msg to client play-fork-run-d02e38af-b9ac-4030-9330-40b2218f3477: TaskFinished(63,4327,Some(AttributeKey[scala.collection.Seq[java.io.File]]("sources") in Scope(Build: file:/Users/ryanmccormack/Documents/thunderdome/, , Project: ProjectReference(file:/Users/ryanmccormack/Documents/thunderdome/,root), Config: compile, Task: AttributeKey[scala.collection.Seq[java.io.File]]("playRoutes"))),true,None)
Sending msg to client play-fork-run-d02e38af-b9ac-4030-9330-40b2218f3477: TaskStarted(63,4326,None)
Sending msg to client play-fork-run-d02e38af-b9ac-4030-9330-40b2218f3477: TaskFinished(63,4333,Some(AttributeKey[scala.collection.Seq[java.lang.String]]("scalacOptions") in Scope(Build: file:/Users/ryanmccormack/Documents/thunderdome/, , Project: ProjectReference(file:/Users/ryanmccormack/Documents/thunderdome/,root))),true,None)
Sending msg to client play-fork-run-d02e38af-b9ac-4030-9330-40b2218f3477: TaskStarted(63,4332,Some(AttributeKey[java.lang.String]("twirlSourceEncoding") in Scope(Build: file:/Users/ryanmccormack/Documents/thunderdome/, , Project: ProjectReference(file:/Users/ryanmccormack/Documents/thunderdome/,root))))
Sending msg to client play-fork-run-d02e38af-b9ac-4030-9330-40b2218f3477: TaskFinished(63,4293,Some(AttributeKey[java.io.File]("dependencyCacheDirectory") in Scope(Build: file:/Users/ryanmccormack/Documents/thunderdome/, , Project: ProjectReference(file:/Users/ryanmccormack/Documents/thunderdome/,root))),true,None)
Sending msg to client play-fork-run-d02e38af-b9ac-4030-9330-40b2218f3477: TaskFinished(63,4344,Some(AttributeKey[scala.collection.Seq[java.lang.String]]("javacOptions") in Scope(Build: file:/Users/ryanmccormack/Documents/thunderdome/, , Project: ProjectReference(file:/Users/ryanmccormack/Documents/thunderdome/,root), Config: compile)),true,None)
Sending msg to client play-fork-run-d02e38af-b9ac-4030-9330-40b2218f3477: TaskFinished(63,4337,Some(AttributeKey[scala.collection.Seq[java.io.File]]("unmanagedSources") in Scope(Build: file:/Users/ryanmccormack/Documents/thunderdome/, , Project: ProjectReference(file:/Users/ryanmccormack/Documents/thunderdome/,root), Config: compile)),true,None)
Sending msg to client play-fork-run-d02e38af-b9ac-4030-9330-40b2218f3477: TaskFinished(63,4261,Some(AttributeKey[sbt.inc.IncOptions]("incOptions") in Scope(Build: file:/Users/ryanmccormack/Documents/thunderdome/, , Project: ProjectReference(file:/Users/ryanmccormack/Documents/thunderdome/,root))),true,None)
Sending msg to client play-fork-run-d02e38af-b9ac-4030-9330-40b2218f3477: TaskFinished(63,4296,Some(AttributeKey[scala.collection.immutable.Map[sbt.ModuleID,sbt.SourcePosition]]("dependencyPositions") in Scope(Build: file:/Users/ryanmccormack/Documents/thunderdome/, , Project: ProjectReference(file:/Users/ryanmccormack/Documents/thunderdome/,root))),true,None)
Sending msg to client play-fork-run-d02e38af-b9ac-4030-9330-40b2218f3477: TaskStarted(63,4295,Some(AttributeKey[sbt.UnresolvedWarningConfiguration]("unresolvedWarningConfiguration") in Scope(Build: file:/Users/ryanmccormack/Documents/thunderdome/, , Project: ProjectReference(file:/Users/ryanmccormack/Documents/thunderdome/,root), Task: AttributeKey[sbt.UpdateReport]("update"))))
Sending msg to client play-fork-run-d02e38af-b9ac-4030-9330-40b2218f3477: TaskFinished(63,4274,Some(AttributeKey[sbt.Settings[sbt.Scope]]("settingsData") in Scope(Global)),true,None)
Sending msg to client play-fork-run-d02e38af-b9ac-4030-9330-40b2218f3477: TaskStarted(63,4273,Some(AttributeKey[scala.collection.Seq[sbt.ModuleID]]("projectDependencies") in Scope(Build: file:/Users/ryanmccormack/Documents/thunderdome/, , Project: ProjectReference(file:/Users/ryanmccormack/Documents/thunderdome/,root))))
Sending msg to client play-fork-run-d02e38af-b9ac-4030-9330-40b2218f3477: TaskStarted(63,4283,Some(AttributeKey[scala.collection.immutable.Map[org.apache.ivy.core.module.id.ModuleRevisionId,org.apache.ivy.core.module.descriptor.ModuleDescriptor]]("projectDescriptors") in Scope(Build: file:/Users/ryanmccormack/Documents/thunderdome/, , Project: ProjectReference(file:/Users/ryanmccormack/Documents/thunderdome/,root))))
Sending msg to client play-fork-run-d02e38af-b9ac-4030-9330-40b2218f3477: TaskStarted(63,4288,None)
Sending msg to client play-fork-run-d02e38af-b9ac-4030-9330-40b2218f3477: TaskStarted(63,4310,None)
Sending msg to client play-fork-run-d02e38af-b9ac-4030-9330-40b2218f3477: TaskStarted(63,4318,Some(AttributeKey[sbt.ScalaInstance]("scalaInstance") in Scope(Build: file:/Users/ryanmccormack/Documents/thunderdome/, , Project: ProjectReference(file:/Users/ryanmccormack/Documents/thunderdome/,root))))
Sending msg to client play-fork-run-d02e38af-b9ac-4030-9330-40b2218f3477: TaskStarted(63,4348,None)
Sending msg to client play-fork-run-d02e38af-b9ac-4030-9330-40b2218f3477: TaskFinished(63,4326,None,true,None)
Got request: ListenToValue(AttributeKey[play.forkrun.protocol.ForkConfig]("playForkConfig") in Scope(Build: file:/Users/ryanmccormack/Documents/thunderdome/, , Project: ProjectReference(file:/Users/ryanmccormack/Documents/thunderdome/,root)))
Reading next message from client.
Sending msg to client play-fork-run-d02e38af-b9ac-4030-9330-40b2218f3477: (6,ReceivedResponse())
Sending msg to client play-fork-run-d02e38af-b9ac-4030-9330-40b2218f3477: TaskStarted(63,4325,Some(AttributeKey[scala.collection.Seq[play.routes.compiler.RoutesCompiler$RoutesCompilerTask]]("playRoutesTasks") in Scope(Build: file:/Users/ryanmccormack/Documents/thunderdome/, , Project: ProjectReference(file:/Users/ryanmccormack/Documents/thunderdome/,root), Config: compile)))
Got request: KeyExecutionRequest(AttributeKey[play.forkrun.protocol.ForkConfig]("playForkConfig") in Scope(Build: file:/Users/ryanmccormack/Documents/thunderdome/, , Project: ProjectReference(file:/Users/ryanmccormack/Documents/thunderdome/,root)))
Reading next message from client.
Sending msg to client play-fork-run-d02e38af-b9ac-4030-9330-40b2218f3477: (7,ExecutionRequestReceived(64))
Sending msg to client play-fork-run-d02e38af-b9ac-4030-9330-40b2218f3477: ExecutionWaiting(64,{file:/Users/ryanmccormack/Documents/thunderdome/}root/*:playForkConfig,ClientInfo(d02e38af-b9ac-4030-9330-40b2218f3477,play-fork-run,Play Fork Run,1,Vector()))
Sending msg to client play-fork-run-d02e38af-b9ac-4030-9330-40b2218f3477: TaskFinished(63,4332,Some(AttributeKey[java.lang.String]("twirlSourceEncoding") in Scope(Build: file:/Users/ryanmccormack/Documents/thunderdome/, , Project: ProjectReference(file:/Users/ryanmccormack/Documents/thunderdome/,root))),true,None)
Sending msg to client play-fork-run-d02e38af-b9ac-4030-9330-40b2218f3477: TaskStarted(63,4331,None)
Sending msg to client play-fork-run-d02e38af-b9ac-4030-9330-40b2218f3477: TaskStarted(63,4342,None)
Sending msg to client play-fork-run-d02e38af-b9ac-4030-9330-40b2218f3477: TaskFinished(63,4295,Some(AttributeKey[sbt.UnresolvedWarningConfiguration]("unresolvedWarningConfiguration") in Scope(Build: file:/Users/ryanmccormack/Documents/thunderdome/, , Project: ProjectReference(file:/Users/ryanmccormack/Documents/thunderdome/,root), Task: AttributeKey[sbt.UpdateReport]("update"))),true,None)
Sending msg to client play-fork-run-d02e38af-b9ac-4030-9330-40b2218f3477: TaskFinished(63,4273,Some(AttributeKey[scala.collection.Seq[sbt.ModuleID]]("projectDependencies") in Scope(Build: file:/Users/ryanmccormack/Documents/thunderdome/, , Project: ProjectReference(file:/Users/ryanmccormack/Documents/thunderdome/,root))),true,None)
Sending msg to client play-fork-run-d02e38af-b9ac-4030-9330-40b2218f3477: TaskStarted(63,4272,Some(AttributeKey[scala.collection.Seq[sbt.ModuleID]]("allDependencies") in Scope(Build: file:/Users/ryanmccormack/Documents/thunderdome/, , Project: ProjectReference(file:/Users/ryanmccormack/Documents/thunderdome/,root))))
Sending msg to client play-fork-run-d02e38af-b9ac-4030-9330-40b2218f3477: TaskStarted(63,4355,None)
Sending msg to client play-fork-run-d02e38af-b9ac-4030-9330-40b2218f3477: TaskStarted(63,4356,None)
Sending msg to client play-fork-run-d02e38af-b9ac-4030-9330-40b2218f3477: TaskStarted(63,4361,None)
Sending msg to client play-fork-run-d02e38af-b9ac-4030-9330-40b2218f3477: TaskStarted(63,4362,None)
Sending msg to client play-fork-run-d02e38af-b9ac-4030-9330-40b2218f3477: TaskStarted(63,4364,None)
Sending msg to client play-fork-run-d02e38af-b9ac-4030-9330-40b2218f3477: TaskStarted(63,4367,None)
Sending msg to client play-fork-run-d02e38af-b9ac-4030-9330-40b2218f3477: TaskStarted(63,4369,None)
Sending msg to client play-fork-run-d02e38af-b9ac-4030-9330-40b2218f3477: TaskFinished(63,4342,None,true,None)
Sending msg to client play-fork-run-d02e38af-b9ac-4030-9330-40b2218f3477: TaskStarted(63,4341,Some(AttributeKey[scala.collection.Seq[scala.Function1[xsbti.Position,scala.Option[xsbti.Position]]]]("sourcePositionMappers") in Scope(Build: file:/Users/ryanmccormack/Documents/thunderdome/, , Project: ProjectReference(file:/Users/ryanmccormack/Documents/thunderdome/,root))))
Sending msg to client play-fork-run-d02e38af-b9ac-4030-9330-40b2218f3477: TaskFinished(63,4272,Some(AttributeKey[scala.collection.Seq[sbt.ModuleID]]("allDependencies") in Scope(Build: file:/Users/ryanmccormack/Documents/thunderdome/, , Project: ProjectReference(file:/Users/ryanmccormack/Documents/thunderdome/,root))),true,None)
Sending msg to client play-fork-run-d02e38af-b9ac-4030-9330-40b2218f3477: TaskStarted(63,4271,Some(AttributeKey[sbt.ModuleSettings]("moduleSettings") in Scope(Build: file:/Users/ryanmccormack/Documents/thunderdome/, , Project: ProjectReference(file:/Users/ryanmccormack/Documents/thunderdome/,root))))
Sending msg to client play-fork-run-d02e38af-b9ac-4030-9330-40b2218f3477: TaskFinished(63,4355,None,true,None)
Sending msg to client play-fork-run-d02e38af-b9ac-4030-9330-40b2218f3477: TaskStarted(63,4354,None)
Sending msg to client play-fork-run-d02e38af-b9ac-4030-9330-40b2218f3477: TaskFinished(63,4356,None,true,None)
Sending msg to client play-fork-run-d02e38af-b9ac-4030-9330-40b2218f3477: TaskFinished(63,4288,None,true,None)
Sending msg to client play-fork-run-d02e38af-b9ac-4030-9330-40b2218f3477: TaskFinished(63,4361,None,true,None)
Sending msg to client play-fork-run-d02e38af-b9ac-4030-9330-40b2218f3477: TaskFinished(63,4362,None,true,None)
Sending msg to client play-fork-run-d02e38af-b9ac-4030-9330-40b2218f3477: TaskStarted(63,4360,Some(AttributeKey[scala.collection.Seq[sbt.Attributed[java.io.File]]]("unmanagedJars") in Scope(Build: file:/Users/ryanmccormack/Documents/thunderdome/, , Project: ProjectReference(file:/Users/ryanmccormack/Documents/thunderdome/,root), Config: compile)))
Sending msg to client play-fork-run-d02e38af-b9ac-4030-9330-40b2218f3477: TaskFinished(63,4364,None,true,None)
Sending msg to client play-fork-run-d02e38af-b9ac-4030-9330-40b2218f3477: TaskStarted(63,4363,None)
Sending msg to client play-fork-run-d02e38af-b9ac-4030-9330-40b2218f3477: TaskFinished(63,4367,None,true,None)
Sending msg to client play-fork-run-d02e38af-b9ac-4030-9330-40b2218f3477: TaskStarted(63,4366,None)
Sending msg to client play-fork-run-d02e38af-b9ac-4030-9330-40b2218f3477: TaskFinished(63,4369,None,true,None)
Sending msg to client play-fork-run-d02e38af-b9ac-4030-9330-40b2218f3477: TaskStarted(63,4368,None)
Sending msg to client play-fork-run-d02e38af-b9ac-4030-9330-40b2218f3477: TaskFinished(63,4341,Some(AttributeKey[scala.collection.Seq[scala.Function1[xsbti.Position,scala.Option[xsbti.Position]]]]("sourcePositionMappers") in Scope(Build: file:/Users/ryanmccormack/Documents/thunderdome/, , Project: ProjectReference(file:/Users/ryanmccormack/Documents/thunderdome/,root))),true,None)
Sending msg to client play-fork-run-d02e38af-b9ac-4030-9330-40b2218f3477: TaskStarted(63,4339,Some(AttributeKey[scala.collection.Seq[scala.Function1[xsbti.Position,scala.Option[xsbti.Position]]]]("sourcePositionMappers") in Scope(Build: file:/Users/ryanmccormack/Documents/thunderdome/, , Project: ProjectReference(file:/Users/ryanmccormack/Documents/thunderdome/,root))))
Sending msg to client play-fork-run-d02e38af-b9ac-4030-9330-40b2218f3477: TaskFinished(63,4271,Some(AttributeKey[sbt.ModuleSettings]("moduleSettings") in Scope(Build: file:/Users/ryanmccormack/Documents/thunderdome/, , Project: ProjectReference(file:/Users/ryanmccormack/Documents/thunderdome/,root))),true,None)
Sending msg to client play-fork-run-d02e38af-b9ac-4030-9330-40b2218f3477: TaskFinished(63,4354,None,true,None)
Sending msg to client play-fork-run-d02e38af-b9ac-4030-9330-40b2218f3477: TaskFinished(63,4283,Some(AttributeKey[scala.collection.immutable.Map[org.apache.ivy.core.module.id.ModuleRevisionId,org.apache.ivy.core.module.descriptor.ModuleDescriptor]]("projectDescriptors") in Scope(Build: file:/Users/ryanmccormack/Documents/thunderdome/, , Project: ProjectReference(file:/Users/ryanmccormack/Documents/thunderdome/,root))),true,None)
Sending msg to client play-fork-run-d02e38af-b9ac-4030-9330-40b2218f3477: TaskStarted(63,4282,Some(AttributeKey[sbt.Resolver]("projectResolver") in Scope(Build: file:/Users/ryanmccormack/Documents/thunderdome/, , Project: ProjectReference(file:/Users/ryanmccormack/Documents/thunderdome/,root))))
Sending msg to client play-fork-run-d02e38af-b9ac-4030-9330-40b2218f3477: TaskFinished(63,4360,Some(AttributeKey[scala.collection.Seq[sbt.Attributed[java.io.File]]]("unmanagedJars") in Scope(Build: file:/Users/ryanmccormack/Documents/thunderdome/, , Project: ProjectReference(file:/Users/ryanmccormack/Documents/thunderdome/,root), Config: compile)),true,None)
Sending msg to client play-fork-run-d02e38af-b9ac-4030-9330-40b2218f3477: TaskStarted(63,4370,None)
Sending msg to client play-fork-run-d02e38af-b9ac-4030-9330-40b2218f3477: TaskFinished(63,4366,None,true,None)
Sending msg to client play-fork-run-d02e38af-b9ac-4030-9330-40b2218f3477: TaskFinished(63,4348,None,true,None)
Sending msg to client play-fork-run-d02e38af-b9ac-4030-9330-40b2218f3477: TaskFinished(63,4368,None,true,None)
Sending msg to client play-fork-run-d02e38af-b9ac-4030-9330-40b2218f3477: TaskFinished(63,4325,Some(AttributeKey[scala.collection.Seq[play.routes.compiler.RoutesCompiler$RoutesCompilerTask]]("playRoutesTasks") in Scope(Build: file:/Users/ryanmccormack/Documents/thunderdome/, , Project: ProjectReference(file:/Users/ryanmccormack/Documents/thunderdome/,root), Config: compile)),true,None)
Sending msg to client play-fork-run-d02e38af-b9ac-4030-9330-40b2218f3477: TaskStarted(63,4323,Some(AttributeKey[scala.collection.Seq[java.io.File]]("playRoutes") in Scope(Build: file:/Users/ryanmccormack/Documents/thunderdome/, , Project: ProjectReference(file:/Users/ryanmccormack/Documents/thunderdome/,root), Config: compile)))
Sending msg to client play-fork-run-d02e38af-b9ac-4030-9330-40b2218f3477: TaskFinished(63,4339,Some(AttributeKey[scala.collection.Seq[scala.Function1[xsbti.Position,scala.Option[xsbti.Position]]]]("sourcePositionMappers") in Scope(Build: file:/Users/ryanmccormack/Documents/thunderdome/, , Project: ProjectReference(file:/Users/ryanmccormack/Documents/thunderdome/,root))),true,None)
Sending msg to client play-fork-run-d02e38af-b9ac-4030-9330-40b2218f3477: TaskFinished(63,4331,None,true,None)
Sending msg to client play-fork-run-d02e38af-b9ac-4030-9330-40b2218f3477: TaskStarted(63,4330,Some(AttributeKey[scala.collection.Seq[java.io.File]]("twirlCompileTemplates") in Scope(Build: file:/Users/ryanmccormack/Documents/thunderdome/, , Project: ProjectReference(file:/Users/ryanmccormack/Documents/thunderdome/,root), Config: compile)))
Sending msg to client play-fork-run-d02e38af-b9ac-4030-9330-40b2218f3477: TaskFinished(63,4282,Some(AttributeKey[sbt.Resolver]("projectResolver") in Scope(Build: file:/Users/ryanmccormack/Documents/thunderdome/, , Project: ProjectReference(file:/Users/ryanmccormack/Documents/thunderdome/,root))),true,None)
Sending msg to client play-fork-run-d02e38af-b9ac-4030-9330-40b2218f3477: TaskStarted(63,4279,Some(AttributeKey[scala.collection.Seq[sbt.Resolver]]("fullResolvers") in Scope(Build: file:/Users/ryanmccormack/Documents/thunderdome/, , Project: ProjectReference(file:/Users/ryanmccormack/Documents/thunderdome/,root))))
Sending msg to client play-fork-run-d02e38af-b9ac-4030-9330-40b2218f3477: TaskFinished(63,4370,None,true,None)
Sending msg to client play-fork-run-d02e38af-b9ac-4030-9330-40b2218f3477: TaskFinished(63,4363,None,true,None)
Sending msg to client play-fork-run-d02e38af-b9ac-4030-9330-40b2218f3477: TaskStarted(63,4359,Some(AttributeKey[scala.collection.Seq[sbt.Attributed[java.io.File]]]("unmanagedJars") in Scope(Build: file:/Users/ryanmccormack/Documents/thunderdome/, , Project: ProjectReference(file:/Users/ryanmccormack/Documents/thunderdome/,root), Config: compile)))
Sending msg to client play-fork-run-d02e38af-b9ac-4030-9330-40b2218f3477: TaskFinished(63,4330,Some(AttributeKey[scala.collection.Seq[java.io.File]]("twirlCompileTemplates") in Scope(Build: file:/Users/ryanmccormack/Documents/thunderdome/, , Project: ProjectReference(file:/Users/ryanmccormack/Documents/thunderdome/,root), Config: compile)),true,None)
Sending msg to client play-fork-run-d02e38af-b9ac-4030-9330-40b2218f3477: TaskFinished(63,4279,Some(AttributeKey[scala.collection.Seq[sbt.Resolver]]("fullResolvers") in Scope(Build: file:/Users/ryanmccormack/Documents/thunderdome/, , Project: ProjectReference(file:/Users/ryanmccormack/Documents/thunderdome/,root))),true,None)
Sending msg to client play-fork-run-d02e38af-b9ac-4030-9330-40b2218f3477: TaskStarted(63,4278,Some(AttributeKey[sbt.IvyConfiguration]("ivyConfiguration") in Scope(Build: file:/Users/ryanmccormack/Documents/thunderdome/, , Project: ProjectReference(file:/Users/ryanmccormack/Documents/thunderdome/,root))))
Sending msg to client play-fork-run-d02e38af-b9ac-4030-9330-40b2218f3477: TaskFinished(63,4359,Some(AttributeKey[scala.collection.Seq[sbt.Attributed[java.io.File]]]("unmanagedJars") in Scope(Build: file:/Users/ryanmccormack/Documents/thunderdome/, , Project: ProjectReference(file:/Users/ryanmccormack/Documents/thunderdome/,root), Config: compile)),true,None)
Sending msg to client play-fork-run-d02e38af-b9ac-4030-9330-40b2218f3477: TaskStarted(63,4358,None)
Sending msg to client play-fork-run-d02e38af-b9ac-4030-9330-40b2218f3477: TaskFinished(63,4278,Some(AttributeKey[sbt.IvyConfiguration]("ivyConfiguration") in Scope(Build: file:/Users/ryanmccormack/Documents/thunderdome/, , Project: ProjectReference(file:/Users/ryanmccormack/Documents/thunderdome/,root))),true,None)
Sending msg to client play-fork-run-d02e38af-b9ac-4030-9330-40b2218f3477: TaskStarted(63,4277,Some(AttributeKey[sbt.IvySbt]("ivySbt") in Scope(Build: file:/Users/ryanmccormack/Documents/thunderdome/, , Project: ProjectReference(file:/Users/ryanmccormack/Documents/thunderdome/,root))))
Sending msg to client play-fork-run-d02e38af-b9ac-4030-9330-40b2218f3477: TaskFinished(63,4323,Some(AttributeKey[scala.collection.Seq[java.io.File]]("playRoutes") in Scope(Build: file:/Users/ryanmccormack/Documents/thunderdome/, , Project: ProjectReference(file:/Users/ryanmccormack/Documents/thunderdome/,root), Config: compile)),true,None)
Sending msg to client play-fork-run-d02e38af-b9ac-4030-9330-40b2218f3477: TaskStarted(63,4322,None)
Sending msg to client play-fork-run-d02e38af-b9ac-4030-9330-40b2218f3477: TaskFinished(63,4358,None,true,None)
Sending msg to client play-fork-run-d02e38af-b9ac-4030-9330-40b2218f3477: TaskStarted(63,4357,None)
Sending msg to client play-fork-run-d02e38af-b9ac-4030-9330-40b2218f3477: TaskFinished(63,4277,Some(AttributeKey[sbt.IvySbt]("ivySbt") in Scope(Build: file:/Users/ryanmccormack/Documents/thunderdome/, , Project: ProjectReference(file:/Users/ryanmccormack/Documents/thunderdome/,root))),true,None)
Sending msg to client play-fork-run-d02e38af-b9ac-4030-9330-40b2218f3477: TaskStarted(63,4270,Some(AttributeKey[sbt.IvySbt$Module]("ivyModule") in Scope(Build: file:/Users/ryanmccormack/Documents/thunderdome/, , Project: ProjectReference(file:/Users/ryanmccormack/Documents/thunderdome/,root))))
Sending msg to client play-fork-run-d02e38af-b9ac-4030-9330-40b2218f3477: TaskFinished(63,4322,None,true,None)
Sending msg to client play-fork-run-d02e38af-b9ac-4030-9330-40b2218f3477: TaskStarted(63,4321,Some(AttributeKey[scala.collection.Seq[java.io.File]]("managedSources") in Scope(Build: file:/Users/ryanmccormack/Documents/thunderdome/, , Project: ProjectReference(file:/Users/ryanmccormack/Documents/thunderdome/,root), Config: compile)))
Sending msg to client play-fork-run-d02e38af-b9ac-4030-9330-40b2218f3477: TaskFinished(63,4357,None,true,None)
Sending msg to client play-fork-run-d02e38af-b9ac-4030-9330-40b2218f3477: TaskFinished(63,4310,None,true,None)
Sending msg to client play-fork-run-d02e38af-b9ac-4030-9330-40b2218f3477: TaskStarted(63,4308,Some(AttributeKey[scala.collection.Seq[sbt.Attributed[java.io.File]]]("unmanagedClasspath") in Scope(Build: file:/Users/ryanmccormack/Documents/thunderdome/, , Project: ProjectReference(file:/Users/ryanmccormack/Documents/thunderdome/,root), Config: compile)))
Sending msg to client play-fork-run-d02e38af-b9ac-4030-9330-40b2218f3477: TaskFinished(63,4270,Some(AttributeKey[sbt.IvySbt$Module]("ivyModule") in Scope(Build: file:/Users/ryanmccormack/Documents/thunderdome/, , Project: ProjectReference(file:/Users/ryanmccormack/Documents/thunderdome/,root))),true,None)
Sending msg to client play-fork-run-d02e38af-b9ac-4030-9330-40b2218f3477: TaskStarted(63,4269,Some(AttributeKey[sbt.UpdateReport]("update") in Scope(Build: file:/Users/ryanmccormack/Documents/thunderdome/, , Project: ProjectReference(file:/Users/ryanmccormack/Documents/thunderdome/,root))))
Sending msg to client play-fork-run-d02e38af-b9ac-4030-9330-40b2218f3477: TaskFinished(63,4321,Some(AttributeKey[scala.collection.Seq[java.io.File]]("managedSources") in Scope(Build: file:/Users/ryanmccormack/Documents/thunderdome/, , Project: ProjectReference(file:/Users/ryanmccormack/Documents/thunderdome/,root), Config: compile)),true,None)
Sending msg to client play-fork-run-d02e38af-b9ac-4030-9330-40b2218f3477: TaskStarted(63,4320,Some(AttributeKey[scala.collection.Seq[java.io.File]]("sources") in Scope(Build: file:/Users/ryanmccormack/Documents/thunderdome/, , Project: ProjectReference(file:/Users/ryanmccormack/Documents/thunderdome/,root), Config: compile)))
Sending msg to client play-fork-run-d02e38af-b9ac-4030-9330-40b2218f3477: TaskFinished(63,4308,Some(AttributeKey[scala.collection.Seq[sbt.Attributed[java.io.File]]]("unmanagedClasspath") in Scope(Build: file:/Users/ryanmccormack/Documents/thunderdome/, , Project: ProjectReference(file:/Users/ryanmccormack/Documents/thunderdome/,root), Config: compile)),true,None)
Sending msg to client play-fork-run-d02e38af-b9ac-4030-9330-40b2218f3477: TaskFinished(63,4320,Some(AttributeKey[scala.collection.Seq[java.io.File]]("sources") in Scope(Build: file:/Users/ryanmccormack/Documents/thunderdome/, , Project: ProjectReference(file:/Users/ryanmccormack/Documents/thunderdome/,root), Config: compile)),true,None)
Sending msg to client play-fork-run-d02e38af-b9ac-4030-9330-40b2218f3477: TaskFinished(63,4269,Some(AttributeKey[sbt.UpdateReport]("update") in Scope(Build: file:/Users/ryanmccormack/Documents/thunderdome/, , Project: ProjectReference(file:/Users/ryanmccormack/Documents/thunderdome/,root))),true,None)
Sending msg to client play-fork-run-d02e38af-b9ac-4030-9330-40b2218f3477: TaskStarted(63,4268,Some(AttributeKey[sbt.UpdateReport]("update") in Scope(Build: file:/Users/ryanmccormack/Documents/thunderdome/, , Project: ProjectReference(file:/Users/ryanmccormack/Documents/thunderdome/,root))))
Sending msg to client play-fork-run-d02e38af-b9ac-4030-9330-40b2218f3477: TaskFinished(63,4268,Some(AttributeKey[sbt.UpdateReport]("update") in Scope(Build: file:/Users/ryanmccormack/Documents/thunderdome/, , Project: ProjectReference(file:/Users/ryanmccormack/Documents/thunderdome/,root))),true,None)
Sending msg to client play-fork-run-d02e38af-b9ac-4030-9330-40b2218f3477: TaskStarted(63,4267,Some(AttributeKey[sbt.Configuration]("classpathConfiguration") in Scope(Build: file:/Users/ryanmccormack/Documents/thunderdome/, , Project: ProjectReference(file:/Users/ryanmccormack/Documents/thunderdome/,root), Config: compile)))
Sending msg to client play-fork-run-d02e38af-b9ac-4030-9330-40b2218f3477: TaskStarted(63,4347,Some(AttributeKey[scala.collection.Seq[java.lang.String]]("scalacOptions") in Scope(Build: file:/Users/ryanmccormack/Documents/thunderdome/, , Project: ProjectReference(file:/Users/ryanmccormack/Documents/thunderdome/,root), Config: compile)))
Sending msg to client play-fork-run-d02e38af-b9ac-4030-9330-40b2218f3477: TaskStarted(63,4365,None)
Sending msg to client play-fork-run-d02e38af-b9ac-4030-9330-40b2218f3477: TaskFinished(63,4267,Some(AttributeKey[sbt.Configuration]("classpathConfiguration") in Scope(Build: file:/Users/ryanmccormack/Documents/thunderdome/, , Project: ProjectReference(file:/Users/ryanmccormack/Documents/thunderdome/,root), Config: compile)),true,None)
Sending msg to client play-fork-run-d02e38af-b9ac-4030-9330-40b2218f3477: TaskStarted(63,4266,None)
Sending msg to client play-fork-run-d02e38af-b9ac-4030-9330-40b2218f3477: TaskStarted(63,4307,None)
Sending msg to client play-fork-run-d02e38af-b9ac-4030-9330-40b2218f3477: TaskFinished(63,4365,None,true,None)
Sending msg to client play-fork-run-d02e38af-b9ac-4030-9330-40b2218f3477: TaskFinished(63,4318,Some(AttributeKey[sbt.ScalaInstance]("scalaInstance") in Scope(Build: file:/Users/ryanmccormack/Documents/thunderdome/, , Project: ProjectReference(file:/Users/ryanmccormack/Documents/thunderdome/,root))),true,None)
Sending msg to client play-fork-run-d02e38af-b9ac-4030-9330-40b2218f3477: TaskStarted(63,4316,Some(AttributeKey[sbt.Compiler$Compilers]("compilers") in Scope(Global)))
Sending msg to client play-fork-run-d02e38af-b9ac-4030-9330-40b2218f3477: TaskStarted(63,4373,None)
Sending msg to client play-fork-run-d02e38af-b9ac-4030-9330-40b2218f3477: TaskStarted(63,4374,None)
Sending msg to client play-fork-run-d02e38af-b9ac-4030-9330-40b2218f3477: TaskFinished(63,4307,None,true,None)
Sending msg to client play-fork-run-d02e38af-b9ac-4030-9330-40b2218f3477: TaskStarted(63,4305,Some(AttributeKey[scala.collection.Seq[sbt.Attributed[java.io.File]]]("managedClasspath") in Scope(Build: file:/Users/ryanmccormack/Documents/thunderdome/, , Project: ProjectReference(file:/Users/ryanmccormack/Documents/thunderdome/,root), Config: compile)))
Sending msg to client play-fork-run-d02e38af-b9ac-4030-9330-40b2218f3477: TaskFinished(63,4347,Some(AttributeKey[scala.collection.Seq[java.lang.String]]("scalacOptions") in Scope(Build: file:/Users/ryanmccormack/Documents/thunderdome/, , Project: ProjectReference(file:/Users/ryanmccormack/Documents/thunderdome/,root), Config: compile)),true,None)
Sending msg to client play-fork-run-d02e38af-b9ac-4030-9330-40b2218f3477: TaskFinished(63,4373,None,true,None)
Sending msg to client play-fork-run-d02e38af-b9ac-4030-9330-40b2218f3477: TaskFinished(63,4374,None,true,None)
Sending msg to client play-fork-run-d02e38af-b9ac-4030-9330-40b2218f3477: TaskStarted(63,4372,None)
Sending msg to client play-fork-run-d02e38af-b9ac-4030-9330-40b2218f3477: TaskFinished(63,4316,Some(AttributeKey[sbt.Compiler$Compilers]("compilers") in Scope(Global)),true,None)
Sending msg to client play-fork-run-d02e38af-b9ac-4030-9330-40b2218f3477: TaskFinished(63,4305,Some(AttributeKey[scala.collection.Seq[sbt.Attributed[java.io.File]]]("managedClasspath") in Scope(Build: file:/Users/ryanmccormack/Documents/thunderdome/, , Project: ProjectReference(file:/Users/ryanmccormack/Documents/thunderdome/,root), Config: compile)),true,None)
Sending msg to client play-fork-run-d02e38af-b9ac-4030-9330-40b2218f3477: TaskStarted(63,4304,None)
Sending msg to client play-fork-run-d02e38af-b9ac-4030-9330-40b2218f3477: TaskFinished(63,4372,None,true,None)
Sending msg to client play-fork-run-d02e38af-b9ac-4030-9330-40b2218f3477: TaskStarted(63,4371,None)
Sending msg to client play-fork-run-d02e38af-b9ac-4030-9330-40b2218f3477: TaskFinished(63,4304,None,true,None)
Sending msg to client play-fork-run-d02e38af-b9ac-4030-9330-40b2218f3477: TaskStarted(63,4303,Some(AttributeKey[scala.collection.Seq[sbt.Attributed[java.io.File]]]("externalDependencyClasspath") in Scope(Build: file:/Users/ryanmccormack/Documents/thunderdome/, , Project: ProjectReference(file:/Users/ryanmccormack/Documents/thunderdome/,root), Config: compile)))
Sending msg to client play-fork-run-d02e38af-b9ac-4030-9330-40b2218f3477: TaskFinished(63,4371,None,true,None)
Sending msg to client play-fork-run-d02e38af-b9ac-4030-9330-40b2218f3477: TaskFinished(63,4266,None,true,None)
Sending msg to client play-fork-run-d02e38af-b9ac-4030-9330-40b2218f3477: TaskStarted(63,4265,Some(AttributeKey[scala.collection.Seq[sbt.Attributed[java.io.File]]]("internalDependencyClasspath") in Scope(Build: file:/Users/ryanmccormack/Documents/thunderdome/, , Project: ProjectReference(file:/Users/ryanmccormack/Documents/thunderdome/,root), Config: compile)))
Sending msg to client play-fork-run-d02e38af-b9ac-4030-9330-40b2218f3477: TaskFinished(63,4303,Some(AttributeKey[scala.collection.Seq[sbt.Attributed[java.io.File]]]("externalDependencyClasspath") in Scope(Build: file:/Users/ryanmccormack/Documents/thunderdome/, , Project: ProjectReference(file:/Users/ryanmccormack/Documents/thunderdome/,root), Config: compile)),true,None)
Sending msg to client play-fork-run-d02e38af-b9ac-4030-9330-40b2218f3477: TaskFinished(63,4265,Some(AttributeKey[scala.collection.Seq[sbt.Attributed[java.io.File]]]("internalDependencyClasspath") in Scope(Build: file:/Users/ryanmccormack/Documents/thunderdome/, , Project: ProjectReference(file:/Users/ryanmccormack/Documents/thunderdome/,root), Config: compile)),true,None)
Sending msg to client play-fork-run-d02e38af-b9ac-4030-9330-40b2218f3477: TaskStarted(63,4264,None)
Sending msg to client play-fork-run-d02e38af-b9ac-4030-9330-40b2218f3477: TaskFinished(63,4264,None,true,None)
Sending msg to client play-fork-run-d02e38af-b9ac-4030-9330-40b2218f3477: TaskStarted(63,4263,Some(AttributeKey[scala.collection.Seq[sbt.Attributed[java.io.File]]]("dependencyClasspath") in Scope(Build: file:/Users/ryanmccormack/Documents/thunderdome/, , Project: ProjectReference(file:/Users/ryanmccormack/Documents/thunderdome/,root), Config: compile)))
Sending msg to client play-fork-run-d02e38af-b9ac-4030-9330-40b2218f3477: TaskFinished(63,4263,Some(AttributeKey[scala.collection.Seq[sbt.Attributed[java.io.File]]]("dependencyClasspath") in Scope(Build: file:/Users/ryanmccormack/Documents/thunderdome/, , Project: ProjectReference(file:/Users/ryanmccormack/Documents/thunderdome/,root), Config: compile)),true,None)
Sending msg to client play-fork-run-d02e38af-b9ac-4030-9330-40b2218f3477: TaskStarted(63,4259,Some(AttributeKey[sbt.Compiler$IncSetup]("incCompileSetup") in Scope(Build: file:/Users/ryanmccormack/Documents/thunderdome/, , Project: ProjectReference(file:/Users/ryanmccormack/Documents/thunderdome/,root), Config: compile)))
Sending msg to client play-fork-run-d02e38af-b9ac-4030-9330-40b2218f3477: TaskFinished(63,4259,Some(AttributeKey[sbt.Compiler$IncSetup]("incCompileSetup") in Scope(Build: file:/Users/ryanmccormack/Documents/thunderdome/, , Project: ProjectReference(file:/Users/ryanmccormack/Documents/thunderdome/,root), Config: compile)),true,None)
Sending msg to client play-fork-run-d02e38af-b9ac-4030-9330-40b2218f3477: TaskStarted(63,4256,Some(AttributeKey[sbt.Compiler$Inputs]("compileInputs") in Scope(Build: file:/Users/ryanmccormack/Documents/thunderdome/, , Project: ProjectReference(file:/Users/ryanmccormack/Documents/thunderdome/,root), Config: compile, Task: AttributeKey[sbt.inc.Analysis]("compile"))))
Sending msg to client play-fork-run-d02e38af-b9ac-4030-9330-40b2218f3477: TaskStarted(63,4349,Some(AttributeKey[sbt.Compiler$PreviousAnalysis]("readAnalysis") in Scope(Build: file:/Users/ryanmccormack/Documents/thunderdome/, , Project: ProjectReference(file:/Users/ryanmccormack/Documents/thunderdome/,root), Config: compile)))
Sending msg to client play-fork-run-d02e38af-b9ac-4030-9330-40b2218f3477: TaskFinished(63,4256,Some(AttributeKey[sbt.Compiler$Inputs]("compileInputs") in Scope(Build: file:/Users/ryanmccormack/Documents/thunderdome/, , Project: ProjectReference(file:/Users/ryanmccormack/Documents/thunderdome/,root), Config: compile, Task: AttributeKey[sbt.inc.Analysis]("compile"))),true,None)
Sending msg to client play-fork-run-d02e38af-b9ac-4030-9330-40b2218f3477: TaskStarted(63,4350,Some(AttributeKey[scala.Option[xsbti.Reporter]]("compilerReporter") in Scope(Build: file:/Users/ryanmccormack/Documents/thunderdome/, , Project: ProjectReference(file:/Users/ryanmccormack/Documents/thunderdome/,root), Config: compile, Task: AttributeKey[sbt.inc.Analysis]("compile"))))
Sending msg to client play-fork-run-d02e38af-b9ac-4030-9330-40b2218f3477: TaskFinished(63,4349,Some(AttributeKey[sbt.Compiler$PreviousAnalysis]("readAnalysis") in Scope(Build: file:/Users/ryanmccormack/Documents/thunderdome/, , Project: ProjectReference(file:/Users/ryanmccormack/Documents/thunderdome/,root), Config: compile)),true,None)
Sending msg to client play-fork-run-d02e38af-b9ac-4030-9330-40b2218f3477: TaskFinished(63,4350,Some(AttributeKey[scala.Option[xsbti.Reporter]]("compilerReporter") in Scope(Build: file:/Users/ryanmccormack/Documents/thunderdome/, , Project: ProjectReference(file:/Users/ryanmccormack/Documents/thunderdome/,root), Config: compile, Task: AttributeKey[sbt.inc.Analysis]("compile"))),true,None)
Sending msg to client play-fork-run-d02e38af-b9ac-4030-9330-40b2218f3477: TaskStarted(63,4255,Some(AttributeKey[sbt.compiler.IC$Result]("compileIncremental") in Scope(Build: file:/Users/ryanmccormack/Documents/thunderdome/, , Project: ProjectReference(file:/Users/ryanmccormack/Documents/thunderdome/,root), Config: compile)))
Sending msg to client play-fork-run-d02e38af-b9ac-4030-9330-40b2218f3477: TaskLogEvent(4255,LogMessage(debug,
Initial source changes: 
	removed:Set()
	added: Set()
	modified: Set(/Users/ryanmccormack/Documents/thunderdome/app/models/queries/InitQueries.scala)
Removed products: Set()
External API changes: API Changes: Set()
Modified binary dependencies: Set()
Initial directly invalidated sources: Set(/Users/ryanmccormack/Documents/thunderdome/app/models/queries/InitQueries.scala)

Sources indirectly invalidated by:
	product: Set()
	binary dep: Set()
	external source: Set()))
Sending msg to client play-fork-run-d02e38af-b9ac-4030-9330-40b2218f3477: TaskLogEvent(4255,LogMessage(debug,All initially invalidated sources: Set(/Users/ryanmccormack/Documents/thunderdome/app/models/queries/InitQueries.scala)
))
Sending msg to client play-fork-run-d02e38af-b9ac-4030-9330-40b2218f3477: TaskLogEvent(4255,LogMessage(info,Read from stdout: Compiling 1 Scala source to /Users/ryanmccormack/Documents/thunderdome/target/scala-2.11/classes...))
Sending msg to client play-fork-run-d02e38af-b9ac-4030-9330-40b2218f3477: TaskLogEvent(4255,LogMessage(info,Compiling 1 Scala source to /Users/ryanmccormack/Documents/thunderdome/target/scala-2.11/classes...))
Sending msg to client play-fork-run-d02e38af-b9ac-4030-9330-40b2218f3477: TaskLogEvent(4255,LogMessage(debug,Getting compiler-interface from component compiler for Scala 2.11.7))
Sending msg to client play-fork-run-d02e38af-b9ac-4030-9330-40b2218f3477: TaskLogEvent(4255,LogMessage(debug,Other repositories:))
Sending msg to client play-fork-run-d02e38af-b9ac-4030-9330-40b2218f3477: TaskLogEvent(4255,LogMessage(debug,Default repositories:))
Sending msg to client play-fork-run-d02e38af-b9ac-4030-9330-40b2218f3477: TaskLogEvent(4255,LogMessage(debug,Getting compiler-interface from component compiler for Scala 2.11.7))
Sending msg to client play-fork-run-d02e38af-b9ac-4030-9330-40b2218f3477: TaskLogEvent(4255,LogMessage(debug,Other repositories:))
Sending msg to client play-fork-run-d02e38af-b9ac-4030-9330-40b2218f3477: TaskLogEvent(4255,LogMessage(debug,Default repositories:))
Sending msg to client play-fork-run-d02e38af-b9ac-4030-9330-40b2218f3477: TaskLogEvent(4255,LogMessage(debug,Running cached compiler 2c4d4133, interfacing (CompilerInterface) with Scala compiler version 2.11.7))
Sending msg to client play-fork-run-d02e38af-b9ac-4030-9330-40b2218f3477: TaskLogEvent(4255,LogMessage(debug,Calling Scala compiler with arguments  (CompilerInterface):
	-deprecation
	-unchecked
	-encoding
	utf8
	-bootclasspath
	/Library/Java/JavaVirtualMachines/jdk1.8.0_72.jdk/Contents/Home/jre/lib/resources.jar:/Library/Java/JavaVirtualMachines/jdk1.8.0_72.jdk/Contents/Home/jre/lib/rt.jar:/Library/Java/JavaVirtualMachines/jdk1.8.0_72.jdk/Contents/Home/jre/lib/sunrsasign.jar:/Library/Java/JavaVirtualMachines/jdk1.8.0_72.jdk/Contents/Home/jre/lib/jsse.jar:/Library/Java/JavaVirtualMachines/jdk1.8.0_72.jdk/Contents/Home/jre/lib/jce.jar:/Library/Java/JavaVirtualMachines/jdk1.8.0_72.jdk/Contents/Home/jre/lib/charsets.jar:/Library/Java/JavaVirtualMachines/jdk1.8.0_72.jdk/Contents/Home/jre/lib/jfr.jar:/Library/Java/JavaVirtualMachines/jdk1.8.0_72.jdk/Contents/Home/jre/classes:/Users/ryanmccormack/.ivy2/cache/org.scala-lang/scala-library/jars/scala-library-2.11.7.jar
	-classpath
	/Users/ryanmccormack/Documents/thunderdome/target/scala-2.11/classes:/Users/ryanmccormack/.ivy2/cache/com.typesafe.play/twirl-api_2.11/jars/twirl-api_2.11-1.1.1.jar:/Users/ryanmccormack/.ivy2/cache/org.apache.commons/commons-lang3/jars/commons-lang3-3.4.jar:/Users/ryanmccormack/.ivy2/cache/org.scala-lang.modules/scala-xml_2.11/bundles/scala-xml_2.11-1.0.1.jar:/Users/ryanmccormack/.ivy2/cache/com.typesafe.play/play-server_2.11/jars/play-server_2.11-2.4.2.jar:/Users/ryanmccormack/.ivy2/cache/com.typesafe.play/play_2.11/jars/play_2.11-2.4.2.jar:/Users/ryanmccormack/.ivy2/cache/com.typesafe.play/build-link/jars/build-link-2.4.2.jar:/Users/ryanmccormack/.ivy2/cache/com.typesafe.play/play-exceptions/jars/play-exceptions-2.4.2.jar:/Users/ryanmccormack/.ivy2/cache/org.javassist/javassist/bundles/javassist-3.19.0-GA.jar:/Users/ryanmccormack/.ivy2/cache/com.typesafe.play/play-iteratees_2.11/jars/play-iteratees_2.11-2.4.2.jar:/Users/ryanmccormack/.ivy2/cache/org.scala-stm/scala-stm_2.11/jars/scala-stm_2.11-0.7.jar:/Users/ryanmccormack/.ivy2/cache/com.typesafe/config/bundles/config-1.3.0.jar:/Users/ryanmccormack/.ivy2/cache/com.typesafe.play/play-json_2.11/jars/play-json_2.11-2.4.2.jar:/Users/ryanmccormack/.ivy2/cache/com.typesafe.play/play-functional_2.11/jars/play-functional_2.11-2.4.2.jar:/Users/ryanmccormack/.ivy2/cache/com.typesafe.play/play-datacommons_2.11/jars/play-datacommons_2.11-2.4.2.jar:/Users/ryanmccormack/.ivy2/cache/joda-time/joda-time/jars/joda-time-2.8.1.jar:/Users/ryanmccormack/.ivy2/cache/org.joda/joda-convert/jars/joda-convert-1.7.jar:/Users/ryanmccormack/.ivy2/cache/org.scala-lang/scala-reflect/jars/scala-reflect-2.11.6.jar:/Users/ryanmccormack/.ivy2/cache/com.fasterxml.jackson.core/jackson-core/bundles/jackson-core-2.5.4.jar:/Users/ryanmccormack/.ivy2/cache/com.fasterxml.jackson.core/jackson-annotations/bundles/jackson-annotations-2.5.4.jar:/Users/ryanmccormack/.ivy2/cache/com.fasterxml.jackson.core/jackson-databind/bundles/jackson-databind-2.5.4.jar:/Users/ryanmccormack/.ivy2/cache/com.fasterxml.jackson.datatype/jackson-datatype-jdk8/bundles/jackson-datatype-jdk8-2.5.4.jar:/Users/ryanmccormack/.ivy2/cache/com.fasterxml.jackson.datatype/jackson-datatype-jsr310/bundles/jackson-datatype-jsr310-2.5.4.jar:/Users/ryanmccormack/.ivy2/cache/com.typesafe.play/play-netty-utils/jars/play-netty-utils-2.4.2.jar:/Users/ryanmccormack/.ivy2/cache/org.slf4j/slf4j-api/jars/slf4j-api-1.7.12.jar:/Users/ryanmccormack/.ivy2/cache/org.slf4j/jul-to-slf4j/jars/jul-to-slf4j-1.7.12.jar:/Users/ryanmccormack/.ivy2/cache/org.slf4j/jcl-over-slf4j/jars/jcl-over-slf4j-1.7.12.jar:/Users/ryanmccormack/.ivy2/cache/org.scala-lang.modules/scala-parser-combinators_2.11/bundles/scala-parser-combinators_2.11-1.0.1.jar:/Users/ryanmccormack/.ivy2/cache/ch.qos.logback/logback-core/jars/logback-core-1.1.3.jar:/Users/ryanmccormack/.ivy2/cache/ch.qos.logback/logback-classic/jars/logback-classic-1.1.3.jar:/Users/ryanmccormack/.ivy2/cache/com.typesafe.akka/akka-actor_2.11/jars/akka-actor_2.11-2.3.11.jar:/Users/ryanmccormack/.ivy2/cache/com.typesafe.akka/akka-slf4j_2.11/jars/akka-slf4j_2.11-2.3.11.jar:/Users/ryanmccormack/.ivy2/cache/commons-codec/commons-codec/jars/commons-codec-1.10.jar:/Users/ryanmccormack/.ivy2/cache/xerces/xercesImpl/jars/xercesImpl-2.11.0.jar:/Users/ryanmccormack/.ivy2/cache/xml-apis/xml-apis/jars/xml-apis-1.4.01.jar:/Users/ryanmccormack/.ivy2/cache/javax.transaction/jta/jars/jta-1.1.jar:/Users/ryanmccormack/.ivy2/cache/com.google.inject/guice/jars/guice-4.0.jar:/Users/ryanmccormack/.ivy2/cache/javax.inject/javax.inject/jars/javax.inject-1.jar:/Users/ryanmccormack/.ivy2/cache/aopalliance/aopalliance/jars/aopalliance-1.0.jar:/Users/ryanmccormack/.ivy2/cache/com.google.inject.extensions/guice-assistedinject/jars/guice-assistedinject-4.0.jar:/Users/ryanmccormack/.ivy2/cache/com.typesafe.play/play-netty-server_2.11/jars/play-netty-server_2.11-2.4.2.jar:/Users/ryanmccormack/.ivy2/cache/io.netty/netty/bundles/netty-3.10.3.Final.jar:/Users/ryanmccormack/.ivy2/cache/com.typesafe.netty/netty-http-pipelining/jars/netty-http-pipelining-1.1.4.jar:/Users/ryanmccormack/.ivy2/cache/com.typesafe.play/play-cache_2.11/jars/play-cache_2.11-2.4.2.jar:/Users/ryanmccormack/.ivy2/cache/net.sf.ehcache/ehcache-core/jars/ehcache-core-2.6.11.jar:/Users/ryanmccormack/.ivy2/cache/com.mohiva/play-silhouette_2.11/jars/play-silhouette_2.11-3.0.0-RC2.jar:/Users/ryanmccormack/.ivy2/cache/com.typesafe.play/play-ws_2.11/jars/play-ws_2.11-2.4.1.jar:/Users/ryanmccormack/.ivy2/cache/com.google.guava/guava/bundles/guava-18.0.jar:/Users/ryanmccormack/.ivy2/cache/com.ning/async-http-client/jars/async-http-client-1.9.21.jar:/Users/ryanmccormack/.ivy2/cache/oauth.signpost/signpost-core/jars/signpost-core-1.2.1.2.jar:/Users/ryanmccormack/.ivy2/cache/oauth.signpost/signpost-commonshttp4/jars/signpost-commonshttp4-1.2.1.2.jar:/Users/ryanmccormack/.ivy2/cache/org.apache.httpcomponents/httpcore/jars/httpcore-4.0.1.jar:/Users/ryanmccormack/.ivy2/cache/org.apache.httpcomponents/httpclient/jars/httpclient-4.0.1.jar:/Users/ryanmccormack/.ivy2/cache/commons-logging/commons-logging/jars/commons-logging-1.1.1.jar:/Users/ryanmccormack/.ivy2/cache/org.mindrot/jbcrypt/jars/jbcrypt-0.3m.jar:/Users/ryanmccormack/.ivy2/cache/com.atlassian.jwt/jwt-core/jars/jwt-core-1.2.4.jar:/Users/ryanmccormack/.ivy2/cache/com.nimbusds/nimbus-jose-jwt/jars/nimbus-jose-jwt-2.16.jar:/Users/ryanmccormack/.ivy2/cache/net.jcip/jcip-annotations/jars/jcip-annotations-1.0.jar:/Users/ryanmccormack/.ivy2/cache/net.minidev/json-smart/jars/json-smart-1.1.1.jar:/Users/ryanmccormack/.ivy2/cache/javax.mail/mail/jars/mail-1.4.7.jar:/Users/ryanmccormack/.ivy2/cache/javax.activation/activation/jars/activation-1.1.jar:/Users/ryanmccormack/.ivy2/cache/org.bouncycastle/bcprov-jdk15on/jars/bcprov-jdk15on-1.51.jar:/Users/ryanmccormack/.ivy2/cache/com.atlassian.jwt/jwt-api/jars/jwt-api-1.2.4.jar:/Users/ryanmccormack/.ivy2/cache/com.google.code.findbugs/jsr305/jars/jsr305-2.0.1.jar:/Users/ryanmccormack/.ivy2/cache/com.kyleu/jdub-async_2.11/jars/jdub-async_2.11-1.0.jar:/Users/ryanmccormack/.ivy2/cache/com.github.mauricio/postgresql-async_2.11/jars/postgresql-async_2.11-0.2.16.jar:/Users/ryanmccormack/.ivy2/cache/com.github.mauricio/db-async-common_2.11/jars/db-async-common_2.11-0.2.16.jar:/Users/ryanmccormack/.ivy2/cache/io.netty/netty-all/jars/netty-all-4.0.25.Final.jar:/Users/ryanmccormack/.ivy2/cache/org.webjars/bootstrap/jars/bootstrap-3.3.5.jar:/Users/ryanmccormack/.ivy2/cache/org.webjars/jquery/jars/jquery-1.11.1.jar))
Sending msg to client play-fork-run-d02e38af-b9ac-4030-9330-40b2218f3477: BackgroundJobLogEvent(10,LogMessage(info,Compiling 1 Scala source to /Users/ryanmccormack/Documents/thunderdome/target/scala-2.11/classes...))
Sending msg to client play-fork-run-d02e38af-b9ac-4030-9330-40b2218f3477: TaskLogEvent(4255,LogMessage(debug,Scala compilation took 0.664590074 s))
Sending msg to client play-fork-run-d02e38af-b9ac-4030-9330-40b2218f3477: TaskLogEvent(4255,LogMessage(debug,Invalidating /Users/ryanmccormack/Documents/thunderdome/app/models/queries/InitQueries.scala...))
Sending msg to client play-fork-run-d02e38af-b9ac-4030-9330-40b2218f3477: TaskLogEvent(4255,LogMessage(debug,Invalidating (transitively) by inheritance from /Users/ryanmccormack/Documents/thunderdome/app/models/queries/InitQueries.scala...))
Sending msg to client play-fork-run-d02e38af-b9ac-4030-9330-40b2218f3477: TaskLogEvent(4255,LogMessage(debug,Initial set of included nodes: Set(/Users/ryanmccormack/Documents/thunderdome/app/models/queries/InitQueries.scala)))
Sending msg to client play-fork-run-d02e38af-b9ac-4030-9330-40b2218f3477: TaskLogEvent(4255,LogMessage(debug,Invalidated by transitive inheritance dependency: Set(/Users/ryanmccormack/Documents/thunderdome/app/models/queries/InitQueries.scala)))
Sending msg to client play-fork-run-d02e38af-b9ac-4030-9330-40b2218f3477: TaskLogEvent(4255,LogMessage(debug,The /Users/ryanmccormack/Documents/thunderdome/app/models/queries/InitQueries.scala source file has the following regular definitions changed:
	notify, cnf, wait, $asInstanceOf, equals, asInstanceOf, passwordHash, synchronized, InitQueries, a, $isInstanceOf, uuidGen, notifyAll, adminUser, isInstanceOf, <init>, b, ==, clone, toString, !=, c, getClass, adminPass, ne, eq, env, ##, finalize, hashCode.
All member reference dependencies will be considered within this context.))
Sending msg to client play-fork-run-d02e38af-b9ac-4030-9330-40b2218f3477: TaskLogEvent(4255,LogMessage(debug,New invalidations:
	Set()))
Sending msg to client play-fork-run-d02e38af-b9ac-4030-9330-40b2218f3477: TaskLogEvent(4255,LogMessage(debug,Initial set of included nodes: Set()))
Sending msg to client play-fork-run-d02e38af-b9ac-4030-9330-40b2218f3477: TaskLogEvent(4255,LogMessage(debug,Previously invalidated, but (transitively) depend on new invalidations:
	Set()))
Sending msg to client play-fork-run-d02e38af-b9ac-4030-9330-40b2218f3477: TaskLogEvent(4255,LogMessage(debug,All newly invalidated sources after taking into account (previously) recompiled sources:Set()))
Sending msg to client play-fork-run-d02e38af-b9ac-4030-9330-40b2218f3477: TaskFinished(63,4255,Some(AttributeKey[sbt.compiler.IC$Result]("compileIncremental") in Scope(Build: file:/Users/ryanmccormack/Documents/thunderdome/, , Project: ProjectReference(file:/Users/ryanmccormack/Documents/thunderdome/,root), Config: compile)),true,None)
Sending msg to client play-fork-run-d02e38af-b9ac-4030-9330-40b2218f3477: TaskStarted(63,4254,Some(AttributeKey[sbt.compiler.IC$Result]("manipulateBytecode") in Scope(Build: file:/Users/ryanmccormack/Documents/thunderdome/, , Project: ProjectReference(file:/Users/ryanmccormack/Documents/thunderdome/,root), Config: compile)))
Sending msg to client play-fork-run-d02e38af-b9ac-4030-9330-40b2218f3477: TaskFinished(63,4254,Some(AttributeKey[sbt.compiler.IC$Result]("manipulateBytecode") in Scope(Build: file:/Users/ryanmccormack/Documents/thunderdome/, , Project: ProjectReference(file:/Users/ryanmccormack/Documents/thunderdome/,root), Config: compile)),true,None)
Sending msg to client play-fork-run-d02e38af-b9ac-4030-9330-40b2218f3477: TaskStarted(63,4253,Some(AttributeKey[sbt.inc.Analysis]("compile") in Scope(Build: file:/Users/ryanmccormack/Documents/thunderdome/, , Project: ProjectReference(file:/Users/ryanmccormack/Documents/thunderdome/,root), Config: compile)))
Sending msg to client play-fork-run-d02e38af-b9ac-4030-9330-40b2218f3477: TaskFinished(63,4253,Some(AttributeKey[sbt.inc.Analysis]("compile") in Scope(Build: file:/Users/ryanmccormack/Documents/thunderdome/, , Project: ProjectReference(file:/Users/ryanmccormack/Documents/thunderdome/,root), Config: compile)),true,None)
Sending msg to client play-fork-run-d02e38af-b9ac-4030-9330-40b2218f3477: TaskStarted(63,4252,None)
Sending msg to client play-fork-run-d02e38af-b9ac-4030-9330-40b2218f3477: TaskStarted(63,4375,Some(AttributeKey[scala.collection.Seq[java.lang.String]]("discoveredMainClasses") in Scope(Build: file:/Users/ryanmccormack/Documents/thunderdome/, , Project: ProjectReference(file:/Users/ryanmccormack/Documents/thunderdome/,root), Config: compile)))
Sending msg to client play-fork-run-d02e38af-b9ac-4030-9330-40b2218f3477: TaskFinished(63,4252,None,true,None)
Sending msg to client play-fork-run-d02e38af-b9ac-4030-9330-40b2218f3477: TaskStarted(63,4251,None)
Sending msg to client play-fork-run-d02e38af-b9ac-4030-9330-40b2218f3477: TaskFinished(63,4375,Some(AttributeKey[scala.collection.Seq[java.lang.String]]("discoveredMainClasses") in Scope(Build: file:/Users/ryanmccormack/Documents/thunderdome/, , Project: ProjectReference(file:/Users/ryanmccormack/Documents/thunderdome/,root), Config: compile)),true,None)
Sending msg to client play-fork-run-d02e38af-b9ac-4030-9330-40b2218f3477: TaskFinished(63,4251,None,true,None)
Sending msg to client play-fork-run-d02e38af-b9ac-4030-9330-40b2218f3477: DetachedLogEvent(LogMessage(debug,cancel strategy finish enabled=false lastCommand=Some(LastCommand(CommandExecutionWork(ExecutionId(63),compile,Set(LiveClient(activator 32e7a55e-b064-4501-9864-caafb9aa7448)),sbt.server.WorkCancellationStatus$$anon$1@56cb60cb)))))
Sending msg to client play-fork-run-d02e38af-b9ac-4030-9330-40b2218f3477: DetachedLogEvent(LogSuccess(Total time: 1 s, completed 23-Jan-2017 5:33:30 PM))
Sending msg to client play-fork-run-d02e38af-b9ac-4030-9330-40b2218f3477: DetachedLogEvent(LogMessage(debug,> server-post-command-cleanup))
Sending msg to client play-fork-run-d02e38af-b9ac-4030-9330-40b2218f3477: ExecutionSuccess(63)
Sending msg to client play-fork-run-d02e38af-b9ac-4030-9330-40b2218f3477: DetachedLogEvent(LogMessage(debug,> server-handle-next-server-request))
Sending msg to client play-fork-run-d02e38af-b9ac-4030-9330-40b2218f3477: ExecutionStarting(64)
Sending msg to client play-fork-run-d02e38af-b9ac-4030-9330-40b2218f3477: DetachedLogEvent(LogMessage(debug,> {file:/Users/ryanmccormack/Documents/thunderdome/}root/*:playForkConfig))
Sending msg to client play-fork-run-d02e38af-b9ac-4030-9330-40b2218f3477: ExecutionWaiting(65,jobStop 9,ClientInfo(32e7a55e-b064-4501-9864-caafb9aa7448,activator,Activator,3,Vector()))
Sending msg to client play-fork-run-d02e38af-b9ac-4030-9330-40b2218f3477: ExecutionWaiting(66,jobStop 10,ClientInfo(32e7a55e-b064-4501-9864-caafb9aa7448,activator,Activator,3,Vector()))
Sending msg to client play-fork-run-d02e38af-b9ac-4030-9330-40b2218f3477: DetachedLogEvent(LogMessage(debug,Evaluating tasks: *:playForkConfig))
Sending msg to client play-fork-run-d02e38af-b9ac-4030-9330-40b2218f3477: DetachedLogEvent(LogMessage(debug,Running task... Cancel: sbt.server.ServerTaskCancellation@5ffd31ca, check cycles: false))
Sending msg to client play-fork-run-d02e38af-b9ac-4030-9330-40b2218f3477: DetachedLogEvent(LogMessage(debug,cancel strategy start enabled=true lastCommand=Some(LastCommand(CommandExecutionWork(ExecutionId(64),{file:/Users/ryanmccormack/Documents/thunderdome/}root/*:playForkConfig,Set(LiveClient(play-fork-run d02e38af-b9ac-4030-9330-40b2218f3477)),sbt.server.WorkCancellationStatus$$anon$1@2ceb2b49)))))
Sending msg to client play-fork-run-d02e38af-b9ac-4030-9330-40b2218f3477: TaskStarted(64,4389,None)
Sending msg to client play-fork-run-d02e38af-b9ac-4030-9330-40b2218f3477: TaskStarted(64,4393,Some(AttributeKey[scala.collection.Seq[sbt.Resolver]]("externalResolvers") in Scope(Build: file:/Users/ryanmccormack/Documents/thunderdome/, , Project: ProjectReference(file:/Users/ryanmccormack/Documents/thunderdome/,root))))
Sending msg to client play-fork-run-d02e38af-b9ac-4030-9330-40b2218f3477: TaskStarted(64,4394,Some(AttributeKey[scala.Option[scala.collection.Seq[sbt.Resolver]]]("bootResolvers") in Scope(Build: file:/Users/ryanmccormack/Documents/thunderdome/, , Project: ProjectReference(file:/Users/ryanmccormack/Documents/thunderdome/,root))))
Sending msg to client play-fork-run-d02e38af-b9ac-4030-9330-40b2218f3477: TaskStarted(64,4398,None)
Sending msg to client play-fork-run-d02e38af-b9ac-4030-9330-40b2218f3477: TaskStarted(64,4400,Some(AttributeKey[scala.collection.Seq[sbt.Credentials]]("credentials") in Scope(Global)))
Sending msg to client play-fork-run-d02e38af-b9ac-4030-9330-40b2218f3477: TaskStarted(64,4403,None)
Sending msg to client play-fork-run-d02e38af-b9ac-4030-9330-40b2218f3477: TaskStarted(64,4405,None)
Sending msg to client play-fork-run-d02e38af-b9ac-4030-9330-40b2218f3477: TaskStarted(64,4406,None)
Sending msg to client play-fork-run-d02e38af-b9ac-4030-9330-40b2218f3477: TaskStarted(64,4408,Some(AttributeKey[java.lang.String]("updateCacheName") in Scope(Build: file:/Users/ryanmccormack/Documents/thunderdome/, , Project: ProjectReference(file:/Users/ryanmccormack/Documents/thunderdome/,root))))
Sending msg to client play-fork-run-d02e38af-b9ac-4030-9330-40b2218f3477: DetachedLogEvent(LogMessage(debug,cancel strategy cancel() with enabled=true lastCommand=Some(LastCommand(CommandExecutionWork(ExecutionId(64),{file:/Users/ryanmccormack/Documents/thunderdome/}root/*:playForkConfig,Set(LiveClient(play-fork-run d02e38af-b9ac-4030-9330-40b2218f3477)),sbt.server.WorkCancellationStatus$$anon$1@2ceb2b49)))))
Sending msg to client play-fork-run-d02e38af-b9ac-4030-9330-40b2218f3477: TaskStarted(64,4412,None)
Sending msg to client play-fork-run-d02e38af-b9ac-4030-9330-40b2218f3477: DetachedLogEvent(LogStdOut())
Sending msg to client play-fork-run-d02e38af-b9ac-4030-9330-40b2218f3477: TaskStarted(64,4414,Some(AttributeKey[boolean]("skip") in Scope(Global)))
Sending msg to client play-fork-run-d02e38af-b9ac-4030-9330-40b2218f3477: DetachedLogEvent(LogMessage(warn,Canceling execution...))
Sending msg to client play-fork-run-d02e38af-b9ac-4030-9330-40b2218f3477: TaskStarted(64,4415,Some(AttributeKey[scala.collection.Seq[java.lang.String]]("javaOptions") in Scope(Global)))
Sending msg to client play-fork-run-d02e38af-b9ac-4030-9330-40b2218f3477: DetachedLogEvent(LogMessage(debug,cancel strategy finish enabled=false lastCommand=Some(LastCommand(CommandExecutionWork(ExecutionId(64),{file:/Users/ryanmccormack/Documents/thunderdome/}root/*:playForkConfig,Set(LiveClient(play-fork-run d02e38af-b9ac-4030-9330-40b2218f3477)),sbt.server.WorkCancellationStatus$$anon$1@2ceb2b49)))))
Sending msg to client play-fork-run-d02e38af-b9ac-4030-9330-40b2218f3477: ExecutionWaiting(67,backgroundRun,ClientInfo(32e7a55e-b064-4501-9864-caafb9aa7448,activator,Activator,3,Vector()))
Sending msg to client play-fork-run-d02e38af-b9ac-4030-9330-40b2218f3477: DetachedLogEvent(LogTrace(RejectedExecutionException,Task java.util.concurrent.ExecutorCompletionService$QueueingFuture@29d39657 rejected from java.util.concurrent.ThreadPoolExecutor@c09281e[Shutting down, pool size = 2, active threads = 2, queued tasks = 0, completed tasks = 9]))
Sending msg to client play-fork-run-d02e38af-b9ac-4030-9330-40b2218f3477: DetachedLogEvent(LogMessage(error,java.util.concurrent.RejectedExecutionException: Task java.util.concurrent.ExecutorCompletionService$QueueingFuture@29d39657 rejected from java.util.concurrent.ThreadPoolExecutor@c09281e[Shutting down, pool size = 2, active threads = 2, queued tasks = 0, completed tasks = 9]))
Sending msg to client play-fork-run-d02e38af-b9ac-4030-9330-40b2218f3477: DetachedLogEvent(LogMessage(error,Use 'last' for the full log.))
Sending msg to client play-fork-run-d02e38af-b9ac-4030-9330-40b2218f3477: DetachedLogEvent(LogMessage(debug,> server-post-command-error-handler))
Sending msg to client play-fork-run-d02e38af-b9ac-4030-9330-40b2218f3477: ExecutionFailure(64)
Sending msg to client play-fork-run-d02e38af-b9ac-4030-9330-40b2218f3477: DetachedLogEvent(LogMessage(debug,> server-post-command-cleanup))
Sending msg to client play-fork-run-d02e38af-b9ac-4030-9330-40b2218f3477: DetachedLogEvent(LogMessage(debug,> server-handle-next-server-request))
Sending msg to client play-fork-run-d02e38af-b9ac-4030-9330-40b2218f3477: ExecutionStarting(65)
Sending msg to client play-fork-run-d02e38af-b9ac-4030-9330-40b2218f3477: DetachedLogEvent(LogMessage(debug,> jobStop 9))
Sending msg to client play-fork-run-d02e38af-b9ac-4030-9330-40b2218f3477: DetachedLogEvent(LogMessage(debug,Evaluating tasks: *:jobStop))
Sending msg to client play-fork-run-d02e38af-b9ac-4030-9330-40b2218f3477: DetachedLogEvent(LogMessage(debug,Running task... Cancel: sbt.server.ServerTaskCancellation@58cdb329, check cycles: false))
Sending msg to client play-fork-run-d02e38af-b9ac-4030-9330-40b2218f3477: DetachedLogEvent(LogMessage(debug,cancel strategy start enabled=true lastCommand=Some(LastCommand(CommandExecutionWork(ExecutionId(65),jobStop 9,Set(LiveClient(activator 32e7a55e-b064-4501-9864-caafb9aa7448)),sbt.server.WorkCancellationStatus$$anon$1@51803289)))))
Sending msg to client play-fork-run-d02e38af-b9ac-4030-9330-40b2218f3477: TaskStarted(65,4418,Some(AttributeKey[void]("jobStop") in Scope(Global)))
Sending msg to client play-fork-run-d02e38af-b9ac-4030-9330-40b2218f3477: BackgroundJobFinished(57,9)
Sending msg to client play-fork-run-d02e38af-b9ac-4030-9330-40b2218f3477: DetachedLogEvent(LogStdErr(Exception in thread "sbt-bg-threads-9" java.lang.Error: java.lang.InterruptedException: sleep interrupted))
Sending msg to client play-fork-run-d02e38af-b9ac-4030-9330-40b2218f3477: DetachedLogEvent(LogStdErr(	at java.util.concurrent.ThreadPoolExecutor.runWorker(ThreadPoolExecutor.java:1148)))
Sending msg to client play-fork-run-d02e38af-b9ac-4030-9330-40b2218f3477: DetachedLogEvent(LogStdErr(	at java.util.concurrent.ThreadPoolExecutor$Worker.run(ThreadPoolExecutor.java:617)))
Sending msg to client play-fork-run-d02e38af-b9ac-4030-9330-40b2218f3477: DetachedLogEvent(LogStdErr(	at java.lang.Thread.run(Thread.java:745)))
Sending msg to client play-fork-run-d02e38af-b9ac-4030-9330-40b2218f3477: DetachedLogEvent(LogStdErr(Caused by: java.lang.InterruptedException: sleep interrupted))
Sending msg to client play-fork-run-d02e38af-b9ac-4030-9330-40b2218f3477: DetachedLogEvent(LogStdErr(	at java.lang.Thread.sleep(Native Method)))
Sending msg to client play-fork-run-d02e38af-b9ac-4030-9330-40b2218f3477: DetachedLogEvent(LogStdErr(	at play.sbt.forkrun.PlayForkProcess$.timedWaitFor(PlayForkProcess.scala:80)))
Sending msg to client play-fork-run-d02e38af-b9ac-4030-9330-40b2218f3477: DetachedLogEvent(LogStdErr(	at play.sbt.forkrun.PlayForkProcess$.play$sbt$forkrun$PlayForkProcess$$stop$1(PlayForkProcess.scala:54)))
Sending msg to client play-fork-run-d02e38af-b9ac-4030-9330-40b2218f3477: DetachedLogEvent(LogStdErr(	at play.sbt.forkrun.PlayForkProcess$.run(PlayForkProcess.scala:70)))
Sending msg to client play-fork-run-d02e38af-b9ac-4030-9330-40b2218f3477: DetachedLogEvent(LogStdErr(	at play.sbt.forkrun.PlayForkProcess$.apply(PlayForkProcess.scala:35)))
Sending msg to client play-fork-run-d02e38af-b9ac-4030-9330-40b2218f3477: DetachedLogEvent(LogStdErr(	at play.sbt.forkrun.PlayForkRun$$anonfun$backgroundForkRunTask$1$$anonfun$apply$7$$anonfun$apply$8$$anonfun$apply$9.apply(PlayForkRun.scala:108)))
Sending msg to client play-fork-run-d02e38af-b9ac-4030-9330-40b2218f3477: DetachedLogEvent(LogStdErr(	at play.sbt.forkrun.PlayForkRun$$anonfun$backgroundForkRunTask$1$$anonfun$apply$7$$anonfun$apply$8$$anonfun$apply$9.apply(PlayForkRun.scala:107)))
Sending msg to client play-fork-run-d02e38af-b9ac-4030-9330-40b2218f3477: DetachedLogEvent(LogStdErr(	at sbt.BackgroundThreadPool$$anonfun$1.apply$mcV$sp(AbstractBackgroundJobService.scala:134)))
Sending msg to client play-fork-run-d02e38af-b9ac-4030-9330-40b2218f3477: DetachedLogEvent(LogStdErr(	at sbt.BackgroundThreadPool$BackgroundRunnable.run(AbstractBackgroundJobService.scala:68)))
Sending msg to client play-fork-run-d02e38af-b9ac-4030-9330-40b2218f3477: DetachedLogEvent(LogStdErr(	at java.util.concurrent.ThreadPoolExecutor.runWorker(ThreadPoolExecutor.java:1142)))
Sending msg to client play-fork-run-d02e38af-b9ac-4030-9330-40b2218f3477: DetachedLogEvent(LogStdErr(	... 2 more))
Sending msg to client play-fork-run-d02e38af-b9ac-4030-9330-40b2218f3477: TaskFinished(65,4418,Some(AttributeKey[void]("jobStop") in Scope(Global)),true,None)
Sending msg to client play-fork-run-d02e38af-b9ac-4030-9330-40b2218f3477: TaskStarted(65,4417,None)
Sending msg to client play-fork-run-d02e38af-b9ac-4030-9330-40b2218f3477: TaskFinished(65,4417,None,true,None)
Sending msg to client play-fork-run-d02e38af-b9ac-4030-9330-40b2218f3477: TaskStarted(65,4416,None)
Sending msg to client play-fork-run-d02e38af-b9ac-4030-9330-40b2218f3477: TaskFinished(65,4416,None,true,None)
Sending msg to client play-fork-run-d02e38af-b9ac-4030-9330-40b2218f3477: DetachedLogEvent(LogMessage(debug,cancel strategy finish enabled=false lastCommand=Some(LastCommand(CommandExecutionWork(ExecutionId(65),jobStop 9,Set(LiveClient(activator 32e7a55e-b064-4501-9864-caafb9aa7448)),sbt.server.WorkCancellationStatus$$anon$1@51803289)))))
Sending msg to client play-fork-run-d02e38af-b9ac-4030-9330-40b2218f3477: DetachedLogEvent(LogSuccess(Total time: 0 s, completed 23-Jan-2017 5:33:30 PM))
Sending msg to client play-fork-run-d02e38af-b9ac-4030-9330-40b2218f3477: DetachedLogEvent(LogMessage(debug,> server-post-command-cleanup))
Sending msg to client play-fork-run-d02e38af-b9ac-4030-9330-40b2218f3477: ExecutionSuccess(65)
Sending msg to client play-fork-run-d02e38af-b9ac-4030-9330-40b2218f3477: DetachedLogEvent(LogMessage(debug,> server-handle-next-server-request))
Sending msg to client play-fork-run-d02e38af-b9ac-4030-9330-40b2218f3477: ExecutionStarting(66)
Sending msg to client play-fork-run-d02e38af-b9ac-4030-9330-40b2218f3477: DetachedLogEvent(LogMessage(debug,> jobStop 10))
Sending msg to client play-fork-run-d02e38af-b9ac-4030-9330-40b2218f3477: DetachedLogEvent(LogMessage(debug,Evaluating tasks: *:jobStop))
Sending msg to client play-fork-run-d02e38af-b9ac-4030-9330-40b2218f3477: DetachedLogEvent(LogMessage(debug,Running task... Cancel: sbt.server.ServerTaskCancellation@377bcd97, check cycles: false))
Sending msg to client play-fork-run-d02e38af-b9ac-4030-9330-40b2218f3477: DetachedLogEvent(LogMessage(debug,cancel strategy start enabled=true lastCommand=Some(LastCommand(CommandExecutionWork(ExecutionId(66),jobStop 10,Set(LiveClient(activator 32e7a55e-b064-4501-9864-caafb9aa7448)),sbt.server.WorkCancellationStatus$$anon$1@72c4d34c)))))
Sending msg to client play-fork-run-d02e38af-b9ac-4030-9330-40b2218f3477: TaskStarted(66,4421,Some(AttributeKey[void]("jobStop") in Scope(Global)))
Sending msg to client play-fork-run-d02e38af-b9ac-4030-9330-40b2218f3477: TaskFinished(66,4421,Some(AttributeKey[void]("jobStop") in Scope(Global)),true,None)
Got request: UnlistenToEvents()
Reading next message from client.
Sending msg to client play-fork-run-d02e38af-b9ac-4030-9330-40b2218f3477: (8,ReceivedResponse())
Got request: UnlistenToValue(AttributeKey[play.forkrun.protocol.ForkConfig]("playForkConfig") in Scope(Build: file:/Users/ryanmccormack/Documents/thunderdome/, , Project: ProjectReference(file:/Users/ryanmccormack/Documents/thunderdome/,root)))
Reading next message from client.
Client play-fork-run-d02e38af-b9ac-4030-9330-40b2218f3477 EOF, shutting down.
Stopping client.
Client play-fork-run-d02e38af-b9ac-4030-9330-40b2218f3477 thread exiting.
Dropping message (9,ReceivedResponse()) to dead client play-fork-run-d02e38af-b9ac-4030-9330-40b2218f3477
Dropping message (0,ReceivedResponse()) to dead client play-fork-run-d02e38af-b9ac-4030-9330-40b2218f3477
