New log file opened at Sun Jan 22 22:13:37 EST 2017 by 96819@Ryans-MBP
Sending msg to client play-fork-run-7feb510b-1d01-4d19-bb9f-0152ea9f7156: DetachedLogEvent(LogMessage(debug,sbt server socket logs are in: /Users/ryanmccormack/Documents/thunderdome/.sbtserver/connections/master.log))
Sending msg to client play-fork-run-7feb510b-1d01-4d19-bb9f-0152ea9f7156: DetachedLogEvent(LogMessage(debug,sbt client logs are in: /Users/ryanmccormack/Documents/thunderdome/.sbtserver/connections/play-fork-run-7feb510b-1d01-4d19-bb9f-0152ea9f7156.log))
Sending msg to client play-fork-run-7feb510b-1d01-4d19-bb9f-0152ea9f7156: DetachedLogEvent(LogMessage(debug,sbt general server logs are in: /Users/ryanmccormack/Documents/thunderdome/.sbtserver/master.log))
Reading next message from client.
Got request: DaemonRequest(true)
Reading next message from client.
Sending msg to client play-fork-run-7feb510b-1d01-4d19-bb9f-0152ea9f7156: (3,ReceivedResponse())
Got request: ListenToEvents()
Reading next message from client.
Sending msg to client play-fork-run-7feb510b-1d01-4d19-bb9f-0152ea9f7156: BackgroundJobStarted(416,BackgroundJobInfo(58,backgroundRun,AttributeKey[sbt.BackgroundJobHandle]("backgroundRun") in Scope(Build: file:/Users/ryanmccormack/Documents/thunderdome/, , Project: ProjectReference(file:/Users/ryanmccormack/Documents/thunderdome/,root), Config: compile)))
Sending msg to client play-fork-run-7feb510b-1d01-4d19-bb9f-0152ea9f7156: BackgroundJobStarted(410,BackgroundJobInfo(57,backgroundRun,AttributeKey[sbt.BackgroundJobHandle]("backgroundRun") in Scope(Build: file:/Users/ryanmccormack/Documents/thunderdome/, , Project: ProjectReference(file:/Users/ryanmccormack/Documents/thunderdome/,root), Config: compile)))
Sending msg to client play-fork-run-7feb510b-1d01-4d19-bb9f-0152ea9f7156: (4,ReceivedResponse())
Got request: KeyLookupRequest(root/playForkConfig)
Reading next message from client.
Sending msg to client play-fork-run-7feb510b-1d01-4d19-bb9f-0152ea9f7156: (5,KeyLookupResponse(root/playForkConfig,Vector(AttributeKey[play.forkrun.protocol.ForkConfig]("playForkConfig") in Scope(Build: file:/Users/ryanmccormack/Documents/thunderdome/, , Project: ProjectReference(file:/Users/ryanmccormack/Documents/thunderdome/,root)))))
Got request: ListenToValue(AttributeKey[play.forkrun.protocol.ForkConfig]("playForkConfig") in Scope(Build: file:/Users/ryanmccormack/Documents/thunderdome/, , Project: ProjectReference(file:/Users/ryanmccormack/Documents/thunderdome/,root)))
Reading next message from client.
Sending msg to client play-fork-run-7feb510b-1d01-4d19-bb9f-0152ea9f7156: (6,ReceivedResponse())
Got request: KeyExecutionRequest(AttributeKey[play.forkrun.protocol.ForkConfig]("playForkConfig") in Scope(Build: file:/Users/ryanmccormack/Documents/thunderdome/, , Project: ProjectReference(file:/Users/ryanmccormack/Documents/thunderdome/,root)))
Reading next message from client.
Sending msg to client play-fork-run-7feb510b-1d01-4d19-bb9f-0152ea9f7156: (7,ExecutionRequestReceived(417))
Sending msg to client play-fork-run-7feb510b-1d01-4d19-bb9f-0152ea9f7156: ExecutionWaiting(417,{file:/Users/ryanmccormack/Documents/thunderdome/}root/*:playForkConfig,ClientInfo(7feb510b-1d01-4d19-bb9f-0152ea9f7156,play-fork-run,Play Fork Run,1,Vector()))
Sending msg to client play-fork-run-7feb510b-1d01-4d19-bb9f-0152ea9f7156: ExecutionStarting(417)
Sending msg to client play-fork-run-7feb510b-1d01-4d19-bb9f-0152ea9f7156: DetachedLogEvent(LogMessage(debug,> {file:/Users/ryanmccormack/Documents/thunderdome/}root/*:playForkConfig))
Sending msg to client play-fork-run-7feb510b-1d01-4d19-bb9f-0152ea9f7156: DetachedLogEvent(LogMessage(debug,Evaluating tasks: *:playForkConfig))
Sending msg to client play-fork-run-7feb510b-1d01-4d19-bb9f-0152ea9f7156: DetachedLogEvent(LogMessage(debug,Running task... Cancel: sbt.server.ServerTaskCancellation@2fb95e86, check cycles: false))
Sending msg to client play-fork-run-7feb510b-1d01-4d19-bb9f-0152ea9f7156: DetachedLogEvent(LogMessage(debug,cancel strategy start enabled=true lastCommand=Some(LastCommand(CommandExecutionWork(ExecutionId(417),{file:/Users/ryanmccormack/Documents/thunderdome/}root/*:playForkConfig,Set(LiveClient(play-fork-run 7feb510b-1d01-4d19-bb9f-0152ea9f7156)),sbt.server.WorkCancellationStatus$$anon$1@10997d7f)))))
Sending msg to client play-fork-run-7feb510b-1d01-4d19-bb9f-0152ea9f7156: TaskStarted(417,35477,Some(AttributeKey[scala.Option[java.lang.String]]("mainClass") in Scope(Build: file:/Users/ryanmccormack/Documents/thunderdome/, , Project: ProjectReference(file:/Users/ryanmccormack/Documents/thunderdome/,root), Config: compile, Task: AttributeKey[void]("run"))))
Sending msg to client play-fork-run-7feb510b-1d01-4d19-bb9f-0152ea9f7156: TaskStarted(417,35484,None)
Sending msg to client play-fork-run-7feb510b-1d01-4d19-bb9f-0152ea9f7156: TaskStarted(417,35486,None)
Sending msg to client play-fork-run-7feb510b-1d01-4d19-bb9f-0152ea9f7156: TaskStarted(417,35488,None)
Sending msg to client play-fork-run-7feb510b-1d01-4d19-bb9f-0152ea9f7156: TaskStarted(417,35489,Some(AttributeKey[java.lang.String]("updateCacheName") in Scope(Build: file:/Users/ryanmccormack/Documents/thunderdome/, , Project: ProjectReference(file:/Users/ryanmccormack/Documents/thunderdome/,root))))
Sending msg to client play-fork-run-7feb510b-1d01-4d19-bb9f-0152ea9f7156: TaskStarted(417,35490,Some(AttributeKey[boolean]("skip") in Scope(Global)))
Sending msg to client play-fork-run-7feb510b-1d01-4d19-bb9f-0152ea9f7156: TaskStarted(417,35492,None)
Sending msg to client play-fork-run-7feb510b-1d01-4d19-bb9f-0152ea9f7156: TaskStarted(417,35493,None)
Sending msg to client play-fork-run-7feb510b-1d01-4d19-bb9f-0152ea9f7156: TaskStarted(417,35506,Some(AttributeKey[scala.collection.Seq[sbt.Resolver]]("externalResolvers") in Scope(Build: file:/Users/ryanmccormack/Documents/thunderdome/, , Project: ProjectReference(file:/Users/ryanmccormack/Documents/thunderdome/,root))))
Sending msg to client play-fork-run-7feb510b-1d01-4d19-bb9f-0152ea9f7156: TaskStarted(417,35507,Some(AttributeKey[scala.Option[scala.collection.Seq[sbt.Resolver]]]("bootResolvers") in Scope(Build: file:/Users/ryanmccormack/Documents/thunderdome/, , Project: ProjectReference(file:/Users/ryanmccormack/Documents/thunderdome/,root))))
Sending msg to client play-fork-run-7feb510b-1d01-4d19-bb9f-0152ea9f7156: TaskStarted(417,35509,Some(AttributeKey[scala.collection.Seq[sbt.Credentials]]("credentials") in Scope(Global)))
Sending msg to client play-fork-run-7feb510b-1d01-4d19-bb9f-0152ea9f7156: TaskStarted(417,35515,None)
Sending msg to client play-fork-run-7feb510b-1d01-4d19-bb9f-0152ea9f7156: TaskStarted(417,35519,None)
Sending msg to client play-fork-run-7feb510b-1d01-4d19-bb9f-0152ea9f7156: TaskStarted(417,35528,Some(AttributeKey[scala.Tuple2[java.lang.String,java.io.File]]("playPrefixAndAssets") in Scope(Build: file:/Users/ryanmccormack/Documents/thunderdome/, , Project: ProjectReference(file:/Users/ryanmccormack/Documents/thunderdome/,root))))
Sending msg to client play-fork-run-7feb510b-1d01-4d19-bb9f-0152ea9f7156: TaskStarted(417,35530,None)
Sending msg to client play-fork-run-7feb510b-1d01-4d19-bb9f-0152ea9f7156: TaskStarted(417,35531,Some(AttributeKey[scala.collection.Seq[java.lang.String]]("javaOptions") in Scope(Global)))
Sending msg to client play-fork-run-7feb510b-1d01-4d19-bb9f-0152ea9f7156: TaskFinished(417,35477,Some(AttributeKey[scala.Option[java.lang.String]]("mainClass") in Scope(Build: file:/Users/ryanmccormack/Documents/thunderdome/, , Project: ProjectReference(file:/Users/ryanmccormack/Documents/thunderdome/,root), Config: compile, Task: AttributeKey[void]("run"))),true,None)
Sending msg to client play-fork-run-7feb510b-1d01-4d19-bb9f-0152ea9f7156: TaskFinished(417,35484,None,true,None)
Sending msg to client play-fork-run-7feb510b-1d01-4d19-bb9f-0152ea9f7156: TaskStarted(417,35483,None)
Sending msg to client play-fork-run-7feb510b-1d01-4d19-bb9f-0152ea9f7156: TaskStarted(417,35505,None)
Sending msg to client play-fork-run-7feb510b-1d01-4d19-bb9f-0152ea9f7156: TaskStarted(417,35508,None)
Sending msg to client play-fork-run-7feb510b-1d01-4d19-bb9f-0152ea9f7156: TaskStarted(417,35510,None)
Sending msg to client play-fork-run-7feb510b-1d01-4d19-bb9f-0152ea9f7156: TaskStarted(417,35513,None)
Sending msg to client play-fork-run-7feb510b-1d01-4d19-bb9f-0152ea9f7156: TaskStarted(417,35520,None)
Sending msg to client play-fork-run-7feb510b-1d01-4d19-bb9f-0152ea9f7156: TaskStarted(417,35523,None)
Sending msg to client play-fork-run-7feb510b-1d01-4d19-bb9f-0152ea9f7156: TaskStarted(417,35524,None)
Sending msg to client play-fork-run-7feb510b-1d01-4d19-bb9f-0152ea9f7156: TaskFinished(417,35486,None,true,None)
Sending msg to client play-fork-run-7feb510b-1d01-4d19-bb9f-0152ea9f7156: TaskFinished(417,35488,None,true,None)
Sending msg to client play-fork-run-7feb510b-1d01-4d19-bb9f-0152ea9f7156: TaskStarted(417,35487,Some(AttributeKey[java.io.File]("dependencyCacheDirectory") in Scope(Build: file:/Users/ryanmccormack/Documents/thunderdome/, , Project: ProjectReference(file:/Users/ryanmccormack/Documents/thunderdome/,root))))
Sending msg to client play-fork-run-7feb510b-1d01-4d19-bb9f-0152ea9f7156: TaskStarted(417,35499,Some(AttributeKey[sbt.BuildStructure]("buildStructure") in Scope(Global)))
Sending msg to client play-fork-run-7feb510b-1d01-4d19-bb9f-0152ea9f7156: TaskFinished(417,35489,Some(AttributeKey[java.lang.String]("updateCacheName") in Scope(Build: file:/Users/ryanmccormack/Documents/thunderdome/, , Project: ProjectReference(file:/Users/ryanmccormack/Documents/thunderdome/,root))),true,None)
Sending msg to client play-fork-run-7feb510b-1d01-4d19-bb9f-0152ea9f7156: TaskFinished(417,35490,Some(AttributeKey[boolean]("skip") in Scope(Global)),true,None)
Sending msg to client play-fork-run-7feb510b-1d01-4d19-bb9f-0152ea9f7156: TaskFinished(417,35492,None,true,None)
Sending msg to client play-fork-run-7feb510b-1d01-4d19-bb9f-0152ea9f7156: TaskFinished(417,35493,None,true,None)
Sending msg to client play-fork-run-7feb510b-1d01-4d19-bb9f-0152ea9f7156: TaskStarted(417,35491,Some(AttributeKey[scala.collection.Seq[sbt.UpdateReport]]("transitiveUpdate") in Scope(Build: file:/Users/ryanmccormack/Documents/thunderdome/, , Project: ProjectReference(file:/Users/ryanmccormack/Documents/thunderdome/,root))))
Sending msg to client play-fork-run-7feb510b-1d01-4d19-bb9f-0152ea9f7156: TaskFinished(417,35506,Some(AttributeKey[scala.collection.Seq[sbt.Resolver]]("externalResolvers") in Scope(Build: file:/Users/ryanmccormack/Documents/thunderdome/, , Project: ProjectReference(file:/Users/ryanmccormack/Documents/thunderdome/,root))),true,None)
Sending msg to client play-fork-run-7feb510b-1d01-4d19-bb9f-0152ea9f7156: TaskFinished(417,35507,Some(AttributeKey[scala.Option[scala.collection.Seq[sbt.Resolver]]]("bootResolvers") in Scope(Build: file:/Users/ryanmccormack/Documents/thunderdome/, , Project: ProjectReference(file:/Users/ryanmccormack/Documents/thunderdome/,root))),true,None)
Sending msg to client play-fork-run-7feb510b-1d01-4d19-bb9f-0152ea9f7156: TaskFinished(417,35509,Some(AttributeKey[scala.collection.Seq[sbt.Credentials]]("credentials") in Scope(Global)),true,None)
Sending msg to client play-fork-run-7feb510b-1d01-4d19-bb9f-0152ea9f7156: TaskFinished(417,35515,None,true,None)
Sending msg to client play-fork-run-7feb510b-1d01-4d19-bb9f-0152ea9f7156: TaskFinished(417,35519,None,true,None)
Sending msg to client play-fork-run-7feb510b-1d01-4d19-bb9f-0152ea9f7156: TaskFinished(417,35528,Some(AttributeKey[scala.Tuple2[java.lang.String,java.io.File]]("playPrefixAndAssets") in Scope(Build: file:/Users/ryanmccormack/Documents/thunderdome/, , Project: ProjectReference(file:/Users/ryanmccormack/Documents/thunderdome/,root))),true,None)
Sending msg to client play-fork-run-7feb510b-1d01-4d19-bb9f-0152ea9f7156: TaskStarted(417,35527,Some(AttributeKey[scala.collection.Seq[scala.Tuple2[java.lang.String,java.io.File]]]("playAllAssets") in Scope(Build: file:/Users/ryanmccormack/Documents/thunderdome/, , Project: ProjectReference(file:/Users/ryanmccormack/Documents/thunderdome/,root))))
Sending msg to client play-fork-run-7feb510b-1d01-4d19-bb9f-0152ea9f7156: TaskFinished(417,35530,None,true,None)
Sending msg to client play-fork-run-7feb510b-1d01-4d19-bb9f-0152ea9f7156: TaskFinished(417,35531,Some(AttributeKey[scala.collection.Seq[java.lang.String]]("javaOptions") in Scope(Global)),true,None)
Sending msg to client play-fork-run-7feb510b-1d01-4d19-bb9f-0152ea9f7156: TaskFinished(417,35483,None,true,None)
Sending msg to client play-fork-run-7feb510b-1d01-4d19-bb9f-0152ea9f7156: TaskFinished(417,35505,None,true,None)
Sending msg to client play-fork-run-7feb510b-1d01-4d19-bb9f-0152ea9f7156: TaskFinished(417,35508,None,true,None)
Sending msg to client play-fork-run-7feb510b-1d01-4d19-bb9f-0152ea9f7156: TaskFinished(417,35510,None,true,None)
Sending msg to client play-fork-run-7feb510b-1d01-4d19-bb9f-0152ea9f7156: TaskFinished(417,35513,None,true,None)
Sending msg to client play-fork-run-7feb510b-1d01-4d19-bb9f-0152ea9f7156: TaskStarted(417,35512,Some(AttributeKey[scala.collection.immutable.Map[sbt.ModuleID,sbt.SourcePosition]]("dependencyPositions") in Scope(Build: file:/Users/ryanmccormack/Documents/thunderdome/, , Project: ProjectReference(file:/Users/ryanmccormack/Documents/thunderdome/,root))))
Sending msg to client play-fork-run-7feb510b-1d01-4d19-bb9f-0152ea9f7156: TaskFinished(417,35520,None,true,None)
Sending msg to client play-fork-run-7feb510b-1d01-4d19-bb9f-0152ea9f7156: TaskFinished(417,35523,None,true,None)
Sending msg to client play-fork-run-7feb510b-1d01-4d19-bb9f-0152ea9f7156: TaskFinished(417,35524,None,true,None)
Sending msg to client play-fork-run-7feb510b-1d01-4d19-bb9f-0152ea9f7156: TaskFinished(417,35487,Some(AttributeKey[java.io.File]("dependencyCacheDirectory") in Scope(Build: file:/Users/ryanmccormack/Documents/thunderdome/, , Project: ProjectReference(file:/Users/ryanmccormack/Documents/thunderdome/,root))),true,None)
Sending msg to client play-fork-run-7feb510b-1d01-4d19-bb9f-0152ea9f7156: TaskFinished(417,35499,Some(AttributeKey[sbt.BuildStructure]("buildStructure") in Scope(Global)),true,None)
Sending msg to client play-fork-run-7feb510b-1d01-4d19-bb9f-0152ea9f7156: TaskStarted(417,35498,Some(AttributeKey[sbt.Settings[sbt.Scope]]("settingsData") in Scope(Global)))
Sending msg to client play-fork-run-7feb510b-1d01-4d19-bb9f-0152ea9f7156: TaskFinished(417,35491,Some(AttributeKey[scala.collection.Seq[sbt.UpdateReport]]("transitiveUpdate") in Scope(Build: file:/Users/ryanmccormack/Documents/thunderdome/, , Project: ProjectReference(file:/Users/ryanmccormack/Documents/thunderdome/,root))),true,None)
Sending msg to client play-fork-run-7feb510b-1d01-4d19-bb9f-0152ea9f7156: TaskFinished(417,35527,Some(AttributeKey[scala.collection.Seq[scala.Tuple2[java.lang.String,java.io.File]]]("playAllAssets") in Scope(Build: file:/Users/ryanmccormack/Documents/thunderdome/, , Project: ProjectReference(file:/Users/ryanmccormack/Documents/thunderdome/,root))),true,None)
Sending msg to client play-fork-run-7feb510b-1d01-4d19-bb9f-0152ea9f7156: TaskFinished(417,35512,Some(AttributeKey[scala.collection.immutable.Map[sbt.ModuleID,sbt.SourcePosition]]("dependencyPositions") in Scope(Build: file:/Users/ryanmccormack/Documents/thunderdome/, , Project: ProjectReference(file:/Users/ryanmccormack/Documents/thunderdome/,root))),true,None)
Sending msg to client play-fork-run-7feb510b-1d01-4d19-bb9f-0152ea9f7156: TaskStarted(417,35511,Some(AttributeKey[sbt.UnresolvedWarningConfiguration]("unresolvedWarningConfiguration") in Scope(Build: file:/Users/ryanmccormack/Documents/thunderdome/, , Project: ProjectReference(file:/Users/ryanmccormack/Documents/thunderdome/,root), Task: AttributeKey[sbt.UpdateReport]("update"))))
Sending msg to client play-fork-run-7feb510b-1d01-4d19-bb9f-0152ea9f7156: TaskFinished(417,35498,Some(AttributeKey[sbt.Settings[sbt.Scope]]("settingsData") in Scope(Global)),true,None)
Sending msg to client play-fork-run-7feb510b-1d01-4d19-bb9f-0152ea9f7156: TaskStarted(417,35497,Some(AttributeKey[scala.collection.Seq[sbt.ModuleID]]("projectDependencies") in Scope(Build: file:/Users/ryanmccormack/Documents/thunderdome/, , Project: ProjectReference(file:/Users/ryanmccormack/Documents/thunderdome/,root))))
Sending msg to client play-fork-run-7feb510b-1d01-4d19-bb9f-0152ea9f7156: TaskStarted(417,35504,Some(AttributeKey[scala.collection.immutable.Map[org.apache.ivy.core.module.id.ModuleRevisionId,org.apache.ivy.core.module.descriptor.ModuleDescriptor]]("projectDescriptors") in Scope(Build: file:/Users/ryanmccormack/Documents/thunderdome/, , Project: ProjectReference(file:/Users/ryanmccormack/Documents/thunderdome/,root))))
Sending msg to client play-fork-run-7feb510b-1d01-4d19-bb9f-0152ea9f7156: TaskStarted(417,35514,None)
Sending msg to client play-fork-run-7feb510b-1d01-4d19-bb9f-0152ea9f7156: TaskStarted(417,35522,None)
Sending msg to client play-fork-run-7feb510b-1d01-4d19-bb9f-0152ea9f7156: TaskStarted(417,35529,Some(AttributeKey[scala.collection.Seq[java.io.File]]("playMonitoredFiles") in Scope(Build: file:/Users/ryanmccormack/Documents/thunderdome/, , Project: ProjectReference(file:/Users/ryanmccormack/Documents/thunderdome/,root))))
Sending msg to client play-fork-run-7feb510b-1d01-4d19-bb9f-0152ea9f7156: TaskFinished(417,35511,Some(AttributeKey[sbt.UnresolvedWarningConfiguration]("unresolvedWarningConfiguration") in Scope(Build: file:/Users/ryanmccormack/Documents/thunderdome/, , Project: ProjectReference(file:/Users/ryanmccormack/Documents/thunderdome/,root), Task: AttributeKey[sbt.UpdateReport]("update"))),true,None)
Sending msg to client play-fork-run-7feb510b-1d01-4d19-bb9f-0152ea9f7156: TaskFinished(417,35497,Some(AttributeKey[scala.collection.Seq[sbt.ModuleID]]("projectDependencies") in Scope(Build: file:/Users/ryanmccormack/Documents/thunderdome/, , Project: ProjectReference(file:/Users/ryanmccormack/Documents/thunderdome/,root))),true,None)
Sending msg to client play-fork-run-7feb510b-1d01-4d19-bb9f-0152ea9f7156: TaskStarted(417,35496,Some(AttributeKey[scala.collection.Seq[sbt.ModuleID]]("allDependencies") in Scope(Build: file:/Users/ryanmccormack/Documents/thunderdome/, , Project: ProjectReference(file:/Users/ryanmccormack/Documents/thunderdome/,root))))
Sending msg to client play-fork-run-7feb510b-1d01-4d19-bb9f-0152ea9f7156: TaskStarted(417,35535,None)
Sending msg to client play-fork-run-7feb510b-1d01-4d19-bb9f-0152ea9f7156: TaskStarted(417,35536,None)
Sending msg to client play-fork-run-7feb510b-1d01-4d19-bb9f-0152ea9f7156: TaskStarted(417,35539,None)
Sending msg to client play-fork-run-7feb510b-1d01-4d19-bb9f-0152ea9f7156: TaskStarted(417,35541,None)
Sending msg to client play-fork-run-7feb510b-1d01-4d19-bb9f-0152ea9f7156: TaskStarted(417,35542,None)
Sending msg to client play-fork-run-7feb510b-1d01-4d19-bb9f-0152ea9f7156: TaskStarted(417,35543,None)
Sending msg to client play-fork-run-7feb510b-1d01-4d19-bb9f-0152ea9f7156: TaskStarted(417,35545,None)
Sending msg to client play-fork-run-7feb510b-1d01-4d19-bb9f-0152ea9f7156: TaskFinished(417,35496,Some(AttributeKey[scala.collection.Seq[sbt.ModuleID]]("allDependencies") in Scope(Build: file:/Users/ryanmccormack/Documents/thunderdome/, , Project: ProjectReference(file:/Users/ryanmccormack/Documents/thunderdome/,root))),true,None)
Sending msg to client play-fork-run-7feb510b-1d01-4d19-bb9f-0152ea9f7156: TaskStarted(417,35495,Some(AttributeKey[sbt.ModuleSettings]("moduleSettings") in Scope(Build: file:/Users/ryanmccormack/Documents/thunderdome/, , Project: ProjectReference(file:/Users/ryanmccormack/Documents/thunderdome/,root))))
Sending msg to client play-fork-run-7feb510b-1d01-4d19-bb9f-0152ea9f7156: TaskStarted(417,35546,None)
Sending msg to client play-fork-run-7feb510b-1d01-4d19-bb9f-0152ea9f7156: TaskFinished(417,35535,None,true,None)
Sending msg to client play-fork-run-7feb510b-1d01-4d19-bb9f-0152ea9f7156: TaskFinished(417,35536,None,true,None)
Sending msg to client play-fork-run-7feb510b-1d01-4d19-bb9f-0152ea9f7156: TaskStarted(417,35534,Some(AttributeKey[scala.collection.Seq[sbt.Attributed[java.io.File]]]("unmanagedJars") in Scope(Build: file:/Users/ryanmccormack/Documents/thunderdome/, , Project: ProjectReference(file:/Users/ryanmccormack/Documents/thunderdome/,root), Config: runtime)))
Sending msg to client play-fork-run-7feb510b-1d01-4d19-bb9f-0152ea9f7156: TaskFinished(417,35539,None,true,None)
Sending msg to client play-fork-run-7feb510b-1d01-4d19-bb9f-0152ea9f7156: TaskStarted(417,35538,None)
Sending msg to client play-fork-run-7feb510b-1d01-4d19-bb9f-0152ea9f7156: TaskFinished(417,35541,None,true,None)
Sending msg to client play-fork-run-7feb510b-1d01-4d19-bb9f-0152ea9f7156: TaskFinished(417,35542,None,true,None)
Sending msg to client play-fork-run-7feb510b-1d01-4d19-bb9f-0152ea9f7156: TaskStarted(417,35540,Some(AttributeKey[scala.collection.Seq[sbt.Attributed[java.io.File]]]("unmanagedJars") in Scope(Build: file:/Users/ryanmccormack/Documents/thunderdome/, , Project: ProjectReference(file:/Users/ryanmccormack/Documents/thunderdome/,root), Config: compile)))
Sending msg to client play-fork-run-7feb510b-1d01-4d19-bb9f-0152ea9f7156: TaskFinished(417,35543,None,true,None)
Sending msg to client play-fork-run-7feb510b-1d01-4d19-bb9f-0152ea9f7156: TaskFinished(417,35514,None,true,None)
Sending msg to client play-fork-run-7feb510b-1d01-4d19-bb9f-0152ea9f7156: TaskFinished(417,35545,None,true,None)
Sending msg to client play-fork-run-7feb510b-1d01-4d19-bb9f-0152ea9f7156: TaskStarted(417,35544,None)
Sending msg to client play-fork-run-7feb510b-1d01-4d19-bb9f-0152ea9f7156: TaskFinished(417,35495,Some(AttributeKey[sbt.ModuleSettings]("moduleSettings") in Scope(Build: file:/Users/ryanmccormack/Documents/thunderdome/, , Project: ProjectReference(file:/Users/ryanmccormack/Documents/thunderdome/,root))),true,None)
Sending msg to client play-fork-run-7feb510b-1d01-4d19-bb9f-0152ea9f7156: TaskFinished(417,35546,None,true,None)
Sending msg to client play-fork-run-7feb510b-1d01-4d19-bb9f-0152ea9f7156: TaskFinished(417,35529,Some(AttributeKey[scala.collection.Seq[java.io.File]]("playMonitoredFiles") in Scope(Build: file:/Users/ryanmccormack/Documents/thunderdome/, , Project: ProjectReference(file:/Users/ryanmccormack/Documents/thunderdome/,root))),true,None)
Sending msg to client play-fork-run-7feb510b-1d01-4d19-bb9f-0152ea9f7156: TaskFinished(417,35534,Some(AttributeKey[scala.collection.Seq[sbt.Attributed[java.io.File]]]("unmanagedJars") in Scope(Build: file:/Users/ryanmccormack/Documents/thunderdome/, , Project: ProjectReference(file:/Users/ryanmccormack/Documents/thunderdome/,root), Config: runtime)),true,None)
Sending msg to client play-fork-run-7feb510b-1d01-4d19-bb9f-0152ea9f7156: TaskStarted(417,35547,None)
Sending msg to client play-fork-run-7feb510b-1d01-4d19-bb9f-0152ea9f7156: TaskFinished(417,35544,None,true,None)
Sending msg to client play-fork-run-7feb510b-1d01-4d19-bb9f-0152ea9f7156: TaskFinished(417,35504,Some(AttributeKey[scala.collection.immutable.Map[org.apache.ivy.core.module.id.ModuleRevisionId,org.apache.ivy.core.module.descriptor.ModuleDescriptor]]("projectDescriptors") in Scope(Build: file:/Users/ryanmccormack/Documents/thunderdome/, , Project: ProjectReference(file:/Users/ryanmccormack/Documents/thunderdome/,root))),true,None)
Sending msg to client play-fork-run-7feb510b-1d01-4d19-bb9f-0152ea9f7156: TaskStarted(417,35503,Some(AttributeKey[sbt.Resolver]("projectResolver") in Scope(Build: file:/Users/ryanmccormack/Documents/thunderdome/, , Project: ProjectReference(file:/Users/ryanmccormack/Documents/thunderdome/,root))))
Sending msg to client play-fork-run-7feb510b-1d01-4d19-bb9f-0152ea9f7156: TaskFinished(417,35547,None,true,None)
Sending msg to client play-fork-run-7feb510b-1d01-4d19-bb9f-0152ea9f7156: TaskFinished(417,35538,None,true,None)
Sending msg to client play-fork-run-7feb510b-1d01-4d19-bb9f-0152ea9f7156: TaskFinished(417,35540,Some(AttributeKey[scala.collection.Seq[sbt.Attributed[java.io.File]]]("unmanagedJars") in Scope(Build: file:/Users/ryanmccormack/Documents/thunderdome/, , Project: ProjectReference(file:/Users/ryanmccormack/Documents/thunderdome/,root), Config: compile)),true,None)
Sending msg to client play-fork-run-7feb510b-1d01-4d19-bb9f-0152ea9f7156: TaskStarted(417,35537,Some(AttributeKey[scala.collection.Seq[sbt.Attributed[java.io.File]]]("unmanagedJars") in Scope(Build: file:/Users/ryanmccormack/Documents/thunderdome/, , Project: ProjectReference(file:/Users/ryanmccormack/Documents/thunderdome/,root), Config: compile)))
Sending msg to client play-fork-run-7feb510b-1d01-4d19-bb9f-0152ea9f7156: TaskFinished(417,35503,Some(AttributeKey[sbt.Resolver]("projectResolver") in Scope(Build: file:/Users/ryanmccormack/Documents/thunderdome/, , Project: ProjectReference(file:/Users/ryanmccormack/Documents/thunderdome/,root))),true,None)
Sending msg to client play-fork-run-7feb510b-1d01-4d19-bb9f-0152ea9f7156: TaskStarted(417,35502,Some(AttributeKey[scala.collection.Seq[sbt.Resolver]]("fullResolvers") in Scope(Build: file:/Users/ryanmccormack/Documents/thunderdome/, , Project: ProjectReference(file:/Users/ryanmccormack/Documents/thunderdome/,root))))
Sending msg to client play-fork-run-7feb510b-1d01-4d19-bb9f-0152ea9f7156: TaskFinished(417,35537,Some(AttributeKey[scala.collection.Seq[sbt.Attributed[java.io.File]]]("unmanagedJars") in Scope(Build: file:/Users/ryanmccormack/Documents/thunderdome/, , Project: ProjectReference(file:/Users/ryanmccormack/Documents/thunderdome/,root), Config: compile)),true,None)
Sending msg to client play-fork-run-7feb510b-1d01-4d19-bb9f-0152ea9f7156: TaskStarted(417,35533,None)
Sending msg to client play-fork-run-7feb510b-1d01-4d19-bb9f-0152ea9f7156: TaskFinished(417,35502,Some(AttributeKey[scala.collection.Seq[sbt.Resolver]]("fullResolvers") in Scope(Build: file:/Users/ryanmccormack/Documents/thunderdome/, , Project: ProjectReference(file:/Users/ryanmccormack/Documents/thunderdome/,root))),true,None)
Sending msg to client play-fork-run-7feb510b-1d01-4d19-bb9f-0152ea9f7156: TaskStarted(417,35501,Some(AttributeKey[sbt.IvyConfiguration]("ivyConfiguration") in Scope(Build: file:/Users/ryanmccormack/Documents/thunderdome/, , Project: ProjectReference(file:/Users/ryanmccormack/Documents/thunderdome/,root))))
Sending msg to client play-fork-run-7feb510b-1d01-4d19-bb9f-0152ea9f7156: TaskFinished(417,35533,None,true,None)
Sending msg to client play-fork-run-7feb510b-1d01-4d19-bb9f-0152ea9f7156: TaskStarted(417,35532,None)
Sending msg to client play-fork-run-7feb510b-1d01-4d19-bb9f-0152ea9f7156: TaskFinished(417,35501,Some(AttributeKey[sbt.IvyConfiguration]("ivyConfiguration") in Scope(Build: file:/Users/ryanmccormack/Documents/thunderdome/, , Project: ProjectReference(file:/Users/ryanmccormack/Documents/thunderdome/,root))),true,None)
Sending msg to client play-fork-run-7feb510b-1d01-4d19-bb9f-0152ea9f7156: TaskStarted(417,35500,Some(AttributeKey[sbt.IvySbt]("ivySbt") in Scope(Build: file:/Users/ryanmccormack/Documents/thunderdome/, , Project: ProjectReference(file:/Users/ryanmccormack/Documents/thunderdome/,root))))
Sending msg to client play-fork-run-7feb510b-1d01-4d19-bb9f-0152ea9f7156: TaskFinished(417,35532,None,true,None)
Sending msg to client play-fork-run-7feb510b-1d01-4d19-bb9f-0152ea9f7156: TaskFinished(417,35522,None,true,None)
Sending msg to client play-fork-run-7feb510b-1d01-4d19-bb9f-0152ea9f7156: TaskStarted(417,35521,Some(AttributeKey[scala.collection.Seq[sbt.Attributed[java.io.File]]]("unmanagedClasspath") in Scope(Build: file:/Users/ryanmccormack/Documents/thunderdome/, , Project: ProjectReference(file:/Users/ryanmccormack/Documents/thunderdome/,root), Config: runtime)))
Sending msg to client play-fork-run-7feb510b-1d01-4d19-bb9f-0152ea9f7156: TaskFinished(417,35500,Some(AttributeKey[sbt.IvySbt]("ivySbt") in Scope(Build: file:/Users/ryanmccormack/Documents/thunderdome/, , Project: ProjectReference(file:/Users/ryanmccormack/Documents/thunderdome/,root))),true,None)
Sending msg to client play-fork-run-7feb510b-1d01-4d19-bb9f-0152ea9f7156: TaskStarted(417,35494,Some(AttributeKey[sbt.IvySbt$Module]("ivyModule") in Scope(Build: file:/Users/ryanmccormack/Documents/thunderdome/, , Project: ProjectReference(file:/Users/ryanmccormack/Documents/thunderdome/,root))))
Sending msg to client play-fork-run-7feb510b-1d01-4d19-bb9f-0152ea9f7156: TaskFinished(417,35521,Some(AttributeKey[scala.collection.Seq[sbt.Attributed[java.io.File]]]("unmanagedClasspath") in Scope(Build: file:/Users/ryanmccormack/Documents/thunderdome/, , Project: ProjectReference(file:/Users/ryanmccormack/Documents/thunderdome/,root), Config: runtime)),true,None)
Sending msg to client play-fork-run-7feb510b-1d01-4d19-bb9f-0152ea9f7156: TaskFinished(417,35494,Some(AttributeKey[sbt.IvySbt$Module]("ivyModule") in Scope(Build: file:/Users/ryanmccormack/Documents/thunderdome/, , Project: ProjectReference(file:/Users/ryanmccormack/Documents/thunderdome/,root))),true,None)
Sending msg to client play-fork-run-7feb510b-1d01-4d19-bb9f-0152ea9f7156: TaskStarted(417,35485,Some(AttributeKey[sbt.UpdateReport]("update") in Scope(Build: file:/Users/ryanmccormack/Documents/thunderdome/, , Project: ProjectReference(file:/Users/ryanmccormack/Documents/thunderdome/,root))))
Sending msg to client play-fork-run-7feb510b-1d01-4d19-bb9f-0152ea9f7156: TaskFinished(417,35485,Some(AttributeKey[sbt.UpdateReport]("update") in Scope(Build: file:/Users/ryanmccormack/Documents/thunderdome/, , Project: ProjectReference(file:/Users/ryanmccormack/Documents/thunderdome/,root))),true,None)
Sending msg to client play-fork-run-7feb510b-1d01-4d19-bb9f-0152ea9f7156: TaskStarted(417,35482,Some(AttributeKey[sbt.UpdateReport]("update") in Scope(Build: file:/Users/ryanmccormack/Documents/thunderdome/, , Project: ProjectReference(file:/Users/ryanmccormack/Documents/thunderdome/,root))))
Sending msg to client play-fork-run-7feb510b-1d01-4d19-bb9f-0152ea9f7156: TaskFinished(417,35482,Some(AttributeKey[sbt.UpdateReport]("update") in Scope(Build: file:/Users/ryanmccormack/Documents/thunderdome/, , Project: ProjectReference(file:/Users/ryanmccormack/Documents/thunderdome/,root))),true,None)
Sending msg to client play-fork-run-7feb510b-1d01-4d19-bb9f-0152ea9f7156: TaskStarted(417,35518,Some(AttributeKey[sbt.Configuration]("classpathConfiguration") in Scope(Build: file:/Users/ryanmccormack/Documents/thunderdome/, , Project: ProjectReference(file:/Users/ryanmccormack/Documents/thunderdome/,root), Config: compile)))
Sending msg to client play-fork-run-7feb510b-1d01-4d19-bb9f-0152ea9f7156: TaskStarted(417,35526,Some(AttributeKey[scala.collection.Seq[sbt.Attributed[java.io.File]]]("managedClasspath") in Scope(Build: file:/Users/ryanmccormack/Documents/thunderdome/, , Project: ProjectReference(file:/Users/ryanmccormack/Documents/thunderdome/,root), Config: docs)))
Sending msg to client play-fork-run-7feb510b-1d01-4d19-bb9f-0152ea9f7156: TaskFinished(417,35518,Some(AttributeKey[sbt.Configuration]("classpathConfiguration") in Scope(Build: file:/Users/ryanmccormack/Documents/thunderdome/, , Project: ProjectReference(file:/Users/ryanmccormack/Documents/thunderdome/,root), Config: compile)),true,None)
Sending msg to client play-fork-run-7feb510b-1d01-4d19-bb9f-0152ea9f7156: TaskStarted(417,35517,None)
Sending msg to client play-fork-run-7feb510b-1d01-4d19-bb9f-0152ea9f7156: TaskFinished(417,35517,None,true,None)
Sending msg to client play-fork-run-7feb510b-1d01-4d19-bb9f-0152ea9f7156: TaskStarted(417,35516,Some(AttributeKey[sbt.Configuration]("classpathConfiguration") in Scope(Build: file:/Users/ryanmccormack/Documents/thunderdome/, , Project: ProjectReference(file:/Users/ryanmccormack/Documents/thunderdome/,root), Config: runtime)))
Sending msg to client play-fork-run-7feb510b-1d01-4d19-bb9f-0152ea9f7156: TaskFinished(417,35526,Some(AttributeKey[scala.collection.Seq[sbt.Attributed[java.io.File]]]("managedClasspath") in Scope(Build: file:/Users/ryanmccormack/Documents/thunderdome/, , Project: ProjectReference(file:/Users/ryanmccormack/Documents/thunderdome/,root), Config: docs)),true,None)
Sending msg to client play-fork-run-7feb510b-1d01-4d19-bb9f-0152ea9f7156: TaskStarted(417,35525,Some(AttributeKey[scala.Option[java.io.File]]("playDocsJar") in Scope(Build: file:/Users/ryanmccormack/Documents/thunderdome/, , Project: ProjectReference(file:/Users/ryanmccormack/Documents/thunderdome/,root))))
Sending msg to client play-fork-run-7feb510b-1d01-4d19-bb9f-0152ea9f7156: TaskFinished(417,35525,Some(AttributeKey[scala.Option[java.io.File]]("playDocsJar") in Scope(Build: file:/Users/ryanmccormack/Documents/thunderdome/, , Project: ProjectReference(file:/Users/ryanmccormack/Documents/thunderdome/,root))),true,None)
Sending msg to client play-fork-run-7feb510b-1d01-4d19-bb9f-0152ea9f7156: TaskFinished(417,35516,Some(AttributeKey[sbt.Configuration]("classpathConfiguration") in Scope(Build: file:/Users/ryanmccormack/Documents/thunderdome/, , Project: ProjectReference(file:/Users/ryanmccormack/Documents/thunderdome/,root), Config: runtime)),true,None)
Sending msg to client play-fork-run-7feb510b-1d01-4d19-bb9f-0152ea9f7156: TaskStarted(417,35481,None)
Sending msg to client play-fork-run-7feb510b-1d01-4d19-bb9f-0152ea9f7156: TaskFinished(417,35481,None,true,None)
Sending msg to client play-fork-run-7feb510b-1d01-4d19-bb9f-0152ea9f7156: TaskStarted(417,35480,Some(AttributeKey[scala.collection.Seq[sbt.Attributed[java.io.File]]]("managedClasspath") in Scope(Build: file:/Users/ryanmccormack/Documents/thunderdome/, , Project: ProjectReference(file:/Users/ryanmccormack/Documents/thunderdome/,root), Config: runtime)))
Sending msg to client play-fork-run-7feb510b-1d01-4d19-bb9f-0152ea9f7156: TaskFinished(417,35480,Some(AttributeKey[scala.collection.Seq[sbt.Attributed[java.io.File]]]("managedClasspath") in Scope(Build: file:/Users/ryanmccormack/Documents/thunderdome/, , Project: ProjectReference(file:/Users/ryanmccormack/Documents/thunderdome/,root), Config: runtime)),true,None)
Sending msg to client play-fork-run-7feb510b-1d01-4d19-bb9f-0152ea9f7156: TaskStarted(417,35479,None)
Sending msg to client play-fork-run-7feb510b-1d01-4d19-bb9f-0152ea9f7156: TaskFinished(417,35479,None,true,None)
Sending msg to client play-fork-run-7feb510b-1d01-4d19-bb9f-0152ea9f7156: TaskStarted(417,35478,Some(AttributeKey[scala.collection.Seq[sbt.Attributed[java.io.File]]]("playDependencyClasspath") in Scope(Build: file:/Users/ryanmccormack/Documents/thunderdome/, , Project: ProjectReference(file:/Users/ryanmccormack/Documents/thunderdome/,root))))
Sending msg to client play-fork-run-7feb510b-1d01-4d19-bb9f-0152ea9f7156: TaskFinished(417,35478,Some(AttributeKey[scala.collection.Seq[sbt.Attributed[java.io.File]]]("playDependencyClasspath") in Scope(Build: file:/Users/ryanmccormack/Documents/thunderdome/, , Project: ProjectReference(file:/Users/ryanmccormack/Documents/thunderdome/,root))),true,None)
Sending msg to client play-fork-run-7feb510b-1d01-4d19-bb9f-0152ea9f7156: TaskStarted(417,35476,Some(AttributeKey[play.forkrun.protocol.ForkConfig]("playForkConfig") in Scope(Build: file:/Users/ryanmccormack/Documents/thunderdome/, , Project: ProjectReference(file:/Users/ryanmccormack/Documents/thunderdome/,root))))
Sending msg to client play-fork-run-7feb510b-1d01-4d19-bb9f-0152ea9f7156: TaskFinished(417,35476,Some(AttributeKey[play.forkrun.protocol.ForkConfig]("playForkConfig") in Scope(Build: file:/Users/ryanmccormack/Documents/thunderdome/, , Project: ProjectReference(file:/Users/ryanmccormack/Documents/thunderdome/,root))),true,None)
Sending msg to client play-fork-run-7feb510b-1d01-4d19-bb9f-0152ea9f7156: ValueChanged(AttributeKey[play.forkrun.protocol.ForkConfig]("playForkConfig") in Scope(Build: file:/Users/ryanmccormack/Documents/thunderdome/, , Project: ProjectReference(file:/Users/ryanmccormack/Documents/thunderdome/,root)),TaskSuccess(BuildValue(LazyValue(ForkConfig(/Users/ryanmccormack/Documents/thunderdome,List(),List(/Users/ryanmccormack/.ivy2/cache/org.scala-lang/scala-library/jars/scala-library-2.11.7.jar, /Users/ryanmccormack/Downloads/activator-dist-1.3.11/repository/com.typesafe.play/twirl-api_2.11/1.1.1/jars/twirl-api_2.11.jar, /Users/ryanmccormack/.ivy2/cache/org.apache.commons/commons-lang3/jars/commons-lang3-3.4.jar, /Users/ryanmccormack/.ivy2/cache/org.scala-lang.modules/scala-xml_2.11/bundles/scala-xml_2.11-1.0.1.jar, /Users/ryanmccormack/.ivy2/cache/com.typesafe.play/play-server_2.11/jars/play-server_2.11-2.4.2.jar, /Users/ryanmccormack/.ivy2/cache/com.typesafe.play/play_2.11/jars/play_2.11-2.4.2.jar, /Users/ryanmccormack/Downloads/activator-dist-1.3.11/repository/com.typesafe.play/build-link/2.4.2/jars/build-link.jar, /Users/ryanmccormack/Downloads/activator-dist-1.3.11/repository/com.typesafe.play/play-exceptions/2.4.2/jars/play-exceptions.jar, /Users/ryanmccormack/Downloads/activator-dist-1.3.11/repository/org.javassist/javassist/3.19.0-GA/bundles/javassist.jar, /Users/ryanmccormack/.ivy2/cache/com.typesafe.play/play-iteratees_2.11/jars/play-iteratees_2.11-2.4.2.jar, /Users/ryanmccormack/Downloads/activator-dist-1.3.11/repository/org.scala-stm/scala-stm_2.11/0.7/jars/scala-stm_2.11.jar, /Users/ryanmccormack/Downloads/activator-dist-1.3.11/repository/com.typesafe/config/1.3.0/bundles/config.jar, /Users/ryanmccormack/.ivy2/cache/com.typesafe.play/play-json_2.11/jars/play-json_2.11-2.4.2.jar, /Users/ryanmccormack/.ivy2/cache/com.typesafe.play/play-functional_2.11/jars/play-functional_2.11-2.4.2.jar, /Users/ryanmccormack/.ivy2/cache/com.typesafe.play/play-datacommons_2.11/jars/play-datacommons_2.11-2.4.2.jar, /Users/ryanmccormack/Downloads/activator-dist-1.3.11/repository/joda-time/joda-time/2.8.1/jars/joda-time.jar, /Users/ryanmccormack/Downloads/activator-dist-1.3.11/repository/org.joda/joda-convert/1.7/jars/joda-convert.jar, /Users/ryanmccormack/.ivy2/cache/org.scala-lang/scala-reflect/jars/scala-reflect-2.11.6.jar, /Users/ryanmccormack/Downloads/activator-dist-1.3.11/repository/com.fasterxml.jackson.core/jackson-core/2.5.4/bundles/jackson-core.jar, /Users/ryanmccormack/Downloads/activator-dist-1.3.11/repository/com.fasterxml.jackson.core/jackson-annotations/2.5.4/bundles/jackson-annotations.jar, /Users/ryanmccormack/Downloads/activator-dist-1.3.11/repository/com.fasterxml.jackson.core/jackson-databind/2.5.4/bundles/jackson-databind.jar, /Users/ryanmccormack/Downloads/activator-dist-1.3.11/repository/com.fasterxml.jackson.datatype/jackson-datatype-jdk8/2.5.4/bundles/jackson-datatype-jdk8.jar, /Users/ryanmccormack/Downloads/activator-dist-1.3.11/repository/com.fasterxml.jackson.datatype/jackson-datatype-jsr310/2.5.4/bundles/jackson-datatype-jsr310.jar, /Users/ryanmccormack/.ivy2/cache/com.typesafe.play/play-netty-utils/jars/play-netty-utils-2.4.2.jar, /Users/ryanmccormack/Downloads/activator-dist-1.3.11/repository/org.slf4j/slf4j-api/1.7.12/jars/slf4j-api.jar, /Users/ryanmccormack/Downloads/activator-dist-1.3.11/repository/org.slf4j/jul-to-slf4j/1.7.12/jars/jul-to-slf4j.jar, /Users/ryanmccormack/Downloads/activator-dist-1.3.11/repository/org.slf4j/jcl-over-slf4j/1.7.12/jars/jcl-over-slf4j.jar, /Users/ryanmccormack/.ivy2/cache/org.scala-lang.modules/scala-parser-combinators_2.11/bundles/scala-parser-combinators_2.11-1.0.1.jar, /Users/ryanmccormack/Downloads/activator-dist-1.3.11/repository/ch.qos.logback/logback-core/1.1.3/jars/logback-core.jar, /Users/ryanmccormack/Downloads/activator-dist-1.3.11/repository/ch.qos.logback/logback-classic/1.1.3/jars/logback-classic.jar, /Users/ryanmccormack/Downloads/activator-dist-1.3.11/repository/com.typesafe.akka/akka-actor_2.11/2.3.11/jars/akka-actor_2.11.jar, /Users/ryanmccormack/Downloads/activator-dist-1.3.11/repository/com.typesafe.akka/akka-slf4j_2.11/2.3.11/jars/akka-slf4j_2.11.jar, /Users/ryanmccormack/.ivy2/cache/commons-codec/commons-codec/jars/commons-codec-1.10.jar, /Users/ryanmccormack/.ivy2/cache/xerces/xercesImpl/jars/xercesImpl-2.11.0.jar, /Users/ryanmccormack/.ivy2/cache/xml-apis/xml-apis/jars/xml-apis-1.4.01.jar, /Users/ryanmccormack/.ivy2/cache/javax.transaction/jta/jars/jta-1.1.jar, /Users/ryanmccormack/Downloads/activator-dist-1.3.11/repository/com.google.inject/guice/4.0/jars/guice.jar, /Users/ryanmccormack/.ivy2/cache/javax.inject/javax.inject/jars/javax.inject-1.jar, /Users/ryanmccormack/.ivy2/cache/aopalliance/aopalliance/jars/aopalliance-1.0.jar, /Users/ryanmccormack/Downloads/activator-dist-1.3.11/repository/com.google.inject.extensions/guice-assistedinject/4.0/jars/guice-assistedinject.jar, /Users/ryanmccormack/.ivy2/cache/com.typesafe.play/play-netty-server_2.11/jars/play-netty-server_2.11-2.4.2.jar, /Users/ryanmccormack/.ivy2/cache/io.netty/netty/bundles/netty-3.10.3.Final.jar, /Users/ryanmccormack/Downloads/activator-dist-1.3.11/repository/com.typesafe.netty/netty-http-pipelining/1.1.4/jars/netty-http-pipelining.jar, /Users/ryanmccormack/.ivy2/cache/com.typesafe.play/play-cache_2.11/jars/play-cache_2.11-2.4.2.jar, /Users/ryanmccormack/Downloads/activator-dist-1.3.11/repository/net.sf.ehcache/ehcache-core/2.6.11/jars/ehcache-core.jar, /Users/ryanmccormack/.ivy2/cache/com.mohiva/play-silhouette_2.11/jars/play-silhouette_2.11-3.0.0-RC2.jar, /Users/ryanmccormack/.ivy2/cache/com.typesafe.play/play-ws_2.11/jars/play-ws_2.11-2.4.1.jar, /Users/ryanmccormack/Downloads/activator-dist-1.3.11/repository/com.google.guava/guava/18.0/bundles/guava.jar, /Users/ryanmccormack/Downloads/activator-dist-1.3.11/repository/com.ning/async-http-client/1.9.21/jars/async-http-client.jar, /Users/ryanmccormack/Downloads/activator-dist-1.3.11/repository/oauth.signpost/signpost-core/1.2.1.2/jars/signpost-core.jar, /Users/ryanmccormack/Downloads/activator-dist-1.3.11/repository/oauth.signpost/signpost-commonshttp4/1.2.1.2/jars/signpost-commonshttp4.jar, /Users/ryanmccormack/Downloads/activator-dist-1.3.11/repository/org.apache.httpcomponents/httpcore/4.0.1/jars/httpcore.jar, /Users/ryanmccormack/Downloads/activator-dist-1.3.11/repository/org.apache.httpcomponents/httpclient/4.0.1/jars/httpclient.jar, /Users/ryanmccormack/.ivy2/cache/commons-logging/commons-logging/jars/commons-logging-1.1.1.jar, /Users/ryanmccormack/.ivy2/cache/org.mindrot/jbcrypt/jars/jbcrypt-0.3m.jar, /Users/ryanmccormack/.ivy2/cache/com.atlassian.jwt/jwt-core/jars/jwt-core-1.2.4.jar, /Users/ryanmccormack/.ivy2/cache/com.nimbusds/nimbus-jose-jwt/jars/nimbus-jose-jwt-2.16.jar, /Users/ryanmccormack/.ivy2/cache/net.jcip/jcip-annotations/jars/jcip-annotations-1.0.jar, /Users/ryanmccormack/.ivy2/cache/net.minidev/json-smart/jars/json-smart-1.1.1.jar, /Users/ryanmccormack/.ivy2/cache/javax.mail/mail/jars/mail-1.4.7.jar, /Users/ryanmccormack/.ivy2/cache/javax.activation/activation/jars/activation-1.1.jar, /Users/ryanmccormack/.ivy2/cache/org.bouncycastle/bcprov-jdk15on/jars/bcprov-jdk15on-1.51.jar, /Users/ryanmccormack/.ivy2/cache/com.atlassian.jwt/jwt-api/jars/jwt-api-1.2.4.jar, /Users/ryanmccormack/.ivy2/cache/com.google.code.findbugs/jsr305/jars/jsr305-2.0.1.jar, /Users/ryanmccormack/.ivy2/cache/com.kyleu/jdub-async_2.11/jars/jdub-async_2.11-1.0.jar, /Users/ryanmccormack/.ivy2/cache/com.github.mauricio/postgresql-async_2.11/jars/postgresql-async_2.11-0.2.16.jar, /Users/ryanmccormack/.ivy2/cache/com.github.mauricio/db-async-common_2.11/jars/db-async-common_2.11-0.2.16.jar, /Users/ryanmccormack/.ivy2/cache/io.netty/netty-all/jars/netty-all-4.0.25.Final.jar, /Users/ryanmccormack/.ivy2/cache/org.webjars/bootstrap/jars/bootstrap-3.3.5.jar, /Users/ryanmccormack/.ivy2/cache/org.webjars/jquery/jars/jquery-1.11.1.jar),List((public/,/Users/ryanmccormack/Documents/thunderdome/target/web/public/main)),List(/Users/ryanmccormack/.ivy2/cache/com.typesafe.play/play-omnidoc_2.11/jars/play-omnidoc_2.11-2.4.2.jar, /Users/ryanmccormack/Downloads/activator-dist-1.3.11/repository/org.scala-lang/scala-library/2.11.6/jars/scala-library.jar, /Users/ryanmccormack/.ivy2/cache/com.typesafe.play/play-docs_2.11/jars/play-docs_2.11-2.4.2.jar, /Users/ryanmccormack/.ivy2/cache/com.typesafe.play/play-netty-server_2.11/jars/play-netty-server_2.11-2.4.2.jar, /Users/ryanmccormack/.ivy2/cache/com.typesafe.play/play-server_2.11/jars/play-server_2.11-2.4.2.jar, /Users/ryanmccormack/.ivy2/cache/com.typesafe.play/play_2.11/jars/play_2.11-2.4.2.jar, /Users/ryanmccormack/Downloads/activator-dist-1.3.11/repository/com.typesafe.play/build-link/2.4.2/jars/build-link.jar, /Users/ryanmccormack/Downloads/activator-dist-1.3.11/repository/com.typesafe.play/play-exceptions/2.4.2/jars/play-exceptions.jar, /Users/ryanmccormack/Downloads/activator-dist-1.3.11/repository/org.javassist/javassist/3.19.0-GA/bundles/javassist.jar, /Users/ryanmccormack/.ivy2/cache/com.typesafe.play/play-iteratees_2.11/jars/play-iteratees_2.11-2.4.2.jar, /Users/ryanmccormack/Downloads/activator-dist-1.3.11/repository/org.scala-stm/scala-stm_2.11/0.7/jars/scala-stm_2.11.jar, /Users/ryanmccormack/Downloads/activator-dist-1.3.11/repository/com.typesafe/config/1.3.0/bundles/config.jar, /Users/ryanmccormack/.ivy2/cache/com.typesafe.play/play-json_2.11/jars/play-json_2.11-2.4.2.jar, /Users/ryanmccormack/.ivy2/cache/com.typesafe.play/play-functional_2.11/jars/play-functional_2.11-2.4.2.jar, /Users/ryanmccormack/.ivy2/cache/com.typesafe.play/play-datacommons_2.11/jars/play-datacommons_2.11-2.4.2.jar, /Users/ryanmccormack/Downloads/activator-dist-1.3.11/repository/joda-time/joda-time/2.8.1/jars/joda-time.jar, /Users/ryanmccormack/Downloads/activator-dist-1.3.11/repository/org.joda/joda-convert/1.7/jars/joda-convert.jar, /Users/ryanmccormack/.ivy2/cache/org.scala-lang/scala-reflect/jars/scala-reflect-2.11.6.jar, /Users/ryanmccormack/Downloads/activator-dist-1.3.11/repository/com.fasterxml.jackson.core/jackson-core/2.5.4/bundles/jackson-core.jar, /Users/ryanmccormack/Downloads/activator-dist-1.3.11/repository/com.fasterxml.jackson.core/jackson-annotations/2.5.4/bundles/jackson-annotations.jar, /Users/ryanmccormack/Downloads/activator-dist-1.3.11/repository/com.fasterxml.jackson.core/jackson-databind/2.5.4/bundles/jackson-databind.jar, /Users/ryanmccormack/Downloads/activator-dist-1.3.11/repository/com.fasterxml.jackson.datatype/jackson-datatype-jdk8/2.5.4/bundles/jackson-datatype-jdk8.jar, /Users/ryanmccormack/Downloads/activator-dist-1.3.11/repository/com.fasterxml.jackson.datatype/jackson-datatype-jsr310/2.5.4/bundles/jackson-datatype-jsr310.jar, /Users/ryanmccormack/.ivy2/cache/com.typesafe.play/play-netty-utils/jars/play-netty-utils-2.4.2.jar, /Users/ryanmccormack/Downloads/activator-dist-1.3.11/repository/org.slf4j/slf4j-api/1.7.12/jars/slf4j-api.jar, /Users/ryanmccormack/Downloads/activator-dist-1.3.11/repository/org.slf4j/jul-to-slf4j/1.7.12/jars/jul-to-slf4j.jar, /Users/ryanmccormack/Downloads/activator-dist-1.3.11/repository/org.slf4j/jcl-over-slf4j/1.7.12/jars/jcl-over-slf4j.jar, /Users/ryanmccormack/Downloads/activator-dist-1.3.11/repository/com.typesafe.play/twirl-api_2.11/1.1.1/jars/twirl-api_2.11.jar, /Users/ryanmccormack/.ivy2/cache/org.apache.commons/commons-lang3/jars/commons-lang3-3.4.jar, /Users/ryanmccormack/.ivy2/cache/org.scala-lang.modules/scala-xml_2.11/bundles/scala-xml_2.11-1.0.1.jar, /Users/ryanmccormack/.ivy2/cache/org.scala-lang.modules/scala-parser-combinators_2.11/bundles/scala-parser-combinators_2.11-1.0.1.jar, /Users/ryanmccormack/Downloads/activator-dist-1.3.11/repository/ch.qos.logback/logback-core/1.1.3/jars/logback-core.jar, /Users/ryanmccormack/Downloads/activator-dist-1.3.11/repository/ch.qos.logback/logback-classic/1.1.3/jars/logback-classic.jar, /Users/ryanmccormack/Downloads/activator-dist-1.3.11/repository/com.typesafe.akka/akka-actor_2.11/2.3.11/jars/akka-actor_2.11.jar, /Users/ryanmccormack/Downloads/activator-dist-1.3.11/repository/com.typesafe.akka/akka-slf4j_2.11/2.3.11/jars/akka-slf4j_2.11.jar, /Users/ryanmccormack/.ivy2/cache/commons-codec/commons-codec/jars/commons-codec-1.10.jar, /Users/ryanmccormack/.ivy2/cache/xerces/xercesImpl/jars/xercesImpl-2.11.0.jar, /Users/ryanmccormack/.ivy2/cache/xml-apis/xml-apis/jars/xml-apis-1.4.01.jar, /Users/ryanmccormack/.ivy2/cache/javax.transaction/jta/jars/jta-1.1.jar, /Users/ryanmccormack/Downloads/activator-dist-1.3.11/repository/com.google.inject/guice/4.0/jars/guice.jar, /Users/ryanmccormack/.ivy2/cache/javax.inject/javax.inject/jars/javax.inject-1.jar, /Users/ryanmccormack/.ivy2/cache/aopalliance/aopalliance/jars/aopalliance-1.0.jar, /Users/ryanmccormack/Downloads/activator-dist-1.3.11/repository/com.google.guava/guava/16.0.1/bundles/guava.jar, /Users/ryanmccormack/Downloads/activator-dist-1.3.11/repository/com.google.inject.extensions/guice-assistedinject/4.0/jars/guice-assistedinject.jar, /Users/ryanmccormack/.ivy2/cache/io.netty/netty/bundles/netty-3.10.3.Final.jar, /Users/ryanmccormack/Downloads/activator-dist-1.3.11/repository/com.typesafe.netty/netty-http-pipelining/1.1.4/jars/netty-http-pipelining.jar, /Users/ryanmccormack/Downloads/activator-dist-1.3.11/repository/com.typesafe.play/play-doc_2.11/1.2.2/jars/play-doc_2.11.jar, /Users/ryanmccormack/Downloads/activator-dist-1.3.11/repository/org.pegdown/pegdown/1.4.0/jars/pegdown.jar, /Users/ryanmccormack/Downloads/activator-dist-1.3.11/repository/org.parboiled/parboiled-java/1.1.5/bundles/parboiled-java.jar, /Users/ryanmccormack/Downloads/activator-dist-1.3.11/repository/org.parboiled/parboiled-core/1.1.5/bundles/parboiled-core.jar, /Users/ryanmccormack/Downloads/activator-dist-1.3.11/repository/org.ow2.asm/asm/4.1/jars/asm.jar, /Users/ryanmccormack/Downloads/activator-dist-1.3.11/repository/org.ow2.asm/asm-tree/4.1/jars/asm-tree.jar, /Users/ryanmccormack/Downloads/activator-dist-1.3.11/repository/org.ow2.asm/asm-analysis/4.1/jars/asm-analysis.jar, /Users/ryanmccormack/Downloads/activator-dist-1.3.11/repository/org.ow2.asm/asm-util/4.1/jars/asm-util.jar, /Users/ryanmccormack/.ivy2/cache/commons-io/commons-io/jars/commons-io-2.4.jar),Some(/Users/ryanmccormack/.ivy2/cache/com.typesafe.play/play-omnidoc_2.11/jars/play-omnidoc_2.11-2.4.2.jar),List(),9000,0.0.0.0,DefaultWatchService,List(/Users/ryanmccormack/Documents/thunderdome/public, /Users/ryanmccormack/Documents/thunderdome/conf, /Users/ryanmccormack/Documents/thunderdome/app),/Users/ryanmccormack/Documents/thunderdome/target,500,root/playForkNotifyStart,root/playForkReload,300000,play.core.server.DevServerStart),scala.pickling.PicklerUnpickler$DelegatingPicklerUnpickler@4a96a687),ForkConfig(/Users/ryanmccormack/Documents/thunderdome,List(),List(/Users/ryanmccormack/.ivy2/cache/org.scala-lang/scala-library/jars/scala-library-2.11.7.jar, /Users/ryanmccormack/Downloads/activator-dist-1.3.11/repository/com.typesafe.play/twirl-api_2.11/1.1.1/jars/twirl-api_2.11.jar, /Users/ryanmccormack/.ivy2/cache/org.apache.commons/commons-lang3/jars/commons-lang3-3.4.jar, /Users/ryanmccormack/.ivy2/cache/org.scala-lang.modules/scala-xml_2.11/bundles/scala-xml_2.11-1.0.1.jar, /Users/ryanmccormack/.ivy2/cache/com.typesafe.play/play-server_2.11/jars/play-server_2.11-2.4.2.jar, /Users/ryanmccormack/.ivy2/cache/com.typesafe.play/play_2.11/jars/play_2.11-2.4.2.jar, /Users/ryanmccormack/Downloads/activator-dist-1.3.11/repository/com.typesafe.play/build-link/2.4.2/jars/build-link.jar, /Users/ryanmccormack/Downloads/activator-dist-1.3.11/repository/com.typesafe.play/play-exceptions/2.4.2/jars/play-exceptions.jar, /Users/ryanmccormack/Downloads/activator-dist-1.3.11/repository/org.javassist/javassist/3.19.0-GA/bundles/javassist.jar, /Users/ryanmccormack/.ivy2/cache/com.typesafe.play/play-iteratees_2.11/jars/play-iteratees_2.11-2.4.2.jar, /Users/ryanmccormack/Downloads/activator-dist-1.3.11/repository/org.scala-stm/scala-stm_2.11/0.7/jars/scala-stm_2.11.jar, /Users/ryanmccormack/Downloads/activator-dist-1.3.11/repository/com.typesafe/config/1.3.0/bundles/config.jar, /Users/ryanmccormack/.ivy2/cache/com.typesafe.play/play-json_2.11/jars/play-json_2.11-2.4.2.jar, /Users/ryanmccormack/.ivy2/cache/com.typesafe.play/play-functional_2.11/jars/play-functional_2.11-2.4.2.jar, /Users/ryanmccormack/.ivy2/cache/com.typesafe.play/play-datacommons_2.11/jars/play-datacommons_2.11-2.4.2.jar, /Users/ryanmccormack/Downloads/activator-dist-1.3.11/repository/joda-time/joda-time/2.8.1/jars/joda-time.jar, /Users/ryanmccormack/Downloads/activator-dist-1.3.11/repository/org.joda/joda-convert/1.7/jars/joda-convert.jar, /Users/ryanmccormack/.ivy2/cache/org.scala-lang/scala-reflect/jars/scala-reflect-2.11.6.jar, /Users/ryanmccormack/Downloads/activator-dist-1.3.11/repository/com.fasterxml.jackson.core/jackson-core/2.5.4/bundles/jackson-core.jar, /Users/ryanmccormack/Downloads/activator-dist-1.3.11/repository/com.fasterxml.jackson.core/jackson-annotations/2.5.4/bundles/jackson-annotations.jar, /Users/ryanmccormack/Downloads/activator-dist-1.3.11/repository/com.fasterxml.jackson.core/jackson-databind/2.5.4/bundles/jackson-databind.jar, /Users/ryanmccormack/Downloads/activator-dist-1.3.11/repository/com.fasterxml.jackson.datatype/jackson-datatype-jdk8/2.5.4/bundles/jackson-datatype-jdk8.jar, /Users/ryanmccormack/Downloads/activator-dist-1.3.11/repository/com.fasterxml.jackson.datatype/jackson-datatype-jsr310/2.5.4/bundles/jackson-datatype-jsr310.jar, /Users/ryanmccormack/.ivy2/cache/com.typesafe.play/play-netty-utils/jars/play-netty-utils-2.4.2.jar, /Users/ryanmccormack/Downloads/activator-dist-1.3.11/repository/org.slf4j/slf4j-api/1.7.12/jars/slf4j-api.jar, /Users/ryanmccormack/Downloads/activator-dist-1.3.11/repository/org.slf4j/jul-to-slf4j/1.7.12/jars/jul-to-slf4j.jar, /Users/ryanmccormack/Downloads/activator-dist-1.3.11/repository/org.slf4j/jcl-over-slf4j/1.7.12/jars/jcl-over-slf4j.jar, /Users/ryanmccormack/.ivy2/cache/org.scala-lang.modules/scala-parser-combinators_2.11/bundles/scala-parser-combinators_2.11-1.0.1.jar, /Users/ryanmccormack/Downloads/activator-dist-1.3.11/repository/ch.qos.logback/logback-core/1.1.3/jars/logback-core.jar, /Users/ryanmccormack/Downloads/activator-dist-1.3.11/repository/ch.qos.logback/logback-classic/1.1.3/jars/logback-classic.jar, /Users/ryanmccormack/Downloads/activator-dist-1.3.11/repository/com.typesafe.akka/akka-actor_2.11/2.3.11/jars/akka-actor_2.11.jar, /Users/ryanmccormack/Downloads/activator-dist-1.3.11/repository/com.typesafe.akka/akka-slf4j_2.11/2.3.11/jars/akka-slf4j_2.11.jar, /Users/ryanmccormack/.ivy2/cache/commons-codec/commons-codec/jars/commons-codec-1.10.jar, /Users/ryanmccormack/.ivy2/cache/xerces/xercesImpl/jars/xercesImpl-2.11.0.jar, /Users/ryanmccormack/.ivy2/cache/xml-apis/xml-apis/jars/xml-apis-1.4.01.jar, /Users/ryanmccormack/.ivy2/cache/javax.transaction/jta/jars/jta-1.1.jar, /Users/ryanmccormack/Downloads/activator-dist-1.3.11/repository/com.google.inject/guice/4.0/jars/guice.jar, /Users/ryanmccormack/.ivy2/cache/javax.inject/javax.inject/jars/javax.inject-1.jar, /Users/ryanmccormack/.ivy2/cache/aopalliance/aopalliance/jars/aopalliance-1.0.jar, /Users/ryanmccormack/Downloads/activator-dist-1.3.11/repository/com.google.inject.extensions/guice-assistedinject/4.0/jars/guice-assistedinject.jar, /Users/ryanmccormack/.ivy2/cache/com.typesafe.play/play-netty-server_2.11/jars/play-netty-server_2.11-2.4.2.jar, /Users/ryanmccormack/.ivy2/cache/io.netty/netty/bundles/netty-3.10.3.Final.jar, /Users/ryanmccormack/Downloads/activator-dist-1.3.11/repository/com.typesafe.netty/netty-http-pipelining/1.1.4/jars/netty-http-pipelining.jar, /Users/ryanmccormack/.ivy2/cache/com.typesafe.play/play-cache_2.11/jars/play-cache_2.11-2.4.2.jar, /Users/ryanmccormack/Downloads/activator-dist-1.3.11/repository/net.sf.ehcache/ehcache-core/2.6.11/jars/ehcache-core.jar, /Users/ryanmccormack/.ivy2/cache/com.mohiva/play-silhouette_2.11/jars/play-silhouette_2.11-3.0.0-RC2.jar, /Users/ryanmccormack/.ivy2/cache/com.typesafe.play/play-ws_2.11/jars/play-ws_2.11-2.4.1.jar, /Users/ryanmccormack/Downloads/activator-dist-1.3.11/repository/com.google.guava/guava/18.0/bundles/guava.jar, /Users/ryanmccormack/Downloads/activator-dist-1.3.11/repository/com.ning/async-http-client/1.9.21/jars/async-http-client.jar, /Users/ryanmccormack/Downloads/activator-dist-1.3.11/repository/oauth.signpost/signpost-core/1.2.1.2/jars/signpost-core.jar, /Users/ryanmccormack/Downloads/activator-dist-1.3.11/repository/oauth.signpost/signpost-commonshttp4/1.2.1.2/jars/signpost-commonshttp4.jar, /Users/ryanmccormack/Downloads/activator-dist-1.3.11/repository/org.apache.httpcomponents/httpcore/4.0.1/jars/httpcore.jar, /Users/ryanmccormack/Downloads/activator-dist-1.3.11/repository/org.apache.httpcomponents/httpclient/4.0.1/jars/httpclient.jar, /Users/ryanmccormack/.ivy2/cache/commons-logging/commons-logging/jars/commons-logging-1.1.1.jar, /Users/ryanmccormack/.ivy2/cache/org.mindrot/jbcrypt/jars/jbcrypt-0.3m.jar, /Users/ryanmccormack/.ivy2/cache/com.atlassian.jwt/jwt-core/jars/jwt-core-1.2.4.jar, /Users/ryanmccormack/.ivy2/cache/com.nimbusds/nimbus-jose-jwt/jars/nimbus-jose-jwt-2.16.jar, /Users/ryanmccormack/.ivy2/cache/net.jcip/jcip-annotations/jars/jcip-annotations-1.0.jar, /Users/ryanmccormack/.ivy2/cache/net.minidev/json-smart/jars/json-smart-1.1.1.jar, /Users/ryanmccormack/.ivy2/cache/javax.mail/mail/jars/mail-1.4.7.jar, /Users/ryanmccormack/.ivy2/cache/javax.activation/activation/jars/activation-1.1.jar, /Users/ryanmccormack/.ivy2/cache/org.bouncycastle/bcprov-jdk15on/jars/bcprov-jdk15on-1.51.jar, /Users/ryanmccormack/.ivy2/cache/com.atlassian.jwt/jwt-api/jars/jwt-api-1.2.4.jar, /Users/ryanmccormack/.ivy2/cache/com.google.code.findbugs/jsr305/jars/jsr305-2.0.1.jar, /Users/ryanmccormack/.ivy2/cache/com.kyleu/jdub-async_2.11/jars/jdub-async_2.11-1.0.jar, /Users/ryanmccormack/.ivy2/cache/com.github.mauricio/postgresql-async_2.11/jars/postgresql-async_2.11-0.2.16.jar, /Users/ryanmccormack/.ivy2/cache/com.github.mauricio/db-async-common_2.11/jars/db-async-common_2.11-0.2.16.jar, /Users/ryanmccormack/.ivy2/cache/io.netty/netty-all/jars/netty-all-4.0.25.Final.jar, /Users/ryanmccormack/.ivy2/cache/org.webjars/bootstrap/jars/bootstrap-3.3.5.jar, /Users/ryanmccormack/.ivy2/cache/org.webjars/jquery/jars/jquery-1.11.1.jar),List((public/,/Users/ryanmccormack/Documents/thunderdome/target/web/public/main)),List(/Users/ryanmccormack/.ivy2/cache/com.typesafe.play/play-omnidoc_2.11/jars/play-omnidoc_2.11-2.4.2.jar, /Users/ryanmccormack/Downloads/activator-dist-1.3.11/repository/org.scala-lang/scala-library/2.11.6/jars/scala-library.jar, /Users/ryanmccormack/.ivy2/cache/com.typesafe.play/play-docs_2.11/jars/play-docs_2.11-2.4.2.jar, /Users/ryanmccormack/.ivy2/cache/com.typesafe.play/play-netty-server_2.11/jars/play-netty-server_2.11-2.4.2.jar, /Users/ryanmccormack/.ivy2/cache/com.typesafe.play/play-server_2.11/jars/play-server_2.11-2.4.2.jar, /Users/ryanmccormack/.ivy2/cache/com.typesafe.play/play_2.11/jars/play_2.11-2.4.2.jar, /Users/ryanmccormack/Downloads/activator-dist-1.3.11/repository/com.typesafe.play/build-link/2.4.2/jars/build-link.jar, /Users/ryanmccormack/Downloads/activator-dist-1.3.11/repository/com.typesafe.play/play-exceptions/2.4.2/jars/play-exceptions.jar, /Users/ryanmccormack/Downloads/activator-dist-1.3.11/repository/org.javassist/javassist/3.19.0-GA/bundles/javassist.jar, /Users/ryanmccormack/.ivy2/cache/com.typesafe.play/play-iteratees_2.11/jars/play-iteratees_2.11-2.4.2.jar, /Users/ryanmccormack/Downloads/activator-dist-1.3.11/repository/org.scala-stm/scala-stm_2.11/0.7/jars/scala-stm_2.11.jar, /Users/ryanmccormack/Downloads/activator-dist-1.3.11/repository/com.typesafe/config/1.3.0/bundles/config.jar, /Users/ryanmccormack/.ivy2/cache/com.typesafe.play/play-json_2.11/jars/play-json_2.11-2.4.2.jar, /Users/ryanmccormack/.ivy2/cache/com.typesafe.play/play-functional_2.11/jars/play-functional_2.11-2.4.2.jar, /Users/ryanmccormack/.ivy2/cache/com.typesafe.play/play-datacommons_2.11/jars/play-datacommons_2.11-2.4.2.jar, /Users/ryanmccormack/Downloads/activator-dist-1.3.11/repository/joda-time/joda-time/2.8.1/jars/joda-time.jar, /Users/ryanmccormack/Downloads/activator-dist-1.3.11/repository/org.joda/joda-convert/1.7/jars/joda-convert.jar, /Users/ryanmccormack/.ivy2/cache/org.scala-lang/scala-reflect/jars/scala-reflect-2.11.6.jar, /Users/ryanmccormack/Downloads/activator-dist-1.3.11/repository/com.fasterxml.jackson.core/jackson-core/2.5.4/bundles/jackson-core.jar, /Users/ryanmccormack/Downloads/activator-dist-1.3.11/repository/com.fasterxml.jackson.core/jackson-annotations/2.5.4/bundles/jackson-annotations.jar, /Users/ryanmccormack/Downloads/activator-dist-1.3.11/repository/com.fasterxml.jackson.core/jackson-databind/2.5.4/bundles/jackson-databind.jar, /Users/ryanmccormack/Downloads/activator-dist-1.3.11/repository/com.fasterxml.jackson.datatype/jackson-datatype-jdk8/2.5.4/bundles/jackson-datatype-jdk8.jar, /Users/ryanmccormack/Downloads/activator-dist-1.3.11/repository/com.fasterxml.jackson.datatype/jackson-datatype-jsr310/2.5.4/bundles/jackson-datatype-jsr310.jar, /Users/ryanmccormack/.ivy2/cache/com.typesafe.play/play-netty-utils/jars/play-netty-utils-2.4.2.jar, /Users/ryanmccormack/Downloads/activator-dist-1.3.11/repository/org.slf4j/slf4j-api/1.7.12/jars/slf4j-api.jar, /Users/ryanmccormack/Downloads/activator-dist-1.3.11/repository/org.slf4j/jul-to-slf4j/1.7.12/jars/jul-to-slf4j.jar, /Users/ryanmccormack/Downloads/activator-dist-1.3.11/repository/org.slf4j/jcl-over-slf4j/1.7.12/jars/jcl-over-slf4j.jar, /Users/ryanmccormack/Downloads/activator-dist-1.3.11/repository/com.typesafe.play/twirl-api_2.11/1.1.1/jars/twirl-api_2.11.jar, /Users/ryanmccormack/.ivy2/cache/org.apache.commons/commons-lang3/jars/commons-lang3-3.4.jar, /Users/ryanmccormack/.ivy2/cache/org.scala-lang.modules/scala-xml_2.11/bundles/scala-xml_2.11-1.0.1.jar, /Users/ryanmccormack/.ivy2/cache/org.scala-lang.modules/scala-parser-combinators_2.11/bundles/scala-parser-combinators_2.11-1.0.1.jar, /Users/ryanmccormack/Downloads/activator-dist-1.3.11/repository/ch.qos.logback/logback-core/1.1.3/jars/logback-core.jar, /Users/ryanmccormack/Downloads/activator-dist-1.3.11/repository/ch.qos.logback/logback-classic/1.1.3/jars/logback-classic.jar, /Users/ryanmccormack/Downloads/activator-dist-1.3.11/repository/com.typesafe.akka/akka-actor_2.11/2.3.11/jars/akka-actor_2.11.jar, /Users/ryanmccormack/Downloads/activator-dist-1.3.11/repository/com.typesafe.akka/akka-slf4j_2.11/2.3.11/jars/akka-slf4j_2.11.jar, /Users/ryanmccormack/.ivy2/cache/commons-codec/commons-codec/jars/commons-codec-1.10.jar, /Users/ryanmccormack/.ivy2/cache/xerces/xercesImpl/jars/xercesImpl-2.11.0.jar, /Users/ryanmccormack/.ivy2/cache/xml-apis/xml-apis/jars/xml-apis-1.4.01.jar, /Users/ryanmccormack/.ivy2/cache/javax.transaction/jta/jars/jta-1.1.jar, /Users/ryanmccormack/Downloads/activator-dist-1.3.11/repository/com.google.inject/guice/4.0/jars/guice.jar, /Users/ryanmccormack/.ivy2/cache/javax.inject/javax.inject/jars/javax.inject-1.jar, /Users/ryanmccormack/.ivy2/cache/aopalliance/aopalliance/jars/aopalliance-1.0.jar, /Users/ryanmccormack/Downloads/activator-dist-1.3.11/repository/com.google.guava/guava/16.0.1/bundles/guava.jar, /Users/ryanmccormack/Downloads/activator-dist-1.3.11/repository/com.google.inject.extensions/guice-assistedinject/4.0/jars/guice-assistedinject.jar, /Users/ryanmccormack/.ivy2/cache/io.netty/netty/bundles/netty-3.10.3.Final.jar, /Users/ryanmccormack/Downloads/activator-dist-1.3.11/repository/com.typesafe.netty/netty-http-pipelining/1.1.4/jars/netty-http-pipelining.jar, /Users/ryanmccormack/Downloads/activator-dist-1.3.11/repository/com.typesafe.play/play-doc_2.11/1.2.2/jars/play-doc_2.11.jar, /Users/ryanmccormack/Downloads/activator-dist-1.3.11/repository/org.pegdown/pegdown/1.4.0/jars/pegdown.jar, /Users/ryanmccormack/Downloads/activator-dist-1.3.11/repository/org.parboiled/parboiled-java/1.1.5/bundles/parboiled-java.jar, /Users/ryanmccormack/Downloads/activator-dist-1.3.11/repository/org.parboiled/parboiled-core/1.1.5/bundles/parboiled-core.jar, /Users/ryanmccormack/Downloads/activator-dist-1.3.11/repository/org.ow2.asm/asm/4.1/jars/asm.jar, /Users/ryanmccormack/Downloads/activator-dist-1.3.11/repository/org.ow2.asm/asm-tree/4.1/jars/asm-tree.jar, /Users/ryanmccormack/Downloads/activator-dist-1.3.11/repository/org.ow2.asm/asm-analysis/4.1/jars/asm-analysis.jar, /Users/ryanmccormack/Downloads/activator-dist-1.3.11/repository/org.ow2.asm/asm-util/4.1/jars/asm-util.jar, /Users/ryanmccormack/.ivy2/cache/commons-io/commons-io/jars/commons-io-2.4.jar),Some(/Users/ryanmccormack/.ivy2/cache/com.typesafe.play/play-omnidoc_2.11/jars/play-omnidoc_2.11-2.4.2.jar),List(),9000,0.0.0.0,DefaultWatchService,List(/Users/ryanmccormack/Documents/thunderdome/public, /Users/ryanmccormack/Documents/thunderdome/conf, /Users/ryanmccormack/Documents/thunderdome/app),/Users/ryanmccormack/Documents/thunderdome/target,500,root/playForkNotifyStart,root/playForkReload,300000,play.core.server.DevServerStart))))
Sending msg to client play-fork-run-7feb510b-1d01-4d19-bb9f-0152ea9f7156: TaskStarted(417,35475,None)
Sending msg to client play-fork-run-7feb510b-1d01-4d19-bb9f-0152ea9f7156: TaskFinished(417,35475,None,true,None)
Sending msg to client play-fork-run-7feb510b-1d01-4d19-bb9f-0152ea9f7156: TaskStarted(417,35474,None)
Sending msg to client play-fork-run-7feb510b-1d01-4d19-bb9f-0152ea9f7156: TaskFinished(417,35474,None,true,None)
Sending msg to client play-fork-run-7feb510b-1d01-4d19-bb9f-0152ea9f7156: DetachedLogEvent(LogMessage(debug,cancel strategy finish enabled=false lastCommand=Some(LastCommand(CommandExecutionWork(ExecutionId(417),{file:/Users/ryanmccormack/Documents/thunderdome/}root/*:playForkConfig,Set(LiveClient(play-fork-run 7feb510b-1d01-4d19-bb9f-0152ea9f7156)),sbt.server.WorkCancellationStatus$$anon$1@10997d7f)))))
Sending msg to client play-fork-run-7feb510b-1d01-4d19-bb9f-0152ea9f7156: DetachedLogEvent(LogSuccess(Total time: 0 s, completed 22-Jan-2017 10:13:37 PM))
Sending msg to client play-fork-run-7feb510b-1d01-4d19-bb9f-0152ea9f7156: DetachedLogEvent(LogMessage(debug,> server-post-command-cleanup))
Sending msg to client play-fork-run-7feb510b-1d01-4d19-bb9f-0152ea9f7156: ExecutionSuccess(417)
Sending msg to client play-fork-run-7feb510b-1d01-4d19-bb9f-0152ea9f7156: DetachedLogEvent(LogMessage(debug,> server-handle-next-server-request))
Sending msg to client play-fork-run-7feb510b-1d01-4d19-bb9f-0152ea9f7156: BackgroundJobLogEvent(58,LogMessage(info,))
Sending msg to client play-fork-run-7feb510b-1d01-4d19-bb9f-0152ea9f7156: BackgroundJobLogEvent(58,LogMessage(info,[35m--- (Running the application, auto-reloading is enabled) ---[0m))
Sending msg to client play-fork-run-7feb510b-1d01-4d19-bb9f-0152ea9f7156: BackgroundJobLogEvent(58,LogMessage(info,))
Sending msg to client play-fork-run-7feb510b-1d01-4d19-bb9f-0152ea9f7156: BackgroundJobLogEvent(58,LogMessage(info,p.a.l.c.ActorSystemProvider - Starting application default Akka system: application))
Sending msg to client play-fork-run-7feb510b-1d01-4d19-bb9f-0152ea9f7156: BackgroundJobLogEvent(58,LogMessage(info,p.c.s.NettyServer - Listening for HTTP on /0:0:0:0:0:0:0:0:9000))
Sending msg to client play-fork-run-7feb510b-1d01-4d19-bb9f-0152ea9f7156: BackgroundJobLogEvent(58,LogMessage(info,))
Sending msg to client play-fork-run-7feb510b-1d01-4d19-bb9f-0152ea9f7156: BackgroundJobLogEvent(58,LogMessage(info,[32m(Server started, use Ctrl+D to stop and go back to the console...)[0m))
Sending msg to client play-fork-run-7feb510b-1d01-4d19-bb9f-0152ea9f7156: BackgroundJobLogEvent(58,LogMessage(info,))
Got request: ExecutionRequest(root/playForkNotifyStart http://localhost:9000)
Reading next message from client.
Sending msg to client play-fork-run-7feb510b-1d01-4d19-bb9f-0152ea9f7156: (8,ExecutionRequestReceived(418))
Sending msg to client play-fork-run-7feb510b-1d01-4d19-bb9f-0152ea9f7156: ExecutionWaiting(418,root/playForkNotifyStart http://localhost:9000,ClientInfo(7feb510b-1d01-4d19-bb9f-0152ea9f7156,play-fork-run,Play Fork Run,1,Vector()))
Sending msg to client play-fork-run-7feb510b-1d01-4d19-bb9f-0152ea9f7156: ExecutionStarting(418)
Sending msg to client play-fork-run-7feb510b-1d01-4d19-bb9f-0152ea9f7156: DetachedLogEvent(LogMessage(debug,> root/playForkNotifyStart http://localhost:9000))
Sending msg to client play-fork-run-7feb510b-1d01-4d19-bb9f-0152ea9f7156: DetachedLogEvent(LogMessage(debug,Evaluating tasks: *:playForkNotifyStart))
Sending msg to client play-fork-run-7feb510b-1d01-4d19-bb9f-0152ea9f7156: DetachedLogEvent(LogMessage(debug,Running task... Cancel: sbt.server.ServerTaskCancellation@11abe2c6, check cycles: false))
Sending msg to client play-fork-run-7feb510b-1d01-4d19-bb9f-0152ea9f7156: DetachedLogEvent(LogMessage(debug,cancel strategy start enabled=true lastCommand=Some(LastCommand(CommandExecutionWork(ExecutionId(418),root/playForkNotifyStart http://localhost:9000,Set(LiveClient(play-fork-run 7feb510b-1d01-4d19-bb9f-0152ea9f7156)),sbt.server.WorkCancellationStatus$$anon$1@9b396a4)))))
Sending msg to client play-fork-run-7feb510b-1d01-4d19-bb9f-0152ea9f7156: TaskStarted(418,35552,Some(AttributeKey[sbt.SendEventService]("sendEventService") in Scope(Global)))
Sending msg to client play-fork-run-7feb510b-1d01-4d19-bb9f-0152ea9f7156: TaskFinished(418,35552,Some(AttributeKey[sbt.SendEventService]("sendEventService") in Scope(Global)),true,None)
Sending msg to client play-fork-run-7feb510b-1d01-4d19-bb9f-0152ea9f7156: TaskStarted(418,35551,Some(AttributeKey[scala.Function1[java.lang.String,void]]("playForkStarted") in Scope(Build: file:/Users/ryanmccormack/Documents/thunderdome/, , Project: ProjectReference(file:/Users/ryanmccormack/Documents/thunderdome/,root))))
Sending msg to client play-fork-run-7feb510b-1d01-4d19-bb9f-0152ea9f7156: TaskFinished(418,35551,Some(AttributeKey[scala.Function1[java.lang.String,void]]("playForkStarted") in Scope(Build: file:/Users/ryanmccormack/Documents/thunderdome/, , Project: ProjectReference(file:/Users/ryanmccormack/Documents/thunderdome/,root))),true,None)
Sending msg to client play-fork-run-7feb510b-1d01-4d19-bb9f-0152ea9f7156: TaskStarted(418,35550,Some(AttributeKey[void]("playForkNotifyStart") in Scope(Build: file:/Users/ryanmccormack/Documents/thunderdome/, , Project: ProjectReference(file:/Users/ryanmccormack/Documents/thunderdome/,root))))
Sending msg to client play-fork-run-7feb510b-1d01-4d19-bb9f-0152ea9f7156: TaskEvent(35550,LazyValue(PlayServerStarted(http://localhost:9000),play.forkrun.protocol.Serializers$PlayForkrunProtocolPlayServerStartedPickler1$2$@7fcb90d4))
Sending msg to client play-fork-run-7feb510b-1d01-4d19-bb9f-0152ea9f7156: TaskFinished(418,35550,Some(AttributeKey[void]("playForkNotifyStart") in Scope(Build: file:/Users/ryanmccormack/Documents/thunderdome/, , Project: ProjectReference(file:/Users/ryanmccormack/Documents/thunderdome/,root))),true,None)
Sending msg to client play-fork-run-7feb510b-1d01-4d19-bb9f-0152ea9f7156: TaskStarted(418,35549,None)
Sending msg to client play-fork-run-7feb510b-1d01-4d19-bb9f-0152ea9f7156: TaskFinished(418,35549,None,true,None)
Sending msg to client play-fork-run-7feb510b-1d01-4d19-bb9f-0152ea9f7156: TaskStarted(418,35548,None)
Sending msg to client play-fork-run-7feb510b-1d01-4d19-bb9f-0152ea9f7156: TaskFinished(418,35548,None,true,None)
Sending msg to client play-fork-run-7feb510b-1d01-4d19-bb9f-0152ea9f7156: DetachedLogEvent(LogMessage(debug,cancel strategy finish enabled=false lastCommand=Some(LastCommand(CommandExecutionWork(ExecutionId(418),root/playForkNotifyStart http://localhost:9000,Set(LiveClient(play-fork-run 7feb510b-1d01-4d19-bb9f-0152ea9f7156)),sbt.server.WorkCancellationStatus$$anon$1@9b396a4)))))
Sending msg to client play-fork-run-7feb510b-1d01-4d19-bb9f-0152ea9f7156: DetachedLogEvent(LogSuccess(Total time: 0 s, completed 22-Jan-2017 10:13:39 PM))
Sending msg to client play-fork-run-7feb510b-1d01-4d19-bb9f-0152ea9f7156: DetachedLogEvent(LogMessage(debug,> server-post-command-cleanup))
Sending msg to client play-fork-run-7feb510b-1d01-4d19-bb9f-0152ea9f7156: ExecutionSuccess(418)
Sending msg to client play-fork-run-7feb510b-1d01-4d19-bb9f-0152ea9f7156: DetachedLogEvent(LogMessage(debug,> server-handle-next-server-request))
Sending msg to client play-fork-run-7feb510b-1d01-4d19-bb9f-0152ea9f7156: BackgroundJobLogEvent(57,LogMessage(info,JVM exiting, shutting down Play fork run ...))
Sending msg to client play-fork-run-7feb510b-1d01-4d19-bb9f-0152ea9f7156: BackgroundJobLogEvent(57,LogMessage(info,Play fork run already stopped ...))
Sending msg to client play-fork-run-7feb510b-1d01-4d19-bb9f-0152ea9f7156: BackgroundJobLogEvent(57,LogMessage(info,Forked Play process exited with status: 0))
Sending msg to client play-fork-run-7feb510b-1d01-4d19-bb9f-0152ea9f7156: BackgroundJobFinished(410,57)
