New log file opened at Tue Jan 17 22:42:42 EST 2017 by 56269@Ryans-MBP
Sending msg to client play-fork-run-bb5ec5bc-5de9-43f4-b17d-4a0659be1b2e: DetachedLogEvent(LogMessage(debug,sbt server socket logs are in: /Users/ryanmccormack/Documents/thunderdome/.sbtserver/connections/master.log))
Sending msg to client play-fork-run-bb5ec5bc-5de9-43f4-b17d-4a0659be1b2e: DetachedLogEvent(LogMessage(debug,sbt client logs are in: /Users/ryanmccormack/Documents/thunderdome/.sbtserver/connections/play-fork-run-bb5ec5bc-5de9-43f4-b17d-4a0659be1b2e.log))
Sending msg to client play-fork-run-bb5ec5bc-5de9-43f4-b17d-4a0659be1b2e: DetachedLogEvent(LogMessage(debug,sbt general server logs are in: /Users/ryanmccormack/Documents/thunderdome/.sbtserver/master.log))
Reading next message from client.
Got request: DaemonRequest(true)
Reading next message from client.
Sending msg to client play-fork-run-bb5ec5bc-5de9-43f4-b17d-4a0659be1b2e: (3,ReceivedResponse())
Got request: ListenToEvents()
Reading next message from client.
Sending msg to client play-fork-run-bb5ec5bc-5de9-43f4-b17d-4a0659be1b2e: BackgroundJobStarted(147,BackgroundJobInfo(11,backgroundRun,AttributeKey[sbt.BackgroundJobHandle]("backgroundRun") in Scope(Build: file:/Users/ryanmccormack/Documents/thunderdome/, , Project: ProjectReference(file:/Users/ryanmccormack/Documents/thunderdome/,root), Config: compile)))
Sending msg to client play-fork-run-bb5ec5bc-5de9-43f4-b17d-4a0659be1b2e: BackgroundJobStarted(141,BackgroundJobInfo(10,backgroundRun,AttributeKey[sbt.BackgroundJobHandle]("backgroundRun") in Scope(Build: file:/Users/ryanmccormack/Documents/thunderdome/, , Project: ProjectReference(file:/Users/ryanmccormack/Documents/thunderdome/,root), Config: compile)))
Sending msg to client play-fork-run-bb5ec5bc-5de9-43f4-b17d-4a0659be1b2e: (4,ReceivedResponse())
Got request: KeyLookupRequest(root/playForkConfig)
Reading next message from client.
Sending msg to client play-fork-run-bb5ec5bc-5de9-43f4-b17d-4a0659be1b2e: (5,KeyLookupResponse(root/playForkConfig,Vector(AttributeKey[play.forkrun.protocol.ForkConfig]("playForkConfig") in Scope(Build: file:/Users/ryanmccormack/Documents/thunderdome/, , Project: ProjectReference(file:/Users/ryanmccormack/Documents/thunderdome/,root)))))
Got request: ListenToValue(AttributeKey[play.forkrun.protocol.ForkConfig]("playForkConfig") in Scope(Build: file:/Users/ryanmccormack/Documents/thunderdome/, , Project: ProjectReference(file:/Users/ryanmccormack/Documents/thunderdome/,root)))
Reading next message from client.
Sending msg to client play-fork-run-bb5ec5bc-5de9-43f4-b17d-4a0659be1b2e: (6,ReceivedResponse())
Got request: KeyExecutionRequest(AttributeKey[play.forkrun.protocol.ForkConfig]("playForkConfig") in Scope(Build: file:/Users/ryanmccormack/Documents/thunderdome/, , Project: ProjectReference(file:/Users/ryanmccormack/Documents/thunderdome/,root)))
Reading next message from client.
Sending msg to client play-fork-run-bb5ec5bc-5de9-43f4-b17d-4a0659be1b2e: (7,ExecutionRequestReceived(148))
Sending msg to client play-fork-run-bb5ec5bc-5de9-43f4-b17d-4a0659be1b2e: ExecutionWaiting(148,{file:/Users/ryanmccormack/Documents/thunderdome/}root/*:playForkConfig,ClientInfo(bb5ec5bc-5de9-43f4-b17d-4a0659be1b2e,play-fork-run,Play Fork Run,1,Vector()))
Sending msg to client play-fork-run-bb5ec5bc-5de9-43f4-b17d-4a0659be1b2e: ExecutionStarting(148)
Sending msg to client play-fork-run-bb5ec5bc-5de9-43f4-b17d-4a0659be1b2e: DetachedLogEvent(LogMessage(debug,> {file:/Users/ryanmccormack/Documents/thunderdome/}root/*:playForkConfig))
Sending msg to client play-fork-run-bb5ec5bc-5de9-43f4-b17d-4a0659be1b2e: DetachedLogEvent(LogMessage(debug,Evaluating tasks: *:playForkConfig))
Sending msg to client play-fork-run-bb5ec5bc-5de9-43f4-b17d-4a0659be1b2e: DetachedLogEvent(LogMessage(debug,Running task... Cancel: sbt.server.ServerTaskCancellation@1c0786cf, check cycles: false))
Sending msg to client play-fork-run-bb5ec5bc-5de9-43f4-b17d-4a0659be1b2e: DetachedLogEvent(LogMessage(debug,cancel strategy start enabled=true lastCommand=Some(LastCommand(CommandExecutionWork(ExecutionId(148),{file:/Users/ryanmccormack/Documents/thunderdome/}root/*:playForkConfig,Set(LiveClient(play-fork-run bb5ec5bc-5de9-43f4-b17d-4a0659be1b2e)),sbt.server.WorkCancellationStatus$$anon$1@40dacfc0)))))
Sending msg to client play-fork-run-bb5ec5bc-5de9-43f4-b17d-4a0659be1b2e: TaskStarted(148,16826,None)
Sending msg to client play-fork-run-bb5ec5bc-5de9-43f4-b17d-4a0659be1b2e: TaskStarted(148,16828,None)
Sending msg to client play-fork-run-bb5ec5bc-5de9-43f4-b17d-4a0659be1b2e: TaskStarted(148,16829,Some(AttributeKey[java.lang.String]("updateCacheName") in Scope(Build: file:/Users/ryanmccormack/Documents/thunderdome/, , Project: ProjectReference(file:/Users/ryanmccormack/Documents/thunderdome/,root))))
Sending msg to client play-fork-run-bb5ec5bc-5de9-43f4-b17d-4a0659be1b2e: TaskStarted(148,16831,None)
Sending msg to client play-fork-run-bb5ec5bc-5de9-43f4-b17d-4a0659be1b2e: TaskStarted(148,16832,Some(AttributeKey[boolean]("skip") in Scope(Global)))
Sending msg to client play-fork-run-bb5ec5bc-5de9-43f4-b17d-4a0659be1b2e: TaskStarted(148,16834,None)
Sending msg to client play-fork-run-bb5ec5bc-5de9-43f4-b17d-4a0659be1b2e: TaskStarted(148,16835,None)
Sending msg to client play-fork-run-bb5ec5bc-5de9-43f4-b17d-4a0659be1b2e: TaskStarted(148,16847,Some(AttributeKey[scala.collection.Seq[sbt.Resolver]]("externalResolvers") in Scope(Build: file:/Users/ryanmccormack/Documents/thunderdome/, , Project: ProjectReference(file:/Users/ryanmccormack/Documents/thunderdome/,root))))
Sending msg to client play-fork-run-bb5ec5bc-5de9-43f4-b17d-4a0659be1b2e: TaskStarted(148,16851,Some(AttributeKey[scala.Option[scala.collection.Seq[sbt.Resolver]]]("bootResolvers") in Scope(Build: file:/Users/ryanmccormack/Documents/thunderdome/, , Project: ProjectReference(file:/Users/ryanmccormack/Documents/thunderdome/,root))))
Sending msg to client play-fork-run-bb5ec5bc-5de9-43f4-b17d-4a0659be1b2e: TaskStarted(148,16852,Some(AttributeKey[scala.collection.Seq[sbt.Credentials]]("credentials") in Scope(Global)))
Sending msg to client play-fork-run-bb5ec5bc-5de9-43f4-b17d-4a0659be1b2e: TaskStarted(148,16854,None)
Sending msg to client play-fork-run-bb5ec5bc-5de9-43f4-b17d-4a0659be1b2e: TaskStarted(148,16859,Some(AttributeKey[scala.Tuple2[java.lang.String,java.io.File]]("playPrefixAndAssets") in Scope(Build: file:/Users/ryanmccormack/Documents/thunderdome/, , Project: ProjectReference(file:/Users/ryanmccormack/Documents/thunderdome/,root))))
Sending msg to client play-fork-run-bb5ec5bc-5de9-43f4-b17d-4a0659be1b2e: TaskStarted(148,16861,Some(AttributeKey[scala.collection.Seq[java.lang.String]]("javaOptions") in Scope(Global)))
Sending msg to client play-fork-run-bb5ec5bc-5de9-43f4-b17d-4a0659be1b2e: TaskStarted(148,16862,Some(AttributeKey[scala.Option[java.lang.String]]("mainClass") in Scope(Build: file:/Users/ryanmccormack/Documents/thunderdome/, , Project: ProjectReference(file:/Users/ryanmccormack/Documents/thunderdome/,root), Config: compile, Task: AttributeKey[void]("run"))))
Sending msg to client play-fork-run-bb5ec5bc-5de9-43f4-b17d-4a0659be1b2e: TaskStarted(148,16864,None)
Sending msg to client play-fork-run-bb5ec5bc-5de9-43f4-b17d-4a0659be1b2e: TaskStarted(148,16877,None)
Sending msg to client play-fork-run-bb5ec5bc-5de9-43f4-b17d-4a0659be1b2e: TaskFinished(148,16826,None,true,None)
Sending msg to client play-fork-run-bb5ec5bc-5de9-43f4-b17d-4a0659be1b2e: TaskStarted(148,16825,None)
Sending msg to client play-fork-run-bb5ec5bc-5de9-43f4-b17d-4a0659be1b2e: TaskStarted(148,16843,None)
Sending msg to client play-fork-run-bb5ec5bc-5de9-43f4-b17d-4a0659be1b2e: TaskStarted(148,16845,None)
Sending msg to client play-fork-run-bb5ec5bc-5de9-43f4-b17d-4a0659be1b2e: TaskStarted(148,16850,None)
Sending msg to client play-fork-run-bb5ec5bc-5de9-43f4-b17d-4a0659be1b2e: TaskStarted(148,16857,None)
Sending msg to client play-fork-run-bb5ec5bc-5de9-43f4-b17d-4a0659be1b2e: TaskStarted(148,16866,None)
Sending msg to client play-fork-run-bb5ec5bc-5de9-43f4-b17d-4a0659be1b2e: TaskStarted(148,16869,None)
Sending msg to client play-fork-run-bb5ec5bc-5de9-43f4-b17d-4a0659be1b2e: TaskStarted(148,16872,None)
Sending msg to client play-fork-run-bb5ec5bc-5de9-43f4-b17d-4a0659be1b2e: TaskFinished(148,16832,Some(AttributeKey[boolean]("skip") in Scope(Global)),true,None)
Sending msg to client play-fork-run-bb5ec5bc-5de9-43f4-b17d-4a0659be1b2e: TaskFinished(148,16829,Some(AttributeKey[java.lang.String]("updateCacheName") in Scope(Build: file:/Users/ryanmccormack/Documents/thunderdome/, , Project: ProjectReference(file:/Users/ryanmccormack/Documents/thunderdome/,root))),true,None)
Sending msg to client play-fork-run-bb5ec5bc-5de9-43f4-b17d-4a0659be1b2e: TaskFinished(148,16831,None,true,None)
Sending msg to client play-fork-run-bb5ec5bc-5de9-43f4-b17d-4a0659be1b2e: TaskStarted(148,16830,Some(AttributeKey[java.io.File]("dependencyCacheDirectory") in Scope(Build: file:/Users/ryanmccormack/Documents/thunderdome/, , Project: ProjectReference(file:/Users/ryanmccormack/Documents/thunderdome/,root))))
Sending msg to client play-fork-run-bb5ec5bc-5de9-43f4-b17d-4a0659be1b2e: TaskStarted(148,16841,Some(AttributeKey[sbt.BuildStructure]("buildStructure") in Scope(Global)))
Sending msg to client play-fork-run-bb5ec5bc-5de9-43f4-b17d-4a0659be1b2e: TaskFinished(148,16834,None,true,None)
Sending msg to client play-fork-run-bb5ec5bc-5de9-43f4-b17d-4a0659be1b2e: TaskFinished(148,16835,None,true,None)
Sending msg to client play-fork-run-bb5ec5bc-5de9-43f4-b17d-4a0659be1b2e: TaskStarted(148,16833,Some(AttributeKey[scala.collection.Seq[sbt.UpdateReport]]("transitiveUpdate") in Scope(Build: file:/Users/ryanmccormack/Documents/thunderdome/, , Project: ProjectReference(file:/Users/ryanmccormack/Documents/thunderdome/,root))))
Sending msg to client play-fork-run-bb5ec5bc-5de9-43f4-b17d-4a0659be1b2e: TaskFinished(148,16828,None,true,None)
Sending msg to client play-fork-run-bb5ec5bc-5de9-43f4-b17d-4a0659be1b2e: TaskFinished(148,16847,Some(AttributeKey[scala.collection.Seq[sbt.Resolver]]("externalResolvers") in Scope(Build: file:/Users/ryanmccormack/Documents/thunderdome/, , Project: ProjectReference(file:/Users/ryanmccormack/Documents/thunderdome/,root))),true,None)
Sending msg to client play-fork-run-bb5ec5bc-5de9-43f4-b17d-4a0659be1b2e: TaskFinished(148,16851,Some(AttributeKey[scala.Option[scala.collection.Seq[sbt.Resolver]]]("bootResolvers") in Scope(Build: file:/Users/ryanmccormack/Documents/thunderdome/, , Project: ProjectReference(file:/Users/ryanmccormack/Documents/thunderdome/,root))),true,None)
Sending msg to client play-fork-run-bb5ec5bc-5de9-43f4-b17d-4a0659be1b2e: TaskFinished(148,16852,Some(AttributeKey[scala.collection.Seq[sbt.Credentials]]("credentials") in Scope(Global)),true,None)
Sending msg to client play-fork-run-bb5ec5bc-5de9-43f4-b17d-4a0659be1b2e: TaskFinished(148,16854,None,true,None)
Sending msg to client play-fork-run-bb5ec5bc-5de9-43f4-b17d-4a0659be1b2e: TaskFinished(148,16859,Some(AttributeKey[scala.Tuple2[java.lang.String,java.io.File]]("playPrefixAndAssets") in Scope(Build: file:/Users/ryanmccormack/Documents/thunderdome/, , Project: ProjectReference(file:/Users/ryanmccormack/Documents/thunderdome/,root))),true,None)
Sending msg to client play-fork-run-bb5ec5bc-5de9-43f4-b17d-4a0659be1b2e: TaskStarted(148,16858,Some(AttributeKey[scala.collection.Seq[scala.Tuple2[java.lang.String,java.io.File]]]("playAllAssets") in Scope(Build: file:/Users/ryanmccormack/Documents/thunderdome/, , Project: ProjectReference(file:/Users/ryanmccormack/Documents/thunderdome/,root))))
Sending msg to client play-fork-run-bb5ec5bc-5de9-43f4-b17d-4a0659be1b2e: TaskFinished(148,16861,Some(AttributeKey[scala.collection.Seq[java.lang.String]]("javaOptions") in Scope(Global)),true,None)
Sending msg to client play-fork-run-bb5ec5bc-5de9-43f4-b17d-4a0659be1b2e: TaskFinished(148,16862,Some(AttributeKey[scala.Option[java.lang.String]]("mainClass") in Scope(Build: file:/Users/ryanmccormack/Documents/thunderdome/, , Project: ProjectReference(file:/Users/ryanmccormack/Documents/thunderdome/,root), Config: compile, Task: AttributeKey[void]("run"))),true,None)
Sending msg to client play-fork-run-bb5ec5bc-5de9-43f4-b17d-4a0659be1b2e: TaskFinished(148,16864,None,true,None)
Sending msg to client play-fork-run-bb5ec5bc-5de9-43f4-b17d-4a0659be1b2e: TaskFinished(148,16877,None,true,None)
Sending msg to client play-fork-run-bb5ec5bc-5de9-43f4-b17d-4a0659be1b2e: TaskFinished(148,16825,None,true,None)
Sending msg to client play-fork-run-bb5ec5bc-5de9-43f4-b17d-4a0659be1b2e: TaskFinished(148,16843,None,true,None)
Sending msg to client play-fork-run-bb5ec5bc-5de9-43f4-b17d-4a0659be1b2e: TaskFinished(148,16845,None,true,None)
Sending msg to client play-fork-run-bb5ec5bc-5de9-43f4-b17d-4a0659be1b2e: TaskFinished(148,16866,None,true,None)
Sending msg to client play-fork-run-bb5ec5bc-5de9-43f4-b17d-4a0659be1b2e: TaskFinished(148,16850,None,true,None)
Sending msg to client play-fork-run-bb5ec5bc-5de9-43f4-b17d-4a0659be1b2e: TaskFinished(148,16869,None,true,None)
Sending msg to client play-fork-run-bb5ec5bc-5de9-43f4-b17d-4a0659be1b2e: TaskFinished(148,16872,None,true,None)
Sending msg to client play-fork-run-bb5ec5bc-5de9-43f4-b17d-4a0659be1b2e: TaskFinished(148,16857,None,true,None)
Sending msg to client play-fork-run-bb5ec5bc-5de9-43f4-b17d-4a0659be1b2e: TaskStarted(148,16856,Some(AttributeKey[scala.collection.immutable.Map[sbt.ModuleID,sbt.SourcePosition]]("dependencyPositions") in Scope(Build: file:/Users/ryanmccormack/Documents/thunderdome/, , Project: ProjectReference(file:/Users/ryanmccormack/Documents/thunderdome/,root))))
Sending msg to client play-fork-run-bb5ec5bc-5de9-43f4-b17d-4a0659be1b2e: TaskFinished(148,16830,Some(AttributeKey[java.io.File]("dependencyCacheDirectory") in Scope(Build: file:/Users/ryanmccormack/Documents/thunderdome/, , Project: ProjectReference(file:/Users/ryanmccormack/Documents/thunderdome/,root))),true,None)
Sending msg to client play-fork-run-bb5ec5bc-5de9-43f4-b17d-4a0659be1b2e: TaskFinished(148,16841,Some(AttributeKey[sbt.BuildStructure]("buildStructure") in Scope(Global)),true,None)
Sending msg to client play-fork-run-bb5ec5bc-5de9-43f4-b17d-4a0659be1b2e: TaskStarted(148,16840,Some(AttributeKey[sbt.Settings[sbt.Scope]]("settingsData") in Scope(Global)))
Sending msg to client play-fork-run-bb5ec5bc-5de9-43f4-b17d-4a0659be1b2e: TaskFinished(148,16833,Some(AttributeKey[scala.collection.Seq[sbt.UpdateReport]]("transitiveUpdate") in Scope(Build: file:/Users/ryanmccormack/Documents/thunderdome/, , Project: ProjectReference(file:/Users/ryanmccormack/Documents/thunderdome/,root))),true,None)
Sending msg to client play-fork-run-bb5ec5bc-5de9-43f4-b17d-4a0659be1b2e: TaskFinished(148,16858,Some(AttributeKey[scala.collection.Seq[scala.Tuple2[java.lang.String,java.io.File]]]("playAllAssets") in Scope(Build: file:/Users/ryanmccormack/Documents/thunderdome/, , Project: ProjectReference(file:/Users/ryanmccormack/Documents/thunderdome/,root))),true,None)
Sending msg to client play-fork-run-bb5ec5bc-5de9-43f4-b17d-4a0659be1b2e: TaskFinished(148,16840,Some(AttributeKey[sbt.Settings[sbt.Scope]]("settingsData") in Scope(Global)),true,None)
Sending msg to client play-fork-run-bb5ec5bc-5de9-43f4-b17d-4a0659be1b2e: TaskStarted(148,16839,Some(AttributeKey[scala.collection.Seq[sbt.ModuleID]]("projectDependencies") in Scope(Build: file:/Users/ryanmccormack/Documents/thunderdome/, , Project: ProjectReference(file:/Users/ryanmccormack/Documents/thunderdome/,root))))
Sending msg to client play-fork-run-bb5ec5bc-5de9-43f4-b17d-4a0659be1b2e: TaskStarted(148,16849,Some(AttributeKey[scala.collection.immutable.Map[org.apache.ivy.core.module.id.ModuleRevisionId,org.apache.ivy.core.module.descriptor.ModuleDescriptor]]("projectDescriptors") in Scope(Build: file:/Users/ryanmccormack/Documents/thunderdome/, , Project: ProjectReference(file:/Users/ryanmccormack/Documents/thunderdome/,root))))
Sending msg to client play-fork-run-bb5ec5bc-5de9-43f4-b17d-4a0659be1b2e: TaskStarted(148,16853,None)
Sending msg to client play-fork-run-bb5ec5bc-5de9-43f4-b17d-4a0659be1b2e: TaskStarted(148,16863,Some(AttributeKey[scala.collection.Seq[java.io.File]]("playMonitoredFiles") in Scope(Build: file:/Users/ryanmccormack/Documents/thunderdome/, , Project: ProjectReference(file:/Users/ryanmccormack/Documents/thunderdome/,root))))
Sending msg to client play-fork-run-bb5ec5bc-5de9-43f4-b17d-4a0659be1b2e: TaskStarted(148,16870,None)
Sending msg to client play-fork-run-bb5ec5bc-5de9-43f4-b17d-4a0659be1b2e: TaskFinished(148,16856,Some(AttributeKey[scala.collection.immutable.Map[sbt.ModuleID,sbt.SourcePosition]]("dependencyPositions") in Scope(Build: file:/Users/ryanmccormack/Documents/thunderdome/, , Project: ProjectReference(file:/Users/ryanmccormack/Documents/thunderdome/,root))),true,None)
Sending msg to client play-fork-run-bb5ec5bc-5de9-43f4-b17d-4a0659be1b2e: TaskStarted(148,16855,Some(AttributeKey[sbt.UnresolvedWarningConfiguration]("unresolvedWarningConfiguration") in Scope(Build: file:/Users/ryanmccormack/Documents/thunderdome/, , Project: ProjectReference(file:/Users/ryanmccormack/Documents/thunderdome/,root), Task: AttributeKey[sbt.UpdateReport]("update"))))
Sending msg to client play-fork-run-bb5ec5bc-5de9-43f4-b17d-4a0659be1b2e: TaskFinished(148,16839,Some(AttributeKey[scala.collection.Seq[sbt.ModuleID]]("projectDependencies") in Scope(Build: file:/Users/ryanmccormack/Documents/thunderdome/, , Project: ProjectReference(file:/Users/ryanmccormack/Documents/thunderdome/,root))),true,None)
Sending msg to client play-fork-run-bb5ec5bc-5de9-43f4-b17d-4a0659be1b2e: TaskStarted(148,16838,Some(AttributeKey[scala.collection.Seq[sbt.ModuleID]]("allDependencies") in Scope(Build: file:/Users/ryanmccormack/Documents/thunderdome/, , Project: ProjectReference(file:/Users/ryanmccormack/Documents/thunderdome/,root))))
Sending msg to client play-fork-run-bb5ec5bc-5de9-43f4-b17d-4a0659be1b2e: TaskStarted(148,16879,None)
Sending msg to client play-fork-run-bb5ec5bc-5de9-43f4-b17d-4a0659be1b2e: TaskStarted(148,16880,None)
Sending msg to client play-fork-run-bb5ec5bc-5de9-43f4-b17d-4a0659be1b2e: TaskStarted(148,16885,None)
Sending msg to client play-fork-run-bb5ec5bc-5de9-43f4-b17d-4a0659be1b2e: TaskStarted(148,16886,None)
Sending msg to client play-fork-run-bb5ec5bc-5de9-43f4-b17d-4a0659be1b2e: TaskStarted(148,16888,None)
Sending msg to client play-fork-run-bb5ec5bc-5de9-43f4-b17d-4a0659be1b2e: TaskStarted(148,16890,None)
Sending msg to client play-fork-run-bb5ec5bc-5de9-43f4-b17d-4a0659be1b2e: TaskStarted(148,16891,None)
Sending msg to client play-fork-run-bb5ec5bc-5de9-43f4-b17d-4a0659be1b2e: TaskFinished(148,16855,Some(AttributeKey[sbt.UnresolvedWarningConfiguration]("unresolvedWarningConfiguration") in Scope(Build: file:/Users/ryanmccormack/Documents/thunderdome/, , Project: ProjectReference(file:/Users/ryanmccormack/Documents/thunderdome/,root), Task: AttributeKey[sbt.UpdateReport]("update"))),true,None)
Sending msg to client play-fork-run-bb5ec5bc-5de9-43f4-b17d-4a0659be1b2e: TaskFinished(148,16838,Some(AttributeKey[scala.collection.Seq[sbt.ModuleID]]("allDependencies") in Scope(Build: file:/Users/ryanmccormack/Documents/thunderdome/, , Project: ProjectReference(file:/Users/ryanmccormack/Documents/thunderdome/,root))),true,None)
Sending msg to client play-fork-run-bb5ec5bc-5de9-43f4-b17d-4a0659be1b2e: TaskStarted(148,16837,Some(AttributeKey[sbt.ModuleSettings]("moduleSettings") in Scope(Build: file:/Users/ryanmccormack/Documents/thunderdome/, , Project: ProjectReference(file:/Users/ryanmccormack/Documents/thunderdome/,root))))
Sending msg to client play-fork-run-bb5ec5bc-5de9-43f4-b17d-4a0659be1b2e: TaskFinished(148,16879,None,true,None)
Sending msg to client play-fork-run-bb5ec5bc-5de9-43f4-b17d-4a0659be1b2e: TaskStarted(148,16878,None)
Sending msg to client play-fork-run-bb5ec5bc-5de9-43f4-b17d-4a0659be1b2e: TaskFinished(148,16880,None,true,None)
Sending msg to client play-fork-run-bb5ec5bc-5de9-43f4-b17d-4a0659be1b2e: TaskFinished(148,16853,None,true,None)
Sending msg to client play-fork-run-bb5ec5bc-5de9-43f4-b17d-4a0659be1b2e: TaskFinished(148,16886,None,true,None)
Sending msg to client play-fork-run-bb5ec5bc-5de9-43f4-b17d-4a0659be1b2e: TaskFinished(148,16885,None,true,None)
Sending msg to client play-fork-run-bb5ec5bc-5de9-43f4-b17d-4a0659be1b2e: TaskStarted(148,16884,Some(AttributeKey[scala.collection.Seq[sbt.Attributed[java.io.File]]]("unmanagedJars") in Scope(Build: file:/Users/ryanmccormack/Documents/thunderdome/, , Project: ProjectReference(file:/Users/ryanmccormack/Documents/thunderdome/,root), Config: compile)))
Sending msg to client play-fork-run-bb5ec5bc-5de9-43f4-b17d-4a0659be1b2e: TaskFinished(148,16888,None,true,None)
Sending msg to client play-fork-run-bb5ec5bc-5de9-43f4-b17d-4a0659be1b2e: TaskStarted(148,16887,None)
Sending msg to client play-fork-run-bb5ec5bc-5de9-43f4-b17d-4a0659be1b2e: TaskFinished(148,16891,None,true,None)
Sending msg to client play-fork-run-bb5ec5bc-5de9-43f4-b17d-4a0659be1b2e: TaskFinished(148,16837,Some(AttributeKey[sbt.ModuleSettings]("moduleSettings") in Scope(Build: file:/Users/ryanmccormack/Documents/thunderdome/, , Project: ProjectReference(file:/Users/ryanmccormack/Documents/thunderdome/,root))),true,None)
Sending msg to client play-fork-run-bb5ec5bc-5de9-43f4-b17d-4a0659be1b2e: TaskFinished(148,16890,None,true,None)
Sending msg to client play-fork-run-bb5ec5bc-5de9-43f4-b17d-4a0659be1b2e: TaskStarted(148,16889,Some(AttributeKey[scala.collection.Seq[sbt.Attributed[java.io.File]]]("unmanagedJars") in Scope(Build: file:/Users/ryanmccormack/Documents/thunderdome/, , Project: ProjectReference(file:/Users/ryanmccormack/Documents/thunderdome/,root), Config: runtime)))
Sending msg to client play-fork-run-bb5ec5bc-5de9-43f4-b17d-4a0659be1b2e: TaskFinished(148,16878,None,true,None)
Sending msg to client play-fork-run-bb5ec5bc-5de9-43f4-b17d-4a0659be1b2e: TaskFinished(148,16849,Some(AttributeKey[scala.collection.immutable.Map[org.apache.ivy.core.module.id.ModuleRevisionId,org.apache.ivy.core.module.descriptor.ModuleDescriptor]]("projectDescriptors") in Scope(Build: file:/Users/ryanmccormack/Documents/thunderdome/, , Project: ProjectReference(file:/Users/ryanmccormack/Documents/thunderdome/,root))),true,None)
Sending msg to client play-fork-run-bb5ec5bc-5de9-43f4-b17d-4a0659be1b2e: TaskStarted(148,16848,Some(AttributeKey[sbt.Resolver]("projectResolver") in Scope(Build: file:/Users/ryanmccormack/Documents/thunderdome/, , Project: ProjectReference(file:/Users/ryanmccormack/Documents/thunderdome/,root))))
Sending msg to client play-fork-run-bb5ec5bc-5de9-43f4-b17d-4a0659be1b2e: TaskStarted(148,16892,None)
Sending msg to client play-fork-run-bb5ec5bc-5de9-43f4-b17d-4a0659be1b2e: TaskFinished(148,16884,Some(AttributeKey[scala.collection.Seq[sbt.Attributed[java.io.File]]]("unmanagedJars") in Scope(Build: file:/Users/ryanmccormack/Documents/thunderdome/, , Project: ProjectReference(file:/Users/ryanmccormack/Documents/thunderdome/,root), Config: compile)),true,None)
Sending msg to client play-fork-run-bb5ec5bc-5de9-43f4-b17d-4a0659be1b2e: TaskFinished(148,16848,Some(AttributeKey[sbt.Resolver]("projectResolver") in Scope(Build: file:/Users/ryanmccormack/Documents/thunderdome/, , Project: ProjectReference(file:/Users/ryanmccormack/Documents/thunderdome/,root))),true,None)
Sending msg to client play-fork-run-bb5ec5bc-5de9-43f4-b17d-4a0659be1b2e: TaskStarted(148,16846,Some(AttributeKey[scala.collection.Seq[sbt.Resolver]]("fullResolvers") in Scope(Build: file:/Users/ryanmccormack/Documents/thunderdome/, , Project: ProjectReference(file:/Users/ryanmccormack/Documents/thunderdome/,root))))
Sending msg to client play-fork-run-bb5ec5bc-5de9-43f4-b17d-4a0659be1b2e: TaskFinished(148,16889,Some(AttributeKey[scala.collection.Seq[sbt.Attributed[java.io.File]]]("unmanagedJars") in Scope(Build: file:/Users/ryanmccormack/Documents/thunderdome/, , Project: ProjectReference(file:/Users/ryanmccormack/Documents/thunderdome/,root), Config: runtime)),true,None)
Sending msg to client play-fork-run-bb5ec5bc-5de9-43f4-b17d-4a0659be1b2e: TaskFinished(148,16892,None,true,None)
Sending msg to client play-fork-run-bb5ec5bc-5de9-43f4-b17d-4a0659be1b2e: TaskFinished(148,16887,None,true,None)
Sending msg to client play-fork-run-bb5ec5bc-5de9-43f4-b17d-4a0659be1b2e: TaskStarted(148,16883,Some(AttributeKey[scala.collection.Seq[sbt.Attributed[java.io.File]]]("unmanagedJars") in Scope(Build: file:/Users/ryanmccormack/Documents/thunderdome/, , Project: ProjectReference(file:/Users/ryanmccormack/Documents/thunderdome/,root), Config: compile)))
Sending msg to client play-fork-run-bb5ec5bc-5de9-43f4-b17d-4a0659be1b2e: TaskFinished(148,16846,Some(AttributeKey[scala.collection.Seq[sbt.Resolver]]("fullResolvers") in Scope(Build: file:/Users/ryanmccormack/Documents/thunderdome/, , Project: ProjectReference(file:/Users/ryanmccormack/Documents/thunderdome/,root))),true,None)
Sending msg to client play-fork-run-bb5ec5bc-5de9-43f4-b17d-4a0659be1b2e: TaskStarted(148,16844,Some(AttributeKey[sbt.IvyConfiguration]("ivyConfiguration") in Scope(Build: file:/Users/ryanmccormack/Documents/thunderdome/, , Project: ProjectReference(file:/Users/ryanmccormack/Documents/thunderdome/,root))))
Sending msg to client play-fork-run-bb5ec5bc-5de9-43f4-b17d-4a0659be1b2e: TaskStarted(148,16893,None)
Sending msg to client play-fork-run-bb5ec5bc-5de9-43f4-b17d-4a0659be1b2e: TaskFinished(148,16883,Some(AttributeKey[scala.collection.Seq[sbt.Attributed[java.io.File]]]("unmanagedJars") in Scope(Build: file:/Users/ryanmccormack/Documents/thunderdome/, , Project: ProjectReference(file:/Users/ryanmccormack/Documents/thunderdome/,root), Config: compile)),true,None)
Sending msg to client play-fork-run-bb5ec5bc-5de9-43f4-b17d-4a0659be1b2e: TaskStarted(148,16882,None)
Sending msg to client play-fork-run-bb5ec5bc-5de9-43f4-b17d-4a0659be1b2e: TaskFinished(148,16844,Some(AttributeKey[sbt.IvyConfiguration]("ivyConfiguration") in Scope(Build: file:/Users/ryanmccormack/Documents/thunderdome/, , Project: ProjectReference(file:/Users/ryanmccormack/Documents/thunderdome/,root))),true,None)
Sending msg to client play-fork-run-bb5ec5bc-5de9-43f4-b17d-4a0659be1b2e: TaskStarted(148,16842,Some(AttributeKey[sbt.IvySbt]("ivySbt") in Scope(Build: file:/Users/ryanmccormack/Documents/thunderdome/, , Project: ProjectReference(file:/Users/ryanmccormack/Documents/thunderdome/,root))))
Sending msg to client play-fork-run-bb5ec5bc-5de9-43f4-b17d-4a0659be1b2e: TaskFinished(148,16893,None,true,None)
Sending msg to client play-fork-run-bb5ec5bc-5de9-43f4-b17d-4a0659be1b2e: TaskFinished(148,16863,Some(AttributeKey[scala.collection.Seq[java.io.File]]("playMonitoredFiles") in Scope(Build: file:/Users/ryanmccormack/Documents/thunderdome/, , Project: ProjectReference(file:/Users/ryanmccormack/Documents/thunderdome/,root))),true,None)
Sending msg to client play-fork-run-bb5ec5bc-5de9-43f4-b17d-4a0659be1b2e: TaskFinished(148,16882,None,true,None)
Sending msg to client play-fork-run-bb5ec5bc-5de9-43f4-b17d-4a0659be1b2e: TaskStarted(148,16881,None)
Sending msg to client play-fork-run-bb5ec5bc-5de9-43f4-b17d-4a0659be1b2e: TaskFinished(148,16842,Some(AttributeKey[sbt.IvySbt]("ivySbt") in Scope(Build: file:/Users/ryanmccormack/Documents/thunderdome/, , Project: ProjectReference(file:/Users/ryanmccormack/Documents/thunderdome/,root))),true,None)
Sending msg to client play-fork-run-bb5ec5bc-5de9-43f4-b17d-4a0659be1b2e: TaskStarted(148,16836,Some(AttributeKey[sbt.IvySbt$Module]("ivyModule") in Scope(Build: file:/Users/ryanmccormack/Documents/thunderdome/, , Project: ProjectReference(file:/Users/ryanmccormack/Documents/thunderdome/,root))))
Sending msg to client play-fork-run-bb5ec5bc-5de9-43f4-b17d-4a0659be1b2e: TaskFinished(148,16881,None,true,None)
Sending msg to client play-fork-run-bb5ec5bc-5de9-43f4-b17d-4a0659be1b2e: TaskFinished(148,16870,None,true,None)
Sending msg to client play-fork-run-bb5ec5bc-5de9-43f4-b17d-4a0659be1b2e: TaskStarted(148,16868,Some(AttributeKey[scala.collection.Seq[sbt.Attributed[java.io.File]]]("unmanagedClasspath") in Scope(Build: file:/Users/ryanmccormack/Documents/thunderdome/, , Project: ProjectReference(file:/Users/ryanmccormack/Documents/thunderdome/,root), Config: runtime)))
Sending msg to client play-fork-run-bb5ec5bc-5de9-43f4-b17d-4a0659be1b2e: TaskFinished(148,16836,Some(AttributeKey[sbt.IvySbt$Module]("ivyModule") in Scope(Build: file:/Users/ryanmccormack/Documents/thunderdome/, , Project: ProjectReference(file:/Users/ryanmccormack/Documents/thunderdome/,root))),true,None)
Sending msg to client play-fork-run-bb5ec5bc-5de9-43f4-b17d-4a0659be1b2e: TaskStarted(148,16827,Some(AttributeKey[sbt.UpdateReport]("update") in Scope(Build: file:/Users/ryanmccormack/Documents/thunderdome/, , Project: ProjectReference(file:/Users/ryanmccormack/Documents/thunderdome/,root))))
Sending msg to client play-fork-run-bb5ec5bc-5de9-43f4-b17d-4a0659be1b2e: TaskFinished(148,16868,Some(AttributeKey[scala.collection.Seq[sbt.Attributed[java.io.File]]]("unmanagedClasspath") in Scope(Build: file:/Users/ryanmccormack/Documents/thunderdome/, , Project: ProjectReference(file:/Users/ryanmccormack/Documents/thunderdome/,root), Config: runtime)),true,None)
Sending msg to client play-fork-run-bb5ec5bc-5de9-43f4-b17d-4a0659be1b2e: TaskFinished(148,16827,Some(AttributeKey[sbt.UpdateReport]("update") in Scope(Build: file:/Users/ryanmccormack/Documents/thunderdome/, , Project: ProjectReference(file:/Users/ryanmccormack/Documents/thunderdome/,root))),true,None)
Sending msg to client play-fork-run-bb5ec5bc-5de9-43f4-b17d-4a0659be1b2e: TaskStarted(148,16824,Some(AttributeKey[sbt.UpdateReport]("update") in Scope(Build: file:/Users/ryanmccormack/Documents/thunderdome/, , Project: ProjectReference(file:/Users/ryanmccormack/Documents/thunderdome/,root))))
Sending msg to client play-fork-run-bb5ec5bc-5de9-43f4-b17d-4a0659be1b2e: TaskFinished(148,16824,Some(AttributeKey[sbt.UpdateReport]("update") in Scope(Build: file:/Users/ryanmccormack/Documents/thunderdome/, , Project: ProjectReference(file:/Users/ryanmccormack/Documents/thunderdome/,root))),true,None)
Sending msg to client play-fork-run-bb5ec5bc-5de9-43f4-b17d-4a0659be1b2e: TaskStarted(148,16823,Some(AttributeKey[scala.collection.Seq[sbt.Attributed[java.io.File]]]("managedClasspath") in Scope(Build: file:/Users/ryanmccormack/Documents/thunderdome/, , Project: ProjectReference(file:/Users/ryanmccormack/Documents/thunderdome/,root), Config: docs)))
Sending msg to client play-fork-run-bb5ec5bc-5de9-43f4-b17d-4a0659be1b2e: TaskStarted(148,16876,Some(AttributeKey[sbt.Configuration]("classpathConfiguration") in Scope(Build: file:/Users/ryanmccormack/Documents/thunderdome/, , Project: ProjectReference(file:/Users/ryanmccormack/Documents/thunderdome/,root), Config: compile)))
Sending msg to client play-fork-run-bb5ec5bc-5de9-43f4-b17d-4a0659be1b2e: TaskFinished(148,16876,Some(AttributeKey[sbt.Configuration]("classpathConfiguration") in Scope(Build: file:/Users/ryanmccormack/Documents/thunderdome/, , Project: ProjectReference(file:/Users/ryanmccormack/Documents/thunderdome/,root), Config: compile)),true,None)
Sending msg to client play-fork-run-bb5ec5bc-5de9-43f4-b17d-4a0659be1b2e: TaskStarted(148,16875,None)
Sending msg to client play-fork-run-bb5ec5bc-5de9-43f4-b17d-4a0659be1b2e: TaskFinished(148,16875,None,true,None)
Sending msg to client play-fork-run-bb5ec5bc-5de9-43f4-b17d-4a0659be1b2e: TaskStarted(148,16874,Some(AttributeKey[sbt.Configuration]("classpathConfiguration") in Scope(Build: file:/Users/ryanmccormack/Documents/thunderdome/, , Project: ProjectReference(file:/Users/ryanmccormack/Documents/thunderdome/,root), Config: runtime)))
Sending msg to client play-fork-run-bb5ec5bc-5de9-43f4-b17d-4a0659be1b2e: TaskFinished(148,16874,Some(AttributeKey[sbt.Configuration]("classpathConfiguration") in Scope(Build: file:/Users/ryanmccormack/Documents/thunderdome/, , Project: ProjectReference(file:/Users/ryanmccormack/Documents/thunderdome/,root), Config: runtime)),true,None)
Sending msg to client play-fork-run-bb5ec5bc-5de9-43f4-b17d-4a0659be1b2e: TaskStarted(148,16873,None)
Sending msg to client play-fork-run-bb5ec5bc-5de9-43f4-b17d-4a0659be1b2e: TaskFinished(148,16823,Some(AttributeKey[scala.collection.Seq[sbt.Attributed[java.io.File]]]("managedClasspath") in Scope(Build: file:/Users/ryanmccormack/Documents/thunderdome/, , Project: ProjectReference(file:/Users/ryanmccormack/Documents/thunderdome/,root), Config: docs)),true,None)
Sending msg to client play-fork-run-bb5ec5bc-5de9-43f4-b17d-4a0659be1b2e: TaskStarted(148,16860,Some(AttributeKey[scala.Option[java.io.File]]("playDocsJar") in Scope(Build: file:/Users/ryanmccormack/Documents/thunderdome/, , Project: ProjectReference(file:/Users/ryanmccormack/Documents/thunderdome/,root))))
Sending msg to client play-fork-run-bb5ec5bc-5de9-43f4-b17d-4a0659be1b2e: TaskFinished(148,16873,None,true,None)
Sending msg to client play-fork-run-bb5ec5bc-5de9-43f4-b17d-4a0659be1b2e: TaskStarted(148,16871,Some(AttributeKey[scala.collection.Seq[sbt.Attributed[java.io.File]]]("managedClasspath") in Scope(Build: file:/Users/ryanmccormack/Documents/thunderdome/, , Project: ProjectReference(file:/Users/ryanmccormack/Documents/thunderdome/,root), Config: runtime)))
Sending msg to client play-fork-run-bb5ec5bc-5de9-43f4-b17d-4a0659be1b2e: TaskFinished(148,16860,Some(AttributeKey[scala.Option[java.io.File]]("playDocsJar") in Scope(Build: file:/Users/ryanmccormack/Documents/thunderdome/, , Project: ProjectReference(file:/Users/ryanmccormack/Documents/thunderdome/,root))),true,None)
Sending msg to client play-fork-run-bb5ec5bc-5de9-43f4-b17d-4a0659be1b2e: TaskFinished(148,16871,Some(AttributeKey[scala.collection.Seq[sbt.Attributed[java.io.File]]]("managedClasspath") in Scope(Build: file:/Users/ryanmccormack/Documents/thunderdome/, , Project: ProjectReference(file:/Users/ryanmccormack/Documents/thunderdome/,root), Config: runtime)),true,None)
Sending msg to client play-fork-run-bb5ec5bc-5de9-43f4-b17d-4a0659be1b2e: TaskStarted(148,16867,None)
Sending msg to client play-fork-run-bb5ec5bc-5de9-43f4-b17d-4a0659be1b2e: TaskFinished(148,16867,None,true,None)
Sending msg to client play-fork-run-bb5ec5bc-5de9-43f4-b17d-4a0659be1b2e: TaskStarted(148,16865,Some(AttributeKey[scala.collection.Seq[sbt.Attributed[java.io.File]]]("playDependencyClasspath") in Scope(Build: file:/Users/ryanmccormack/Documents/thunderdome/, , Project: ProjectReference(file:/Users/ryanmccormack/Documents/thunderdome/,root))))
Sending msg to client play-fork-run-bb5ec5bc-5de9-43f4-b17d-4a0659be1b2e: TaskFinished(148,16865,Some(AttributeKey[scala.collection.Seq[sbt.Attributed[java.io.File]]]("playDependencyClasspath") in Scope(Build: file:/Users/ryanmccormack/Documents/thunderdome/, , Project: ProjectReference(file:/Users/ryanmccormack/Documents/thunderdome/,root))),true,None)
Sending msg to client play-fork-run-bb5ec5bc-5de9-43f4-b17d-4a0659be1b2e: TaskStarted(148,16822,Some(AttributeKey[play.forkrun.protocol.ForkConfig]("playForkConfig") in Scope(Build: file:/Users/ryanmccormack/Documents/thunderdome/, , Project: ProjectReference(file:/Users/ryanmccormack/Documents/thunderdome/,root))))
Sending msg to client play-fork-run-bb5ec5bc-5de9-43f4-b17d-4a0659be1b2e: TaskFinished(148,16822,Some(AttributeKey[play.forkrun.protocol.ForkConfig]("playForkConfig") in Scope(Build: file:/Users/ryanmccormack/Documents/thunderdome/, , Project: ProjectReference(file:/Users/ryanmccormack/Documents/thunderdome/,root))),true,None)
Sending msg to client play-fork-run-bb5ec5bc-5de9-43f4-b17d-4a0659be1b2e: ValueChanged(AttributeKey[play.forkrun.protocol.ForkConfig]("playForkConfig") in Scope(Build: file:/Users/ryanmccormack/Documents/thunderdome/, , Project: ProjectReference(file:/Users/ryanmccormack/Documents/thunderdome/,root)),TaskSuccess(BuildValue(LazyValue(ForkConfig(/Users/ryanmccormack/Documents/thunderdome,List(),List(/Users/ryanmccormack/.ivy2/cache/org.scala-lang/scala-library/jars/scala-library-2.11.7.jar, /Users/ryanmccormack/Downloads/activator-dist-1.3.11/repository/com.typesafe.play/twirl-api_2.11/1.1.1/jars/twirl-api_2.11.jar, /Users/ryanmccormack/.ivy2/cache/org.apache.commons/commons-lang3/jars/commons-lang3-3.4.jar, /Users/ryanmccormack/.ivy2/cache/org.scala-lang.modules/scala-xml_2.11/bundles/scala-xml_2.11-1.0.1.jar, /Users/ryanmccormack/.ivy2/cache/com.typesafe.play/play-server_2.11/jars/play-server_2.11-2.4.2.jar, /Users/ryanmccormack/.ivy2/cache/com.typesafe.play/play_2.11/jars/play_2.11-2.4.2.jar, /Users/ryanmccormack/Downloads/activator-dist-1.3.11/repository/com.typesafe.play/build-link/2.4.2/jars/build-link.jar, /Users/ryanmccormack/Downloads/activator-dist-1.3.11/repository/com.typesafe.play/play-exceptions/2.4.2/jars/play-exceptions.jar, /Users/ryanmccormack/Downloads/activator-dist-1.3.11/repository/org.javassist/javassist/3.19.0-GA/bundles/javassist.jar, /Users/ryanmccormack/.ivy2/cache/com.typesafe.play/play-iteratees_2.11/jars/play-iteratees_2.11-2.4.2.jar, /Users/ryanmccormack/Downloads/activator-dist-1.3.11/repository/org.scala-stm/scala-stm_2.11/0.7/jars/scala-stm_2.11.jar, /Users/ryanmccormack/Downloads/activator-dist-1.3.11/repository/com.typesafe/config/1.3.0/bundles/config.jar, /Users/ryanmccormack/.ivy2/cache/com.typesafe.play/play-json_2.11/jars/play-json_2.11-2.4.2.jar, /Users/ryanmccormack/.ivy2/cache/com.typesafe.play/play-functional_2.11/jars/play-functional_2.11-2.4.2.jar, /Users/ryanmccormack/.ivy2/cache/com.typesafe.play/play-datacommons_2.11/jars/play-datacommons_2.11-2.4.2.jar, /Users/ryanmccormack/Downloads/activator-dist-1.3.11/repository/joda-time/joda-time/2.8.1/jars/joda-time.jar, /Users/ryanmccormack/Downloads/activator-dist-1.3.11/repository/org.joda/joda-convert/1.7/jars/joda-convert.jar, /Users/ryanmccormack/.ivy2/cache/org.scala-lang/scala-reflect/jars/scala-reflect-2.11.6.jar, /Users/ryanmccormack/Downloads/activator-dist-1.3.11/repository/com.fasterxml.jackson.core/jackson-core/2.5.4/bundles/jackson-core.jar, /Users/ryanmccormack/Downloads/activator-dist-1.3.11/repository/com.fasterxml.jackson.core/jackson-annotations/2.5.4/bundles/jackson-annotations.jar, /Users/ryanmccormack/Downloads/activator-dist-1.3.11/repository/com.fasterxml.jackson.core/jackson-databind/2.5.4/bundles/jackson-databind.jar, /Users/ryanmccormack/Downloads/activator-dist-1.3.11/repository/com.fasterxml.jackson.datatype/jackson-datatype-jdk8/2.5.4/bundles/jackson-datatype-jdk8.jar, /Users/ryanmccormack/Downloads/activator-dist-1.3.11/repository/com.fasterxml.jackson.datatype/jackson-datatype-jsr310/2.5.4/bundles/jackson-datatype-jsr310.jar, /Users/ryanmccormack/.ivy2/cache/com.typesafe.play/play-netty-utils/jars/play-netty-utils-2.4.2.jar, /Users/ryanmccormack/Downloads/activator-dist-1.3.11/repository/org.slf4j/slf4j-api/1.7.12/jars/slf4j-api.jar, /Users/ryanmccormack/Downloads/activator-dist-1.3.11/repository/org.slf4j/jul-to-slf4j/1.7.12/jars/jul-to-slf4j.jar, /Users/ryanmccormack/Downloads/activator-dist-1.3.11/repository/org.slf4j/jcl-over-slf4j/1.7.12/jars/jcl-over-slf4j.jar, /Users/ryanmccormack/.ivy2/cache/org.scala-lang.modules/scala-parser-combinators_2.11/bundles/scala-parser-combinators_2.11-1.0.1.jar, /Users/ryanmccormack/Downloads/activator-dist-1.3.11/repository/ch.qos.logback/logback-core/1.1.3/jars/logback-core.jar, /Users/ryanmccormack/Downloads/activator-dist-1.3.11/repository/ch.qos.logback/logback-classic/1.1.3/jars/logback-classic.jar, /Users/ryanmccormack/Downloads/activator-dist-1.3.11/repository/com.typesafe.akka/akka-actor_2.11/2.3.11/jars/akka-actor_2.11.jar, /Users/ryanmccormack/Downloads/activator-dist-1.3.11/repository/com.typesafe.akka/akka-slf4j_2.11/2.3.11/jars/akka-slf4j_2.11.jar, /Users/ryanmccormack/.ivy2/cache/commons-codec/commons-codec/jars/commons-codec-1.10.jar, /Users/ryanmccormack/.ivy2/cache/xerces/xercesImpl/jars/xercesImpl-2.11.0.jar, /Users/ryanmccormack/.ivy2/cache/xml-apis/xml-apis/jars/xml-apis-1.4.01.jar, /Users/ryanmccormack/.ivy2/cache/javax.transaction/jta/jars/jta-1.1.jar, /Users/ryanmccormack/Downloads/activator-dist-1.3.11/repository/com.google.inject/guice/4.0/jars/guice.jar, /Users/ryanmccormack/.ivy2/cache/javax.inject/javax.inject/jars/javax.inject-1.jar, /Users/ryanmccormack/.ivy2/cache/aopalliance/aopalliance/jars/aopalliance-1.0.jar, /Users/ryanmccormack/Downloads/activator-dist-1.3.11/repository/com.google.inject.extensions/guice-assistedinject/4.0/jars/guice-assistedinject.jar, /Users/ryanmccormack/.ivy2/cache/com.typesafe.play/play-netty-server_2.11/jars/play-netty-server_2.11-2.4.2.jar, /Users/ryanmccormack/.ivy2/cache/io.netty/netty/bundles/netty-3.10.3.Final.jar, /Users/ryanmccormack/Downloads/activator-dist-1.3.11/repository/com.typesafe.netty/netty-http-pipelining/1.1.4/jars/netty-http-pipelining.jar, /Users/ryanmccormack/.ivy2/cache/com.typesafe.play/play-cache_2.11/jars/play-cache_2.11-2.4.2.jar, /Users/ryanmccormack/Downloads/activator-dist-1.3.11/repository/net.sf.ehcache/ehcache-core/2.6.11/jars/ehcache-core.jar, /Users/ryanmccormack/.ivy2/cache/com.mohiva/play-silhouette_2.11/jars/play-silhouette_2.11-3.0.0-RC2.jar, /Users/ryanmccormack/.ivy2/cache/com.typesafe.play/play-ws_2.11/jars/play-ws_2.11-2.4.1.jar, /Users/ryanmccormack/Downloads/activator-dist-1.3.11/repository/com.google.guava/guava/18.0/bundles/guava.jar, /Users/ryanmccormack/Downloads/activator-dist-1.3.11/repository/com.ning/async-http-client/1.9.21/jars/async-http-client.jar, /Users/ryanmccormack/Downloads/activator-dist-1.3.11/repository/oauth.signpost/signpost-core/1.2.1.2/jars/signpost-core.jar, /Users/ryanmccormack/Downloads/activator-dist-1.3.11/repository/oauth.signpost/signpost-commonshttp4/1.2.1.2/jars/signpost-commonshttp4.jar, /Users/ryanmccormack/Downloads/activator-dist-1.3.11/repository/org.apache.httpcomponents/httpcore/4.0.1/jars/httpcore.jar, /Users/ryanmccormack/Downloads/activator-dist-1.3.11/repository/org.apache.httpcomponents/httpclient/4.0.1/jars/httpclient.jar, /Users/ryanmccormack/.ivy2/cache/commons-logging/commons-logging/jars/commons-logging-1.1.1.jar, /Users/ryanmccormack/.ivy2/cache/org.mindrot/jbcrypt/jars/jbcrypt-0.3m.jar, /Users/ryanmccormack/.ivy2/cache/com.atlassian.jwt/jwt-core/jars/jwt-core-1.2.4.jar, /Users/ryanmccormack/.ivy2/cache/com.nimbusds/nimbus-jose-jwt/jars/nimbus-jose-jwt-2.16.jar, /Users/ryanmccormack/.ivy2/cache/net.jcip/jcip-annotations/jars/jcip-annotations-1.0.jar, /Users/ryanmccormack/.ivy2/cache/net.minidev/json-smart/jars/json-smart-1.1.1.jar, /Users/ryanmccormack/.ivy2/cache/javax.mail/mail/jars/mail-1.4.7.jar, /Users/ryanmccormack/.ivy2/cache/javax.activation/activation/jars/activation-1.1.jar, /Users/ryanmccormack/.ivy2/cache/org.bouncycastle/bcprov-jdk15on/jars/bcprov-jdk15on-1.51.jar, /Users/ryanmccormack/.ivy2/cache/com.atlassian.jwt/jwt-api/jars/jwt-api-1.2.4.jar, /Users/ryanmccormack/.ivy2/cache/com.google.code.findbugs/jsr305/jars/jsr305-2.0.1.jar, /Users/ryanmccormack/.ivy2/cache/com.kyleu/jdub-async_2.11/jars/jdub-async_2.11-1.0.jar, /Users/ryanmccormack/.ivy2/cache/com.github.mauricio/postgresql-async_2.11/jars/postgresql-async_2.11-0.2.16.jar, /Users/ryanmccormack/.ivy2/cache/com.github.mauricio/db-async-common_2.11/jars/db-async-common_2.11-0.2.16.jar, /Users/ryanmccormack/.ivy2/cache/io.netty/netty-all/jars/netty-all-4.0.25.Final.jar, /Users/ryanmccormack/.ivy2/cache/org.webjars/bootstrap/jars/bootstrap-3.3.5.jar, /Users/ryanmccormack/.ivy2/cache/org.webjars/jquery/jars/jquery-1.11.1.jar),List((public/,/Users/ryanmccormack/Documents/thunderdome/target/web/public/main)),List(/Users/ryanmccormack/.ivy2/cache/com.typesafe.play/play-omnidoc_2.11/jars/play-omnidoc_2.11-2.4.2.jar, /Users/ryanmccormack/Downloads/activator-dist-1.3.11/repository/org.scala-lang/scala-library/2.11.6/jars/scala-library.jar, /Users/ryanmccormack/.ivy2/cache/com.typesafe.play/play-docs_2.11/jars/play-docs_2.11-2.4.2.jar, /Users/ryanmccormack/.ivy2/cache/com.typesafe.play/play-netty-server_2.11/jars/play-netty-server_2.11-2.4.2.jar, /Users/ryanmccormack/.ivy2/cache/com.typesafe.play/play-server_2.11/jars/play-server_2.11-2.4.2.jar, /Users/ryanmccormack/.ivy2/cache/com.typesafe.play/play_2.11/jars/play_2.11-2.4.2.jar, /Users/ryanmccormack/Downloads/activator-dist-1.3.11/repository/com.typesafe.play/build-link/2.4.2/jars/build-link.jar, /Users/ryanmccormack/Downloads/activator-dist-1.3.11/repository/com.typesafe.play/play-exceptions/2.4.2/jars/play-exceptions.jar, /Users/ryanmccormack/Downloads/activator-dist-1.3.11/repository/org.javassist/javassist/3.19.0-GA/bundles/javassist.jar, /Users/ryanmccormack/.ivy2/cache/com.typesafe.play/play-iteratees_2.11/jars/play-iteratees_2.11-2.4.2.jar, /Users/ryanmccormack/Downloads/activator-dist-1.3.11/repository/org.scala-stm/scala-stm_2.11/0.7/jars/scala-stm_2.11.jar, /Users/ryanmccormack/Downloads/activator-dist-1.3.11/repository/com.typesafe/config/1.3.0/bundles/config.jar, /Users/ryanmccormack/.ivy2/cache/com.typesafe.play/play-json_2.11/jars/play-json_2.11-2.4.2.jar, /Users/ryanmccormack/.ivy2/cache/com.typesafe.play/play-functional_2.11/jars/play-functional_2.11-2.4.2.jar, /Users/ryanmccormack/.ivy2/cache/com.typesafe.play/play-datacommons_2.11/jars/play-datacommons_2.11-2.4.2.jar, /Users/ryanmccormack/Downloads/activator-dist-1.3.11/repository/joda-time/joda-time/2.8.1/jars/joda-time.jar, /Users/ryanmccormack/Downloads/activator-dist-1.3.11/repository/org.joda/joda-convert/1.7/jars/joda-convert.jar, /Users/ryanmccormack/.ivy2/cache/org.scala-lang/scala-reflect/jars/scala-reflect-2.11.6.jar, /Users/ryanmccormack/Downloads/activator-dist-1.3.11/repository/com.fasterxml.jackson.core/jackson-core/2.5.4/bundles/jackson-core.jar, /Users/ryanmccormack/Downloads/activator-dist-1.3.11/repository/com.fasterxml.jackson.core/jackson-annotations/2.5.4/bundles/jackson-annotations.jar, /Users/ryanmccormack/Downloads/activator-dist-1.3.11/repository/com.fasterxml.jackson.core/jackson-databind/2.5.4/bundles/jackson-databind.jar, /Users/ryanmccormack/Downloads/activator-dist-1.3.11/repository/com.fasterxml.jackson.datatype/jackson-datatype-jdk8/2.5.4/bundles/jackson-datatype-jdk8.jar, /Users/ryanmccormack/Downloads/activator-dist-1.3.11/repository/com.fasterxml.jackson.datatype/jackson-datatype-jsr310/2.5.4/bundles/jackson-datatype-jsr310.jar, /Users/ryanmccormack/.ivy2/cache/com.typesafe.play/play-netty-utils/jars/play-netty-utils-2.4.2.jar, /Users/ryanmccormack/Downloads/activator-dist-1.3.11/repository/org.slf4j/slf4j-api/1.7.12/jars/slf4j-api.jar, /Users/ryanmccormack/Downloads/activator-dist-1.3.11/repository/org.slf4j/jul-to-slf4j/1.7.12/jars/jul-to-slf4j.jar, /Users/ryanmccormack/Downloads/activator-dist-1.3.11/repository/org.slf4j/jcl-over-slf4j/1.7.12/jars/jcl-over-slf4j.jar, /Users/ryanmccormack/Downloads/activator-dist-1.3.11/repository/com.typesafe.play/twirl-api_2.11/1.1.1/jars/twirl-api_2.11.jar, /Users/ryanmccormack/.ivy2/cache/org.apache.commons/commons-lang3/jars/commons-lang3-3.4.jar, /Users/ryanmccormack/.ivy2/cache/org.scala-lang.modules/scala-xml_2.11/bundles/scala-xml_2.11-1.0.1.jar, /Users/ryanmccormack/.ivy2/cache/org.scala-lang.modules/scala-parser-combinators_2.11/bundles/scala-parser-combinators_2.11-1.0.1.jar, /Users/ryanmccormack/Downloads/activator-dist-1.3.11/repository/ch.qos.logback/logback-core/1.1.3/jars/logback-core.jar, /Users/ryanmccormack/Downloads/activator-dist-1.3.11/repository/ch.qos.logback/logback-classic/1.1.3/jars/logback-classic.jar, /Users/ryanmccormack/Downloads/activator-dist-1.3.11/repository/com.typesafe.akka/akka-actor_2.11/2.3.11/jars/akka-actor_2.11.jar, /Users/ryanmccormack/Downloads/activator-dist-1.3.11/repository/com.typesafe.akka/akka-slf4j_2.11/2.3.11/jars/akka-slf4j_2.11.jar, /Users/ryanmccormack/.ivy2/cache/commons-codec/commons-codec/jars/commons-codec-1.10.jar, /Users/ryanmccormack/.ivy2/cache/xerces/xercesImpl/jars/xercesImpl-2.11.0.jar, /Users/ryanmccormack/.ivy2/cache/xml-apis/xml-apis/jars/xml-apis-1.4.01.jar, /Users/ryanmccormack/.ivy2/cache/javax.transaction/jta/jars/jta-1.1.jar, /Users/ryanmccormack/Downloads/activator-dist-1.3.11/repository/com.google.inject/guice/4.0/jars/guice.jar, /Users/ryanmccormack/.ivy2/cache/javax.inject/javax.inject/jars/javax.inject-1.jar, /Users/ryanmccormack/.ivy2/cache/aopalliance/aopalliance/jars/aopalliance-1.0.jar, /Users/ryanmccormack/Downloads/activator-dist-1.3.11/repository/com.google.guava/guava/16.0.1/bundles/guava.jar, /Users/ryanmccormack/Downloads/activator-dist-1.3.11/repository/com.google.inject.extensions/guice-assistedinject/4.0/jars/guice-assistedinject.jar, /Users/ryanmccormack/.ivy2/cache/io.netty/netty/bundles/netty-3.10.3.Final.jar, /Users/ryanmccormack/Downloads/activator-dist-1.3.11/repository/com.typesafe.netty/netty-http-pipelining/1.1.4/jars/netty-http-pipelining.jar, /Users/ryanmccormack/Downloads/activator-dist-1.3.11/repository/com.typesafe.play/play-doc_2.11/1.2.2/jars/play-doc_2.11.jar, /Users/ryanmccormack/Downloads/activator-dist-1.3.11/repository/org.pegdown/pegdown/1.4.0/jars/pegdown.jar, /Users/ryanmccormack/Downloads/activator-dist-1.3.11/repository/org.parboiled/parboiled-java/1.1.5/bundles/parboiled-java.jar, /Users/ryanmccormack/Downloads/activator-dist-1.3.11/repository/org.parboiled/parboiled-core/1.1.5/bundles/parboiled-core.jar, /Users/ryanmccormack/Downloads/activator-dist-1.3.11/repository/org.ow2.asm/asm/4.1/jars/asm.jar, /Users/ryanmccormack/Downloads/activator-dist-1.3.11/repository/org.ow2.asm/asm-tree/4.1/jars/asm-tree.jar, /Users/ryanmccormack/Downloads/activator-dist-1.3.11/repository/org.ow2.asm/asm-analysis/4.1/jars/asm-analysis.jar, /Users/ryanmccormack/Downloads/activator-dist-1.3.11/repository/org.ow2.asm/asm-util/4.1/jars/asm-util.jar, /Users/ryanmccormack/.ivy2/cache/commons-io/commons-io/jars/commons-io-2.4.jar),Some(/Users/ryanmccormack/.ivy2/cache/com.typesafe.play/play-omnidoc_2.11/jars/play-omnidoc_2.11-2.4.2.jar),List(),9000,0.0.0.0,DefaultWatchService,List(/Users/ryanmccormack/Documents/thunderdome/public, /Users/ryanmccormack/Documents/thunderdome/conf, /Users/ryanmccormack/Documents/thunderdome/app),/Users/ryanmccormack/Documents/thunderdome/target,500,root/playForkNotifyStart,root/playForkReload,300000,play.core.server.DevServerStart),scala.pickling.PicklerUnpickler$DelegatingPicklerUnpickler@35594),ForkConfig(/Users/ryanmccormack/Documents/thunderdome,List(),List(/Users/ryanmccormack/.ivy2/cache/org.scala-lang/scala-library/jars/scala-library-2.11.7.jar, /Users/ryanmccormack/Downloads/activator-dist-1.3.11/repository/com.typesafe.play/twirl-api_2.11/1.1.1/jars/twirl-api_2.11.jar, /Users/ryanmccormack/.ivy2/cache/org.apache.commons/commons-lang3/jars/commons-lang3-3.4.jar, /Users/ryanmccormack/.ivy2/cache/org.scala-lang.modules/scala-xml_2.11/bundles/scala-xml_2.11-1.0.1.jar, /Users/ryanmccormack/.ivy2/cache/com.typesafe.play/play-server_2.11/jars/play-server_2.11-2.4.2.jar, /Users/ryanmccormack/.ivy2/cache/com.typesafe.play/play_2.11/jars/play_2.11-2.4.2.jar, /Users/ryanmccormack/Downloads/activator-dist-1.3.11/repository/com.typesafe.play/build-link/2.4.2/jars/build-link.jar, /Users/ryanmccormack/Downloads/activator-dist-1.3.11/repository/com.typesafe.play/play-exceptions/2.4.2/jars/play-exceptions.jar, /Users/ryanmccormack/Downloads/activator-dist-1.3.11/repository/org.javassist/javassist/3.19.0-GA/bundles/javassist.jar, /Users/ryanmccormack/.ivy2/cache/com.typesafe.play/play-iteratees_2.11/jars/play-iteratees_2.11-2.4.2.jar, /Users/ryanmccormack/Downloads/activator-dist-1.3.11/repository/org.scala-stm/scala-stm_2.11/0.7/jars/scala-stm_2.11.jar, /Users/ryanmccormack/Downloads/activator-dist-1.3.11/repository/com.typesafe/config/1.3.0/bundles/config.jar, /Users/ryanmccormack/.ivy2/cache/com.typesafe.play/play-json_2.11/jars/play-json_2.11-2.4.2.jar, /Users/ryanmccormack/.ivy2/cache/com.typesafe.play/play-functional_2.11/jars/play-functional_2.11-2.4.2.jar, /Users/ryanmccormack/.ivy2/cache/com.typesafe.play/play-datacommons_2.11/jars/play-datacommons_2.11-2.4.2.jar, /Users/ryanmccormack/Downloads/activator-dist-1.3.11/repository/joda-time/joda-time/2.8.1/jars/joda-time.jar, /Users/ryanmccormack/Downloads/activator-dist-1.3.11/repository/org.joda/joda-convert/1.7/jars/joda-convert.jar, /Users/ryanmccormack/.ivy2/cache/org.scala-lang/scala-reflect/jars/scala-reflect-2.11.6.jar, /Users/ryanmccormack/Downloads/activator-dist-1.3.11/repository/com.fasterxml.jackson.core/jackson-core/2.5.4/bundles/jackson-core.jar, /Users/ryanmccormack/Downloads/activator-dist-1.3.11/repository/com.fasterxml.jackson.core/jackson-annotations/2.5.4/bundles/jackson-annotations.jar, /Users/ryanmccormack/Downloads/activator-dist-1.3.11/repository/com.fasterxml.jackson.core/jackson-databind/2.5.4/bundles/jackson-databind.jar, /Users/ryanmccormack/Downloads/activator-dist-1.3.11/repository/com.fasterxml.jackson.datatype/jackson-datatype-jdk8/2.5.4/bundles/jackson-datatype-jdk8.jar, /Users/ryanmccormack/Downloads/activator-dist-1.3.11/repository/com.fasterxml.jackson.datatype/jackson-datatype-jsr310/2.5.4/bundles/jackson-datatype-jsr310.jar, /Users/ryanmccormack/.ivy2/cache/com.typesafe.play/play-netty-utils/jars/play-netty-utils-2.4.2.jar, /Users/ryanmccormack/Downloads/activator-dist-1.3.11/repository/org.slf4j/slf4j-api/1.7.12/jars/slf4j-api.jar, /Users/ryanmccormack/Downloads/activator-dist-1.3.11/repository/org.slf4j/jul-to-slf4j/1.7.12/jars/jul-to-slf4j.jar, /Users/ryanmccormack/Downloads/activator-dist-1.3.11/repository/org.slf4j/jcl-over-slf4j/1.7.12/jars/jcl-over-slf4j.jar, /Users/ryanmccormack/.ivy2/cache/org.scala-lang.modules/scala-parser-combinators_2.11/bundles/scala-parser-combinators_2.11-1.0.1.jar, /Users/ryanmccormack/Downloads/activator-dist-1.3.11/repository/ch.qos.logback/logback-core/1.1.3/jars/logback-core.jar, /Users/ryanmccormack/Downloads/activator-dist-1.3.11/repository/ch.qos.logback/logback-classic/1.1.3/jars/logback-classic.jar, /Users/ryanmccormack/Downloads/activator-dist-1.3.11/repository/com.typesafe.akka/akka-actor_2.11/2.3.11/jars/akka-actor_2.11.jar, /Users/ryanmccormack/Downloads/activator-dist-1.3.11/repository/com.typesafe.akka/akka-slf4j_2.11/2.3.11/jars/akka-slf4j_2.11.jar, /Users/ryanmccormack/.ivy2/cache/commons-codec/commons-codec/jars/commons-codec-1.10.jar, /Users/ryanmccormack/.ivy2/cache/xerces/xercesImpl/jars/xercesImpl-2.11.0.jar, /Users/ryanmccormack/.ivy2/cache/xml-apis/xml-apis/jars/xml-apis-1.4.01.jar, /Users/ryanmccormack/.ivy2/cache/javax.transaction/jta/jars/jta-1.1.jar, /Users/ryanmccormack/Downloads/activator-dist-1.3.11/repository/com.google.inject/guice/4.0/jars/guice.jar, /Users/ryanmccormack/.ivy2/cache/javax.inject/javax.inject/jars/javax.inject-1.jar, /Users/ryanmccormack/.ivy2/cache/aopalliance/aopalliance/jars/aopalliance-1.0.jar, /Users/ryanmccormack/Downloads/activator-dist-1.3.11/repository/com.google.inject.extensions/guice-assistedinject/4.0/jars/guice-assistedinject.jar, /Users/ryanmccormack/.ivy2/cache/com.typesafe.play/play-netty-server_2.11/jars/play-netty-server_2.11-2.4.2.jar, /Users/ryanmccormack/.ivy2/cache/io.netty/netty/bundles/netty-3.10.3.Final.jar, /Users/ryanmccormack/Downloads/activator-dist-1.3.11/repository/com.typesafe.netty/netty-http-pipelining/1.1.4/jars/netty-http-pipelining.jar, /Users/ryanmccormack/.ivy2/cache/com.typesafe.play/play-cache_2.11/jars/play-cache_2.11-2.4.2.jar, /Users/ryanmccormack/Downloads/activator-dist-1.3.11/repository/net.sf.ehcache/ehcache-core/2.6.11/jars/ehcache-core.jar, /Users/ryanmccormack/.ivy2/cache/com.mohiva/play-silhouette_2.11/jars/play-silhouette_2.11-3.0.0-RC2.jar, /Users/ryanmccormack/.ivy2/cache/com.typesafe.play/play-ws_2.11/jars/play-ws_2.11-2.4.1.jar, /Users/ryanmccormack/Downloads/activator-dist-1.3.11/repository/com.google.guava/guava/18.0/bundles/guava.jar, /Users/ryanmccormack/Downloads/activator-dist-1.3.11/repository/com.ning/async-http-client/1.9.21/jars/async-http-client.jar, /Users/ryanmccormack/Downloads/activator-dist-1.3.11/repository/oauth.signpost/signpost-core/1.2.1.2/jars/signpost-core.jar, /Users/ryanmccormack/Downloads/activator-dist-1.3.11/repository/oauth.signpost/signpost-commonshttp4/1.2.1.2/jars/signpost-commonshttp4.jar, /Users/ryanmccormack/Downloads/activator-dist-1.3.11/repository/org.apache.httpcomponents/httpcore/4.0.1/jars/httpcore.jar, /Users/ryanmccormack/Downloads/activator-dist-1.3.11/repository/org.apache.httpcomponents/httpclient/4.0.1/jars/httpclient.jar, /Users/ryanmccormack/.ivy2/cache/commons-logging/commons-logging/jars/commons-logging-1.1.1.jar, /Users/ryanmccormack/.ivy2/cache/org.mindrot/jbcrypt/jars/jbcrypt-0.3m.jar, /Users/ryanmccormack/.ivy2/cache/com.atlassian.jwt/jwt-core/jars/jwt-core-1.2.4.jar, /Users/ryanmccormack/.ivy2/cache/com.nimbusds/nimbus-jose-jwt/jars/nimbus-jose-jwt-2.16.jar, /Users/ryanmccormack/.ivy2/cache/net.jcip/jcip-annotations/jars/jcip-annotations-1.0.jar, /Users/ryanmccormack/.ivy2/cache/net.minidev/json-smart/jars/json-smart-1.1.1.jar, /Users/ryanmccormack/.ivy2/cache/javax.mail/mail/jars/mail-1.4.7.jar, /Users/ryanmccormack/.ivy2/cache/javax.activation/activation/jars/activation-1.1.jar, /Users/ryanmccormack/.ivy2/cache/org.bouncycastle/bcprov-jdk15on/jars/bcprov-jdk15on-1.51.jar, /Users/ryanmccormack/.ivy2/cache/com.atlassian.jwt/jwt-api/jars/jwt-api-1.2.4.jar, /Users/ryanmccormack/.ivy2/cache/com.google.code.findbugs/jsr305/