New log file opened at Mon Jan 23 22:27:16 EST 2017 by 2245@Ryans-MBP
Sending msg to client play-fork-run-48ab3e26-3b85-4724-95e0-314b3c867c9d: DetachedLogEvent(LogMessage(debug,sbt server socket logs are in: /Users/ryanmccormack/Documents/thunderdome/.sbtserver/connections/master.log))
Sending msg to client play-fork-run-48ab3e26-3b85-4724-95e0-314b3c867c9d: DetachedLogEvent(LogMessage(debug,sbt general server logs are in: /Users/ryanmccormack/Documents/thunderdome/.sbtserver/master.log))
Sending msg to client play-fork-run-48ab3e26-3b85-4724-95e0-314b3c867c9d: DetachedLogEvent(LogMessage(debug,sbt client logs are in: /Users/ryanmccormack/Documents/thunderdome/.sbtserver/connections/play-fork-run-48ab3e26-3b85-4724-95e0-314b3c867c9d.log))
Reading next message from client.
Got request: DaemonRequest(true)
Reading next message from client.
Sending msg to client play-fork-run-48ab3e26-3b85-4724-95e0-314b3c867c9d: (3,ReceivedResponse())
Got request: ListenToEvents()
Reading next message from client.
Got request: KeyLookupRequest(root/playForkConfig)
Reading next message from client.
Sending msg to client play-fork-run-48ab3e26-3b85-4724-95e0-314b3c867c9d: ExecutionWaiting(134,compile,ClientInfo(9e52900b-960e-49a9-bc72-ae60abb9c553,activator,Activator,3,Vector()))
Sending msg to client play-fork-run-48ab3e26-3b85-4724-95e0-314b3c867c9d: ExecutionStarting(134)
Sending msg to client play-fork-run-48ab3e26-3b85-4724-95e0-314b3c867c9d: TaskStarted(134,12277,Some(AttributeKey[sbt.compiler.IC$Result]("compileIncremental") in Scope(Build: file:/Users/ryanmccormack/Documents/thunderdome/, , Project: ProjectReference(file:/Users/ryanmccormack/Documents/thunderdome/,root), Config: compile)))
Sending msg to client play-fork-run-48ab3e26-3b85-4724-95e0-314b3c867c9d: BackgroundJobStarted(133,BackgroundJobInfo(15,backgroundRun,AttributeKey[sbt.BackgroundJobHandle]("backgroundRun") in Scope(Build: file:/Users/ryanmccormack/Documents/thunderdome/, , Project: ProjectReference(file:/Users/ryanmccormack/Documents/thunderdome/,root), Config: compile)))
Sending msg to client play-fork-run-48ab3e26-3b85-4724-95e0-314b3c867c9d: BackgroundJobStarted(127,BackgroundJobInfo(14,backgroundRun,AttributeKey[sbt.BackgroundJobHandle]("backgroundRun") in Scope(Build: file:/Users/ryanmccormack/Documents/thunderdome/, , Project: ProjectReference(file:/Users/ryanmccormack/Documents/thunderdome/,root), Config: compile)))
Sending msg to client play-fork-run-48ab3e26-3b85-4724-95e0-314b3c867c9d: (4,ReceivedResponse())
Sending msg to client play-fork-run-48ab3e26-3b85-4724-95e0-314b3c867c9d: (5,KeyLookupResponse(root/playForkConfig,Vector(AttributeKey[play.forkrun.protocol.ForkConfig]("playForkConfig") in Scope(Build: file:/Users/ryanmccormack/Documents/thunderdome/, , Project: ProjectReference(file:/Users/ryanmccormack/Documents/thunderdome/,root)))))
Got request: ListenToValue(AttributeKey[play.forkrun.protocol.ForkConfig]("playForkConfig") in Scope(Build: file:/Users/ryanmccormack/Documents/thunderdome/, , Project: ProjectReference(file:/Users/ryanmccormack/Documents/thunderdome/,root)))
Reading next message from client.
Sending msg to client play-fork-run-48ab3e26-3b85-4724-95e0-314b3c867c9d: (6,ReceivedResponse())
Got request: KeyExecutionRequest(AttributeKey[play.forkrun.protocol.ForkConfig]("playForkConfig") in Scope(Build: file:/Users/ryanmccormack/Documents/thunderdome/, , Project: ProjectReference(file:/Users/ryanmccormack/Documents/thunderdome/,root)))
Reading next message from client.
Sending msg to client play-fork-run-48ab3e26-3b85-4724-95e0-314b3c867c9d: (7,ExecutionRequestReceived(135))
Sending msg to client play-fork-run-48ab3e26-3b85-4724-95e0-314b3c867c9d: ExecutionWaiting(135,{file:/Users/ryanmccormack/Documents/thunderdome/}root/*:playForkConfig,ClientInfo(48ab3e26-3b85-4724-95e0-314b3c867c9d,play-fork-run,Play Fork Run,1,Vector()))
Sending msg to client play-fork-run-48ab3e26-3b85-4724-95e0-314b3c867c9d: TaskLogEvent(12277,LogMessage(debug,Scala compilation took 1.565904354 s))
Sending msg to client play-fork-run-48ab3e26-3b85-4724-95e0-314b3c867c9d: TaskLogEvent(12277,LogMessage(debug,New invalidations:
	Set()))
Sending msg to client play-fork-run-48ab3e26-3b85-4724-95e0-314b3c867c9d: TaskLogEvent(12277,LogMessage(debug,Initial set of included nodes: Set()))
Sending msg to client play-fork-run-48ab3e26-3b85-4724-95e0-314b3c867c9d: TaskLogEvent(12277,LogMessage(debug,Previously invalidated, but (transitively) depend on new invalidations:
	Set()))
Sending msg to client play-fork-run-48ab3e26-3b85-4724-95e0-314b3c867c9d: TaskLogEvent(12277,LogMessage(debug,All newly invalidated sources after taking into account (previously) recompiled sources:Set()))
Sending msg to client play-fork-run-48ab3e26-3b85-4724-95e0-314b3c867c9d: TaskFinished(134,12277,Some(AttributeKey[sbt.compiler.IC$Result]("compileIncremental") in Scope(Build: file:/Users/ryanmccormack/Documents/thunderdome/, , Project: ProjectReference(file:/Users/ryanmccormack/Documents/thunderdome/,root), Config: compile)),true,None)
Sending msg to client play-fork-run-48ab3e26-3b85-4724-95e0-314b3c867c9d: TaskStarted(134,12276,Some(AttributeKey[sbt.compiler.IC$Result]("manipulateBytecode") in Scope(Build: file:/Users/ryanmccormack/Documents/thunderdome/, , Project: ProjectReference(file:/Users/ryanmccormack/Documents/thunderdome/,root), Config: compile)))
Sending msg to client play-fork-run-48ab3e26-3b85-4724-95e0-314b3c867c9d: TaskFinished(134,12276,Some(AttributeKey[sbt.compiler.IC$Result]("manipulateBytecode") in Scope(Build: file:/Users/ryanmccormack/Documents/thunderdome/, , Project: ProjectReference(file:/Users/ryanmccormack/Documents/thunderdome/,root), Config: compile)),true,None)
Sending msg to client play-fork-run-48ab3e26-3b85-4724-95e0-314b3c867c9d: TaskStarted(134,12217,Some(AttributeKey[sbt.inc.Analysis]("compile") in Scope(Build: file:/Users/ryanmccormack/Documents/thunderdome/, , Project: ProjectReference(file:/Users/ryanmccormack/Documents/thunderdome/,root), Config: compile)))
Sending msg to client play-fork-run-48ab3e26-3b85-4724-95e0-314b3c867c9d: TaskFinished(134,12217,Some(AttributeKey[sbt.inc.Analysis]("compile") in Scope(Build: file:/Users/ryanmccormack/Documents/thunderdome/, , Project: ProjectReference(file:/Users/ryanmccormack/Documents/thunderdome/,root), Config: compile)),true,None)
Sending msg to client play-fork-run-48ab3e26-3b85-4724-95e0-314b3c867c9d: TaskStarted(134,12216,None)
Sending msg to client play-fork-run-48ab3e26-3b85-4724-95e0-314b3c867c9d: TaskStarted(134,12339,Some(AttributeKey[scala.collection.Seq[java.lang.String]]("discoveredMainClasses") in Scope(Build: file:/Users/ryanmccormack/Documents/thunderdome/, , Project: ProjectReference(file:/Users/ryanmccormack/Documents/thunderdome/,root), Config: compile)))
Sending msg to client play-fork-run-48ab3e26-3b85-4724-95e0-314b3c867c9d: TaskFinished(134,12216,None,true,None)
Sending msg to client play-fork-run-48ab3e26-3b85-4724-95e0-314b3c867c9d: TaskStarted(134,12215,None)
Sending msg to client play-fork-run-48ab3e26-3b85-4724-95e0-314b3c867c9d: TaskFinished(134,12215,None,true,None)
Sending msg to client play-fork-run-48ab3e26-3b85-4724-95e0-314b3c867c9d: TaskFinished(134,12339,Some(AttributeKey[scala.collection.Seq[java.lang.String]]("discoveredMainClasses") in Scope(Build: file:/Users/ryanmccormack/Documents/thunderdome/, , Project: ProjectReference(file:/Users/ryanmccormack/Documents/thunderdome/,root), Config: compile)),true,None)
Sending msg to client play-fork-run-48ab3e26-3b85-4724-95e0-314b3c867c9d: DetachedLogEvent(LogMessage(debug,cancel strategy finish enabled=false lastCommand=Some(LastCommand(CommandExecutionWork(ExecutionId(134),compile,Set(LiveClient(activator 9e52900b-960e-49a9-bc72-ae60abb9c553)),sbt.server.WorkCancellationStatus$$anon$1@3cc5b0d0)))))
Sending msg to client play-fork-run-48ab3e26-3b85-4724-95e0-314b3c867c9d: DetachedLogEvent(LogSuccess(Total time: 2 s, completed 23-Jan-2017 10:27:17 PM))
Sending msg to client play-fork-run-48ab3e26-3b85-4724-95e0-314b3c867c9d: DetachedLogEvent(LogMessage(debug,> server-post-command-cleanup))
Sending msg to client play-fork-run-48ab3e26-3b85-4724-95e0-314b3c867c9d: ExecutionSuccess(134)
Sending msg to client play-fork-run-48ab3e26-3b85-4724-95e0-314b3c867c9d: DetachedLogEvent(LogMessage(debug,> server-handle-next-server-request))
Sending msg to client play-fork-run-48ab3e26-3b85-4724-95e0-314b3c867c9d: ExecutionWaiting(136,jobStop 14,ClientInfo(9e52900b-960e-49a9-bc72-ae60abb9c553,activator,Activator,3,Vector()))
Sending msg to client play-fork-run-48ab3e26-3b85-4724-95e0-314b3c867c9d: ExecutionWaiting(137,jobStop 15,ClientInfo(9e52900b-960e-49a9-bc72-ae60abb9c553,activator,Activator,3,Vector()))
Sending msg to client play-fork-run-48ab3e26-3b85-4724-95e0-314b3c867c9d: ExecutionStarting(135)
Sending msg to client play-fork-run-48ab3e26-3b85-4724-95e0-314b3c867c9d: DetachedLogEvent(LogMessage(debug,> {file:/Users/ryanmccormack/Documents/thunderdome/}root/*:playForkConfig))
Sending msg to client play-fork-run-48ab3e26-3b85-4724-95e0-314b3c867c9d: DetachedLogEvent(LogMessage(debug,Evaluating tasks: *:playForkConfig))
Sending msg to client play-fork-run-48ab3e26-3b85-4724-95e0-314b3c867c9d: DetachedLogEvent(LogMessage(debug,Running task... Cancel: sbt.server.ServerTaskCancellation@3a78158a, check cycles: false))
Sending msg to client play-fork-run-48ab3e26-3b85-4724-95e0-314b3c867c9d: DetachedLogEvent(LogMessage(debug,cancel strategy start enabled=true lastCommand=Some(LastCommand(CommandExecutionWork(ExecutionId(135),{file:/Users/ryanmccormack/Documents/thunderdome/}root/*:playForkConfig,Set(LiveClient(play-fork-run 48ab3e26-3b85-4724-95e0-314b3c867c9d)),sbt.server.WorkCancellationStatus$$anon$1@6a8d742d)))))
Sending msg to client play-fork-run-48ab3e26-3b85-4724-95e0-314b3c867c9d: TaskStarted(135,12344,Some(AttributeKey[scala.Tuple2[java.lang.String,java.io.File]]("playPrefixAndAssets") in Scope(Build: file:/Users/ryanmccormack/Documents/thunderdome/, , Project: ProjectReference(file:/Users/ryanmccormack/Documents/thunderdome/,root))))
Sending msg to client play-fork-run-48ab3e26-3b85-4724-95e0-314b3c867c9d: TaskStarted(135,12350,None)
Sending msg to client play-fork-run-48ab3e26-3b85-4724-95e0-314b3c867c9d: TaskStarted(135,12351,None)
Sending msg to client play-fork-run-48ab3e26-3b85-4724-95e0-314b3c867c9d: TaskStarted(135,12352,Some(AttributeKey[java.lang.String]("updateCacheName") in Scope(Build: file:/Users/ryanmccormack/Documents/thunderdome/, , Project: ProjectReference(file:/Users/ryanmccormack/Documents/thunderdome/,root))))
Sending msg to client play-fork-run-48ab3e26-3b85-4724-95e0-314b3c867c9d: TaskStarted(135,12353,Some(AttributeKey[boolean]("skip") in Scope(Global)))
Sending msg to client play-fork-run-48ab3e26-3b85-4724-95e0-314b3c867c9d: TaskStarted(135,12354,None)
Sending msg to client play-fork-run-48ab3e26-3b85-4724-95e0-314b3c867c9d: TaskStarted(135,12356,None)
Sending msg to client play-fork-run-48ab3e26-3b85-4724-95e0-314b3c867c9d: TaskStarted(135,12365,None)
Sending msg to client play-fork-run-48ab3e26-3b85-4724-95e0-314b3c867c9d: TaskStarted(135,12369,Some(AttributeKey[scala.Option[scala.collection.Seq[sbt.Resolver]]]("bootResolvers") in Scope(Build: file:/Users/ryanmccormack/Documents/thunderdome/, , Project: ProjectReference(file:/Users/ryanmccormack/Documents/thunderdome/,root))))
Sending msg to client play-fork-run-48ab3e26-3b85-4724-95e0-314b3c867c9d: TaskStarted(135,12370,Some(AttributeKey[scala.collection.Seq[sbt.Resolver]]("externalResolvers") in Scope(Build: file:/Users/ryanmccormack/Documents/thunderdome/, , Project: ProjectReference(file:/Users/ryanmccormack/Documents/thunderdome/,root))))
Sending msg to client play-fork-run-48ab3e26-3b85-4724-95e0-314b3c867c9d: TaskStarted(135,12374,Some(AttributeKey[scala.collection.Seq[sbt.Credentials]]("credentials") in Scope(Global)))
Sending msg to client play-fork-run-48ab3e26-3b85-4724-95e0-314b3c867c9d: TaskStarted(135,12376,None)
Sending msg to client play-fork-run-48ab3e26-3b85-4724-95e0-314b3c867c9d: TaskStarted(135,12382,None)
Sending msg to client play-fork-run-48ab3e26-3b85-4724-95e0-314b3c867c9d: TaskStarted(135,12383,Some(AttributeKey[scala.collection.Seq[java.lang.String]]("javaOptions") in Scope(Global)))
Sending msg to client play-fork-run-48ab3e26-3b85-4724-95e0-314b3c867c9d: TaskStarted(135,12395,None)
Sending msg to client play-fork-run-48ab3e26-3b85-4724-95e0-314b3c867c9d: TaskStarted(135,12397,Some(AttributeKey[scala.Option[java.lang.String]]("mainClass") in Scope(Build: file:/Users/ryanmccormack/Documents/thunderdome/, , Project: ProjectReference(file:/Users/ryanmccormack/Documents/thunderdome/,root), Config: compile, Task: AttributeKey[void]("run"))))
Sending msg to client play-fork-run-48ab3e26-3b85-4724-95e0-314b3c867c9d: TaskFinished(135,12344,Some(AttributeKey[scala.Tuple2[java.lang.String,java.io.File]]("playPrefixAndAssets") in Scope(Build: file:/Users/ryanmccormack/Documents/thunderdome/, , Project: ProjectReference(file:/Users/ryanmccormack/Documents/thunderdome/,root))),true,None)
Sending msg to client play-fork-run-48ab3e26-3b85-4724-95e0-314b3c867c9d: TaskStarted(135,12343,Some(AttributeKey[scala.collection.Seq[scala.Tuple2[java.lang.String,java.io.File]]]("playAllAssets") in Scope(Build: file:/Users/ryanmccormack/Documents/thunderdome/, , Project: ProjectReference(file:/Users/ryanmccormack/Documents/thunderdome/,root))))
Sending msg to client play-fork-run-48ab3e26-3b85-4724-95e0-314b3c867c9d: TaskFinished(135,12350,None,true,None)
Sending msg to client play-fork-run-48ab3e26-3b85-4724-95e0-314b3c867c9d: TaskFinished(135,12351,None,true,None)
Sending msg to client play-fork-run-48ab3e26-3b85-4724-95e0-314b3c867c9d: TaskStarted(135,12349,Some(AttributeKey[scala.collection.Seq[sbt.UpdateReport]]("transitiveUpdate") in Scope(Build: file:/Users/ryanmccormack/Documents/thunderdome/, , Project: ProjectReference(file:/Users/ryanmccormack/Documents/thunderdome/,root))))
Sending msg to client play-fork-run-48ab3e26-3b85-4724-95e0-314b3c867c9d: TaskFinished(135,12352,Some(AttributeKey[java.lang.String]("updateCacheName") in Scope(Build: file:/Users/ryanmccormack/Documents/thunderdome/, , Project: ProjectReference(file:/Users/ryanmccormack/Documents/thunderdome/,root))),true,None)
Sending msg to client play-fork-run-48ab3e26-3b85-4724-95e0-314b3c867c9d: TaskFinished(135,12353,Some(AttributeKey[boolean]("skip") in Scope(Global)),true,None)
Sending msg to client play-fork-run-48ab3e26-3b85-4724-95e0-314b3c867c9d: TaskFinished(135,12354,None,true,None)
Sending msg to client play-fork-run-48ab3e26-3b85-4724-95e0-314b3c867c9d: TaskFinished(135,12356,None,true,None)
Sending msg to client play-fork-run-48ab3e26-3b85-4724-95e0-314b3c867c9d: TaskStarted(135,12355,Some(AttributeKey[java.io.File]("dependencyCacheDirectory") in Scope(Build: file:/Users/ryanmccormack/Documents/thunderdome/, , Project: ProjectReference(file:/Users/ryanmccormack/Documents/thunderdome/,root))))
Sending msg to client play-fork-run-48ab3e26-3b85-4724-95e0-314b3c867c9d: TaskStarted(135,12362,Some(AttributeKey[sbt.BuildStructure]("buildStructure") in Scope(Global)))
Sending msg to client play-fork-run-48ab3e26-3b85-4724-95e0-314b3c867c9d: TaskFinished(135,12365,None,true,None)
Sending msg to client play-fork-run-48ab3e26-3b85-4724-95e0-314b3c867c9d: TaskStarted(135,12364,None)
Sending msg to client play-fork-run-48ab3e26-3b85-4724-95e0-314b3c867c9d: TaskStarted(135,12367,None)
Sending msg to client play-fork-run-48ab3e26-3b85-4724-95e0-314b3c867c9d: TaskStarted(135,12373,None)
Sending msg to client play-fork-run-48ab3e26-3b85-4724-95e0-314b3c867c9d: TaskStarted(135,12377,None)
Sending msg to client play-fork-run-48ab3e26-3b85-4724-95e0-314b3c867c9d: TaskStarted(135,12380,None)
Sending msg to client play-fork-run-48ab3e26-3b85-4724-95e0-314b3c867c9d: TaskStarted(135,12385,None)
Sending msg to client play-fork-run-48ab3e26-3b85-4724-95e0-314b3c867c9d: TaskStarted(135,12389,None)
Sending msg to client play-fork-run-48ab3e26-3b85-4724-95e0-314b3c867c9d: TaskStarted(135,12396,None)
Sending msg to client play-fork-run-48ab3e26-3b85-4724-95e0-314b3c867c9d: TaskFinished(135,12369,Some(AttributeKey[scala.Option[scala.collection.Seq[sbt.Resolver]]]("bootResolvers") in Scope(Build: file:/Users/ryanmccormack/Documents/thunderdome/, , Project: ProjectReference(file:/Users/ryanmccormack/Documents/thunderdome/,root))),true,None)
Sending msg to client play-fork-run-48ab3e26-3b85-4724-95e0-314b3c867c9d: TaskFinished(135,12370,Some(AttributeKey[scala.collection.Seq[sbt.Resolver]]("externalResolvers") in Scope(Build: file:/Users/ryanmccormack/Documents/thunderdome/, , Project: ProjectReference(file:/Users/ryanmccormack/Documents/thunderdome/,root))),true,None)
Sending msg to client play-fork-run-48ab3e26-3b85-4724-95e0-314b3c867c9d: TaskFinished(135,12374,Some(AttributeKey[scala.collection.Seq[sbt.Credentials]]("credentials") in Scope(Global)),true,None)
Sending msg to client play-fork-run-48ab3e26-3b85-4724-95e0-314b3c867c9d: TaskFinished(135,12376,None,true,None)
Sending msg to client play-fork-run-48ab3e26-3b85-4724-95e0-314b3c867c9d: TaskFinished(135,12382,None,true,None)
Sending msg to client play-fork-run-48ab3e26-3b85-4724-95e0-314b3c867c9d: TaskFinished(135,12383,Some(AttributeKey[scala.collection.Seq[java.lang.String]]("javaOptions") in Scope(Global)),true,None)
Sending msg to client play-fork-run-48ab3e26-3b85-4724-95e0-314b3c867c9d: TaskFinished(135,12395,None,true,None)
Sending msg to client play-fork-run-48ab3e26-3b85-4724-95e0-314b3c867c9d: TaskFinished(135,12397,Some(AttributeKey[scala.Option[java.lang.String]]("mainClass") in Scope(Build: file:/Users/ryanmccormack/Documents/thunderdome/, , Project: ProjectReference(file:/Users/ryanmccormack/Documents/thunderdome/,root), Config: compile, Task: AttributeKey[void]("run"))),true,None)
Sending msg to client play-fork-run-48ab3e26-3b85-4724-95e0-314b3c867c9d: TaskFinished(135,12343,Some(AttributeKey[scala.collection.Seq[scala.Tuple2[java.lang.String,java.io.File]]]("playAllAssets") in Scope(Build: file:/Users/ryanmccormack/Documents/thunderdome/, , Project: ProjectReference(file:/Users/ryanmccormack/Documents/thunderdome/,root))),true,None)
Sending msg to client play-fork-run-48ab3e26-3b85-4724-95e0-314b3c867c9d: TaskFinished(135,12349,Some(AttributeKey[scala.collection.Seq[sbt.UpdateReport]]("transitiveUpdate") in Scope(Build: file:/Users/ryanmccormack/Documents/thunderdome/, , Project: ProjectReference(file:/Users/ryanmccormack/Documents/thunderdome/,root))),true,None)
Sending msg to client play-fork-run-48ab3e26-3b85-4724-95e0-314b3c867c9d: TaskFinished(135,12362,Some(AttributeKey[sbt.BuildStructure]("buildStructure") in Scope(Global)),true,None)
Sending msg to client play-fork-run-48ab3e26-3b85-4724-95e0-314b3c867c9d: TaskStarted(135,12361,Some(AttributeKey[sbt.Settings[sbt.Scope]]("settingsData") in Scope(Global)))
Sending msg to client play-fork-run-48ab3e26-3b85-4724-95e0-314b3c867c9d: TaskFinished(135,12364,None,true,None)
Sending msg to client play-fork-run-48ab3e26-3b85-4724-95e0-314b3c867c9d: TaskFinished(135,12367,None,true,None)
Sending msg to client play-fork-run-48ab3e26-3b85-4724-95e0-314b3c867c9d: TaskFinished(135,12355,Some(AttributeKey[java.io.File]("dependencyCacheDirectory") in Scope(Build: file:/Users/ryanmccormack/Documents/thunderdome/, , Project: ProjectReference(file:/Users/ryanmccormack/Documents/thunderdome/,root))),true,None)
Sending msg to client play-fork-run-48ab3e26-3b85-4724-95e0-314b3c867c9d: TaskFinished(135,12373,None,true,None)
Sending msg to client play-fork-run-48ab3e26-3b85-4724-95e0-314b3c867c9d: TaskFinished(135,12377,None,true,None)
Sending msg to client play-fork-run-48ab3e26-3b85-4724-95e0-314b3c867c9d: TaskFinished(135,12380,None,true,None)
Sending msg to client play-fork-run-48ab3e26-3b85-4724-95e0-314b3c867c9d: TaskStarted(135,12379,Some(AttributeKey[scala.collection.immutable.Map[sbt.ModuleID,sbt.SourcePosition]]("dependencyPositions") in Scope(Build: file:/Users/ryanmccormack/Documents/thunderdome/, , Project: ProjectReference(file:/Users/ryanmccormack/Documents/thunderdome/,root))))
Sending msg to client play-fork-run-48ab3e26-3b85-4724-95e0-314b3c867c9d: TaskFinished(135,12385,None,true,None)
Sending msg to client play-fork-run-48ab3e26-3b85-4724-95e0-314b3c867c9d: TaskFinished(135,12389,None,true,None)
Sending msg to client play-fork-run-48ab3e26-3b85-4724-95e0-314b3c867c9d: TaskFinished(135,12396,None,true,None)
Sending msg to client play-fork-run-48ab3e26-3b85-4724-95e0-314b3c867c9d: TaskFinished(135,12361,Some(AttributeKey[sbt.Settings[sbt.Scope]]("settingsData") in Scope(Global)),true,None)
Sending msg to client play-fork-run-48ab3e26-3b85-4724-95e0-314b3c867c9d: TaskStarted(135,12360,Some(AttributeKey[scala.collection.Seq[sbt.ModuleID]]("projectDependencies") in Scope(Build: file:/Users/ryanmccormack/Documents/thunderdome/, , Project: ProjectReference(file:/Users/ryanmccormack/Documents/thunderdome/,root))))
Sending msg to client play-fork-run-48ab3e26-3b85-4724-95e0-314b3c867c9d: TaskStarted(135,12372,Some(AttributeKey[scala.collection.immutable.Map[org.apache.ivy.core.module.id.ModuleRevisionId,org.apache.ivy.core.module.descriptor.ModuleDescriptor]]("projectDescriptors") in Scope(Build: file:/Users/ryanmccormack/Documents/thunderdome/, , Project: ProjectReference(file:/Users/ryanmccormack/Documents/thunderdome/,root))))
Sending msg to client play-fork-run-48ab3e26-3b85-4724-95e0-314b3c867c9d: TaskStarted(135,12375,None)
Sending msg to client play-fork-run-48ab3e26-3b85-4724-95e0-314b3c867c9d: TaskStarted(135,12381,Some(AttributeKey[scala.collection.Seq[java.io.File]]("playMonitoredFiles") in Scope(Build: file:/Users/ryanmccormack/Documents/thunderdome/, , Project: ProjectReference(file:/Users/ryanmccormack/Documents/thunderdome/,root))))
Sending msg to client play-fork-run-48ab3e26-3b85-4724-95e0-314b3c867c9d: DetachedLogEvent(LogMessage(debug,cancel strategy cancel() with enabled=true lastCommand=Some(LastCommand(CommandExecutionWork(ExecutionId(135),{file:/Users/ryanmccormack/Documents/thunderdome/}root/*:playForkConfig,Set(LiveClient(play-fork-run 48ab3e26-3b85-4724-95e0-314b3c867c9d)),sbt.server.WorkCancellationStatus$$anon$1@6a8d742d)))))
Sending msg to client play-fork-run-48ab3e26-3b85-4724-95e0-314b3c867c9d: TaskStarted(135,12388,None)
Sending msg to client play-fork-run-48ab3e26-3b85-4724-95e0-314b3c867c9d: TaskFinished(135,12379,Some(AttributeKey[scala.collection.immutable.Map[sbt.ModuleID,sbt.SourcePosition]]("dependencyPositions") in Scope(Build: file:/Users/ryanmccormack/Documents/thunderdome/, , Project: ProjectReference(file:/Users/ryanmccormack/Documents/thunderdome/,root))),true,None)
Sending msg to client play-fork-run-48ab3e26-3b85-4724-95e0-314b3c867c9d: TaskLogEvent(12381,LogStdOut())
Sending msg to client play-fork-run-48ab3e26-3b85-4724-95e0-314b3c867c9d: TaskStarted(135,12378,Some(AttributeKey[sbt.UnresolvedWarningConfiguration]("unresolvedWarningConfiguration") in Scope(Build: file:/Users/ryanmccormack/Documents/thunderdome/, , Project: ProjectReference(file:/Users/ryanmccormack/Documents/thunderdome/,root), Task: AttributeKey[sbt.UpdateReport]("update"))))
Sending msg to client play-fork-run-48ab3e26-3b85-4724-95e0-314b3c867c9d: DetachedLogEvent(LogMessage(warn,Canceling execution...))
Sending msg to client play-fork-run-48ab3e26-3b85-4724-95e0-314b3c867c9d: TaskFinished(135,12360,Some(AttributeKey[scala.collection.Seq[sbt.ModuleID]]("projectDependencies") in Scope(Build: file:/Users/ryanmccormack/Documents/thunderdome/, , Project: ProjectReference(file:/Users/ryanmccormack/Documents/thunderdome/,root))),true,None)
Sending msg to client play-fork-run-48ab3e26-3b85-4724-95e0-314b3c867c9d: TaskStarted(135,12359,Some(AttributeKey[scala.collection.Seq[sbt.ModuleID]]("allDependencies") in Scope(Build: file:/Users/ryanmccormack/Documents/thunderdome/, , Project: ProjectReference(file:/Users/ryanmccormack/Documents/thunderdome/,root))))
Sending msg to client play-fork-run-48ab3e26-3b85-4724-95e0-314b3c867c9d: ExecutionWaiting(138,backgroundRun,ClientInfo(9e52900b-960e-49a9-bc72-ae60abb9c553,activator,Activator,3,Vector()))
Sending msg to client play-fork-run-48ab3e26-3b85-4724-95e0-314b3c867c9d: DetachedLogEvent(LogMessage(debug,cancel strategy finish enabled=false lastCommand=Some(LastCommand(CommandExecutionWork(ExecutionId(135),{file:/Users/ryanmccormack/Documents/thunderdome/}root/*:playForkConfig,Set(LiveClient(play-fork-run 48ab3e26-3b85-4724-95e0-314b3c867c9d)),sbt.server.WorkCancellationStatus$$anon$1@6a8d742d)))))
Sending msg to client play-fork-run-48ab3e26-3b85-4724-95e0-314b3c867c9d: DetachedLogEvent(LogTrace(RejectedExecutionException,Task java.util.concurrent.ExecutorCompletionService$QueueingFuture@25e7f8ac rejected from java.util.concurrent.ThreadPoolExecutor@430bceee[Terminated, pool size = 0, active threads = 0, queued tasks = 0, completed tasks = 36]))
Sending msg to client play-fork-run-48ab3e26-3b85-4724-95e0-314b3c867c9d: DetachedLogEvent(LogMessage(error,java.util.concurrent.RejectedExecutionException: Task java.util.concurrent.ExecutorCompletionService$QueueingFuture@25e7f8ac rejected from java.util.concurrent.ThreadPoolExecutor@430bceee[Terminated, pool size = 0, active threads = 0, queued tasks = 0, completed tasks = 36]))
Sending msg to client play-fork-run-48ab3e26-3b85-4724-95e0-314b3c867c9d: DetachedLogEvent(LogMessage(error,Use 'last' for the full log.))
Sending msg to client play-fork-run-48ab3e26-3b85-4724-95e0-314b3c867c9d: DetachedLogEvent(LogMessage(debug,> server-post-command-error-handler))
Sending msg to client play-fork-run-48ab3e26-3b85-4724-95e0-314b3c867c9d: ExecutionFailure(135)
Sending msg to client play-fork-run-48ab3e26-3b85-4724-95e0-314b3c867c9d: DetachedLogEvent(LogMessage(debug,> server-post-command-cleanup))
Sending msg to client play-fork-run-48ab3e26-3b85-4724-95e0-314b3c867c9d: DetachedLogEvent(LogMessage(debug,> server-handle-next-server-request))
Sending msg to client play-fork-run-48ab3e26-3b85-4724-95e0-314b3c867c9d: ExecutionStarting(136)
Sending msg to client play-fork-run-48ab3e26-3b85-4724-95e0-314b3c867c9d: DetachedLogEvent(LogMessage(debug,> jobStop 14))
Sending msg to client play-fork-run-48ab3e26-3b85-4724-95e0-314b3c867c9d: DetachedLogEvent(LogMessage(debug,Evaluating tasks: *:jobStop))
Sending msg to client play-fork-run-48ab3e26-3b85-4724-95e0-314b3c867c9d: DetachedLogEvent(LogMessage(debug,Running task... Cancel: sbt.server.ServerTaskCancellation@7d46e0b, check cycles: false))
Sending msg to client play-fork-run-48ab3e26-3b85-4724-95e0-314b3c867c9d: DetachedLogEvent(LogMessage(debug,cancel strategy start enabled=true lastCommand=Some(LastCommand(CommandExecutionWork(ExecutionId(136),jobStop 14,Set(LiveClient(activator 9e52900b-960e-49a9-bc72-ae60abb9c553)),sbt.server.WorkCancellationStatus$$anon$1@51ecf3dd)))))
Sending msg to client play-fork-run-48ab3e26-3b85-4724-95e0-314b3c867c9d: TaskStarted(136,12400,Some(AttributeKey[void]("jobStop") in Scope(Global)))
Sending msg to client play-fork-run-48ab3e26-3b85-4724-95e0-314b3c867c9d: BackgroundJobFinished(127,14)
Sending msg to client play-fork-run-48ab3e26-3b85-4724-95e0-314b3c867c9d: TaskFinished(136,12400,Some(AttributeKey[void]("jobStop") in Scope(Global)),true,None)
Sending msg to client play-fork-run-48ab3e26-3b85-4724-95e0-314b3c867c9d: DetachedLogEvent(LogStdErr(Exception in thread "sbt-bg-threads-13" java.lang.Error: java.lang.InterruptedException: sleep interrupted))
Sending msg to client play-fork-run-48ab3e26-3b85-4724-95e0-314b3c867c9d: DetachedLogEvent(LogStdErr(	at java.util.concurrent.ThreadPoolExecutor.runWorker(ThreadPoolExecutor.java:1148)))
Sending msg to client play-fork-run-48ab3e26-3b85-4724-95e0-314b3c867c9d: DetachedLogEvent(LogStdErr(	at java.util.concurrent.ThreadPoolExecutor$Worker.run(ThreadPoolExecutor.java:617)))
Sending msg to client play-fork-run-48ab3e26-3b85-4724-95e0-314b3c867c9d: DetachedLogEvent(LogStdErr(	at java.lang.Thread.run(Thread.java:745)))
Sending msg to client play-fork-run-48ab3e26-3b85-4724-95e0-314b3c867c9d: DetachedLogEvent(LogStdErr(Caused by: java.lang.InterruptedException: sleep interrupted))
Sending msg to client play-fork-run-48ab3e26-3b85-4724-95e0-314b3c867c9d: DetachedLogEvent(LogStdErr(	at java.lang.Thread.sleep(Native Method)))
Sending msg to client play-fork-run-48ab3e26-3b85-4724-95e0-314b3c867c9d: DetachedLogEvent(LogStdErr(	at play.sbt.forkrun.PlayForkProcess$.timedWaitFor(PlayForkProcess.scala:80)))
Sending msg to client play-fork-run-48ab3e26-3b85-4724-95e0-314b3c867c9d: DetachedLogEvent(LogStdErr(	at play.sbt.forkrun.PlayForkProcess$.play$sbt$forkrun$PlayForkProcess$$stop$1(PlayForkProcess.scala:54)))
Sending msg to client play-fork-run-48ab3e26-3b85-4724-95e0-314b3c867c9d: DetachedLogEvent(LogStdErr(	at play.sbt.forkrun.PlayForkProcess$.run(PlayForkProcess.scala:70)))
Sending msg to client play-fork-run-48ab3e26-3b85-4724-95e0-314b3c867c9d: DetachedLogEvent(LogStdErr(	at play.sbt.forkrun.PlayForkProcess$.apply(PlayForkProcess.scala:35)))
Sending msg to client play-fork-run-48ab3e26-3b85-4724-95e0-314b3c867c9d: DetachedLogEvent(LogStdErr(	at play.sbt.forkrun.PlayForkRun$$anonfun$backgroundForkRunTask$1$$anonfun$apply$7$$anonfun$apply$8$$anonfun$apply$9.apply(PlayForkRun.scala:108)))
Sending msg to client play-fork-run-48ab3e26-3b85-4724-95e0-314b3c867c9d: DetachedLogEvent(LogStdErr(	at play.sbt.forkrun.PlayForkRun$$anonfun$backgroundForkRunTask$1$$anonfun$apply$7$$anonfun$apply$8$$anonfun$apply$9.apply(PlayForkRun.scala:107)))
Sending msg to client play-fork-run-48ab3e26-3b85-4724-95e0-314b3c867c9d: DetachedLogEvent(LogStdErr(	at sbt.BackgroundThreadPool$$anonfun$1.apply$mcV$sp(AbstractBackgroundJobService.scala:134)))
Sending msg to client play-fork-run-48ab3e26-3b85-4724-95e0-314b3c867c9d: DetachedLogEvent(LogStdErr(	at sbt.BackgroundThreadPool$BackgroundRunnable.run(AbstractBackgroundJobService.scala:68)))
Sending msg to client play-fork-run-48ab3e26-3b85-4724-95e0-314b3c867c9d: DetachedLogEvent(LogStdErr(	at java.util.concurrent.ThreadPoolExecutor.runWorker(ThreadPoolExecutor.java:1142)))
Sending msg to client play-fork-run-48ab3e26-3b85-4724-95e0-314b3c867c9d: DetachedLogEvent(LogStdErr(	... 2 more))
Sending msg to client play-fork-run-48ab3e26-3b85-4724-95e0-314b3c867c9d: TaskStarted(136,12399,None)
Sending msg to client play-fork-run-48ab3e26-3b85-4724-95e0-314b3c867c9d: TaskFinished(136,12399,None,true,None)
Sending msg to client play-fork-run-48ab3e26-3b85-4724-95e0-314b3c867c9d: TaskStarted(136,12398,None)
Sending msg to client play-fork-run-48ab3e26-3b85-4724-95e0-314b3c867c9d: TaskFinished(136,12398,None,true,None)
Sending msg to client play-fork-run-48ab3e26-3b85-4724-95e0-314b3c867c9d: DetachedLogEvent(LogMessage(debug,cancel strategy finish enabled=false lastCommand=Some(LastCommand(CommandExecutionWork(ExecutionId(136),jobStop 14,Set(LiveClient(activator 9e52900b-960e-49a9-bc72-ae60abb9c553)),sbt.server.WorkCancellationStatus$$anon$1@51ecf3dd)))))
Sending msg to client play-fork-run-48ab3e26-3b85-4724-95e0-314b3c867c9d: DetachedLogEvent(LogSuccess(Total time: 0 s, completed 23-Jan-2017 10:27:18 PM))
Sending msg to client play-fork-run-48ab3e26-3b85-4724-95e0-314b3c867c9d: DetachedLogEvent(LogMessage(debug,> server-post-command-cleanup))
Sending msg to client play-fork-run-48ab3e26-3b85-4724-95e0-314b3c867c9d: ExecutionSuccess(136)
Sending msg to client play-fork-run-48ab3e26-3b85-4724-95e0-314b3c867c9d: DetachedLogEvent(LogMessage(debug,> server-handle-next-server-request))
Sending msg to client play-fork-run-48ab3e26-3b85-4724-95e0-314b3c867c9d: ExecutionStarting(137)
Sending msg to client play-fork-run-48ab3e26-3b85-4724-95e0-314b3c867c9d: DetachedLogEvent(LogMessage(debug,> jobStop 15))
Sending msg to client play-fork-run-48ab3e26-3b85-4724-95e0-314b3c867c9d: DetachedLogEvent(LogMessage(debug,Evaluating tasks: *:jobStop))
Sending msg to client play-fork-run-48ab3e26-3b85-4724-95e0-314b3c867c9d: DetachedLogEvent(LogMessage(debug,Running task... Cancel: sbt.server.ServerTaskCancellation@469b06ca, check cycles: false))
Sending msg to client play-fork-run-48ab3e26-3b85-4724-95e0-314b3c867c9d: DetachedLogEvent(LogMessage(debug,cancel strategy start enabled=true lastCommand=Some(LastCommand(CommandExecutionWork(ExecutionId(137),jobStop 15,Set(LiveClient(activator 9e52900b-960e-49a9-bc72-ae60abb9c553)),sbt.server.WorkCancellationStatus$$anon$1@49ae54c9)))))
Sending msg to client play-fork-run-48ab3e26-3b85-4724-95e0-314b3c867c9d: TaskStarted(137,12403,Some(AttributeKey[void]("jobStop") in Scope(Global)))
Sending msg to client play-fork-run-48ab3e26-3b85-4724-95e0-314b3c867c9d: BackgroundJobLogEvent(15,LogMessage(info,Stopping Play fork run ...))
Sending msg to client play-fork-run-48ab3e26-3b85-4724-95e0-314b3c867c9d: TaskFinished(137,12403,Some(AttributeKey[void]("jobStop") in Scope(Global)),true,None)
Sending msg to client play-fork-run-48ab3e26-3b85-4724-95e0-314b3c867c9d: TaskStarted(137,12402,None)
Sending msg to client play-fork-run-48ab3e26-3b85-4724-95e0-314b3c867c9d: TaskFinished(137,12402,None,true,None)
Sending msg to client play-fork-run-48ab3e26-3b85-4724-95e0-314b3c867c9d: TaskStarted(137,12401,None)
Sending msg to client play-fork-run-48ab3e26-3b85-4724-95e0-314b3c867c9d: TaskFinished(137,12401,None,true,None)
Sending msg to client play-fork-run-48ab3e26-3b85-4724-95e0-314b3c867c9d: DetachedLogEvent(LogMessage(debug,cancel strategy finish enabled=false lastCommand=Some(LastCommand(CommandExecutionWork(ExecutionId(137),jobStop 15,Set(LiveClient(activator 9e52900b-960e-49a9-bc72-ae60abb9c553)),sbt.server.WorkCancellationStatus$$anon$1@49ae54c9)))))
Sending msg to client play-fork-run-48ab3e26-3b85-4724-95e0-314b3c867c9d: DetachedLogEvent(LogSuccess(Total time: 0 s, completed 23-Jan-2017 10:27:18 PM))
Sending msg to client play-fork-run-48ab3e26-3b85-4724-95e0-314b3c867c9d: DetachedLogEvent(LogMessage(debug,> server-post-command-cleanup))
Sending msg to client play-fork-run-48ab3e26-3b85-4724-95e0-314b3c867c9d: ExecutionSuccess(137)
Sending msg to client play-fork-run-48ab3e26-3b85-4724-95e0-314b3c867c9d: DetachedLogEvent(LogMessage(debug,> server-handle-next-server-request))
Sending msg to client play-fork-run-48ab3e26-3b85-4724-95e0-314b3c867c9d: ExecutionStarting(138)
Sending msg to client play-fork-run-48ab3e26-3b85-4724-95e0-314b3c867c9d: DetachedLogEvent(LogMessage(debug,> backgroundRun))
Sending msg to client play-fork-run-48ab3e26-3b85-4724-95e0-314b3c867c9d: DetachedLogEvent(LogMessage(debug,Evaluating tasks: compile:backgroundRun))
Got request: UnlistenToEvents()
Reading next message from client.
Sending msg to client play-fork-run-48ab3e26-3b85-4724-95e0-314b3c867c9d: (8,ReceivedResponse())
Sending msg to client play-fork-run-48ab3e26-3b85-4724-95e0-314b3c867c9d: DetachedLogEvent(LogMessage(debug,Running task... Cancel: sbt.server.ServerTaskCancellation@4f201ede, check cycles: false))
Got request: UnlistenToValue(AttributeKey[play.forkrun.protocol.ForkConfig]("playForkConfig") in Scope(Build: file:/Users/ryanmccormack/Documents/thunderdome/, , Project: ProjectReference(file:/Users/ryanmccormack/Documents/thunderdome/,root)))
Reading next message from client.
Client play-fork-run-48ab3e26-3b85-4724-95e0-314b3c867c9d EOF, shutting down.
Stopping client.
Client play-fork-run-48ab3e26-3b85-4724-95e0-314b3c867c9d thread exiting.
Dropping message (9,ReceivedResponse()) to dead client play-fork-run-48ab3e26-3b85-4724-95e0-314b3c867c9d
Dropping message (0,ReceivedResponse()) to dead client play-fork-run-48ab3e26-3b85-4724-95e0-314b3c867c9d
