2017-01-12 08:37:44,321 [INFO] from play.api.libs.concurrent.ActorSystemProvider in play-fork-run-akka.actor.default-dispatcher-2 - Starting application default Akka system: application
2017-01-12 08:37:44,450 [INFO] from play.core.server.NettyServer in play-fork-run-akka.actor.default-dispatcher-2 - Listening for HTTP on /0:0:0:0:0:0:0:0:9000
2017-01-12 08:43:42,087 [ERROR] from application in New I/O worker #1 - 

! @72kgffkcp - Internal server error, for (GET) [/] ->
 
play.forkrun.protocol.Serializers$playExceptionPickler$$anon$1: Compilation error[illegal start of simple expression]
	at play.forkrun.protocol.Serializers$playExceptionPickler$.unpickle(Serializers.scala:159) ~[na:na]
	at play.forkrun.protocol.Serializers$PlayRunsupportReloaderCompileFailureUnpickler$macro$56$2$.unpickle(Serializers.scala:175) ~[na:na]
	at play.forkrun.protocol.Serializers$PlayRunsupportReloaderCompileResultUnpickler$macro$66$2$.unpickle(Serializers.scala:181) ~[na:na]
	at scala.pickling.Unpickler$class.unpickleEntry(Pickler.scala:79) ~[na:na]
	at play.forkrun.protocol.Serializers$PlayRunsupportReloaderCompileResultUnpickler$macro$66$2$.unpickleEntry(Serializers.scala:181) ~[na:na]
	at scala.pickling.functions$.unpickle(functions.scala:11) ~[na:na]
	at sbt.serialization.JsonValue$$anonfun$parse$1.apply(SerializedValue.scala:104) ~[na:na]
	at scala.util.Try$.apply(Try.scala:191) ~[scala-library-2.11.7.jar:na]
	at sbt.serialization.JsonValue.parse(SerializedValue.scala:104) ~[na:na]
	at sbt.protocol.BuildValue.value(Values.scala:11) ~[na:na]
	at sbt.protocol.TaskSuccess.resultWithCustomThrowable(Values.scala:65) ~[na:na]
	at sbt.protocol.TaskResult$class.result(Values.scala:56) ~[na:na]
	at sbt.protocol.TaskSuccess.result(Values.scala:62) ~[na:na]
	at play.forkrun.ForkRun$$anonfun$reloading$1.applyOrElse(ForkRun.scala:197) ~[na:na]
	at akka.actor.Actor$class.aroundReceive(Actor.scala:465) ~[akka-actor_2.11.jar:na]
	at play.forkrun.ForkRun.aroundReceive(ForkRun.scala:152) ~[na:na]
	at akka.actor.ActorCell.receiveMessage(ActorCell.scala:516) ~[akka-actor_2.11.jar:na]
	at akka.actor.ActorCell.invoke(ActorCell.scala:487) ~[akka-actor_2.11.jar:na]
	at akka.dispatch.Mailbox.processMailbox(Mailbox.scala:254) ~[akka-actor_2.11.jar:na]
	at akka.dispatch.Mailbox.run(Mailbox.scala:221) ~[akka-actor_2.11.jar:na]
	at akka.dispatch.Mailbox.exec(Mailbox.scala:231) ~[akka-actor_2.11.jar:na]
	at scala.concurrent.forkjoin.ForkJoinTask.doExec(ForkJoinTask.java:260) ~[scala-library-2.11.7.jar:na]
	at scala.concurrent.forkjoin.ForkJoinPool$WorkQueue.runTask(ForkJoinPool.java:1339) ~[scala-library-2.11.7.jar:na]
	at scala.concurrent.forkjoin.ForkJoinPool.runWorker(ForkJoinPool.java:1979) ~[scala-library-2.11.7.jar:na]
	at scala.concurrent.forkjoin.ForkJoinWorkerThread.run(ForkJoinWorkerThread.java:107) ~[scala-library-2.11.7.jar:na]
2017-01-12 08:46:45,025 [ERROR] from application in New I/O worker #1 - 

! @72kgg052l - Internal server error, for (GET) [/] ->
 
play.forkrun.protocol.Serializers$playExceptionPickler$$anon$1: Compilation error[not enough arguments for method apply: (title: String, user: models.user.User, scripts: Seq[String], stylesheets: Seq[String])(content: play.twirl.api.Html)play.twirl.api.HtmlFormat.Appendable in class bootstrap.
Unspecified value parameter user.]
	at play.forkrun.protocol.Serializers$playExceptionPickler$.unpickle(Serializers.scala:159) ~[na:na]
	at play.forkrun.protocol.Serializers$PlayRunsupportReloaderCompileFailureUnpickler$macro$56$2$.unpickle(Serializers.scala:175) ~[na:na]
	at play.forkrun.protocol.Serializers$PlayRunsupportReloaderCompileResultUnpickler$macro$66$2$.unpickle(Serializers.scala:181) ~[na:na]
	at scala.pickling.Unpickler$class.unpickleEntry(Pickler.scala:79) ~[na:na]
	at play.forkrun.protocol.Serializers$PlayRunsupportReloaderCompileResultUnpickler$macro$66$2$.unpickleEntry(Serializers.scala:181) ~[na:na]
	at scala.pickling.functions$.unpickle(functions.scala:11) ~[na:na]
	at sbt.serialization.JsonValue$$anonfun$parse$1.apply(SerializedValue.scala:104) ~[na:na]
	at scala.util.Try$.apply(Try.scala:191) ~[scala-library-2.11.7.jar:na]
	at sbt.serialization.JsonValue.parse(SerializedValue.scala:104) ~[na:na]
	at sbt.protocol.BuildValue.value(Values.scala:11) ~[na:na]
	at sbt.protocol.TaskSuccess.resultWithCustomThrowable(Values.scala:65) ~[na:na]
	at sbt.protocol.TaskResult$class.result(Values.scala:56) ~[na:na]
	at sbt.protocol.TaskSuccess.result(Values.scala:62) ~[na:na]
	at play.forkrun.ForkRun$$anonfun$reloading$1.applyOrElse(ForkRun.scala:197) ~[na:na]
	at akka.actor.Actor$class.aroundReceive(Actor.scala:465) ~[akka-actor_2.11.jar:na]
	at play.forkrun.ForkRun.aroundReceive(ForkRun.scala:152) ~[na:na]
	at akka.actor.ActorCell.receiveMessage(ActorCell.scala:516) ~[akka-actor_2.11.jar:na]
	at akka.actor.ActorCell.invoke(ActorCell.scala:487) ~[akka-actor_2.11.jar:na]
	at akka.dispatch.Mailbox.processMailbox(Mailbox.scala:254) ~[akka-actor_2.11.jar:na]
	at akka.dispatch.Mailbox.run(Mailbox.scala:221) ~[akka-actor_2.11.jar:na]
	at akka.dispatch.Mailbox.exec(Mailbox.scala:231) ~[akka-actor_2.11.jar:na]
	at scala.concurrent.forkjoin.ForkJoinTask.doExec(ForkJoinTask.java:260) ~[scala-library-2.11.7.jar:na]
	at scala.concurrent.forkjoin.ForkJoinPool$WorkQueue.runTask(ForkJoinPool.java:1339) ~[scala-library-2.11.7.jar:na]
	at scala.concurrent.forkjoin.ForkJoinPool.runWorker(ForkJoinPool.java:1979) ~[scala-library-2.11.7.jar:na]
	at scala.concurrent.forkjoin.ForkJoinWorkerThread.run(ForkJoinWorkerThread.java:107) ~[scala-library-2.11.7.jar:na]
2017-01-12 08:52:57,251 [ERROR] from application in New I/O worker #7 - 

! @72kggl9jm - Internal server error, for (GET) [/] ->
 
play.forkrun.protocol.Serializers$playExceptionPickler$$anon$1: Compilation error[not enough arguments for method apply: (title: String, user: models.user.User, scripts: Seq[String], stylesheets: Seq[String])(content: play.twirl.api.Html)play.twirl.api.HtmlFormat.Appendable in class bootstrap.
Unspecified value parameter user.]
	at play.forkrun.protocol.Serializers$playExceptionPickler$.unpickle(Serializers.scala:159) ~[na:na]
	at play.forkrun.protocol.Serializers$PlayRunsupportReloaderCompileFailureUnpickler$macro$56$2$.unpickle(Serializers.scala:175) ~[na:na]
	at play.forkrun.protocol.Serializers$PlayRunsupportReloaderCompileResultUnpickler$macro$66$2$.unpickle(Serializers.scala:181) ~[na:na]
	at scala.pickling.Unpickler$class.unpickleEntry(Pickler.scala:79) ~[na:na]
	at play.forkrun.protocol.Serializers$PlayRunsupportReloaderCompileResultUnpickler$macro$66$2$.unpickleEntry(Serializers.scala:181) ~[na:na]
	at scala.pickling.functions$.unpickle(functions.scala:11) ~[na:na]
	at sbt.serialization.JsonValue$$anonfun$parse$1.apply(SerializedValue.scala:104) ~[na:na]
	at scala.util.Try$.apply(Try.scala:191) ~[scala-library-2.11.7.jar:na]
	at sbt.serialization.JsonValue.parse(SerializedValue.scala:104) ~[na:na]
	at sbt.protocol.BuildValue.value(Values.scala:11) ~[na:na]
	at sbt.protocol.TaskSuccess.resultWithCustomThrowable(Values.scala:65) ~[na:na]
	at sbt.protocol.TaskResult$class.result(Values.scala:56) ~[na:na]
	at sbt.protocol.TaskSuccess.result(Values.scala:62) ~[na:na]
	at play.forkrun.ForkRun$$anonfun$reloading$1.applyOrElse(ForkRun.scala:197) ~[na:na]
	at akka.actor.Actor$class.aroundReceive(Actor.scala:465) ~[akka-actor_2.11.jar:na]
	at play.forkrun.ForkRun.aroundReceive(ForkRun.scala:152) ~[na:na]
	at akka.actor.ActorCell.receiveMessage(ActorCell.scala:516) ~[akka-actor_2.11.jar:na]
	at akka.actor.ActorCell.invoke(ActorCell.scala:487) ~[akka-actor_2.11.jar:na]
	at akka.dispatch.Mailbox.processMailbox(Mailbox.scala:254) ~[akka-actor_2.11.jar:na]
	at akka.dispatch.Mailbox.run(Mailbox.scala:221) ~[akka-actor_2.11.jar:na]
	at akka.dispatch.Mailbox.exec(Mailbox.scala:231) ~[akka-actor_2.11.jar:na]
	at scala.concurrent.forkjoin.ForkJoinTask.doExec(ForkJoinTask.java:260) ~[scala-library-2.11.7.jar:na]
	at scala.concurrent.forkjoin.ForkJoinPool$WorkQueue.pollAndExecAll(ForkJoinPool.java:1253) ~[scala-library-2.11.7.jar:na]
	at scala.concurrent.forkjoin.ForkJoinPool$WorkQueue.runTask(ForkJoinPool.java:1346) ~[scala-library-2.11.7.jar:na]
	at scala.concurrent.forkjoin.ForkJoinPool.runWorker(ForkJoinPool.java:1979) ~[scala-library-2.11.7.jar:na]
	at scala.concurrent.forkjoin.ForkJoinWorkerThread.run(ForkJoinWorkerThread.java:107) ~[scala-library-2.11.7.jar:na]
2017-01-12 08:53:44,907 [ERROR] from application in New I/O worker #7 - 

! @72kggo272 - Internal server error, for (GET) [/] ->
 
play.forkrun.protocol.Serializers$playExceptionPickler$$anon$1: Compilation error[not enough arguments for method apply: (title: String, user: models.user.User, scripts: Seq[String], stylesheets: Seq[String])(content: play.twirl.api.Html)play.twirl.api.HtmlFormat.Appendable in class bootstrap.
Unspecified value parameter user.]
	at play.forkrun.protocol.Serializers$playExceptionPickler$.unpickle(Serializers.scala:159) ~[na:na]
	at play.forkrun.protocol.Serializers$PlayRunsupportReloaderCompileFailureUnpickler$macro$56$2$.unpickle(Serializers.scala:175) ~[na:na]
	at play.forkrun.protocol.Serializers$PlayRunsupportReloaderCompileResultUnpickler$macro$66$2$.unpickle(Serializers.scala:181) ~[na:na]
	at scala.pickling.Unpickler$class.unpickleEntry(Pickler.scala:79) ~[na:na]
	at play.forkrun.protocol.Serializers$PlayRunsupportReloaderCompileResultUnpickler$macro$66$2$.unpickleEntry(Serializers.scala:181) ~[na:na]
	at scala.pickling.functions$.unpickle(functions.scala:11) ~[na:na]
	at sbt.serialization.JsonValue$$anonfun$parse$1.apply(SerializedValue.scala:104) ~[na:na]
	at scala.util.Try$.apply(Try.scala:191) ~[scala-library-2.11.7.jar:na]
	at sbt.serialization.JsonValue.parse(SerializedValue.scala:104) ~[na:na]
	at sbt.protocol.BuildValue.value(Values.scala:11) ~[na:na]
	at sbt.protocol.TaskSuccess.resultWithCustomThrowable(Values.scala:65) ~[na:na]
	at sbt.protocol.TaskResult$class.result(Values.scala:56) ~[na:na]
	at sbt.protocol.TaskSuccess.result(Values.scala:62) ~[na:na]
	at play.forkrun.ForkRun$$anonfun$reloading$1.applyOrElse(ForkRun.scala:197) ~[na:na]
	at akka.actor.Actor$class.aroundReceive(Actor.scala:465) ~[akka-actor_2.11.jar:na]
	at play.forkrun.ForkRun.aroundReceive(ForkRun.scala:152) ~[na:na]
	at akka.actor.ActorCell.receiveMessage(ActorCell.scala:516) ~[akka-actor_2.11.jar:na]
	at akka.actor.ActorCell.invoke(ActorCell.scala:487) ~[akka-actor_2.11.jar:na]
	at akka.dispatch.Mailbox.processMailbox(Mailbox.scala:254) ~[akka-actor_2.11.jar:na]
	at akka.dispatch.Mailbox.run(Mailbox.scala:221) ~[akka-actor_2.11.jar:na]
	at akka.dispatch.Mailbox.exec(Mailbox.scala:231) ~[akka-actor_2.11.jar:na]
	at scala.concurrent.forkjoin.ForkJoinTask.doExec(ForkJoinTask.java:260) ~[scala-library-2.11.7.jar:na]
	at scala.concurrent.forkjoin.ForkJoinPool$WorkQueue.runTask(ForkJoinPool.java:1339) ~[scala-library-2.11.7.jar:na]
	at scala.concurrent.forkjoin.ForkJoinPool.runWorker(ForkJoinPool.java:1979) ~[scala-library-2.11.7.jar:na]
	at scala.concurrent.forkjoin.ForkJoinWorkerThread.run(ForkJoinWorkerThread.java:107) ~[scala-library-2.11.7.jar:na]
2017-01-12 08:54:24,611 [ERROR] from application in New I/O worker #7 - 

! @72kgh0903 - Internal server error, for (GET) [/] ->
 
play.forkrun.protocol.Serializers$playExceptionPickler$$anon$1: Compilation error[not enough arguments for method apply: (title: String, user: models.user.User, scripts: Seq[String], stylesheets: Seq[String])(content: play.twirl.api.Html)play.twirl.api.HtmlFormat.Appendable in class bootstrap.
Unspecified value parameter user.]
	at play.forkrun.protocol.Serializers$playExceptionPickler$.unpickle(Serializers.scala:159) ~[na:na]
	at play.forkrun.protocol.Serializers$PlayRunsupportReloaderCompileFailureUnpickler$macro$56$2$.unpickle(Serializers.scala:175) ~[na:na]
	at play.forkrun.protocol.Serializers$PlayRunsupportReloaderCompileResultUnpickler$macro$66$2$.unpickle(Serializers.scala:181) ~[na:na]
	at scala.pickling.Unpickler$class.unpickleEntry(Pickler.scala:79) ~[na:na]
	at play.forkrun.protocol.Serializers$PlayRunsupportReloaderCompileResultUnpickler$macro$66$2$.unpickleEntry(Serializers.scala:181) ~[na:na]
	at scala.pickling.functions$.unpickle(functions.scala:11) ~[na:na]
	at sbt.serialization.JsonValue$$anonfun$parse$1.apply(SerializedValue.scala:104) ~[na:na]
	at scala.util.Try$.apply(Try.scala:191) ~[scala-library-2.11.7.jar:na]
	at sbt.serialization.JsonValue.parse(SerializedValue.scala:104) ~[na:na]
	at sbt.protocol.BuildValue.value(Values.scala:11) ~[na:na]
	at sbt.protocol.TaskSuccess.resultWithCustomThrowable(Values.scala:65) ~[na:na]
	at sbt.protocol.TaskResult$class.result(Values.scala:56) ~[na:na]
	at sbt.protocol.TaskSuccess.result(Values.scala:62) ~[na:na]
	at play.forkrun.ForkRun$$anonfun$reloading$1.applyOrElse(ForkRun.scala:197) ~[na:na]
	at akka.actor.Actor$class.aroundReceive(Actor.scala:465) ~[akka-actor_2.11.jar:na]
	at play.forkrun.ForkRun.aroundReceive(ForkRun.scala:152) ~[na:na]
	at akka.actor.ActorCell.receiveMessage(ActorCell.scala:516) ~[akka-actor_2.11.jar:na]
	at akka.actor.ActorCell.invoke(ActorCell.scala:487) ~[akka-actor_2.11.jar:na]
	at akka.dispatch.Mailbox.processMailbox(Mailbox.scala:254) ~[akka-actor_2.11.jar:na]
	at akka.dispatch.Mailbox.run(Mailbox.scala:221) ~[akka-actor_2.11.jar:na]
	at akka.dispatch.Mailbox.exec(Mailbox.scala:231) ~[akka-actor_2.11.jar:na]
	at scala.concurrent.forkjoin.ForkJoinTask.doExec(ForkJoinTask.java:260) ~[scala-library-2.11.7.jar:na]
	at scala.concurrent.forkjoin.ForkJoinPool$WorkQueue.pollAndExecAll(ForkJoinPool.java:1253) ~[scala-library-2.11.7.jar:na]
	at scala.concurrent.forkjoin.ForkJoinPool$WorkQueue.runTask(ForkJoinPool.java:1346) ~[scala-library-2.11.7.jar:na]
	at scala.concurrent.forkjoin.ForkJoinPool.runWorker(ForkJoinPool.java:1979) ~[scala-library-2.11.7.jar:na]
	at scala.concurrent.forkjoin.ForkJoinWorkerThread.run(ForkJoinWorkerThread.java:107) ~[scala-library-2.11.7.jar:na]
